2026-04-15 20:28:54.602 +03:00 [INF] User profile is available. Using 'C:\Users\Dell\AppData\Local\ASP.NET\DataProtection-Keys' as key repository and Windows DPAPI to encrypt keys at rest.
2026-04-15 20:28:55.081 +03:00 [INF] Now listening on: https://localhost:7284
2026-04-15 20:28:55.086 +03:00 [INF] Now listening on: http://localhost:5155
2026-04-15 20:28:55.426 +03:00 [INF] Application started. Press Ctrl+C to shut down.
2026-04-15 20:28:55.432 +03:00 [INF] Hosting environment: Development
2026-04-15 20:28:55.434 +03:00 [INF] Content root path: C:\Users\Dell\source\repos\Anzorrrrrrrrrrr\OptiComponent-Microservices\CatalogService
2026-04-15 20:28:56.196 +03:00 [INF] Request starting HTTP/2 GET https://localhost:7284/swagger/index.html - null null
2026-04-15 20:28:56.681 +03:00 [INF] Request finished HTTP/2 GET https://localhost:7284/swagger/index.html - 200 null text/html;charset=utf-8 487.485ms
2026-04-15 20:28:56.779 +03:00 [INF] Request starting HTTP/2 GET https://localhost:7284/_vs/browserLink - null null
2026-04-15 20:28:56.780 +03:00 [INF] Request starting HTTP/2 GET https://localhost:7284/_framework/aspnetcore-browser-refresh.js - null null
2026-04-15 20:28:56.853 +03:00 [INF] Request finished HTTP/2 GET https://localhost:7284/_framework/aspnetcore-browser-refresh.js - 200 14933 application/javascript; charset=utf-8 72.2208ms
2026-04-15 20:28:56.929 +03:00 [INF] Request finished HTTP/2 GET https://localhost:7284/_vs/browserLink - 200 null text/javascript; charset=UTF-8 149.7943ms
2026-04-15 20:28:57.093 +03:00 [INF] Request starting HTTP/2 GET https://localhost:7284/swagger/v1/swagger.json - null null
2026-04-15 20:28:57.116 +03:00 [INF] Request finished HTTP/2 GET https://localhost:7284/swagger/v1/swagger.json - 200 null application/json;charset=utf-8 23.6141ms
2026-04-15 20:28:57.216 +03:00 [INF] Request starting HTTP/2 GET https://localhost:7284/swagger/favicon-32x32.png - null null
2026-04-15 20:28:57.238 +03:00 [INF] Sending file. Request path: '/favicon-32x32.png'. Physical path: 'N/A'
2026-04-15 20:28:57.240 +03:00 [INF] Request finished HTTP/2 GET https://localhost:7284/swagger/favicon-32x32.png - 200 628 image/png 24.0464ms
2026-04-15 20:30:16.218 +03:00 [INF] Request starting HTTP/2 GET https://localhost:7284/api/Components - null null
2026-04-15 20:30:16.235 +03:00 [INF] CORS policy execution successful.
2026-04-15 20:30:16.338 +03:00 [INF] Authorization failed. These requirements were not met:
DenyAnonymousAuthorizationRequirement: Requires an authenticated user.
2026-04-15 20:30:16.346 +03:00 [INF] AuthenticationScheme: Bearer was challenged.
2026-04-15 20:30:16.351 +03:00 [INF] HTTP GET /api/Components responded 401 in 110.4256 ms
2026-04-15 20:30:16.358 +03:00 [INF] Request finished HTTP/2 GET https://localhost:7284/api/Components - 401 0 null 139.9752ms
2026-04-15 20:30:57.570 +03:00 [INF] Request starting HTTP/2 GET https://localhost:7284/api/Components - null null
2026-04-15 20:30:57.575 +03:00 [INF] CORS policy execution successful.
2026-04-15 20:30:57.579 +03:00 [INF] Authorization failed. These requirements were not met:
DenyAnonymousAuthorizationRequirement: Requires an authenticated user.
2026-04-15 20:30:57.581 +03:00 [INF] AuthenticationScheme: Bearer was challenged.
2026-04-15 20:30:57.582 +03:00 [INF] HTTP GET /api/Components responded 401 in 6.6862 ms
2026-04-15 20:30:57.585 +03:00 [INF] Request finished HTTP/2 GET https://localhost:7284/api/Components - 401 0 null 14.4603ms
2026-04-15 20:30:57.587 +03:00 [INF] Request starting HTTP/2 GET https://localhost:7284/api/Components - null null
2026-04-15 20:30:57.591 +03:00 [INF] CORS policy execution successful.
2026-04-15 20:30:57.595 +03:00 [INF] Authorization failed. These requirements were not met:
DenyAnonymousAuthorizationRequirement: Requires an authenticated user.
2026-04-15 20:30:57.597 +03:00 [INF] AuthenticationScheme: Bearer was challenged.
2026-04-15 20:30:57.598 +03:00 [INF] HTTP GET /api/Components responded 401 in 4.9784 ms
2026-04-15 20:30:57.600 +03:00 [INF] Request finished HTTP/2 GET https://localhost:7284/api/Components - 401 0 null 13.366ms
2026-04-15 20:31:00.085 +03:00 [INF] Request starting HTTP/2 GET https://localhost:7284/api/Components - null null
2026-04-15 20:31:00.088 +03:00 [INF] CORS policy execution successful.
2026-04-15 20:31:00.089 +03:00 [INF] Authorization failed. These requirements were not met:
DenyAnonymousAuthorizationRequirement: Requires an authenticated user.
2026-04-15 20:31:00.090 +03:00 [INF] AuthenticationScheme: Bearer was challenged.
2026-04-15 20:31:00.091 +03:00 [INF] HTTP GET /api/Components responded 401 in 1.8782 ms
2026-04-15 20:31:00.092 +03:00 [INF] Request finished HTTP/2 GET https://localhost:7284/api/Components - 401 0 null 7.5689ms
2026-04-15 20:31:00.880 +03:00 [INF] Request starting HTTP/2 GET https://localhost:7284/api/Components - null null
2026-04-15 20:31:00.885 +03:00 [INF] CORS policy execution successful.
2026-04-15 20:31:00.886 +03:00 [INF] Authorization failed. These requirements were not met:
DenyAnonymousAuthorizationRequirement: Requires an authenticated user.
2026-04-15 20:31:00.887 +03:00 [INF] AuthenticationScheme: Bearer was challenged.
2026-04-15 20:31:00.889 +03:00 [INF] HTTP GET /api/Components responded 401 in 3.1041 ms
2026-04-15 20:31:00.892 +03:00 [INF] Request finished HTTP/2 GET https://localhost:7284/api/Components - 401 0 null 11.7479ms
2026-04-15 20:31:52.388 +03:00 [INF] Request starting HTTP/2 GET https://localhost:7284/api/Components - null null
2026-04-15 20:31:52.397 +03:00 [INF] CORS policy execution successful.
2026-04-15 20:31:52.398 +03:00 [INF] Authorization failed. These requirements were not met:
DenyAnonymousAuthorizationRequirement: Requires an authenticated user.
2026-04-15 20:31:52.399 +03:00 [INF] AuthenticationScheme: Bearer was challenged.
2026-04-15 20:31:52.400 +03:00 [INF] HTTP GET /api/Components responded 401 in 2.3001 ms
2026-04-15 20:31:52.402 +03:00 [INF] Request finished HTTP/2 GET https://localhost:7284/api/Components - 401 0 null 13.8968ms
2026-04-15 20:31:53.369 +03:00 [INF] Request starting HTTP/2 GET https://localhost:7284/api/Components - null null
2026-04-15 20:31:53.373 +03:00 [INF] CORS policy execution successful.
2026-04-15 20:31:53.374 +03:00 [INF] Authorization failed. These requirements were not met:
DenyAnonymousAuthorizationRequirement: Requires an authenticated user.
2026-04-15 20:31:53.375 +03:00 [INF] AuthenticationScheme: Bearer was challenged.
2026-04-15 20:31:53.376 +03:00 [INF] HTTP GET /api/Components responded 401 in 2.3903 ms
2026-04-15 20:31:53.379 +03:00 [INF] Request finished HTTP/2 GET https://localhost:7284/api/Components - 401 0 null 9.5986ms
2026-04-15 20:33:23.358 +03:00 [INF] Request starting HTTP/2 GET https://localhost:7284/api/Components - null null
2026-04-15 20:33:23.435 +03:00 [INF] Executing endpoint 'CatalogService.Controllers.ComponentsController.GetAll (CatalogService)'
2026-04-15 20:33:23.461 +03:00 [INF] Route matched with {action = "GetAll", controller = "Components"}. Executing controller action with signature System.Threading.Tasks.Task`1[Microsoft.AspNetCore.Mvc.IActionResult] GetAll() on controller CatalogService.Controllers.ComponentsController (CatalogService).
2026-04-15 20:33:24.105 +03:00 [WRN] No store type was specified for the decimal property 'Price' on entity type 'Component'. This will cause values to be silently truncated if they do not fit in the default precision and scale. Explicitly specify the SQL server column type that can accommodate all the values in 'OnModelCreating' using 'HasColumnType', specify precision and scale using 'HasPrecision', or configure a value converter using 'HasConversion'.
2026-04-15 20:33:24.773 +03:00 [INF] Executed DbCommand (36ms) [Parameters=[], CommandType='"Text"', CommandTimeout='30']
SELECT [c].[Id], [c].[CategoryId], [c].[Name], [c].[Price], [c].[SupplierId]
FROM [Components] AS [c]
2026-04-15 20:33:24.843 +03:00 [INF] Returned 2 components from CatalogDb
2026-04-15 20:33:24.862 +03:00 [INF] Executing OkObjectResult, writing value of type 'System.Collections.Generic.List`1[[CatalogService.BLL.DTOs.ComponentDto, CatalogService, Version=1.0.0.0, Culture=neutral, PublicKeyToken=null]]'.
2026-04-15 20:33:24.876 +03:00 [INF] Executed action CatalogService.Controllers.ComponentsController.GetAll (CatalogService) in 1407.6617ms
2026-04-15 20:33:24.877 +03:00 [INF] Executed endpoint 'CatalogService.Controllers.ComponentsController.GetAll (CatalogService)'
2026-04-15 20:33:24.879 +03:00 [INF] HTTP GET /api/Components responded 200 in 1511.3091 ms
2026-04-15 20:33:24.885 +03:00 [INF] Request finished HTTP/2 GET https://localhost:7284/api/Components - 200 null application/json; charset=utf-8 1527.7421ms
2026-04-15 20:33:59.324 +03:00 [INF] Request starting HTTP/2 POST https://localhost:7284/api/Components - application/json 104
2026-04-15 20:33:59.329 +03:00 [INF] CORS policy execution failed.
2026-04-15 20:33:59.330 +03:00 [INF] Request origin https://localhost:7284 does not have permission to access the resource.
2026-04-15 20:33:59.333 +03:00 [INF] Executing endpoint 'CatalogService.Controllers.ComponentsController.Create (CatalogService)'
2026-04-15 20:33:59.342 +03:00 [INF] Route matched with {action = "Create", controller = "Components"}. Executing controller action with signature System.Threading.Tasks.Task`1[Microsoft.AspNetCore.Mvc.IActionResult] Create(CatalogService.BLL.DTOs.ComponentDto) on controller CatalogService.Controllers.ComponentsController (CatalogService).
2026-04-15 20:33:59.700 +03:00 [INF] Executed DbCommand (29ms) [Parameters=[@p0='?' (Size = 4000), @p1='?' (Size = 4000), @p2='?' (Size = 4000), @p3='?' (Size = 4000)], CommandType='"Text"', CommandTimeout='30']
SET NOCOUNT ON;
INSERT INTO [Categories] ([Description], [Name])
OUTPUT INSERTED.[Id]
VALUES (@p0, @p1);
INSERT INTO [Suppliers] ([Country], [Name])
OUTPUT INSERTED.[Id]
VALUES (@p2, @p3);
2026-04-15 20:33:59.723 +03:00 [INF] Executed DbCommand (6ms) [Parameters=[@p4='?' (DbType = Int32), @p5='?' (Size = 4000), @p6='?' (Precision = 18) (Scale = 2) (DbType = Decimal), @p7='?' (DbType = Int32)], CommandType='"Text"', CommandTimeout='30']
SET IMPLICIT_TRANSACTIONS OFF;
SET NOCOUNT ON;
INSERT INTO [Components] ([CategoryId], [Name], [Price], [SupplierId])
OUTPUT INSERTED.[Id]
VALUES (@p4, @p5, @p6, @p7);
2026-04-15 20:33:59.751 +03:00 [INF] Component created {"Id":3,"Name":"ESP-32","Price":50,"CategoryId":6,"SupplierId":6,"Category":{"Id":6,"Name":"string","Description":null,"Components":[{"Id":3,"Name":"ESP-32","Price":50,"CategoryId":6,"SupplierId":6,"Category":{"Id":6,"Name":"string","Description":null,"Components":[{"Id":3,"Name":"ESP-32","Price":50,"CategoryId":6,"SupplierId":6,"Category":{"Id":6,"Name":"string","Description":null,"Components":[{"Id":null,"Name":null,"Price":null,"CategoryId":null,"SupplierId":null,"Category":null,"Supplier":null,"Datasheet":null,"$type":"Component"}],"$type":"Category"},"Supplier":{"Id":6,"Name":"string","Country":"","Components":[{"Id":null,"Name":null,"Price":null,"CategoryId":null,"SupplierId":null,"Category":null,"Supplier":null,"Datasheet":null,"$type":"Component"}],"$type":"Supplier"},"Datasheet":null,"$type":"Component"}],"$type":"Category"},"Supplier":{"Id":6,"Name":"string","Country":"","Components":[{"Id":3,"Name":"ESP-32","Price":50,"CategoryId":6,"SupplierId":6,"Category":{"Id":6,"Name":"string","Description":null,"Components":[{"Id":null,"Name":null,"Price":null,"CategoryId":null,"SupplierId":null,"Category":null,"Supplier":null,"Datasheet":null,"$type":"Component"}],"$type":"Category"},"Supplier":{"Id":6,"Name":"string","Country":"","Components":[{"Id":null,"Name":null,"Price":null,"CategoryId":null,"SupplierId":null,"Category":null,"Supplier":null,"Datasheet":null,"$type":"Component"}],"$type":"Supplier"},"Datasheet":null,"$type":"Component"}],"$type":"Supplier"},"Datasheet":null,"$type":"Component"}],"$type":"Category"},"Supplier":{"Id":6,"Name":"string","Country":"","Components":[{"Id":3,"Name":"ESP-32","Price":50,"CategoryId":6,"SupplierId":6,"Category":{"Id":6,"Name":"string","Description":null,"Components":[{"Id":3,"Name":"ESP-32","Price":50,"CategoryId":6,"SupplierId":6,"Category":{"Id":6,"Name":"string","Description":null,"Components":[{"Id":null,"Name":null,"Price":null,"CategoryId":null,"SupplierId":null,"Category":null,"Supplier":null,"Datasheet":null,"$type":"Component"}],"$type":"Category"},"Supplier":{"Id":6,"Name":"string","Country":"","Components":[{"Id":null,"Name":null,"Price":null,"CategoryId":null,"SupplierId":null,"Category":null,"Supplier":null,"Datasheet":null,"$type":"Component"}],"$type":"Supplier"},"Datasheet":null,"$type":"Component"}],"$type":"Category"},"Supplier":{"Id":6,"Name":"string","Country":"","Components":[{"Id":3,"Name":"ESP-32","Price":50,"CategoryId":6,"SupplierId":6,"Category":{"Id":6,"Name":"string","Description":null,"Components":[{"Id":null,"Name":null,"Price":null,"CategoryId":null,"SupplierId":null,"Category":null,"Supplier":null,"Datasheet":null,"$type":"Component"}],"$type":"Category"},"Supplier":{"Id":6,"Name":"string","Country":"","Components":[{"Id":null,"Name":null,"Price":null,"CategoryId":null,"SupplierId":null,"Category":null,"Supplier":null,"Datasheet":null,"$type":"Component"}],"$type":"Supplier"},"Datasheet":null,"$type":"Component"}],"$type":"Supplier"},"Datasheet":null,"$type":"Component"}],"$type":"Supplier"},"Datasheet":null,"$type":"Component"}
2026-04-15 20:33:59.888 +03:00 [INF] Executing StatusCodeResult, setting HTTP status code 200
2026-04-15 20:33:59.889 +03:00 [INF] Executed action CatalogService.Controllers.ComponentsController.Create (CatalogService) in 544.4934ms
2026-04-15 20:33:59.891 +03:00 [INF] Executed endpoint 'CatalogService.Controllers.ComponentsController.Create (CatalogService)'
2026-04-15 20:33:59.892 +03:00 [INF] HTTP POST /api/Components responded 200 in 560.0729 ms
2026-04-15 20:33:59.894 +03:00 [INF] Request finished HTTP/2 POST https://localhost:7284/api/Components - 200 0 null 569.7218ms
2026-04-15 20:35:45.679 +03:00 [INF] Request starting HTTP/2 GET https://localhost:7284/api/Components - null null
2026-04-15 20:35:45.688 +03:00 [INF] Executing endpoint 'CatalogService.Controllers.ComponentsController.GetAll (CatalogService)'
2026-04-15 20:35:45.690 +03:00 [INF] Route matched with {action = "GetAll", controller = "Components"}. Executing controller action with signature System.Threading.Tasks.Task`1[Microsoft.AspNetCore.Mvc.IActionResult] GetAll() on controller CatalogService.Controllers.ComponentsController (CatalogService).
2026-04-15 20:35:45.713 +03:00 [INF] Executed DbCommand (6ms) [Parameters=[], CommandType='"Text"', CommandTimeout='30']
SELECT [c].[Id], [c].[CategoryId], [c].[Name], [c].[Price], [c].[SupplierId]
FROM [Components] AS [c]
2026-04-15 20:35:45.716 +03:00 [INF] Returned 3 components from CatalogDb
2026-04-15 20:35:45.717 +03:00 [INF] Executing OkObjectResult, writing value of type 'System.Collections.Generic.List`1[[CatalogService.BLL.DTOs.ComponentDto, CatalogService, Version=1.0.0.0, Culture=neutral, PublicKeyToken=null]]'.
2026-04-15 20:35:45.719 +03:00 [INF] Executed action CatalogService.Controllers.ComponentsController.GetAll (CatalogService) in 26.0179ms
2026-04-15 20:35:45.720 +03:00 [INF] Executed endpoint 'CatalogService.Controllers.ComponentsController.GetAll (CatalogService)'
2026-04-15 20:35:45.722 +03:00 [INF] HTTP GET /api/Components responded 200 in 34.3772 ms
2026-04-15 20:35:45.724 +03:00 [INF] Request finished HTTP/2 GET https://localhost:7284/api/Components - 200 null application/json; charset=utf-8 45.2869ms
2026-04-15 20:37:13.497 +03:00 [INF] Request starting HTTP/2 GET https://localhost:7284/api/Components - null null
2026-04-15 20:37:13.510 +03:00 [INF] CORS policy execution successful.
2026-04-15 20:37:13.512 +03:00 [INF] Authorization failed. These requirements were not met:
DenyAnonymousAuthorizationRequirement: Requires an authenticated user.
2026-04-15 20:37:13.513 +03:00 [INF] AuthenticationScheme: Bearer was challenged.
2026-04-15 20:37:13.515 +03:00 [INF] HTTP GET /api/Components responded 401 in 3.6127 ms
2026-04-15 20:37:13.519 +03:00 [INF] Request finished HTTP/2 GET https://localhost:7284/api/Components - 401 0 null 21.8554ms
2026-04-15 20:37:13.522 +03:00 [INF] Request starting HTTP/2 GET https://localhost:7284/api/Components - null null
2026-04-15 20:37:13.527 +03:00 [INF] CORS policy execution successful.
2026-04-15 20:37:13.529 +03:00 [INF] Authorization failed. These requirements were not met:
DenyAnonymousAuthorizationRequirement: Requires an authenticated user.
2026-04-15 20:37:13.530 +03:00 [INF] AuthenticationScheme: Bearer was challenged.
2026-04-15 20:37:13.531 +03:00 [INF] HTTP GET /api/Components responded 401 in 2.5898 ms
2026-04-15 20:37:13.534 +03:00 [INF] Request finished HTTP/2 GET https://localhost:7284/api/Components - 401 0 null 11.6531ms
2026-04-15 20:38:03.952 +03:00 [INF] Request starting HTTP/2 GET https://localhost:7284/api/Components - null null
2026-04-15 20:38:03.960 +03:00 [INF] CORS policy execution successful.
2026-04-15 20:38:03.961 +03:00 [INF] Authorization failed. These requirements were not met:
DenyAnonymousAuthorizationRequirement: Requires an authenticated user.
2026-04-15 20:38:03.961 +03:00 [INF] AuthenticationScheme: Bearer was challenged.
2026-04-15 20:38:03.962 +03:00 [INF] HTTP GET /api/Components responded 401 in 1.7680 ms
2026-04-15 20:38:03.964 +03:00 [INF] Request finished HTTP/2 GET https://localhost:7284/api/Components - 401 0 null 12.1525ms
2026-04-15 20:38:04.633 +03:00 [INF] Request starting HTTP/2 GET https://localhost:7284/api/Components - null null
2026-04-15 20:38:04.636 +03:00 [INF] CORS policy execution successful.
2026-04-15 20:38:04.637 +03:00 [INF] Authorization failed. These requirements were not met:
DenyAnonymousAuthorizationRequirement: Requires an authenticated user.
2026-04-15 20:38:04.638 +03:00 [INF] AuthenticationScheme: Bearer was challenged.
2026-04-15 20:38:04.639 +03:00 [INF] HTTP GET /api/Components responded 401 in 1.7880 ms
2026-04-15 20:38:04.640 +03:00 [INF] Request finished HTTP/2 GET https://localhost:7284/api/Components - 401 0 null 7.4473ms
2026-04-15 20:38:05.349 +03:00 [INF] Request starting HTTP/2 GET https://localhost:7284/api/Components - null null
2026-04-15 20:38:05.353 +03:00 [INF] CORS policy execution successful.
2026-04-15 20:38:05.355 +03:00 [INF] Authorization failed. These requirements were not met:
DenyAnonymousAuthorizationRequirement: Requires an authenticated user.
2026-04-15 20:38:05.356 +03:00 [INF] AuthenticationScheme: Bearer was challenged.
2026-04-15 20:38:05.357 +03:00 [INF] HTTP GET /api/Components responded 401 in 2.4364 ms
2026-04-15 20:38:05.359 +03:00 [INF] Request finished HTTP/2 GET https://localhost:7284/api/Components - 401 0 null 10.3461ms
2026-04-15 20:40:08.750 +03:00 [INF] Request starting HTTP/2 GET https://localhost:7284/api/Components - null null
2026-04-15 20:40:08.775 +03:00 [INF] Authorization failed. These requirements were not met:
DenyAnonymousAuthorizationRequirement: Requires an authenticated user.
2026-04-15 20:40:08.777 +03:00 [INF] AuthenticationScheme: Bearer was challenged.
2026-04-15 20:40:08.778 +03:00 [INF] HTTP GET /api/Components responded 401 in 2.7354 ms
2026-04-15 20:40:08.779 +03:00 [INF] Request finished HTTP/2 GET https://localhost:7284/api/Components - 401 null null 29.3777ms
2026-04-15 20:40:11.938 +03:00 [INF] Request starting HTTP/2 GET https://localhost:7284/api/Components - null null
2026-04-15 20:40:11.946 +03:00 [INF] Authorization failed. These requirements were not met:
DenyAnonymousAuthorizationRequirement: Requires an authenticated user.
2026-04-15 20:40:11.948 +03:00 [INF] AuthenticationScheme: Bearer was challenged.
2026-04-15 20:40:11.949 +03:00 [INF] HTTP GET /api/Components responded 401 in 2.6734 ms
2026-04-15 20:40:11.950 +03:00 [INF] Request finished HTTP/2 GET https://localhost:7284/api/Components - 401 null null 12.0554ms
2026-04-15 20:43:41.794 +03:00 [INF] Request starting HTTP/2 GET https://localhost:7284/api/Components - null null
2026-04-15 20:43:41.809 +03:00 [INF] Authorization failed. These requirements were not met:
DenyAnonymousAuthorizationRequirement: Requires an authenticated user.
2026-04-15 20:43:41.810 +03:00 [INF] AuthenticationScheme: Bearer was challenged.
2026-04-15 20:43:41.811 +03:00 [INF] HTTP GET /api/Components responded 401 in 2.4239 ms
2026-04-15 20:43:41.813 +03:00 [INF] Request finished HTTP/2 GET https://localhost:7284/api/Components - 401 null null 19.1768ms
2026-04-15 20:49:55.638 +03:00 [INF] User profile is available. Using 'C:\Users\Dell\AppData\Local\ASP.NET\DataProtection-Keys' as key repository and Windows DPAPI to encrypt keys at rest.
2026-04-15 20:49:55.890 +03:00 [INF] Now listening on: https://localhost:7284
2026-04-15 20:49:55.892 +03:00 [INF] Now listening on: http://localhost:5155
2026-04-15 20:49:56.038 +03:00 [INF] Application started. Press Ctrl+C to shut down.
2026-04-15 20:49:56.039 +03:00 [INF] Hosting environment: Development
2026-04-15 20:49:56.040 +03:00 [INF] Content root path: C:\Users\Dell\source\repos\Anzorrrrrrrrrrr\OptiComponent-Microservices\CatalogService
2026-04-15 20:49:56.444 +03:00 [INF] Request starting HTTP/2 GET https://localhost:7284/swagger/index.html - null null
2026-04-15 20:49:56.725 +03:00 [INF] Request finished HTTP/2 GET https://localhost:7284/swagger/index.html - 200 null text/html;charset=utf-8 283.4851ms
2026-04-15 20:49:56.806 +03:00 [INF] Request starting HTTP/2 GET https://localhost:7284/_framework/aspnetcore-browser-refresh.js - null null
2026-04-15 20:49:56.831 +03:00 [INF] Request starting HTTP/2 GET https://localhost:7284/_vs/browserLink - null null
2026-04-15 20:49:56.848 +03:00 [INF] Request finished HTTP/2 GET https://localhost:7284/_framework/aspnetcore-browser-refresh.js - 200 14933 application/javascript; charset=utf-8 41.6883ms
2026-04-15 20:49:56.919 +03:00 [INF] Request finished HTTP/2 GET https://localhost:7284/_vs/browserLink - 200 null text/javascript; charset=UTF-8 88.058ms
2026-04-15 20:49:57.098 +03:00 [INF] Request starting HTTP/2 GET https://localhost:7284/swagger/v1/swagger.json - null null
2026-04-15 20:49:57.120 +03:00 [INF] Request finished HTTP/2 GET https://localhost:7284/swagger/v1/swagger.json - 200 null application/json;charset=utf-8 22.0166ms
2026-04-15 20:50:19.738 +03:00 [INF] Request starting HTTP/2 GET https://localhost:7284/api/Components - null null
2026-04-15 20:50:19.750 +03:00 [INF] CORS policy execution successful.
2026-04-15 20:50:19.820 +03:00 [INF] Authorization failed. These requirements were not met:
DenyAnonymousAuthorizationRequirement: Requires an authenticated user.
2026-04-15 20:50:19.825 +03:00 [INF] AuthenticationScheme: Bearer was challenged.
2026-04-15 20:50:19.828 +03:00 [INF] HTTP GET /api/Components responded 401 in 73.2628 ms
2026-04-15 20:50:19.831 +03:00 [INF] Request finished HTTP/2 GET https://localhost:7284/api/Components - 401 0 null 93.5998ms
2026-04-15 20:50:19.833 +03:00 [INF] Request starting HTTP/2 GET https://localhost:7284/api/Components - null null
2026-04-15 20:50:19.838 +03:00 [INF] CORS policy execution successful.
2026-04-15 20:50:19.842 +03:00 [INF] Authorization failed. These requirements were not met:
DenyAnonymousAuthorizationRequirement: Requires an authenticated user.
2026-04-15 20:50:19.844 +03:00 [INF] AuthenticationScheme: Bearer was challenged.
2026-04-15 20:50:19.845 +03:00 [INF] HTTP GET /api/Components responded 401 in 5.9403 ms
2026-04-15 20:50:19.848 +03:00 [INF] Request finished HTTP/2 GET https://localhost:7284/api/Components - 401 0 null 14.7324ms
2026-04-15 20:50:23.110 +03:00 [INF] Request starting HTTP/2 GET https://localhost:7284/api/Components - null null
2026-04-15 20:50:23.113 +03:00 [INF] CORS policy execution successful.
2026-04-15 20:50:23.115 +03:00 [INF] Authorization failed. These requirements were not met:
DenyAnonymousAuthorizationRequirement: Requires an authenticated user.
2026-04-15 20:50:23.116 +03:00 [INF] AuthenticationScheme: Bearer was challenged.
2026-04-15 20:50:23.117 +03:00 [INF] HTTP GET /api/Components responded 401 in 2.7139 ms
2026-04-15 20:50:23.118 +03:00 [INF] Request finished HTTP/2 GET https://localhost:7284/api/Components - 401 0 null 8.5747ms
2026-04-15 20:52:34.083 +03:00 [INF] Request starting HTTP/2 GET https://localhost:7284/api/Components - null null
2026-04-15 20:52:34.093 +03:00 [INF] CORS policy execution successful.
2026-04-15 20:52:34.094 +03:00 [INF] Authorization failed. These requirements were not met:
DenyAnonymousAuthorizationRequirement: Requires an authenticated user.
2026-04-15 20:52:34.095 +03:00 [INF] AuthenticationScheme: Bearer was challenged.
2026-04-15 20:52:34.096 +03:00 [INF] HTTP GET /api/Components responded 401 in 2.5172 ms
2026-04-15 20:52:34.098 +03:00 [INF] Request finished HTTP/2 GET https://localhost:7284/api/Components - 401 0 null 14.6557ms
2026-04-15 20:52:34.100 +03:00 [INF] Request starting HTTP/2 GET https://localhost:7284/api/Components - null null
2026-04-15 20:52:34.106 +03:00 [INF] CORS policy execution successful.
2026-04-15 20:52:34.107 +03:00 [INF] Authorization failed. These requirements were not met:
DenyAnonymousAuthorizationRequirement: Requires an authenticated user.
2026-04-15 20:52:34.108 +03:00 [INF] AuthenticationScheme: Bearer was challenged.
2026-04-15 20:52:34.110 +03:00 [INF] HTTP GET /api/Components responded 401 in 2.3421 ms
2026-04-15 20:52:34.111 +03:00 [INF] Request finished HTTP/2 GET https://localhost:7284/api/Components - 401 0 null 11.6764ms
2026-04-15 20:52:38.149 +03:00 [INF] Request starting HTTP/2 GET https://localhost:7284/api/Components - null null
2026-04-15 20:52:38.152 +03:00 [INF] CORS policy execution successful.
2026-04-15 20:52:38.153 +03:00 [INF] Authorization failed. These requirements were not met:
DenyAnonymousAuthorizationRequirement: Requires an authenticated user.
2026-04-15 20:52:38.155 +03:00 [INF] AuthenticationScheme: Bearer was challenged.
2026-04-15 20:52:38.156 +03:00 [INF] HTTP GET /api/Components responded 401 in 2.5863 ms
2026-04-15 20:52:38.157 +03:00 [INF] Request finished HTTP/2 GET https://localhost:7284/api/Components - 401 0 null 8.4397ms
2026-04-15 20:54:17.650 +03:00 [INF] Request starting HTTP/2 GET https://localhost:7284/swagger/index.html - null null
2026-04-15 20:54:17.665 +03:00 [INF] CORS policy execution successful.
2026-04-15 20:54:17.669 +03:00 [INF] Request finished HTTP/2 GET https://localhost:7284/swagger/index.html - 200 null text/html;charset=utf-8 18.1698ms
2026-04-15 20:54:17.673 +03:00 [INF] Request starting HTTP/2 GET https://localhost:7284/swagger/index.html - null null
2026-04-15 20:54:17.682 +03:00 [INF] CORS policy execution successful.
2026-04-15 20:54:17.686 +03:00 [INF] Request finished HTTP/2 GET https://localhost:7284/swagger/index.html - 200 null text/html;charset=utf-8 12.479ms
2026-04-15 20:54:47.293 +03:00 [INF] Request starting HTTP/2 GET https://localhost:7284/api/Components - null null
2026-04-15 20:54:47.302 +03:00 [INF] CORS policy execution successful.
2026-04-15 20:54:47.303 +03:00 [INF] Authorization failed. These requirements were not met:
DenyAnonymousAuthorizationRequirement: Requires an authenticated user.
2026-04-15 20:54:47.304 +03:00 [INF] AuthenticationScheme: Bearer was challenged.
2026-04-15 20:54:47.306 +03:00 [INF] HTTP GET /api/Components responded 401 in 3.3374 ms
2026-04-15 20:54:47.309 +03:00 [INF] Request finished HTTP/2 GET https://localhost:7284/api/Components - 401 0 null 15.4655ms
2026-04-15 20:54:47.316 +03:00 [INF] Request starting HTTP/2 GET https://localhost:7284/api/Components - null null
2026-04-15 20:54:47.323 +03:00 [INF] CORS policy execution successful.
2026-04-15 20:54:47.324 +03:00 [INF] Authorization failed. These requirements were not met:
DenyAnonymousAuthorizationRequirement: Requires an authenticated user.
2026-04-15 20:54:47.326 +03:00 [INF] AuthenticationScheme: Bearer was challenged.
2026-04-15 20:54:47.327 +03:00 [INF] HTTP GET /api/Components responded 401 in 3.0639 ms
2026-04-15 20:54:47.330 +03:00 [INF] Request finished HTTP/2 GET https://localhost:7284/api/Components - 401 0 null 15.1728ms
2026-04-15 20:56:27.132 +03:00 [INF] Request starting HTTP/2 GET https://localhost:7284/api/Components - null null
2026-04-15 20:56:27.153 +03:00 [INF] Authorization failed. These requirements were not met:
DenyAnonymousAuthorizationRequirement: Requires an authenticated user.
2026-04-15 20:56:27.154 +03:00 [INF] AuthenticationScheme: Bearer was challenged.
2026-04-15 20:56:27.154 +03:00 [INF] HTTP GET /api/Components responded 401 in 1.9277 ms
2026-04-15 20:56:27.156 +03:00 [INF] Request finished HTTP/2 GET https://localhost:7284/api/Components - 401 null null 24.3014ms
2026-04-15 20:56:30.427 +03:00 [INF] Request starting HTTP/2 GET https://localhost:7284/api/Components - null null
2026-04-15 20:56:30.436 +03:00 [INF] Authorization failed. These requirements were not met:
DenyAnonymousAuthorizationRequirement: Requires an authenticated user.
2026-04-15 20:56:30.437 +03:00 [INF] AuthenticationScheme: Bearer was challenged.
2026-04-15 20:56:30.438 +03:00 [INF] HTTP GET /api/Components responded 401 in 2.5665 ms
2026-04-15 20:56:30.440 +03:00 [INF] Request finished HTTP/2 GET https://localhost:7284/api/Components - 401 null null 13.559ms
2026-04-15 20:59:00.573 +03:00 [INF] Request starting HTTP/1.1 GET http://localhost:5155/api/Components - null null
2026-04-15 20:59:00.577 +03:00 [INF] CORS policy execution successful.
2026-04-15 20:59:00.583 +03:00 [INF] HTTP GET /api/Components responded 307 in 3.9907 ms
2026-04-15 20:59:00.586 +03:00 [INF] Request finished HTTP/1.1 GET http://localhost:5155/api/Components - 307 0 null 13.2131ms
2026-04-15 20:59:00.589 +03:00 [INF] Request starting HTTP/1.1 GET http://localhost:5155/api/Components - null null
2026-04-15 20:59:00.599 +03:00 [INF] CORS policy execution successful.
2026-04-15 20:59:00.600 +03:00 [INF] HTTP GET /api/Components responded 307 in 0.1428 ms
2026-04-15 20:59:00.602 +03:00 [INF] Request starting HTTP/2 GET https://localhost:7284/api/Components - null null
2026-04-15 20:59:00.604 +03:00 [INF] Request finished HTTP/1.1 GET http://localhost:5155/api/Components - 307 0 null 14.9648ms
2026-04-15 20:59:00.612 +03:00 [INF] CORS policy execution failed.
2026-04-15 20:59:00.618 +03:00 [INF] Request origin null does not have permission to access the resource.
2026-04-15 20:59:00.619 +03:00 [INF] Authorization failed. These requirements were not met:
DenyAnonymousAuthorizationRequirement: Requires an authenticated user.
2026-04-15 20:59:00.620 +03:00 [INF] AuthenticationScheme: Bearer was challenged.
2026-04-15 20:59:00.621 +03:00 [INF] HTTP GET /api/Components responded 401 in 1.8698 ms
2026-04-15 20:59:00.623 +03:00 [INF] Request finished HTTP/2 GET https://localhost:7284/api/Components - 401 0 null 20.6178ms
2026-04-15 20:59:00.624 +03:00 [INF] Request starting HTTP/2 GET https://localhost:7284/api/Components - null null
2026-04-15 20:59:00.629 +03:00 [INF] CORS policy execution failed.
2026-04-15 20:59:00.630 +03:00 [INF] Request origin null does not have permission to access the resource.
2026-04-15 20:59:00.632 +03:00 [INF] Authorization failed. These requirements were not met:
DenyAnonymousAuthorizationRequirement: Requires an authenticated user.
2026-04-15 20:59:00.633 +03:00 [INF] AuthenticationScheme: Bearer was challenged.
2026-04-15 20:59:00.635 +03:00 [INF] HTTP GET /api/Components responded 401 in 2.7284 ms
2026-04-15 20:59:00.637 +03:00 [INF] Request finished HTTP/2 GET https://localhost:7284/api/Components - 401 0 null 12.556ms
2026-04-15 20:59:17.340 +03:00 [INF] Request starting HTTP/2 GET https://localhost:7284/api/Components - null null
2026-04-15 20:59:17.343 +03:00 [INF] CORS policy execution successful.
2026-04-15 20:59:17.344 +03:00 [INF] Authorization failed. These requirements were not met:
DenyAnonymousAuthorizationRequirement: Requires an authenticated user.
2026-04-15 20:59:17.345 +03:00 [INF] AuthenticationScheme: Bearer was challenged.
2026-04-15 20:59:17.346 +03:00 [INF] HTTP GET /api/Components responded 401 in 2.0027 ms
2026-04-15 20:59:17.348 +03:00 [INF] Request finished HTTP/2 GET https://localhost:7284/api/Components - 401 0 null 8.3359ms
2026-04-15 20:59:17.350 +03:00 [INF] Request starting HTTP/2 GET https://localhost:7284/api/Components - null null
2026-04-15 20:59:17.355 +03:00 [INF] CORS policy execution successful.
2026-04-15 20:59:17.356 +03:00 [INF] Authorization failed. These requirements were not met:
DenyAnonymousAuthorizationRequirement: Requires an authenticated user.
2026-04-15 20:59:17.357 +03:00 [INF] AuthenticationScheme: Bearer was challenged.
2026-04-15 20:59:17.358 +03:00 [INF] HTTP GET /api/Components responded 401 in 2.0329 ms
2026-04-15 20:59:17.361 +03:00 [INF] Request finished HTTP/2 GET https://localhost:7284/api/Components - 401 0 null 10.9873ms
2026-04-15 21:17:33.954 +03:00 [INF] Request starting HTTP/1.1 GET http://localhost:5155/api/Components - null null
2026-04-15 21:17:33.959 +03:00 [INF] HTTP GET /api/Components responded 307 in 0.0775 ms
2026-04-15 21:17:33.961 +03:00 [INF] Request finished HTTP/1.1 GET http://localhost:5155/api/Components - 307 0 null 6.886ms
2026-04-15 21:17:33.974 +03:00 [INF] Request starting HTTP/1.1 GET http://localhost:5155/api/Components - null null
2026-04-15 21:17:33.978 +03:00 [INF] Request starting HTTP/2 GET https://localhost:7284/api/Components - null null
2026-04-15 21:17:33.986 +03:00 [INF] HTTP GET /api/Components responded 307 in 0.0366 ms
2026-04-15 21:17:33.989 +03:00 [INF] CORS policy execution successful.
2026-04-15 21:17:33.991 +03:00 [INF] Request finished HTTP/1.1 GET http://localhost:5155/api/Components - 307 0 null 16.8912ms
2026-04-15 21:17:33.992 +03:00 [INF] Authorization failed. These requirements were not met:
DenyAnonymousAuthorizationRequirement: Requires an authenticated user.
2026-04-15 21:17:33.998 +03:00 [INF] AuthenticationScheme: Bearer was challenged.
2026-04-15 21:17:33.999 +03:00 [INF] HTTP GET /api/Components responded 401 in 7.0729 ms
2026-04-15 21:17:34.002 +03:00 [INF] Request finished HTTP/2 GET https://localhost:7284/api/Components - 401 0 null 23.6745ms
2026-04-15 21:17:34.012 +03:00 [INF] Request starting HTTP/2 GET https://localhost:7284/api/Components - null null
2026-04-15 21:17:34.015 +03:00 [INF] CORS policy execution successful.
2026-04-15 21:17:34.017 +03:00 [INF] Authorization failed. These requirements were not met:
DenyAnonymousAuthorizationRequirement: Requires an authenticated user.
2026-04-15 21:17:34.018 +03:00 [INF] AuthenticationScheme: Bearer was challenged.
2026-04-15 21:17:34.020 +03:00 [INF] HTTP GET /api/Components responded 401 in 3.1575 ms
2026-04-15 21:17:34.022 +03:00 [INF] Request finished HTTP/2 GET https://localhost:7284/api/Components - 401 0 null 10.3251ms
2026-04-15 21:17:40.780 +03:00 [INF] Request starting HTTP/1.1 GET http://localhost:5155/api/Components - null null
2026-04-15 21:17:40.782 +03:00 [INF] HTTP GET /api/Components responded 307 in 0.0321 ms
2026-04-15 21:17:40.784 +03:00 [INF] Request finished HTTP/1.1 GET http://localhost:5155/api/Components - 307 0 null 4.5841ms
2026-04-15 21:17:40.789 +03:00 [INF] Request starting HTTP/2 GET https://localhost:7284/api/Components - null null
2026-04-15 21:17:40.790 +03:00 [INF] Request starting HTTP/1.1 GET http://localhost:5155/api/Components - null null
2026-04-15 21:17:40.792 +03:00 [INF] CORS policy execution successful.
2026-04-15 21:17:40.794 +03:00 [INF] HTTP GET /api/Components responded 307 in 0.0217 ms
2026-04-15 21:17:40.794 +03:00 [INF] Authorization failed. These requirements were not met:
DenyAnonymousAuthorizationRequirement: Requires an authenticated user.
2026-04-15 21:17:40.796 +03:00 [INF] Request finished HTTP/1.1 GET http://localhost:5155/api/Components - 307 0 null 5.3783ms
2026-04-15 21:17:40.797 +03:00 [INF] AuthenticationScheme: Bearer was challenged.
2026-04-15 21:17:40.800 +03:00 [INF] HTTP GET /api/Components responded 401 in 6.0315 ms
2026-04-15 21:17:40.802 +03:00 [INF] Request finished HTTP/2 GET https://localhost:7284/api/Components - 401 0 null 12.6954ms
2026-04-15 21:17:40.803 +03:00 [INF] Request starting HTTP/2 GET https://localhost:7284/api/Components - null null
2026-04-15 21:17:40.807 +03:00 [INF] CORS policy execution successful.
2026-04-15 21:17:40.808 +03:00 [INF] Authorization failed. These requirements were not met:
DenyAnonymousAuthorizationRequirement: Requires an authenticated user.
2026-04-15 21:17:40.809 +03:00 [INF] AuthenticationScheme: Bearer was challenged.
2026-04-15 21:17:40.810 +03:00 [INF] HTTP GET /api/Components responded 401 in 2.1910 ms
2026-04-15 21:17:40.812 +03:00 [INF] Request finished HTTP/2 GET https://localhost:7284/api/Components - 401 0 null 8.8203ms
2026-04-15 21:19:04.982 +03:00 [INF] Request starting HTTP/2 GET https://localhost:7284/api/Components - null null
2026-04-15 21:19:04.993 +03:00 [INF] CORS policy execution successful.
2026-04-15 21:19:04.994 +03:00 [INF] Authorization failed. These requirements were not met:
DenyAnonymousAuthorizationRequirement: Requires an authenticated user.
2026-04-15 21:19:04.996 +03:00 [INF] AuthenticationScheme: Bearer was challenged.
2026-04-15 21:19:04.997 +03:00 [INF] HTTP GET /api/Components responded 401 in 3.2615 ms
2026-04-15 21:19:05.000 +03:00 [INF] Request finished HTTP/2 GET https://localhost:7284/api/Components - 401 0 null 18.5456ms
2026-04-15 21:19:05.004 +03:00 [INF] Request starting HTTP/2 GET https://localhost:7284/api/Components - null null
2026-04-15 21:19:05.010 +03:00 [INF] CORS policy execution successful.
2026-04-15 21:19:05.011 +03:00 [INF] Authorization failed. These requirements were not met:
DenyAnonymousAuthorizationRequirement: Requires an authenticated user.
2026-04-15 21:19:05.012 +03:00 [INF] AuthenticationScheme: Bearer was challenged.
2026-04-15 21:19:05.014 +03:00 [INF] HTTP GET /api/Components responded 401 in 2.6794 ms
2026-04-15 21:19:05.016 +03:00 [INF] Request finished HTTP/2 GET https://localhost:7284/api/Components - 401 0 null 12.712ms
2026-04-15 21:19:30.000 +03:00 [INF] Request starting HTTP/2 GET https://localhost:7284/api/Components - null null
2026-04-15 21:19:30.068 +03:00 [INF] Executing endpoint 'CatalogService.Controllers.ComponentsController.GetAll (CatalogService)'
2026-04-15 21:19:30.091 +03:00 [INF] Route matched with {action = "GetAll", controller = "Components"}. Executing controller action with signature System.Threading.Tasks.Task`1[Microsoft.AspNetCore.Mvc.IActionResult] GetAll() on controller CatalogService.Controllers.ComponentsController (CatalogService).
2026-04-15 21:19:30.687 +03:00 [WRN] No store type was specified for the decimal property 'Price' on entity type 'Component'. This will cause values to be silently truncated if they do not fit in the default precision and scale. Explicitly specify the SQL server column type that can accommodate all the values in 'OnModelCreating' using 'HasColumnType', specify precision and scale using 'HasPrecision', or configure a value converter using 'HasConversion'.
2026-04-15 21:19:31.319 +03:00 [INF] Executed DbCommand (39ms) [Parameters=[], CommandType='"Text"', CommandTimeout='30']
SELECT [c].[Id], [c].[CategoryId], [c].[Name], [c].[Price], [c].[SupplierId]
FROM [Components] AS [c]
2026-04-15 21:19:31.387 +03:00 [INF] Returned 3 components from CatalogDb
2026-04-15 21:19:31.406 +03:00 [INF] Executing OkObjectResult, writing value of type 'System.Collections.Generic.List`1[[CatalogService.BLL.DTOs.ComponentDto, CatalogService, Version=1.0.0.0, Culture=neutral, PublicKeyToken=null]]'.
2026-04-15 21:19:31.420 +03:00 [INF] Executed action CatalogService.Controllers.ComponentsController.GetAll (CatalogService) in 1322.4148ms
2026-04-15 21:19:31.422 +03:00 [INF] Executed endpoint 'CatalogService.Controllers.ComponentsController.GetAll (CatalogService)'
2026-04-15 21:19:31.423 +03:00 [INF] HTTP GET /api/Components responded 200 in 1412.9291 ms
2026-04-15 21:19:31.430 +03:00 [INF] Request finished HTTP/2 GET https://localhost:7284/api/Components - 200 null application/json; charset=utf-8 1430.0591ms
2026-04-15 21:20:39.234 +03:00 [INF] Request starting HTTP/2 GET https://localhost:7284/api/Components - null null
2026-04-15 21:20:39.243 +03:00 [INF] CORS policy execution successful.
2026-04-15 21:20:39.245 +03:00 [INF] Authorization failed. These requirements were not met:
DenyAnonymousAuthorizationRequirement: Requires an authenticated user.
2026-04-15 21:20:39.246 +03:00 [INF] AuthenticationScheme: Bearer was challenged.
2026-04-15 21:20:39.247 +03:00 [INF] HTTP GET /api/Components responded 401 in 2.6579 ms
2026-04-15 21:20:39.250 +03:00 [INF] Request finished HTTP/2 GET https://localhost:7284/api/Components - 401 0 null 16.0092ms
2026-04-15 21:20:39.251 +03:00 [INF] Request starting HTTP/2 GET https://localhost:7284/api/Components - null null
2026-04-15 21:20:39.256 +03:00 [INF] CORS policy execution successful.
2026-04-15 21:20:39.257 +03:00 [INF] Authorization failed. These requirements were not met:
DenyAnonymousAuthorizationRequirement: Requires an authenticated user.
2026-04-15 21:20:39.258 +03:00 [INF] AuthenticationScheme: Bearer was challenged.
2026-04-15 21:20:39.259 +03:00 [INF] HTTP GET /api/Components responded 401 in 2.3530 ms
2026-04-15 21:20:39.261 +03:00 [INF] Request finished HTTP/2 GET https://localhost:7284/api/Components - 401 0 null 9.7013ms
2026-04-15 21:20:41.898 +03:00 [INF] Request starting HTTP/2 GET https://localhost:7284/api/Components - null null
2026-04-15 21:20:41.902 +03:00 [INF] CORS policy execution successful.
2026-04-15 21:20:41.903 +03:00 [INF] Authorization failed. These requirements were not met:
DenyAnonymousAuthorizationRequirement: Requires an authenticated user.
2026-04-15 21:20:41.904 +03:00 [INF] AuthenticationScheme: Bearer was challenged.
2026-04-15 21:20:41.905 +03:00 [INF] HTTP GET /api/Components responded 401 in 2.3476 ms
2026-04-15 21:20:41.907 +03:00 [INF] Request finished HTTP/2 GET https://localhost:7284/api/Components - 401 0 null 8.9135ms
2026-04-15 21:22:33.653 +03:00 [INF] Request starting HTTP/2 GET https://localhost:7284/api/Components - null null
2026-04-15 21:22:33.665 +03:00 [INF] CORS policy execution successful.
2026-04-15 21:22:33.666 +03:00 [INF] Authorization failed. These requirements were not met:
DenyAnonymousAuthorizationRequirement: Requires an authenticated user.
2026-04-15 21:22:33.667 +03:00 [INF] AuthenticationScheme: Bearer was challenged.
2026-04-15 21:22:33.668 +03:00 [INF] HTTP GET /api/Components responded 401 in 2.2666 ms
2026-04-15 21:22:33.669 +03:00 [INF] Request finished HTTP/2 GET https://localhost:7284/api/Components - 401 0 null 16.0549ms
2026-04-15 21:22:33.671 +03:00 [INF] Request starting HTTP/2 GET https://localhost:7284/api/Components - null null
2026-04-15 21:22:33.677 +03:00 [INF] CORS policy execution successful.
2026-04-15 21:22:33.678 +03:00 [INF] Authorization failed. These requirements were not met:
DenyAnonymousAuthorizationRequirement: Requires an authenticated user.
2026-04-15 21:22:33.678 +03:00 [INF] AuthenticationScheme: Bearer was challenged.
2026-04-15 21:22:33.679 +03:00 [INF] HTTP GET /api/Components responded 401 in 1.8582 ms
2026-04-15 21:22:33.681 +03:00 [INF] Request finished HTTP/2 GET https://localhost:7284/api/Components - 401 0 null 10.4049ms
2026-04-15 21:26:21.297 +03:00 [INF] Request starting HTTP/2 OPTIONS https://localhost:7284/api/Components - null null
2026-04-15 21:26:21.306 +03:00 [INF] CORS policy execution successful.
2026-04-15 21:26:21.308 +03:00 [INF] Request finished HTTP/2 OPTIONS https://localhost:7284/api/Components - 204 null null 10.1052ms
2026-04-15 21:26:21.312 +03:00 [INF] Request starting HTTP/2 GET https://localhost:7284/api/Components - null null
2026-04-15 21:26:21.318 +03:00 [INF] CORS policy execution successful.
2026-04-15 21:26:21.318 +03:00 [INF] Authorization failed. These requirements were not met:
DenyAnonymousAuthorizationRequirement: Requires an authenticated user.
2026-04-15 21:26:21.319 +03:00 [INF] AuthenticationScheme: Bearer was challenged.
2026-04-15 21:26:21.320 +03:00 [INF] HTTP GET /api/Components responded 401 in 2.1859 ms
2026-04-15 21:26:21.323 +03:00 [INF] Request finished HTTP/2 GET https://localhost:7284/api/Components - 401 0 null 10.3015ms
2026-04-15 21:26:26.450 +03:00 [INF] Request starting HTTP/2 OPTIONS https://localhost:7284/api/Components - null null
2026-04-15 21:26:26.453 +03:00 [INF] Request starting HTTP/2 OPTIONS https://localhost:7284/api/Components - null null
2026-04-15 21:26:26.454 +03:00 [INF] CORS policy execution successful.
2026-04-15 21:26:26.458 +03:00 [INF] CORS policy execution successful.
2026-04-15 21:26:26.459 +03:00 [INF] Request finished HTTP/2 OPTIONS https://localhost:7284/api/Components - 204 null null 8.7607ms
2026-04-15 21:26:26.466 +03:00 [INF] Request starting HTTP/2 GET https://localhost:7284/api/Components - null null
2026-04-15 21:26:26.466 +03:00 [INF] Request finished HTTP/2 OPTIONS https://localhost:7284/api/Components - 204 null null 12.5631ms
2026-04-15 21:26:26.475 +03:00 [INF] CORS policy execution successful.
2026-04-15 21:26:26.479 +03:00 [INF] Authorization failed. These requirements were not met:
DenyAnonymousAuthorizationRequirement: Requires an authenticated user.
2026-04-15 21:26:26.480 +03:00 [INF] AuthenticationScheme: Bearer was challenged.
2026-04-15 21:26:26.482 +03:00 [INF] HTTP GET /api/Components responded 401 in 2.9888 ms
2026-04-15 21:26:26.485 +03:00 [INF] Request finished HTTP/2 GET https://localhost:7284/api/Components - 401 0 null 19.3817ms
2026-04-15 21:26:26.487 +03:00 [INF] Request starting HTTP/2 GET https://localhost:7284/api/Components - null null
2026-04-15 21:26:26.493 +03:00 [INF] CORS policy execution successful.
2026-04-15 21:26:26.494 +03:00 [INF] Authorization failed. These requirements were not met:
DenyAnonymousAuthorizationRequirement: Requires an authenticated user.
2026-04-15 21:26:26.495 +03:00 [INF] AuthenticationScheme: Bearer was challenged.
2026-04-15 21:26:26.497 +03:00 [INF] HTTP GET /api/Components responded 401 in 2.2566 ms
2026-04-15 21:26:26.498 +03:00 [INF] Request finished HTTP/2 GET https://localhost:7284/api/Components - 401 0 null 11.1545ms
2026-04-15 21:28:30.148 +03:00 [INF] User profile is available. Using 'C:\Users\Dell\AppData\Local\ASP.NET\DataProtection-Keys' as key repository and Windows DPAPI to encrypt keys at rest.
2026-04-15 21:28:30.439 +03:00 [INF] Now listening on: https://localhost:7284
2026-04-15 21:28:30.441 +03:00 [INF] Now listening on: http://localhost:5155
2026-04-15 21:28:30.777 +03:00 [INF] Application started. Press Ctrl+C to shut down.
2026-04-15 21:28:30.787 +03:00 [INF] Hosting environment: Development
2026-04-15 21:28:30.799 +03:00 [INF] Content root path: C:\Users\Dell\source\repos\Anzorrrrrrrrrrr\OptiComponent-Microservices\CatalogService
2026-04-15 21:28:31.113 +03:00 [INF] Request starting HTTP/2 GET https://localhost:7284/swagger/index.html - null null
2026-04-15 21:28:31.394 +03:00 [INF] Request finished HTTP/2 GET https://localhost:7284/swagger/index.html - 200 null text/html;charset=utf-8 282.8476ms
2026-04-15 21:28:31.428 +03:00 [INF] Request starting HTTP/2 GET https://localhost:7284/_framework/aspnetcore-browser-refresh.js - null null
2026-04-15 21:28:31.454 +03:00 [INF] Request starting HTTP/2 GET https://localhost:7284/_vs/browserLink - null null
2026-04-15 21:28:31.457 +03:00 [INF] Request finished HTTP/2 GET https://localhost:7284/_framework/aspnetcore-browser-refresh.js - 200 14933 application/javascript; charset=utf-8 28.2845ms
2026-04-15 21:28:31.545 +03:00 [INF] Request finished HTTP/2 GET https://localhost:7284/_vs/browserLink - 200 null text/javascript; charset=UTF-8 90.7926ms
2026-04-15 21:28:31.610 +03:00 [INF] Request starting HTTP/2 GET https://localhost:7284/swagger/v1/swagger.json - null null
2026-04-15 21:28:31.620 +03:00 [INF] Request finished HTTP/2 GET https://localhost:7284/swagger/v1/swagger.json - 200 null application/json;charset=utf-8 10.2419ms
2026-04-15 21:28:39.465 +03:00 [INF] Request starting HTTP/2 OPTIONS https://localhost:7284/api/Components - null null
2026-04-15 21:28:39.471 +03:00 [INF] CORS policy execution successful.
2026-04-15 21:28:39.474 +03:00 [INF] Request finished HTTP/2 OPTIONS https://localhost:7284/api/Components - 204 null null 9.8007ms
2026-04-15 21:28:39.476 +03:00 [INF] Request starting HTTP/2 GET https://localhost:7284/api/Components - null null
2026-04-15 21:28:39.480 +03:00 [INF] CORS policy execution successful.
2026-04-15 21:28:39.535 +03:00 [INF] Executing endpoint 'CatalogService.Controllers.ComponentsController.GetAll (CatalogService)'
2026-04-15 21:28:39.553 +03:00 [INF] Route matched with {action = "GetAll", controller = "Components"}. Executing controller action with signature System.Threading.Tasks.Task`1[Microsoft.AspNetCore.Mvc.IActionResult] GetAll() on controller CatalogService.Controllers.ComponentsController (CatalogService).
2026-04-15 21:28:40.109 +03:00 [WRN] No store type was specified for the decimal property 'Price' on entity type 'Component'. This will cause values to be silently truncated if they do not fit in the default precision and scale. Explicitly specify the SQL server column type that can accommodate all the values in 'OnModelCreating' using 'HasColumnType', specify precision and scale using 'HasPrecision', or configure a value converter using 'HasConversion'.
2026-04-15 21:28:40.729 +03:00 [INF] Executed DbCommand (35ms) [Parameters=[], CommandType='"Text"', CommandTimeout='30']
SELECT [c].[Id], [c].[CategoryId], [c].[Name], [c].[Price], [c].[SupplierId]
FROM [Components] AS [c]
2026-04-15 21:28:40.793 +03:00 [INF] Returned 3 components from CatalogDb
2026-04-15 21:28:40.813 +03:00 [INF] Executing OkObjectResult, writing value of type 'System.Collections.Generic.List`1[[CatalogService.BLL.DTOs.ComponentDto, CatalogService, Version=1.0.0.0, Culture=neutral, PublicKeyToken=null]]'.
2026-04-15 21:28:40.826 +03:00 [INF] Executed action CatalogService.Controllers.ComponentsController.GetAll (CatalogService) in 1266.3481ms
2026-04-15 21:28:40.829 +03:00 [INF] Executed endpoint 'CatalogService.Controllers.ComponentsController.GetAll (CatalogService)'
2026-04-15 21:28:40.833 +03:00 [INF] HTTP GET /api/Components responded 200 in 1349.3975 ms
2026-04-15 21:28:40.841 +03:00 [INF] Request finished HTTP/2 GET https://localhost:7284/api/Components - 200 null application/json; charset=utf-8 1364.916ms
2026-04-15 21:42:24.837 +03:00 [INF] User profile is available. Using 'C:\Users\Dell\AppData\Local\ASP.NET\DataProtection-Keys' as key repository and Windows DPAPI to encrypt keys at rest.
2026-04-15 21:42:25.177 +03:00 [INF] Now listening on: https://localhost:7284
2026-04-15 21:42:25.180 +03:00 [INF] Now listening on: http://localhost:5155
2026-04-15 21:42:25.444 +03:00 [INF] Application started. Press Ctrl+C to shut down.
2026-04-15 21:42:25.446 +03:00 [INF] Hosting environment: Development
2026-04-15 21:42:25.448 +03:00 [INF] Content root path: C:\Users\Dell\source\repos\Anzorrrrrrrrrrr\OptiComponent-Microservices\CatalogService
2026-04-15 21:42:25.947 +03:00 [INF] Request starting HTTP/2 GET https://localhost:7284/swagger/index.html - null null
2026-04-15 21:42:26.225 +03:00 [INF] Request finished HTTP/2 GET https://localhost:7284/swagger/index.html - 200 null text/html;charset=utf-8 280.3474ms
2026-04-15 21:42:26.302 +03:00 [INF] Request starting HTTP/2 GET https://localhost:7284/_framework/aspnetcore-browser-refresh.js - null null
2026-04-15 21:42:26.303 +03:00 [INF] Request starting HTTP/2 GET https://localhost:7284/_vs/browserLink - null null
2026-04-15 21:42:26.329 +03:00 [INF] Request finished HTTP/2 GET https://localhost:7284/_framework/aspnetcore-browser-refresh.js - 200 14933 application/javascript; charset=utf-8 26.696ms
2026-04-15 21:42:26.381 +03:00 [INF] Request finished HTTP/2 GET https://localhost:7284/_vs/browserLink - 200 null text/javascript; charset=UTF-8 77.984ms
2026-04-15 21:42:26.469 +03:00 [INF] Request starting HTTP/2 GET https://localhost:7284/swagger/v1/swagger.json - null null
2026-04-15 21:42:26.489 +03:00 [INF] Request finished HTTP/2 GET https://localhost:7284/swagger/v1/swagger.json - 200 null application/json;charset=utf-8 19.1942ms
2026-04-15 21:42:38.732 +03:00 [INF] Request starting HTTP/2 OPTIONS https://localhost:7284/api/Components - null null
2026-04-15 21:42:38.732 +03:00 [INF] Request starting HTTP/2 OPTIONS https://localhost:7284/api/Components - null null
2026-04-15 21:42:38.740 +03:00 [INF] CORS policy execution successful.
2026-04-15 21:42:38.740 +03:00 [INF] CORS policy execution successful.
2026-04-15 21:42:38.742 +03:00 [INF] Request finished HTTP/2 OPTIONS https://localhost:7284/api/Components - 204 null null 9.8699ms
2026-04-15 21:42:38.742 +03:00 [INF] Request finished HTTP/2 OPTIONS https://localhost:7284/api/Components - 204 null null 9.8681ms
2026-04-15 21:42:38.744 +03:00 [INF] Request starting HTTP/2 GET https://localhost:7284/api/Components - null null
2026-04-15 21:42:38.752 +03:00 [INF] CORS policy execution successful.
2026-04-15 21:42:38.811 +03:00 [INF] Authorization failed. These requirements were not met:
DenyAnonymousAuthorizationRequirement: Requires an authenticated user.
2026-04-15 21:42:38.817 +03:00 [INF] AuthenticationScheme: Bearer was challenged.
2026-04-15 21:42:38.820 +03:00 [INF] HTTP GET /api/Components responded 401 in 63.6886 ms
2026-04-15 21:42:38.822 +03:00 [INF] Request finished HTTP/2 GET https://localhost:7284/api/Components - 401 0 null 77.6717ms
2026-04-15 21:42:38.824 +03:00 [INF] Request starting HTTP/2 GET https://localhost:7284/api/Components - null null
2026-04-15 21:42:38.828 +03:00 [INF] CORS policy execution successful.
2026-04-15 21:42:38.832 +03:00 [INF] Authorization failed. These requirements were not met:
DenyAnonymousAuthorizationRequirement: Requires an authenticated user.
2026-04-15 21:42:38.834 +03:00 [INF] AuthenticationScheme: Bearer was challenged.
2026-04-15 21:42:38.836 +03:00 [INF] HTTP GET /api/Components responded 401 in 6.8179 ms
2026-04-15 21:42:38.838 +03:00 [INF] Request finished HTTP/2 GET https://localhost:7284/api/Components - 401 0 null 14.0079ms
2026-04-15 21:53:38.843 +03:00 [INF] Request starting HTTP/2 OPTIONS https://localhost:7284/api/Components - null null
2026-04-15 21:53:38.843 +03:00 [INF] Request starting HTTP/2 OPTIONS https://localhost:7284/api/Components - null null
2026-04-15 21:53:38.851 +03:00 [INF] CORS policy execution successful.
2026-04-15 21:53:38.853 +03:00 [INF] CORS policy execution successful.
2026-04-15 21:53:38.854 +03:00 [INF] Request finished HTTP/2 OPTIONS https://localhost:7284/api/Components - 204 null null 10.9383ms
2026-04-15 21:53:38.854 +03:00 [INF] Request finished HTTP/2 OPTIONS https://localhost:7284/api/Components - 204 null null 11.649ms
2026-04-15 21:53:38.856 +03:00 [INF] Request starting HTTP/2 GET https://localhost:7284/api/Components - null null
2026-04-15 21:53:38.862 +03:00 [INF] CORS policy execution successful.
2026-04-15 21:53:38.864 +03:00 [INF] Authorization failed. These requirements were not met:
DenyAnonymousAuthorizationRequirement: Requires an authenticated user.
2026-04-15 21:53:38.865 +03:00 [INF] AuthenticationScheme: Bearer was challenged.
2026-04-15 21:53:38.866 +03:00 [INF] HTTP GET /api/Components responded 401 in 2.9841 ms
2026-04-15 21:53:38.867 +03:00 [INF] Request finished HTTP/2 GET https://localhost:7284/api/Components - 401 0 null 11.3109ms
2026-04-15 21:53:38.869 +03:00 [INF] Request starting HTTP/2 GET https://localhost:7284/api/Components - null null
2026-04-15 21:53:38.873 +03:00 [INF] CORS policy execution successful.
2026-04-15 21:53:38.874 +03:00 [INF] Authorization failed. These requirements were not met:
DenyAnonymousAuthorizationRequirement: Requires an authenticated user.
2026-04-15 21:53:38.875 +03:00 [INF] AuthenticationScheme: Bearer was challenged.
2026-04-15 21:53:38.876 +03:00 [INF] HTTP GET /api/Components responded 401 in 2.3278 ms
2026-04-15 21:53:38.878 +03:00 [INF] Request finished HTTP/2 GET https://localhost:7284/api/Components - 401 0 null 9.2071ms
2026-04-15 21:53:41.025 +03:00 [INF] Request starting HTTP/2 GET https://localhost:7284/api/Components - null null
2026-04-15 21:53:41.028 +03:00 [INF] CORS policy execution successful.
2026-04-15 21:53:41.030 +03:00 [INF] Authorization failed. These requirements were not met:
DenyAnonymousAuthorizationRequirement: Requires an authenticated user.
2026-04-15 21:53:41.031 +03:00 [INF] AuthenticationScheme: Bearer was challenged.
2026-04-15 21:53:41.032 +03:00 [INF] HTTP GET /api/Components responded 401 in 2.9960 ms
2026-04-15 21:53:41.034 +03:00 [INF] Request finished HTTP/2 GET https://localhost:7284/api/Components - 401 0 null 9.1661ms
2026-04-15 22:00:10.681 +03:00 [INF] User profile is available. Using 'C:\Users\Dell\AppData\Local\ASP.NET\DataProtection-Keys' as key repository and Windows DPAPI to encrypt keys at rest.
2026-04-15 22:00:10.870 +03:00 [INF] Now listening on: https://localhost:7284
2026-04-15 22:00:10.872 +03:00 [INF] Now listening on: http://localhost:5155
2026-04-15 22:00:10.984 +03:00 [INF] Application started. Press Ctrl+C to shut down.
2026-04-15 22:00:10.986 +03:00 [INF] Hosting environment: Development
2026-04-15 22:00:10.987 +03:00 [INF] Content root path: C:\Users\Dell\source\repos\Anzorrrrrrrrrrr\OptiComponent-Microservices\CatalogService
2026-04-15 22:00:11.450 +03:00 [INF] Request starting HTTP/2 GET https://localhost:7284/swagger/index.html - null null
2026-04-15 22:00:11.603 +03:00 [INF] Request finished HTTP/2 GET https://localhost:7284/swagger/index.html - 200 null text/html;charset=utf-8 154.0835ms
2026-04-15 22:00:11.636 +03:00 [INF] Request starting HTTP/2 GET https://localhost:7284/_framework/aspnetcore-browser-refresh.js - null null
2026-04-15 22:00:11.650 +03:00 [INF] Request finished HTTP/2 GET https://localhost:7284/_framework/aspnetcore-browser-refresh.js - 200 14933 application/javascript; charset=utf-8 13.8746ms
2026-04-15 22:00:11.657 +03:00 [INF] Request starting HTTP/2 GET https://localhost:7284/_vs/browserLink - null null
2026-04-15 22:00:11.696 +03:00 [INF] Request finished HTTP/2 GET https://localhost:7284/_vs/browserLink - 200 null text/javascript; charset=UTF-8 39.0475ms
2026-04-15 22:00:11.764 +03:00 [INF] Request starting HTTP/2 GET https://localhost:7284/swagger/v1/swagger.json - null null
2026-04-15 22:00:11.777 +03:00 [INF] Request finished HTTP/2 GET https://localhost:7284/swagger/v1/swagger.json - 200 null application/json;charset=utf-8 13.1326ms
2026-04-15 22:00:39.941 +03:00 [INF] User profile is available. Using 'C:\Users\Dell\AppData\Local\ASP.NET\DataProtection-Keys' as key repository and Windows DPAPI to encrypt keys at rest.
2026-04-15 22:00:40.268 +03:00 [INF] Now listening on: https://localhost:7284
2026-04-15 22:00:40.284 +03:00 [INF] Now listening on: http://localhost:5155
2026-04-15 22:00:40.576 +03:00 [INF] Application started. Press Ctrl+C to shut down.
2026-04-15 22:00:40.577 +03:00 [INF] Hosting environment: Development
2026-04-15 22:00:40.578 +03:00 [INF] Content root path: C:\Users\Dell\source\repos\Anzorrrrrrrrrrr\OptiComponent-Microservices\CatalogService
2026-04-15 22:00:41.232 +03:00 [INF] Request starting HTTP/2 GET https://localhost:7284/swagger/index.html - null null
2026-04-15 22:00:41.524 +03:00 [INF] Request finished HTTP/2 GET https://localhost:7284/swagger/index.html - 200 null text/html;charset=utf-8 294.5842ms
2026-04-15 22:00:41.595 +03:00 [INF] Request starting HTTP/2 GET https://localhost:7284/_vs/browserLink - null null
2026-04-15 22:00:41.596 +03:00 [INF] Request starting HTTP/2 GET https://localhost:7284/_framework/aspnetcore-browser-refresh.js - null null
2026-04-15 22:00:41.626 +03:00 [INF] Request finished HTTP/2 GET https://localhost:7284/_framework/aspnetcore-browser-refresh.js - 200 14933 application/javascript; charset=utf-8 29.8176ms
2026-04-15 22:00:41.704 +03:00 [INF] Request finished HTTP/2 GET https://localhost:7284/_vs/browserLink - 200 null text/javascript; charset=UTF-8 108.2744ms
2026-04-15 22:00:41.792 +03:00 [INF] Request starting HTTP/2 GET https://localhost:7284/swagger/v1/swagger.json - null null
2026-04-15 22:00:41.816 +03:00 [INF] Request finished HTTP/2 GET https://localhost:7284/swagger/v1/swagger.json - 200 null application/json;charset=utf-8 23.5959ms
2026-04-15 22:01:42.901 +03:00 [INF] Request starting HTTP/2 OPTIONS https://localhost:7284/api/Components - null null
2026-04-15 22:01:42.901 +03:00 [INF] Request starting HTTP/2 OPTIONS https://localhost:7284/api/Components - null null
2026-04-15 22:01:42.912 +03:00 [INF] CORS policy execution successful.
2026-04-15 22:01:42.912 +03:00 [INF] CORS policy execution successful.
2026-04-15 22:01:42.914 +03:00 [INF] Request finished HTTP/2 OPTIONS https://localhost:7284/api/Components - 204 null null 12.9549ms
2026-04-15 22:01:42.914 +03:00 [INF] Request finished HTTP/2 OPTIONS https://localhost:7284/api/Components - 204 null null 12.9865ms
2026-04-15 22:01:42.916 +03:00 [INF] Request starting HTTP/2 GET https://localhost:7284/api/Components - null null
2026-04-15 22:01:42.923 +03:00 [INF] CORS policy execution successful.
2026-04-15 22:01:42.987 +03:00 [INF] Failed to validate the token.
Microsoft.IdentityModel.Tokens.SecurityTokenMalformedException: IDX14100: JWT is not well formed, there are no dots (.).
The token needs to be in JWS or JWE Compact Serialization Format. (JWS): 'EncodedHeader.EncodedPayload.EncodedSignature'. (JWE): 'EncodedProtectedHeader.EncodedEncryptedKey.EncodedInitializationVector.EncodedCiphertext.EncodedAuthenticationTag'.
   at Microsoft.IdentityModel.JsonWebTokens.JsonWebToken.ReadToken(ReadOnlyMemory`1 encodedTokenMemory)
   at Microsoft.IdentityModel.JsonWebTokens.JsonWebToken..ctor(String jwtEncodedString)
   at Microsoft.IdentityModel.JsonWebTokens.JsonWebTokenHandler.ReadToken(String token, TokenValidationParameters validationParameters)
2026-04-15 22:01:43.003 +03:00 [INF] Bearer was not authenticated. Failure message: IDX14100: JWT is not well formed, there are no dots (.).
The token needs to be in JWS or JWE Compact Serialization Format. (JWS): 'EncodedHeader.EncodedPayload.EncodedSignature'. (JWE): 'EncodedProtectedHeader.EncodedEncryptedKey.EncodedInitializationVector.EncodedCiphertext.EncodedAuthenticationTag'.
2026-04-15 22:01:43.008 +03:00 [INF] Authorization failed. These requirements were not met:
DenyAnonymousAuthorizationRequirement: Requires an authenticated user.
2026-04-15 22:01:43.012 +03:00 [INF] AuthenticationScheme: Bearer was challenged.
2026-04-15 22:01:43.015 +03:00 [INF] HTTP GET /api/Components responded 401 in 88.6012 ms
2026-04-15 22:01:43.018 +03:00 [INF] Request finished HTTP/2 GET https://localhost:7284/api/Components - 401 0 null 101.2448ms
2026-04-15 22:01:43.019 +03:00 [INF] Request starting HTTP/2 GET https://localhost:7284/api/Components - null null
2026-04-15 22:01:43.023 +03:00 [INF] CORS policy execution successful.
2026-04-15 22:01:43.028 +03:00 [INF] Failed to validate the token.
Microsoft.IdentityModel.Tokens.SecurityTokenMalformedException: IDX14100: JWT is not well formed, there are no dots (.).
The token needs to be in JWS or JWE Compact Serialization Format. (JWS): 'EncodedHeader.EncodedPayload.EncodedSignature'. (JWE): 'EncodedProtectedHeader.EncodedEncryptedKey.EncodedInitializationVector.EncodedCiphertext.EncodedAuthenticationTag'.
   at Microsoft.IdentityModel.JsonWebTokens.JsonWebToken.ReadToken(ReadOnlyMemory`1 encodedTokenMemory)
   at Microsoft.IdentityModel.JsonWebTokens.JsonWebToken..ctor(String jwtEncodedString)
   at Microsoft.IdentityModel.JsonWebTokens.JsonWebTokenHandler.ReadToken(String token, TokenValidationParameters validationParameters)
2026-04-15 22:01:43.030 +03:00 [INF] Bearer was not authenticated. Failure message: IDX14100: JWT is not well formed, there are no dots (.).
The token needs to be in JWS or JWE Compact Serialization Format. (JWS): 'EncodedHeader.EncodedPayload.EncodedSignature'. (JWE): 'EncodedProtectedHeader.EncodedEncryptedKey.EncodedInitializationVector.EncodedCiphertext.EncodedAuthenticationTag'.
2026-04-15 22:01:43.033 +03:00 [INF] Authorization failed. These requirements were not met:
DenyAnonymousAuthorizationRequirement: Requires an authenticated user.
2026-04-15 22:01:43.034 +03:00 [INF] AuthenticationScheme: Bearer was challenged.
2026-04-15 22:01:43.036 +03:00 [INF] HTTP GET /api/Components responded 401 in 11.3680 ms
2026-04-15 22:01:43.038 +03:00 [INF] Request finished HTTP/2 GET https://localhost:7284/api/Components - 401 0 null 18.5387ms
2026-04-15 22:12:40.850 +03:00 [INF] Request starting HTTP/2 OPTIONS https://localhost:7284/api/Components - null null
2026-04-15 22:12:40.850 +03:00 [INF] Request starting HTTP/2 OPTIONS https://localhost:7284/api/Components - null null
2026-04-15 22:12:40.862 +03:00 [INF] CORS policy execution successful.
2026-04-15 22:12:40.864 +03:00 [INF] CORS policy execution successful.
2026-04-15 22:12:40.865 +03:00 [INF] Request finished HTTP/2 OPTIONS https://localhost:7284/api/Components - 204 null null 14.8552ms
2026-04-15 22:12:40.866 +03:00 [INF] Request finished HTTP/2 OPTIONS https://localhost:7284/api/Components - 204 null null 15.6019ms
2026-04-15 22:12:40.868 +03:00 [INF] Request starting HTTP/2 GET https://localhost:7284/api/Components - null null
2026-04-15 22:12:40.875 +03:00 [INF] CORS policy execution successful.
2026-04-15 22:12:40.877 +03:00 [INF] Failed to validate the token.
Microsoft.IdentityModel.Tokens.SecurityTokenMalformedException: IDX14100: JWT is not well formed, there are no dots (.).
The token needs to be in JWS or JWE Compact Serialization Format. (JWS): 'EncodedHeader.EncodedPayload.EncodedSignature'. (JWE): 'EncodedProtectedHeader.EncodedEncryptedKey.EncodedInitializationVector.EncodedCiphertext.EncodedAuthenticationTag'.
   at Microsoft.IdentityModel.JsonWebTokens.JsonWebToken.ReadToken(ReadOnlyMemory`1 encodedTokenMemory)
   at Microsoft.IdentityModel.JsonWebTokens.JsonWebToken..ctor(String jwtEncodedString)
   at Microsoft.IdentityModel.JsonWebTokens.JsonWebTokenHandler.ReadToken(String token, TokenValidationParameters validationParameters)
2026-04-15 22:12:40.879 +03:00 [INF] Bearer was not authenticated. Failure message: IDX14100: JWT is not well formed, there are no dots (.).
The token needs to be in JWS or JWE Compact Serialization Format. (JWS): 'EncodedHeader.EncodedPayload.EncodedSignature'. (JWE): 'EncodedProtectedHeader.EncodedEncryptedKey.EncodedInitializationVector.EncodedCiphertext.EncodedAuthenticationTag'.
2026-04-15 22:12:40.881 +03:00 [INF] Authorization failed. These requirements were not met:
DenyAnonymousAuthorizationRequirement: Requires an authenticated user.
2026-04-15 22:12:40.882 +03:00 [INF] AuthenticationScheme: Bearer was challenged.
2026-04-15 22:12:40.883 +03:00 [INF] HTTP GET /api/Components responded 401 in 7.4525 ms
2026-04-15 22:12:40.885 +03:00 [INF] Request finished HTTP/2 GET https://localhost:7284/api/Components - 401 0 null 17.1006ms
2026-04-15 22:12:40.887 +03:00 [INF] Request starting HTTP/2 GET https://localhost:7284/api/Components - null null
2026-04-15 22:12:40.891 +03:00 [INF] CORS policy execution successful.
2026-04-15 22:12:40.893 +03:00 [INF] Failed to validate the token.
Microsoft.IdentityModel.Tokens.SecurityTokenMalformedException: IDX14100: JWT is not well formed, there are no dots (.).
The token needs to be in JWS or JWE Compact Serialization Format. (JWS): 'EncodedHeader.EncodedPayload.EncodedSignature'. (JWE): 'EncodedProtectedHeader.EncodedEncryptedKey.EncodedInitializationVector.EncodedCiphertext.EncodedAuthenticationTag'.
   at Microsoft.IdentityModel.JsonWebTokens.JsonWebToken.ReadToken(ReadOnlyMemory`1 encodedTokenMemory)
   at Microsoft.IdentityModel.JsonWebTokens.JsonWebToken..ctor(String jwtEncodedString)
   at Microsoft.IdentityModel.JsonWebTokens.JsonWebTokenHandler.ReadToken(String token, TokenValidationParameters validationParameters)
2026-04-15 22:12:40.895 +03:00 [INF] Bearer was not authenticated. Failure message: IDX14100: JWT is not well formed, there are no dots (.).
The token needs to be in JWS or JWE Compact Serialization Format. (JWS): 'EncodedHeader.EncodedPayload.EncodedSignature'. (JWE): 'EncodedProtectedHeader.EncodedEncryptedKey.EncodedInitializationVector.EncodedCiphertext.EncodedAuthenticationTag'.
2026-04-15 22:12:40.897 +03:00 [INF] Authorization failed. These requirements were not met:
DenyAnonymousAuthorizationRequirement: Requires an authenticated user.
2026-04-15 22:12:40.898 +03:00 [INF] AuthenticationScheme: Bearer was challenged.
2026-04-15 22:12:40.900 +03:00 [INF] HTTP GET /api/Components responded 401 in 7.3944 ms
2026-04-15 22:12:40.903 +03:00 [INF] Request finished HTTP/2 GET https://localhost:7284/api/Components - 401 0 null 15.6673ms
2026-04-15 22:13:50.462 +03:00 [INF] Request starting HTTP/2 OPTIONS https://localhost:7284/api/Components - null null
2026-04-15 22:13:50.465 +03:00 [INF] Request starting HTTP/2 OPTIONS https://localhost:7284/api/Components - null null
2026-04-15 22:13:50.471 +03:00 [INF] CORS policy execution successful.
2026-04-15 22:13:50.473 +03:00 [INF] CORS policy execution successful.
2026-04-15 22:13:50.474 +03:00 [INF] Request finished HTTP/2 OPTIONS https://localhost:7284/api/Components - 204 null null 12.7858ms
2026-04-15 22:13:50.480 +03:00 [INF] Request finished HTTP/2 OPTIONS https://localhost:7284/api/Components - 204 null null 12.9667ms
2026-04-15 22:13:50.487 +03:00 [INF] Request starting HTTP/2 GET https://localhost:7284/api/Components - null null
2026-04-15 22:13:50.491 +03:00 [INF] CORS policy execution successful.
2026-04-15 22:13:50.493 +03:00 [INF] Failed to validate the token.
Microsoft.IdentityModel.Tokens.SecurityTokenMalformedException: IDX14100: JWT is not well formed, there are no dots (.).
The token needs to be in JWS or JWE Compact Serialization Format. (JWS): 'EncodedHeader.EncodedPayload.EncodedSignature'. (JWE): 'EncodedProtectedHeader.EncodedEncryptedKey.EncodedInitializationVector.EncodedCiphertext.EncodedAuthenticationTag'.
   at Microsoft.IdentityModel.JsonWebTokens.JsonWebToken.ReadToken(ReadOnlyMemory`1 encodedTokenMemory)
   at Microsoft.IdentityModel.JsonWebTokens.JsonWebToken..ctor(String jwtEncodedString)
   at Microsoft.IdentityModel.JsonWebTokens.JsonWebTokenHandler.ReadToken(String token, TokenValidationParameters validationParameters)
2026-04-15 22:13:50.495 +03:00 [INF] Bearer was not authenticated. Failure message: IDX14100: JWT is not well formed, there are no dots (.).
The token needs to be in JWS or JWE Compact Serialization Format. (JWS): 'EncodedHeader.EncodedPayload.EncodedSignature'. (JWE): 'EncodedProtectedHeader.EncodedEncryptedKey.EncodedInitializationVector.EncodedCiphertext.EncodedAuthenticationTag'.
2026-04-15 22:13:50.495 +03:00 [INF] Authorization failed. These requirements were not met:
DenyAnonymousAuthorizationRequirement: Requires an authenticated user.
2026-04-15 22:13:50.496 +03:00 [INF] AuthenticationScheme: Bearer was challenged.
2026-04-15 22:13:50.497 +03:00 [INF] HTTP GET /api/Components responded 401 in 4.1563 ms
2026-04-15 22:13:50.499 +03:00 [INF] Request finished HTTP/2 GET https://localhost:7284/api/Components - 401 0 null 12.3536ms
2026-04-15 22:13:50.502 +03:00 [INF] Request starting HTTP/2 GET https://localhost:7284/api/Components - null null
2026-04-15 22:13:50.506 +03:00 [INF] CORS policy execution successful.
2026-04-15 22:13:50.507 +03:00 [INF] Failed to validate the token.
Microsoft.IdentityModel.Tokens.SecurityTokenMalformedException: IDX14100: JWT is not well formed, there are no dots (.).
The token needs to be in JWS or JWE Compact Serialization Format. (JWS): 'EncodedHeader.EncodedPayload.EncodedSignature'. (JWE): 'EncodedProtectedHeader.EncodedEncryptedKey.EncodedInitializationVector.EncodedCiphertext.EncodedAuthenticationTag'.
   at Microsoft.IdentityModel.JsonWebTokens.JsonWebToken.ReadToken(ReadOnlyMemory`1 encodedTokenMemory)
   at Microsoft.IdentityModel.JsonWebTokens.JsonWebToken..ctor(String jwtEncodedString)
   at Microsoft.IdentityModel.JsonWebTokens.JsonWebTokenHandler.ReadToken(String token, TokenValidationParameters validationParameters)
2026-04-15 22:13:50.508 +03:00 [INF] Bearer was not authenticated. Failure message: IDX14100: JWT is not well formed, there are no dots (.).
The token needs to be in JWS or JWE Compact Serialization Format. (JWS): 'EncodedHeader.EncodedPayload.EncodedSignature'. (JWE): 'EncodedProtectedHeader.EncodedEncryptedKey.EncodedInitializationVector.EncodedCiphertext.EncodedAuthenticationTag'.
2026-04-15 22:13:50.509 +03:00 [INF] Authorization failed. These requirements were not met:
DenyAnonymousAuthorizationRequirement: Requires an authenticated user.
2026-04-15 22:13:50.510 +03:00 [INF] AuthenticationScheme: Bearer was challenged.
2026-04-15 22:13:50.511 +03:00 [INF] HTTP GET /api/Components responded 401 in 4.1639 ms
2026-04-15 22:13:50.512 +03:00 [INF] Request finished HTTP/2 GET https://localhost:7284/api/Components - 401 0 null 10.7789ms
2026-04-15 22:24:27.446 +03:00 [INF] Request starting HTTP/2 OPTIONS https://localhost:7284/api/Components - null null
2026-04-15 22:24:27.446 +03:00 [INF] Request starting HTTP/2 OPTIONS https://localhost:7284/api/Components - null null
2026-04-15 22:24:27.455 +03:00 [INF] CORS policy execution successful.
2026-04-15 22:24:27.457 +03:00 [INF] CORS policy execution successful.
2026-04-15 22:24:27.458 +03:00 [INF] Request finished HTTP/2 OPTIONS https://localhost:7284/api/Components - 204 null null 12.0062ms
2026-04-15 22:24:27.458 +03:00 [INF] Request finished HTTP/2 OPTIONS https://localhost:7284/api/Components - 204 null null 12.6788ms
2026-04-15 22:24:27.460 +03:00 [INF] Request starting HTTP/2 GET https://localhost:7284/api/Components - null null
2026-04-15 22:24:27.468 +03:00 [INF] CORS policy execution successful.
2026-04-15 22:24:27.508 +03:00 [INF] Executing endpoint 'CatalogService.Controllers.ComponentsController.GetAll (CatalogService)'
2026-04-15 22:24:27.530 +03:00 [INF] Route matched with {action = "GetAll", controller = "Components"}. Executing controller action with signature System.Threading.Tasks.Task`1[Microsoft.AspNetCore.Mvc.IActionResult] GetAll() on controller CatalogService.Controllers.ComponentsController (CatalogService).
2026-04-15 22:24:28.034 +03:00 [WRN] No store type was specified for the decimal property 'Price' on entity type 'Component'. This will cause values to be silently truncated if they do not fit in the default precision and scale. Explicitly specify the SQL server column type that can accommodate all the values in 'OnModelCreating' using 'HasColumnType', specify precision and scale using 'HasPrecision', or configure a value converter using 'HasConversion'.
2026-04-15 22:24:28.601 +03:00 [INF] Executed DbCommand (32ms) [Parameters=[], CommandType='"Text"', CommandTimeout='30']
SELECT [c].[Id], [c].[CategoryId], [c].[Name], [c].[Price], [c].[SupplierId]
FROM [Components] AS [c]
2026-04-15 22:24:28.665 +03:00 [INF] Returned 3 components from CatalogDb
2026-04-15 22:24:28.683 +03:00 [INF] Executing OkObjectResult, writing value of type 'System.Collections.Generic.List`1[[CatalogService.BLL.DTOs.ComponentDto, CatalogService, Version=1.0.0.0, Culture=neutral, PublicKeyToken=null]]'.
2026-04-15 22:24:28.693 +03:00 [INF] Request starting HTTP/2 GET https://localhost:7284/api/Components - null null
2026-04-15 22:24:28.696 +03:00 [INF] Executed action CatalogService.Controllers.ComponentsController.GetAll (CatalogService) in 1159.5931ms
2026-04-15 22:24:28.697 +03:00 [INF] CORS policy execution successful.
2026-04-15 22:24:28.698 +03:00 [INF] Executed endpoint 'CatalogService.Controllers.ComponentsController.GetAll (CatalogService)'
2026-04-15 22:24:28.699 +03:00 [INF] Executing endpoint 'CatalogService.Controllers.ComponentsController.GetAll (CatalogService)'
2026-04-15 22:24:28.700 +03:00 [INF] HTTP GET /api/Components responded 200 in 1231.3629 ms
2026-04-15 22:24:28.700 +03:00 [INF] Route matched with {action = "GetAll", controller = "Components"}. Executing controller action with signature System.Threading.Tasks.Task`1[Microsoft.AspNetCore.Mvc.IActionResult] GetAll() on controller CatalogService.Controllers.ComponentsController (CatalogService).
2026-04-15 22:24:28.706 +03:00 [INF] Request finished HTTP/2 GET https://localhost:7284/api/Components - 200 null application/json; charset=utf-8 1245.521ms
2026-04-15 22:24:28.749 +03:00 [INF] Executed DbCommand (3ms) [Parameters=[], CommandType='"Text"', CommandTimeout='30']
SELECT [c].[Id], [c].[CategoryId], [c].[Name], [c].[Price], [c].[SupplierId]
FROM [Components] AS [c]
2026-04-15 22:24:28.751 +03:00 [INF] Returned 3 components from CatalogDb
2026-04-15 22:24:28.752 +03:00 [INF] Executing OkObjectResult, writing value of type 'System.Collections.Generic.List`1[[CatalogService.BLL.DTOs.ComponentDto, CatalogService, Version=1.0.0.0, Culture=neutral, PublicKeyToken=null]]'.
2026-04-15 22:24:28.754 +03:00 [INF] Executed action CatalogService.Controllers.ComponentsController.GetAll (CatalogService) in 50.656ms
2026-04-15 22:24:28.755 +03:00 [INF] Executed endpoint 'CatalogService.Controllers.ComponentsController.GetAll (CatalogService)'
2026-04-15 22:24:28.756 +03:00 [INF] HTTP GET /api/Components responded 200 in 57.2668 ms
2026-04-15 22:24:28.757 +03:00 [INF] Request finished HTTP/2 GET https://localhost:7284/api/Components - 200 null application/json; charset=utf-8 63.9206ms
