2026-03-30 21:50:38.689 +03:00 [INF] User profile is available. Using 'C:\Users\Dell\AppData\Local\ASP.NET\DataProtection-Keys' as key repository and Windows DPAPI to encrypt keys at rest.
2026-03-30 21:50:39.158 +03:00 [INF] Now listening on: https://localhost:7284
2026-03-30 21:50:39.161 +03:00 [INF] Now listening on: http://localhost:5155
2026-03-30 21:50:39.361 +03:00 [INF] Application started. Press Ctrl+C to shut down.
2026-03-30 21:50:39.363 +03:00 [INF] Hosting environment: Development
2026-03-30 21:50:39.365 +03:00 [INF] Content root path: C:\Users\Dell\source\repos\Anzorrrrrrrrrrr\OptiComponent-Microservices\CatalogService
2026-03-30 21:50:41.507 +03:00 [INF] Request starting HTTP/2 GET https://localhost:7284/swagger - null null
2026-03-30 21:50:41.830 +03:00 [INF] Request finished HTTP/2 GET https://localhost:7284/swagger - 301 null null 326.6898ms
2026-03-30 21:50:41.836 +03:00 [INF] Request starting HTTP/2 GET https://localhost:7284/swagger/index.html - null null
2026-03-30 21:50:41.968 +03:00 [INF] Request finished HTTP/2 GET https://localhost:7284/swagger/index.html - 200 null text/html;charset=utf-8 132.3878ms
2026-03-30 21:50:42.027 +03:00 [INF] Request starting HTTP/2 GET https://localhost:7284/swagger/swagger-ui.css - null null
2026-03-30 21:50:42.032 +03:00 [INF] Request starting HTTP/2 GET https://localhost:7284/swagger/swagger-ui-bundle.js - null null
2026-03-30 21:50:42.046 +03:00 [INF] Request starting HTTP/2 GET https://localhost:7284/swagger/swagger-ui-standalone-preset.js - null null
2026-03-30 21:50:42.068 +03:00 [INF] Request starting HTTP/2 GET https://localhost:7284/_vs/browserLink - null null
2026-03-30 21:50:42.078 +03:00 [INF] Request starting HTTP/2 GET https://localhost:7284/_framework/aspnetcore-browser-refresh.js - null null
2026-03-30 21:50:42.194 +03:00 [INF] Sending file. Request path: '/swagger-ui.css'. Physical path: 'N/A'
2026-03-30 21:50:42.195 +03:00 [INF] Request finished HTTP/2 GET https://localhost:7284/_framework/aspnetcore-browser-refresh.js - 200 14933 application/javascript; charset=utf-8 117.8967ms
2026-03-30 21:50:42.223 +03:00 [INF] Request finished HTTP/2 GET https://localhost:7284/swagger/swagger-ui.css - 200 143943 text/css 196.123ms
2026-03-30 21:50:42.217 +03:00 [INF] Sending file. Request path: '/swagger-ui-standalone-preset.js'. Physical path: 'N/A'
2026-03-30 21:50:42.304 +03:00 [INF] Sending file. Request path: '/swagger-ui-bundle.js'. Physical path: 'N/A'
2026-03-30 21:50:42.322 +03:00 [INF] Request finished HTTP/2 GET https://localhost:7284/swagger/swagger-ui-bundle.js - 200 1096145 text/javascript 290.2477ms
2026-03-30 21:50:42.318 +03:00 [INF] Request finished HTTP/2 GET https://localhost:7284/swagger/swagger-ui-standalone-preset.js - 200 339486 text/javascript 272.2255ms
2026-03-30 21:50:42.535 +03:00 [INF] Request finished HTTP/2 GET https://localhost:7284/_vs/browserLink - 200 null text/javascript; charset=UTF-8 467.7941ms
2026-03-30 21:50:42.688 +03:00 [INF] Request starting HTTP/2 GET https://localhost:7284/swagger/v1/swagger.json - null null
2026-03-30 21:50:42.714 +03:00 [INF] Request finished HTTP/2 GET https://localhost:7284/swagger/v1/swagger.json - 200 null application/json;charset=utf-8 25.6915ms
2026-03-30 21:50:42.741 +03:00 [INF] Request starting HTTP/2 GET https://localhost:7284/swagger/favicon-32x32.png - null null
2026-03-30 21:50:42.753 +03:00 [INF] Sending file. Request path: '/favicon-32x32.png'. Physical path: 'N/A'
2026-03-30 21:50:42.757 +03:00 [INF] Request finished HTTP/2 GET https://localhost:7284/swagger/favicon-32x32.png - 200 628 image/png 15.7564ms
2026-03-30 21:57:13.684 +03:00 [WRN] No store type was specified for the decimal property 'Price' on entity type 'Component'. This will cause values to be silently truncated if they do not fit in the default precision and scale. Explicitly specify the SQL server column type that can accommodate all the values in 'OnModelCreating' using 'HasColumnType', specify precision and scale using 'HasPrecision', or configure a value converter using 'HasConversion'.
2026-03-30 21:57:13.795 +03:00 [INF] No migrations were found in assembly 'CatalogService'. A migration needs to be added before the database can be updated.
2026-03-30 21:57:14.853 +03:00 [INF] Executed DbCommand (187ms) [Parameters=[], CommandType='"Text"', CommandTimeout='60']
CREATE DATABASE [CatalogDb];
2026-03-30 21:57:14.924 +03:00 [INF] Executed DbCommand (59ms) [Parameters=[], CommandType='"Text"', CommandTimeout='60']
IF SERVERPROPERTY('EngineEdition') <> 5
BEGIN
    ALTER DATABASE [CatalogDb] SET READ_COMMITTED_SNAPSHOT ON;
END;
2026-03-30 21:57:14.947 +03:00 [INF] Executed DbCommand (5ms) [Parameters=[], CommandType='"Text"', CommandTimeout='30']
SELECT 1
2026-03-30 21:57:14.956 +03:00 [INF] Acquiring an exclusive lock for migration application. See https://aka.ms/efcore-docs-migrations-lock for more information if this takes too long.
2026-03-30 21:57:14.980 +03:00 [INF] Executed DbCommand (19ms) [Parameters=[], CommandType='"Text"', CommandTimeout='30']
DECLARE @result int;
EXEC @result = sp_getapplock @Resource = '__EFMigrationsLock', @LockOwner = 'Session', @LockMode = 'Exclusive';
SELECT @result
2026-03-30 21:57:15.057 +03:00 [INF] Executed DbCommand (11ms) [Parameters=[], CommandType='"Text"', CommandTimeout='30']
IF OBJECT_ID(N'[__EFMigrationsHistory]') IS NULL
BEGIN
    CREATE TABLE [__EFMigrationsHistory] (
        [MigrationId] nvarchar(150) NOT NULL,
        [ProductVersion] nvarchar(32) NOT NULL,
        CONSTRAINT [PK___EFMigrationsHistory] PRIMARY KEY ([MigrationId])
    );
END;
2026-03-30 21:57:15.070 +03:00 [INF] Executed DbCommand (0ms) [Parameters=[], CommandType='"Text"', CommandTimeout='30']
SELECT 1
2026-03-30 21:57:15.078 +03:00 [INF] Executed DbCommand (1ms) [Parameters=[], CommandType='"Text"', CommandTimeout='30']
SELECT OBJECT_ID(N'[__EFMigrationsHistory]');
2026-03-30 21:57:15.094 +03:00 [INF] Executed DbCommand (7ms) [Parameters=[], CommandType='"Text"', CommandTimeout='30']
SELECT [MigrationId], [ProductVersion]
FROM [__EFMigrationsHistory]
ORDER BY [MigrationId];
2026-03-30 21:57:15.108 +03:00 [INF] No migrations were applied. The database is already up to date.
2026-03-30 21:57:15.114 +03:00 [INF] Executed DbCommand (3ms) [Parameters=[], CommandType='"Text"', CommandTimeout='30']
DECLARE @result int;
EXEC @result = sp_releaseapplock @Resource = '__EFMigrationsLock', @LockOwner = 'Session';
SELECT @result
2026-03-30 22:20:59.048 +03:00 [WRN] No store type was specified for the decimal property 'Price' on entity type 'Component'. This will cause values to be silently truncated if they do not fit in the default precision and scale. Explicitly specify the SQL server column type that can accommodate all the values in 'OnModelCreating' using 'HasColumnType', specify precision and scale using 'HasPrecision', or configure a value converter using 'HasConversion'.
2026-03-30 22:21:18.092 +03:00 [WRN] No store type was specified for the decimal property 'Price' on entity type 'Component'. This will cause values to be silently truncated if they do not fit in the default precision and scale. Explicitly specify the SQL server column type that can accommodate all the values in 'OnModelCreating' using 'HasColumnType', specify precision and scale using 'HasPrecision', or configure a value converter using 'HasConversion'.
2026-03-30 22:21:18.936 +03:00 [INF] Executed DbCommand (12ms) [Parameters=[], CommandType='"Text"', CommandTimeout='30']
SELECT 1
2026-03-30 22:21:18.951 +03:00 [INF] Acquiring an exclusive lock for migration application. See https://aka.ms/efcore-docs-migrations-lock for more information if this takes too long.
2026-03-30 22:21:18.967 +03:00 [INF] Executed DbCommand (12ms) [Parameters=[], CommandType='"Text"', CommandTimeout='30']
DECLARE @result int;
EXEC @result = sp_getapplock @Resource = '__EFMigrationsLock', @LockOwner = 'Session', @LockMode = 'Exclusive';
SELECT @result
2026-03-30 22:21:19.020 +03:00 [INF] Executed DbCommand (1ms) [Parameters=[], CommandType='"Text"', CommandTimeout='30']
IF OBJECT_ID(N'[__EFMigrationsHistory]') IS NULL
BEGIN
    CREATE TABLE [__EFMigrationsHistory] (
        [MigrationId] nvarchar(150) NOT NULL,
        [ProductVersion] nvarchar(32) NOT NULL,
        CONSTRAINT [PK___EFMigrationsHistory] PRIMARY KEY ([MigrationId])
    );
END;
2026-03-30 22:21:19.030 +03:00 [INF] Executed DbCommand (0ms) [Parameters=[], CommandType='"Text"', CommandTimeout='30']
SELECT 1
2026-03-30 22:21:19.034 +03:00 [INF] Executed DbCommand (0ms) [Parameters=[], CommandType='"Text"', CommandTimeout='30']
SELECT OBJECT_ID(N'[__EFMigrationsHistory]');
2026-03-30 22:21:19.040 +03:00 [INF] Executed DbCommand (1ms) [Parameters=[], CommandType='"Text"', CommandTimeout='30']
SELECT [MigrationId], [ProductVersion]
FROM [__EFMigrationsHistory]
ORDER BY [MigrationId];
2026-03-30 22:21:19.050 +03:00 [INF] Applying migration '20260330192100_InitialCreate'.
2026-03-30 22:21:19.072 +03:00 [INF] Executed DbCommand (5ms) [Parameters=[], CommandType='"Text"', CommandTimeout='30']
CREATE TABLE [Categories] (
    [Id] int NOT NULL IDENTITY,
    [Name] nvarchar(max) NOT NULL,
    [Description] nvarchar(max) NULL,
    CONSTRAINT [PK_Categories] PRIMARY KEY ([Id])
);
2026-03-30 22:21:19.077 +03:00 [INF] Executed DbCommand (2ms) [Parameters=[], CommandType='"Text"', CommandTimeout='30']
CREATE TABLE [Suppliers] (
    [Id] int NOT NULL IDENTITY,
    [Name] nvarchar(max) NOT NULL,
    [Country] nvarchar(max) NOT NULL,
    CONSTRAINT [PK_Suppliers] PRIMARY KEY ([Id])
);
2026-03-30 22:21:19.084 +03:00 [INF] Executed DbCommand (2ms) [Parameters=[], CommandType='"Text"', CommandTimeout='30']
CREATE TABLE [Components] (
    [Id] int NOT NULL IDENTITY,
    [Name] nvarchar(max) NOT NULL,
    [Price] decimal(18,2) NOT NULL,
    [CategoryId] int NOT NULL,
    [SupplierId] int NOT NULL,
    CONSTRAINT [PK_Components] PRIMARY KEY ([Id]),
    CONSTRAINT [FK_Components_Categories_CategoryId] FOREIGN KEY ([CategoryId]) REFERENCES [Categories] ([Id]) ON DELETE CASCADE,
    CONSTRAINT [FK_Components_Suppliers_SupplierId] FOREIGN KEY ([SupplierId]) REFERENCES [Suppliers] ([Id]) ON DELETE CASCADE
);
2026-03-30 22:21:19.088 +03:00 [INF] Executed DbCommand (1ms) [Parameters=[], CommandType='"Text"', CommandTimeout='30']
CREATE TABLE [Datasheets] (
    [Id] int NOT NULL IDENTITY,
    [ComponentId] int NOT NULL,
    [Url] nvarchar(max) NOT NULL,
    CONSTRAINT [PK_Datasheets] PRIMARY KEY ([Id]),
    CONSTRAINT [FK_Datasheets_Components_ComponentId] FOREIGN KEY ([ComponentId]) REFERENCES [Components] ([Id]) ON DELETE CASCADE
);
2026-03-30 22:21:19.093 +03:00 [INF] Executed DbCommand (1ms) [Parameters=[], CommandType='"Text"', CommandTimeout='30']
CREATE INDEX [IX_Components_CategoryId] ON [Components] ([CategoryId]);
2026-03-30 22:21:19.096 +03:00 [INF] Executed DbCommand (1ms) [Parameters=[], CommandType='"Text"', CommandTimeout='30']
CREATE INDEX [IX_Components_SupplierId] ON [Components] ([SupplierId]);
2026-03-30 22:21:19.100 +03:00 [INF] Executed DbCommand (1ms) [Parameters=[], CommandType='"Text"', CommandTimeout='30']
CREATE UNIQUE INDEX [IX_Datasheets_ComponentId] ON [Datasheets] ([ComponentId]);
2026-03-30 22:21:19.104 +03:00 [INF] Executed DbCommand (2ms) [Parameters=[], CommandType='"Text"', CommandTimeout='30']
INSERT INTO [__EFMigrationsHistory] ([MigrationId], [ProductVersion])
VALUES (N'20260330192100_InitialCreate', N'9.0.10');
2026-03-30 22:21:19.110 +03:00 [INF] Executed DbCommand (2ms) [Parameters=[], CommandType='"Text"', CommandTimeout='30']
DECLARE @result int;
EXEC @result = sp_releaseapplock @Resource = '__EFMigrationsLock', @LockOwner = 'Session';
SELECT @result
2026-03-30 22:29:19.344 +03:00 [INF] User profile is available. Using 'C:\Users\Dell\AppData\Local\ASP.NET\DataProtection-Keys' as key repository and Windows DPAPI to encrypt keys at rest.
2026-03-30 22:29:19.637 +03:00 [INF] Now listening on: https://localhost:7284
2026-03-30 22:29:19.639 +03:00 [INF] Now listening on: http://localhost:5155
2026-03-30 22:29:19.758 +03:00 [INF] Application started. Press Ctrl+C to shut down.
2026-03-30 22:29:19.760 +03:00 [INF] Hosting environment: Development
2026-03-30 22:29:19.761 +03:00 [INF] Content root path: C:\Users\Dell\source\repos\Anzorrrrrrrrrrr\OptiComponent-Microservices\CatalogService
2026-03-30 22:29:20.761 +03:00 [INF] Request starting HTTP/2 GET https://localhost:7284/swagger - null null
2026-03-30 22:29:20.977 +03:00 [INF] Request finished HTTP/2 GET https://localhost:7284/swagger - 301 null null 218.7544ms
2026-03-30 22:29:20.986 +03:00 [INF] Request starting HTTP/2 GET https://localhost:7284/swagger/index.html - null null
2026-03-30 22:29:21.078 +03:00 [INF] Request finished HTTP/2 GET https://localhost:7284/swagger/index.html - 200 null text/html;charset=utf-8 92.4902ms
2026-03-30 22:29:21.117 +03:00 [INF] Request starting HTTP/2 GET https://localhost:7284/swagger/swagger-ui.css - null null
2026-03-30 22:29:21.121 +03:00 [INF] Request starting HTTP/2 GET https://localhost:7284/swagger/swagger-ui-bundle.js - null null
2026-03-30 22:29:21.125 +03:00 [INF] Request starting HTTP/2 GET https://localhost:7284/swagger/swagger-ui-standalone-preset.js - null null
2026-03-30 22:29:21.136 +03:00 [INF] Request starting HTTP/2 GET https://localhost:7284/_framework/aspnetcore-browser-refresh.js - null null
2026-03-30 22:29:21.135 +03:00 [INF] Request starting HTTP/2 GET https://localhost:7284/_vs/browserLink - null null
2026-03-30 22:29:21.174 +03:00 [INF] Request finished HTTP/2 GET https://localhost:7284/_framework/aspnetcore-browser-refresh.js - 200 14933 application/javascript; charset=utf-8 37.9665ms
2026-03-30 22:29:21.206 +03:00 [INF] Sending file. Request path: '/swagger-ui-standalone-preset.js'. Physical path: 'N/A'
2026-03-30 22:29:21.206 +03:00 [INF] Sending file. Request path: '/swagger-ui.css'. Physical path: 'N/A'
2026-03-30 22:29:21.217 +03:00 [INF] Request finished HTTP/2 GET https://localhost:7284/swagger/swagger-ui-standalone-preset.js - 200 339486 text/javascript 92.4544ms
2026-03-30 22:29:21.245 +03:00 [INF] Request finished HTTP/2 GET https://localhost:7284/swagger/swagger-ui.css - 200 143943 text/css 128.1401ms
2026-03-30 22:29:21.268 +03:00 [INF] Sending file. Request path: '/swagger-ui-bundle.js'. Physical path: 'N/A'
2026-03-30 22:29:21.271 +03:00 [INF] Request finished HTTP/2 GET https://localhost:7284/swagger/swagger-ui-bundle.js - 200 1096145 text/javascript 149.3753ms
2026-03-30 22:29:21.441 +03:00 [INF] Request finished HTTP/2 GET https://localhost:7284/_vs/browserLink - 200 null text/javascript; charset=UTF-8 306.6373ms
2026-03-30 22:29:21.528 +03:00 [INF] Request starting HTTP/2 GET https://localhost:7284/swagger/v1/swagger.json - null null
2026-03-30 22:29:21.541 +03:00 [INF] Request finished HTTP/2 GET https://localhost:7284/swagger/v1/swagger.json - 200 null application/json;charset=utf-8 12.9533ms
2026-03-30 22:32:03.047 +03:00 [INF] Request starting HTTP/2 GET https://localhost:7284/api/Components - null null
2026-03-30 22:32:04.213 +03:00 [INF] Authorization failed. These requirements were not met:
DenyAnonymousAuthorizationRequirement: Requires an authenticated user.
2026-03-30 22:32:04.218 +03:00 [INF] AuthenticationScheme: Bearer was challenged.
2026-03-30 22:32:04.220 +03:00 [INF] HTTP GET /api/Components responded 401 in 1160.1022 ms
2026-03-30 22:32:04.222 +03:00 [INF] Request finished HTTP/2 GET https://localhost:7284/api/Components - 401 0 null 1175.2739ms
2026-03-30 22:32:59.889 +03:00 [INF] Request starting HTTP/2 GET https://localhost:7284/api/Components - null null
2026-03-30 22:32:59.998 +03:00 [INF] Executing endpoint 'CatalogService.Controllers.ComponentsController.GetAll (CatalogService)'
2026-03-30 22:33:00.021 +03:00 [INF] Route matched with {action = "GetAll", controller = "Components"}. Executing controller action with signature System.Threading.Tasks.Task`1[Microsoft.AspNetCore.Mvc.IActionResult] GetAll() on controller CatalogService.Controllers.ComponentsController (CatalogService).
2026-03-30 22:33:00.548 +03:00 [WRN] No store type was specified for the decimal property 'Price' on entity type 'Component'. This will cause values to be silently truncated if they do not fit in the default precision and scale. Explicitly specify the SQL server column type that can accommodate all the values in 'OnModelCreating' using 'HasColumnType', specify precision and scale using 'HasPrecision', or configure a value converter using 'HasConversion'.
2026-03-30 22:33:01.154 +03:00 [INF] Executed DbCommand (29ms) [Parameters=[], CommandType='"Text"', CommandTimeout='30']
SELECT [c].[Id], [c].[CategoryId], [c].[Name], [c].[Price], [c].[SupplierId]
FROM [Components] AS [c]
2026-03-30 22:33:01.177 +03:00 [INF] Returned 0 components from CatalogDb
2026-03-30 22:33:01.195 +03:00 [INF] Executing OkObjectResult, writing value of type 'System.Collections.Generic.List`1[[CatalogService.BLL.DTOs.ComponentDto, CatalogService, Version=1.0.0.0, Culture=neutral, PublicKeyToken=null]]'.
2026-03-30 22:33:01.204 +03:00 [INF] Executed action CatalogService.Controllers.ComponentsController.GetAll (CatalogService) in 1172.7426ms
2026-03-30 22:33:01.205 +03:00 [INF] Executed endpoint 'CatalogService.Controllers.ComponentsController.GetAll (CatalogService)'
2026-03-30 22:33:01.209 +03:00 [INF] HTTP GET /api/Components responded 200 in 1309.3526 ms
2026-03-30 22:33:01.215 +03:00 [INF] Request finished HTTP/2 GET https://localhost:7284/api/Components - 200 null application/json; charset=utf-8 1325.6204ms
2026-03-30 22:33:44.678 +03:00 [INF] Request starting HTTP/2 POST https://localhost:7284/api/Components - application/json 111
2026-03-30 22:33:44.691 +03:00 [INF] Executing endpoint 'CatalogService.Controllers.ComponentsController.Create (CatalogService)'
2026-03-30 22:33:44.700 +03:00 [INF] Route matched with {action = "Create", controller = "Components"}. Executing controller action with signature System.Threading.Tasks.Task`1[Microsoft.AspNetCore.Mvc.IActionResult] Create(CatalogService.BLL.DTOs.ComponentDto) on controller CatalogService.Controllers.ComponentsController (CatalogService).
2026-03-30 22:33:45.123 +03:00 [INF] Executed DbCommand (74ms) [Parameters=[@p0='?' (Size = 4000), @p1='?' (Size = 4000), @p2='?' (Size = 4000), @p3='?' (Size = 4000)], CommandType='"Text"', CommandTimeout='30']
SET NOCOUNT ON;
INSERT INTO [Categories] ([Description], [Name])
OUTPUT INSERTED.[Id]
VALUES (@p0, @p1);
INSERT INTO [Suppliers] ([Country], [Name])
OUTPUT INSERTED.[Id]
VALUES (@p2, @p3);
2026-03-30 22:33:45.150 +03:00 [INF] Executed DbCommand (6ms) [Parameters=[@p4='?' (DbType = Int32), @p5='?' (Size = 4000), @p6='?' (Precision = 18) (Scale = 2) (DbType = Decimal), @p7='?' (DbType = Int32)], CommandType='"Text"', CommandTimeout='30']
SET IMPLICIT_TRANSACTIONS OFF;
SET NOCOUNT ON;
INSERT INTO [Components] ([CategoryId], [Name], [Price], [SupplierId])
OUTPUT INSERTED.[Id]
VALUES (@p4, @p5, @p6, @p7);
2026-03-30 22:33:45.175 +03:00 [INF] Component created {"Id":1,"Name":"resistor","Price":100,"CategoryId":1,"SupplierId":1,"Category":{"Id":1,"Name":"Electronic","Description":null,"Components":[{"Id":1,"Name":"resistor","Price":100,"CategoryId":1,"SupplierId":1,"Category":{"Id":1,"Name":"Electronic","Description":null,"Components":[{"Id":1,"Name":"resistor","Price":100,"CategoryId":1,"SupplierId":1,"Category":{"Id":1,"Name":"Electronic","Description":null,"Components":[{"Id":null,"Name":null,"Price":null,"CategoryId":null,"SupplierId":null,"Category":null,"Supplier":null,"Datasheet":null,"$type":"Component"}],"$type":"Category"},"Supplier":{"Id":1,"Name":"string","Country":"","Components":[{"Id":null,"Name":null,"Price":null,"CategoryId":null,"SupplierId":null,"Category":null,"Supplier":null,"Datasheet":null,"$type":"Component"}],"$type":"Supplier"},"Datasheet":null,"$type":"Component"}],"$type":"Category"},"Supplier":{"Id":1,"Name":"string","Country":"","Components":[{"Id":1,"Name":"resistor","Price":100,"CategoryId":1,"SupplierId":1,"Category":{"Id":1,"Name":"Electronic","Description":null,"Components":[{"Id":null,"Name":null,"Price":null,"CategoryId":null,"SupplierId":null,"Category":null,"Supplier":null,"Datasheet":null,"$type":"Component"}],"$type":"Category"},"Supplier":{"Id":1,"Name":"string","Country":"","Components":[{"Id":null,"Name":null,"Price":null,"CategoryId":null,"SupplierId":null,"Category":null,"Supplier":null,"Datasheet":null,"$type":"Component"}],"$type":"Supplier"},"Datasheet":null,"$type":"Component"}],"$type":"Supplier"},"Datasheet":null,"$type":"Component"}],"$type":"Category"},"Supplier":{"Id":1,"Name":"string","Country":"","Components":[{"Id":1,"Name":"resistor","Price":100,"CategoryId":1,"SupplierId":1,"Category":{"Id":1,"Name":"Electronic","Description":null,"Components":[{"Id":1,"Name":"resistor","Price":100,"CategoryId":1,"SupplierId":1,"Category":{"Id":1,"Name":"Electronic","Description":null,"Components":[{"Id":null,"Name":null,"Price":null,"CategoryId":null,"SupplierId":null,"Category":null,"Supplier":null,"Datasheet":null,"$type":"Component"}],"$type":"Category"},"Supplier":{"Id":1,"Name":"string","Country":"","Components":[{"Id":null,"Name":null,"Price":null,"CategoryId":null,"SupplierId":null,"Category":null,"Supplier":null,"Datasheet":null,"$type":"Component"}],"$type":"Supplier"},"Datasheet":null,"$type":"Component"}],"$type":"Category"},"Supplier":{"Id":1,"Name":"string","Country":"","Components":[{"Id":1,"Name":"resistor","Price":100,"CategoryId":1,"SupplierId":1,"Category":{"Id":1,"Name":"Electronic","Description":null,"Components":[{"Id":null,"Name":null,"Price":null,"CategoryId":null,"SupplierId":null,"Category":null,"Supplier":null,"Datasheet":null,"$type":"Component"}],"$type":"Category"},"Supplier":{"Id":1,"Name":"string","Country":"","Components":[{"Id":null,"Name":null,"Price":null,"CategoryId":null,"SupplierId":null,"Category":null,"Supplier":null,"Datasheet":null,"$type":"Component"}],"$type":"Supplier"},"Datasheet":null,"$type":"Component"}],"$type":"Supplier"},"Datasheet":null,"$type":"Component"}],"$type":"Supplier"},"Datasheet":null,"$type":"Component"}
2026-03-30 22:33:45.301 +03:00 [INF] Executing StatusCodeResult, setting HTTP status code 200
2026-03-30 22:33:45.302 +03:00 [INF] Executed action CatalogService.Controllers.ComponentsController.Create (CatalogService) in 599.2193ms
2026-03-30 22:33:45.303 +03:00 [INF] Executed endpoint 'CatalogService.Controllers.ComponentsController.Create (CatalogService)'
2026-03-30 22:33:45.303 +03:00 [INF] HTTP POST /api/Components responded 200 in 614.2811 ms
2026-03-30 22:33:45.305 +03:00 [INF] Request finished HTTP/2 POST https://localhost:7284/api/Components - 200 0 null 627.7446ms
2026-03-30 22:33:53.799 +03:00 [INF] Request starting HTTP/2 GET https://localhost:7284/api/Components - null null
2026-03-30 22:33:53.804 +03:00 [INF] Executing endpoint 'CatalogService.Controllers.ComponentsController.GetAll (CatalogService)'
2026-03-30 22:33:53.807 +03:00 [INF] Route matched with {action = "GetAll", controller = "Components"}. Executing controller action with signature System.Threading.Tasks.Task`1[Microsoft.AspNetCore.Mvc.IActionResult] GetAll() on controller CatalogService.Controllers.ComponentsController (CatalogService).
2026-03-30 22:33:53.825 +03:00 [INF] Executed DbCommand (1ms) [Parameters=[], CommandType='"Text"', CommandTimeout='30']
SELECT [c].[Id], [c].[CategoryId], [c].[Name], [c].[Price], [c].[SupplierId]
FROM [Components] AS [c]
2026-03-30 22:33:53.833 +03:00 [INF] Returned 1 components from CatalogDb
2026-03-30 22:33:53.836 +03:00 [INF] Executing OkObjectResult, writing value of type 'System.Collections.Generic.List`1[[CatalogService.BLL.DTOs.ComponentDto, CatalogService, Version=1.0.0.0, Culture=neutral, PublicKeyToken=null]]'.
2026-03-30 22:33:53.839 +03:00 [INF] Executed action CatalogService.Controllers.ComponentsController.GetAll (CatalogService) in 29.5678ms
2026-03-30 22:33:53.841 +03:00 [INF] Executed endpoint 'CatalogService.Controllers.ComponentsController.GetAll (CatalogService)'
2026-03-30 22:33:53.842 +03:00 [INF] HTTP GET /api/Components responded 200 in 38.0391 ms
2026-03-30 22:33:53.843 +03:00 [INF] Request finished HTTP/2 GET https://localhost:7284/api/Components - 200 null application/json; charset=utf-8 44.5213ms
