2026-03-31 20:36:32.892 +03:00 [INF] User profile is available. Using 'C:\Users\Dell\AppData\Local\ASP.NET\DataProtection-Keys' as key repository and Windows DPAPI to encrypt keys at rest.
2026-03-31 20:36:33.435 +03:00 [INF] Now listening on: https://localhost:7284
2026-03-31 20:36:33.437 +03:00 [INF] Now listening on: http://localhost:5155
2026-03-31 20:36:33.586 +03:00 [INF] Application started. Press Ctrl+C to shut down.
2026-03-31 20:36:33.589 +03:00 [INF] Hosting environment: Development
2026-03-31 20:36:33.590 +03:00 [INF] Content root path: C:\Users\Dell\source\repos\Anzorrrrrrrrrrr\OptiComponent-Microservices\CatalogService
2026-03-31 20:36:34.441 +03:00 [INF] Request starting HTTP/2 GET https://localhost:7284/swagger/index.html - null null
2026-03-31 20:36:34.693 +03:00 [INF] Request finished HTTP/2 GET https://localhost:7284/swagger/index.html - 200 null text/html;charset=utf-8 254.2036ms
2026-03-31 20:36:34.755 +03:00 [INF] Request starting HTTP/2 GET https://localhost:7284/_framework/aspnetcore-browser-refresh.js - null null
2026-03-31 20:36:34.755 +03:00 [INF] Request starting HTTP/2 GET https://localhost:7284/_vs/browserLink - null null
2026-03-31 20:36:34.770 +03:00 [INF] Request finished HTTP/2 GET https://localhost:7284/_framework/aspnetcore-browser-refresh.js - 200 14933 application/javascript; charset=utf-8 14.4628ms
2026-03-31 20:36:34.809 +03:00 [INF] Request finished HTTP/2 GET https://localhost:7284/_vs/browserLink - 200 null text/javascript; charset=UTF-8 54.0468ms
2026-03-31 20:36:34.892 +03:00 [INF] Request starting HTTP/2 GET https://localhost:7284/swagger/v1/swagger.json - null null
2026-03-31 20:36:34.906 +03:00 [INF] Request finished HTTP/2 GET https://localhost:7284/swagger/v1/swagger.json - 200 null application/json;charset=utf-8 13.7ms
2026-03-31 20:40:56.855 +03:00 [INF] Request starting HTTP/2 POST https://localhost:7284/components.ComponentsGrpc/GetComponentByName - application/grpc null
2026-03-31 20:40:56.939 +03:00 [INF] Executing endpoint 'gRPC - /components.ComponentsGrpc/GetComponentByName'
2026-03-31 20:40:57.536 +03:00 [WRN] No store type was specified for the decimal property 'Price' on entity type 'Component'. This will cause values to be silently truncated if they do not fit in the default precision and scale. Explicitly specify the SQL server column type that can accommodate all the values in 'OnModelCreating' using 'HasColumnType', specify precision and scale using 'HasPrecision', or configure a value converter using 'HasConversion'.
2026-03-31 20:40:58.266 +03:00 [INF] Executed DbCommand (61ms) [Parameters=[@__request_Name_0='?' (Size = 4000)], CommandType='"Text"', CommandTimeout='30']
SELECT TOP(1) [c].[Id], [c].[CategoryId], [c].[Name], [c].[Price], [c].[SupplierId], [c0].[Id], [c0].[Description], [c0].[Name], [s].[Id], [s].[Country], [s].[Name]
FROM [Components] AS [c]
INNER JOIN [Categories] AS [c0] ON [c].[CategoryId] = [c0].[Id]
INNER JOIN [Suppliers] AS [s] ON [c].[SupplierId] = [s].[Id]
WHERE [c].[Name] = @__request_Name_0
2026-03-31 20:40:58.359 +03:00 [INF] Executed endpoint 'gRPC - /components.ComponentsGrpc/GetComponentByName'
2026-03-31 20:40:58.363 +03:00 [INF] HTTP POST /components.ComponentsGrpc/GetComponentByName responded 200 in 1501.0470 ms
2026-03-31 20:40:58.370 +03:00 [INF] Request finished HTTP/2 POST https://localhost:7284/components.ComponentsGrpc/GetComponentByName - 200 null application/grpc 1514.8059ms
2026-03-31 20:55:21.955 +03:00 [INF] Request starting HTTP/2 POST https://localhost:7284/components.ComponentsGrpc/GetComponentByName - application/grpc null
2026-03-31 20:55:21.959 +03:00 [INF] Executing endpoint 'gRPC - /components.ComponentsGrpc/GetComponentByName'
2026-03-31 20:55:22.060 +03:00 [INF] Executed DbCommand (11ms) [Parameters=[@__request_Name_0='?' (Size = 4000)], CommandType='"Text"', CommandTimeout='30']
SELECT TOP(1) [c].[Id], [c].[CategoryId], [c].[Name], [c].[Price], [c].[SupplierId], [c0].[Id], [c0].[Description], [c0].[Name], [s].[Id], [s].[Country], [s].[Name]
FROM [Components] AS [c]
INNER JOIN [Categories] AS [c0] ON [c].[CategoryId] = [c0].[Id]
INNER JOIN [Suppliers] AS [s] ON [c].[SupplierId] = [s].[Id]
WHERE [c].[Name] = @__request_Name_0
2026-03-31 20:55:22.065 +03:00 [INF] Executed endpoint 'gRPC - /components.ComponentsGrpc/GetComponentByName'
2026-03-31 20:55:22.066 +03:00 [INF] HTTP POST /components.ComponentsGrpc/GetComponentByName responded 200 in 108.3953 ms
2026-03-31 20:55:22.068 +03:00 [INF] Request finished HTTP/2 POST https://localhost:7284/components.ComponentsGrpc/GetComponentByName - 200 null application/grpc 113.0377ms
2026-03-31 20:56:01.668 +03:00 [INF] Request starting HTTP/2 GET https://localhost:7284/api/Components - null null
2026-03-31 20:56:01.731 +03:00 [INF] Executing endpoint 'CatalogService.Controllers.ComponentsController.GetAll (CatalogService)'
2026-03-31 20:56:01.744 +03:00 [INF] Route matched with {action = "GetAll", controller = "Components"}. Executing controller action with signature System.Threading.Tasks.Task`1[Microsoft.AspNetCore.Mvc.IActionResult] GetAll() on controller CatalogService.Controllers.ComponentsController (CatalogService).
2026-03-31 20:56:01.846 +03:00 [INF] Executed DbCommand (4ms) [Parameters=[], CommandType='"Text"', CommandTimeout='30']
SELECT [c].[Id], [c].[CategoryId], [c].[Name], [c].[Price], [c].[SupplierId]
FROM [Components] AS [c]
2026-03-31 20:56:01.850 +03:00 [INF] Returned 1 components from CatalogDb
2026-03-31 20:56:01.866 +03:00 [INF] Executing OkObjectResult, writing value of type 'System.Collections.Generic.List`1[[CatalogService.BLL.DTOs.ComponentDto, CatalogService, Version=1.0.0.0, Culture=neutral, PublicKeyToken=null]]'.
2026-03-31 20:56:01.878 +03:00 [INF] Executed action CatalogService.Controllers.ComponentsController.GetAll (CatalogService) in 127.2556ms
2026-03-31 20:56:01.880 +03:00 [INF] Executed endpoint 'CatalogService.Controllers.ComponentsController.GetAll (CatalogService)'
2026-03-31 20:56:01.881 +03:00 [INF] HTTP GET /api/Components responded 200 in 203.5572 ms
2026-03-31 20:56:01.884 +03:00 [INF] Request finished HTTP/2 GET https://localhost:7284/api/Components - 200 null application/json; charset=utf-8 216.7681ms
2026-03-31 20:56:42.616 +03:00 [INF] Request starting HTTP/2 POST https://localhost:7284/api/Components - application/json 108
2026-03-31 20:56:42.624 +03:00 [INF] Executing endpoint 'CatalogService.Controllers.ComponentsController.Create (CatalogService)'
2026-03-31 20:56:42.632 +03:00 [INF] Route matched with {action = "Create", controller = "Components"}. Executing controller action with signature System.Threading.Tasks.Task`1[Microsoft.AspNetCore.Mvc.IActionResult] Create(CatalogService.BLL.DTOs.ComponentDto) on controller CatalogService.Controllers.ComponentsController (CatalogService).
2026-03-31 20:56:42.818 +03:00 [INF] Executed DbCommand (4ms) [Parameters=[@p0='?' (Size = 4000), @p1='?' (Size = 4000), @p2='?' (Size = 4000), @p3='?' (Size = 4000)], CommandType='"Text"', CommandTimeout='30']
SET NOCOUNT ON;
INSERT INTO [Categories] ([Description], [Name])
OUTPUT INSERTED.[Id]
VALUES (@p0, @p1);
INSERT INTO [Suppliers] ([Country], [Name])
OUTPUT INSERTED.[Id]
VALUES (@p2, @p3);
2026-03-31 20:56:42.842 +03:00 [ERR] Failed executing DbCommand (8ms) [Parameters=[@p4='?' (DbType = Int32), @p5='?' (DbType = Int32), @p6='?' (Size = 4000), @p7='?' (Precision = 18) (Scale = 2) (DbType = Decimal), @p8='?' (DbType = Int32)], CommandType='"Text"', CommandTimeout='30']
SET IMPLICIT_TRANSACTIONS OFF;
SET NOCOUNT ON;
INSERT INTO [Components] ([Id], [CategoryId], [Name], [Price], [SupplierId])
VALUES (@p4, @p5, @p6, @p7, @p8);
2026-03-31 20:56:42.876 +03:00 [ERR] An exception occurred in the database while saving changes for context type 'CatalogService.DAL.Context.AppDbContext'.
Microsoft.EntityFrameworkCore.DbUpdateException: An error occurred while saving the entity changes. See the inner exception for details.
 ---> Microsoft.Data.SqlClient.SqlException (0x80131904): Cannot insert explicit value for identity column in table 'Components' when IDENTITY_INSERT is set to OFF.
   at Microsoft.Data.SqlClient.SqlCommand.<>c.<ExecuteDbDataReaderAsync>b__195_0(Task`1 result)
   at System.Threading.Tasks.ContinuationResultTaskFromResultTask`2.InnerInvoke()
   at System.Threading.ExecutionContext.RunInternal(ExecutionContext executionContext, ContextCallback callback, Object state)
--- End of stack trace from previous location ---
   at System.Threading.ExecutionContext.RunInternal(ExecutionContext executionContext, ContextCallback callback, Object state)
   at System.Threading.Tasks.Task.ExecuteWithThreadLocal(Task& currentTaskSlot, Thread threadPoolThread)
--- End of stack trace from previous location ---
   at Microsoft.EntityFrameworkCore.Storage.RelationalCommand.ExecuteReaderAsync(RelationalCommandParameterObject parameterObject, CancellationToken cancellationToken)
   at Microsoft.EntityFrameworkCore.Storage.RelationalCommand.ExecuteReaderAsync(RelationalCommandParameterObject parameterObject, CancellationToken cancellationToken)
   at Microsoft.EntityFrameworkCore.Update.ReaderModificationCommandBatch.ExecuteAsync(IRelationalConnection connection, CancellationToken cancellationToken)
ClientConnectionId:09f67de6-1eac-42b1-b254-e2ade254f660
Error Number:544,State:1,Class:16
   --- End of inner exception stack trace ---
   at Microsoft.EntityFrameworkCore.Update.ReaderModificationCommandBatch.ExecuteAsync(IRelationalConnection connection, CancellationToken cancellationToken)
   at Microsoft.EntityFrameworkCore.SqlServer.Update.Internal.SqlServerModificationCommandBatch.ExecuteAsync(IRelationalConnection connection, CancellationToken cancellationToken)
   at Microsoft.EntityFrameworkCore.Update.Internal.BatchExecutor.ExecuteAsync(IEnumerable`1 commandBatches, IRelationalConnection connection, CancellationToken cancellationToken)
   at Microsoft.EntityFrameworkCore.Update.Internal.BatchExecutor.ExecuteAsync(IEnumerable`1 commandBatches, IRelationalConnection connection, CancellationToken cancellationToken)
   at Microsoft.EntityFrameworkCore.Update.Internal.BatchExecutor.ExecuteAsync(IEnumerable`1 commandBatches, IRelationalConnection connection, CancellationToken cancellationToken)
   at Microsoft.EntityFrameworkCore.Storage.RelationalDatabase.SaveChangesAsync(IList`1 entries, CancellationToken cancellationToken)
   at Microsoft.EntityFrameworkCore.ChangeTracking.Internal.StateManager.SaveChangesAsync(IList`1 entriesToSave, CancellationToken cancellationToken)
   at Microsoft.EntityFrameworkCore.ChangeTracking.Internal.StateManager.SaveChangesAsync(StateManager stateManager, Boolean acceptAllChangesOnSuccess, CancellationToken cancellationToken)
   at Microsoft.EntityFrameworkCore.SqlServer.Storage.Internal.SqlServerExecutionStrategy.ExecuteAsync[TState,TResult](TState state, Func`4 operation, Func`4 verifySucceeded, CancellationToken cancellationToken)
   at Microsoft.EntityFrameworkCore.DbContext.SaveChangesAsync(Boolean acceptAllChangesOnSuccess, CancellationToken cancellationToken)
Microsoft.EntityFrameworkCore.DbUpdateException: An error occurred while saving the entity changes. See the inner exception for details.
 ---> Microsoft.Data.SqlClient.SqlException (0x80131904): Cannot insert explicit value for identity column in table 'Components' when IDENTITY_INSERT is set to OFF.
   at Microsoft.Data.SqlClient.SqlCommand.<>c.<ExecuteDbDataReaderAsync>b__195_0(Task`1 result)
   at System.Threading.Tasks.ContinuationResultTaskFromResultTask`2.InnerInvoke()
   at System.Threading.ExecutionContext.RunInternal(ExecutionContext executionContext, ContextCallback callback, Object state)
--- End of stack trace from previous location ---
   at System.Threading.ExecutionContext.RunInternal(ExecutionContext executionContext, ContextCallback callback, Object state)
   at System.Threading.Tasks.Task.ExecuteWithThreadLocal(Task& currentTaskSlot, Thread threadPoolThread)
--- End of stack trace from previous location ---
   at Microsoft.EntityFrameworkCore.Storage.RelationalCommand.ExecuteReaderAsync(RelationalCommandParameterObject parameterObject, CancellationToken cancellationToken)
   at Microsoft.EntityFrameworkCore.Storage.RelationalCommand.ExecuteReaderAsync(RelationalCommandParameterObject parameterObject, CancellationToken cancellationToken)
   at Microsoft.EntityFrameworkCore.Update.ReaderModificationCommandBatch.ExecuteAsync(IRelationalConnection connection, CancellationToken cancellationToken)
ClientConnectionId:09f67de6-1eac-42b1-b254-e2ade254f660
Error Number:544,State:1,Class:16
   --- End of inner exception stack trace ---
   at Microsoft.EntityFrameworkCore.Update.ReaderModificationCommandBatch.ExecuteAsync(IRelationalConnection connection, CancellationToken cancellationToken)
   at Microsoft.EntityFrameworkCore.SqlServer.Update.Internal.SqlServerModificationCommandBatch.ExecuteAsync(IRelationalConnection connection, CancellationToken cancellationToken)
   at Microsoft.EntityFrameworkCore.Update.Internal.BatchExecutor.ExecuteAsync(IEnumerable`1 commandBatches, IRelationalConnection connection, CancellationToken cancellationToken)
   at Microsoft.EntityFrameworkCore.Update.Internal.BatchExecutor.ExecuteAsync(IEnumerable`1 commandBatches, IRelationalConnection connection, CancellationToken cancellationToken)
   at Microsoft.EntityFrameworkCore.Update.Internal.BatchExecutor.ExecuteAsync(IEnumerable`1 commandBatches, IRelationalConnection connection, CancellationToken cancellationToken)
   at Microsoft.EntityFrameworkCore.Storage.RelationalDatabase.SaveChangesAsync(IList`1 entries, CancellationToken cancellationToken)
   at Microsoft.EntityFrameworkCore.ChangeTracking.Internal.StateManager.SaveChangesAsync(IList`1 entriesToSave, CancellationToken cancellationToken)
   at Microsoft.EntityFrameworkCore.ChangeTracking.Internal.StateManager.SaveChangesAsync(StateManager stateManager, Boolean acceptAllChangesOnSuccess, CancellationToken cancellationToken)
   at Microsoft.EntityFrameworkCore.SqlServer.Storage.Internal.SqlServerExecutionStrategy.ExecuteAsync[TState,TResult](TState state, Func`4 operation, Func`4 verifySucceeded, CancellationToken cancellationToken)
   at Microsoft.EntityFrameworkCore.DbContext.SaveChangesAsync(Boolean acceptAllChangesOnSuccess, CancellationToken cancellationToken)
2026-03-31 20:56:43.047 +03:00 [INF] Executed action CatalogService.Controllers.ComponentsController.Create (CatalogService) in 413.7001ms
2026-03-31 20:56:43.049 +03:00 [INF] Executed endpoint 'CatalogService.Controllers.ComponentsController.Create (CatalogService)'
2026-03-31 20:56:43.131 +03:00 [ERR] Unhandled exception
Microsoft.EntityFrameworkCore.DbUpdateException: An error occurred while saving the entity changes. See the inner exception for details.
 ---> Microsoft.Data.SqlClient.SqlException (0x80131904): Cannot insert explicit value for identity column in table 'Components' when IDENTITY_INSERT is set to OFF.
   at Microsoft.Data.SqlClient.SqlCommand.<>c.<ExecuteDbDataReaderAsync>b__195_0(Task`1 result)
   at System.Threading.Tasks.ContinuationResultTaskFromResultTask`2.InnerInvoke()
   at System.Threading.ExecutionContext.RunInternal(ExecutionContext executionContext, ContextCallback callback, Object state)
--- End of stack trace from previous location ---
   at System.Threading.ExecutionContext.RunInternal(ExecutionContext executionContext, ContextCallback callback, Object state)
   at System.Threading.Tasks.Task.ExecuteWithThreadLocal(Task& currentTaskSlot, Thread threadPoolThread)
--- End of stack trace from previous location ---
   at Microsoft.EntityFrameworkCore.Storage.RelationalCommand.ExecuteReaderAsync(RelationalCommandParameterObject parameterObject, CancellationToken cancellationToken)
   at Microsoft.EntityFrameworkCore.Storage.RelationalCommand.ExecuteReaderAsync(RelationalCommandParameterObject parameterObject, CancellationToken cancellationToken)
   at Microsoft.EntityFrameworkCore.Update.ReaderModificationCommandBatch.ExecuteAsync(IRelationalConnection connection, CancellationToken cancellationToken)
ClientConnectionId:09f67de6-1eac-42b1-b254-e2ade254f660
Error Number:544,State:1,Class:16
   --- End of inner exception stack trace ---
   at Microsoft.EntityFrameworkCore.Update.ReaderModificationCommandBatch.ExecuteAsync(IRelationalConnection connection, CancellationToken cancellationToken)
   at Microsoft.EntityFrameworkCore.SqlServer.Update.Internal.SqlServerModificationCommandBatch.ExecuteAsync(IRelationalConnection connection, CancellationToken cancellationToken)
   at Microsoft.EntityFrameworkCore.Update.Internal.BatchExecutor.ExecuteAsync(IEnumerable`1 commandBatches, IRelationalConnection connection, CancellationToken cancellationToken)
   at Microsoft.EntityFrameworkCore.Update.Internal.BatchExecutor.ExecuteAsync(IEnumerable`1 commandBatches, IRelationalConnection connection, CancellationToken cancellationToken)
   at Microsoft.EntityFrameworkCore.Update.Internal.BatchExecutor.ExecuteAsync(IEnumerable`1 commandBatches, IRelationalConnection connection, CancellationToken cancellationToken)
   at Microsoft.EntityFrameworkCore.Storage.RelationalDatabase.SaveChangesAsync(IList`1 entries, CancellationToken cancellationToken)
   at Microsoft.EntityFrameworkCore.ChangeTracking.Internal.StateManager.SaveChangesAsync(IList`1 entriesToSave, CancellationToken cancellationToken)
   at Microsoft.EntityFrameworkCore.ChangeTracking.Internal.StateManager.SaveChangesAsync(StateManager stateManager, Boolean acceptAllChangesOnSuccess, CancellationToken cancellationToken)
   at Microsoft.EntityFrameworkCore.SqlServer.Storage.Internal.SqlServerExecutionStrategy.ExecuteAsync[TState,TResult](TState state, Func`4 operation, Func`4 verifySucceeded, CancellationToken cancellationToken)
   at Microsoft.EntityFrameworkCore.DbContext.SaveChangesAsync(Boolean acceptAllChangesOnSuccess, CancellationToken cancellationToken)
   at Microsoft.EntityFrameworkCore.DbContext.SaveChangesAsync(Boolean acceptAllChangesOnSuccess, CancellationToken cancellationToken)
   at CatalogService.DAL.Repositories.UnitOfWork.SaveChangesAsync() in C:\Users\Dell\source\repos\Anzorrrrrrrrrrr\OptiComponent-Microservices\CatalogService\DAL\Repositories\UnitOfWork.cs:line 24
   at CatalogService.BLL.Services.ComponentService.AddAsync(ComponentDto dto) in C:\Users\Dell\source\repos\Anzorrrrrrrrrrr\OptiComponent-Microservices\CatalogService\BLL\Services\ComponentService.cs:line 52
   at CatalogService.Controllers.ComponentsController.Create(ComponentDto dto) in C:\Users\Dell\source\repos\Anzorrrrrrrrrrr\OptiComponent-Microservices\CatalogService\Controllers\ComponentsController.cs:line 61
   at Microsoft.AspNetCore.Mvc.Infrastructure.ActionMethodExecutor.TaskOfIActionResultExecutor.Execute(ActionContext actionContext, IActionResultTypeMapper mapper, ObjectMethodExecutor executor, Object controller, Object[] arguments)
   at Microsoft.AspNetCore.Mvc.Infrastructure.ControllerActionInvoker.<InvokeActionMethodAsync>g__Awaited|12_0(ControllerActionInvoker invoker, ValueTask`1 actionResultValueTask)
   at Microsoft.AspNetCore.Mvc.Infrastructure.ControllerActionInvoker.<InvokeNextActionFilterAsync>g__Awaited|10_0(ControllerActionInvoker invoker, Task lastTask, State next, Scope scope, Object state, Boolean isCompleted)
   at Microsoft.AspNetCore.Mvc.Infrastructure.ControllerActionInvoker.Rethrow(ActionExecutedContextSealed context)
   at Microsoft.AspNetCore.Mvc.Infrastructure.ControllerActionInvoker.Next(State& next, Scope& scope, Object& state, Boolean& isCompleted)
   at Microsoft.AspNetCore.Mvc.Infrastructure.ControllerActionInvoker.<InvokeInnerFilterAsync>g__Awaited|13_0(ControllerActionInvoker invoker, Task lastTask, State next, Scope scope, Object state, Boolean isCompleted)
   at Microsoft.AspNetCore.Mvc.Infrastructure.ResourceInvoker.<InvokeFilterPipelineAsync>g__Awaited|20_0(ResourceInvoker invoker, Task lastTask, State next, Scope scope, Object state, Boolean isCompleted)
   at Microsoft.AspNetCore.Mvc.Infrastructure.ResourceInvoker.<InvokeAsync>g__Logged|17_1(ResourceInvoker invoker)
   at Microsoft.AspNetCore.Mvc.Infrastructure.ResourceInvoker.<InvokeAsync>g__Logged|17_1(ResourceInvoker invoker)
   at Microsoft.AspNetCore.Routing.EndpointMiddleware.<Invoke>g__AwaitRequestTask|7_0(Endpoint endpoint, Task requestTask, ILogger logger)
   at Microsoft.AspNetCore.Authorization.AuthorizationMiddleware.Invoke(HttpContext context)
   at Microsoft.AspNetCore.Authentication.AuthenticationMiddleware.Invoke(HttpContext context)
   at GlobalExceptionMiddleware.InvokeAsync(HttpContext context) in C:\Users\Dell\source\repos\Anzorrrrrrrrrrr\OptiComponent-Microservices\CatalogService\Middleware\GlobalExceptionMiddleware.cs:line 21
2026-03-31 20:56:43.163 +03:00 [ERR] HTTP POST /api/Components responded 500 in 540.2741 ms
2026-03-31 20:56:43.165 +03:00 [INF] Request finished HTTP/2 POST https://localhost:7284/api/Components - 500 null application/problem+json 549.5762ms
2026-03-31 20:57:04.959 +03:00 [INF] Request starting HTTP/2 POST https://localhost:7284/api/Components - application/json 105
2026-03-31 20:57:04.968 +03:00 [INF] Executing endpoint 'CatalogService.Controllers.ComponentsController.Create (CatalogService)'
2026-03-31 20:57:04.969 +03:00 [INF] Route matched with {action = "Create", controller = "Components"}. Executing controller action with signature System.Threading.Tasks.Task`1[Microsoft.AspNetCore.Mvc.IActionResult] Create(CatalogService.BLL.DTOs.ComponentDto) on controller CatalogService.Controllers.ComponentsController (CatalogService).
2026-03-31 20:57:04.980 +03:00 [INF] Executed DbCommand (1ms) [Parameters=[@p0='?' (Size = 4000), @p1='?' (Size = 4000), @p2='?' (Size = 4000), @p3='?' (Size = 4000)], CommandType='"Text"', CommandTimeout='30']
SET NOCOUNT ON;
INSERT INTO [Categories] ([Description], [Name])
OUTPUT INSERTED.[Id]
VALUES (@p0, @p1);
INSERT INTO [Suppliers] ([Country], [Name])
OUTPUT INSERTED.[Id]
VALUES (@p2, @p3);
2026-03-31 20:57:04.984 +03:00 [ERR] Failed executing DbCommand (1ms) [Parameters=[@p4='?' (DbType = Int32), @p5='?' (DbType = Int32), @p6='?' (Size = 4000), @p7='?' (Precision = 18) (Scale = 2) (DbType = Decimal), @p8='?' (DbType = Int32)], CommandType='"Text"', CommandTimeout='30']
SET IMPLICIT_TRANSACTIONS OFF;
SET NOCOUNT ON;
INSERT INTO [Components] ([Id], [CategoryId], [Name], [Price], [SupplierId])
VALUES (@p4, @p5, @p6, @p7, @p8);
2026-03-31 20:57:04.989 +03:00 [ERR] An exception occurred in the database while saving changes for context type 'CatalogService.DAL.Context.AppDbContext'.
Microsoft.EntityFrameworkCore.DbUpdateException: An error occurred while saving the entity changes. See the inner exception for details.
 ---> Microsoft.Data.SqlClient.SqlException (0x80131904): Cannot insert explicit value for identity column in table 'Components' when IDENTITY_INSERT is set to OFF.
   at Microsoft.Data.SqlClient.SqlCommand.<>c.<ExecuteDbDataReaderAsync>b__195_0(Task`1 result)
   at System.Threading.Tasks.ContinuationResultTaskFromResultTask`2.InnerInvoke()
   at System.Threading.ExecutionContext.RunInternal(ExecutionContext executionContext, ContextCallback callback, Object state)
--- End of stack trace from previous location ---
   at System.Threading.ExecutionContext.RunInternal(ExecutionContext executionContext, ContextCallback callback, Object state)
   at System.Threading.Tasks.Task.ExecuteWithThreadLocal(Task& currentTaskSlot, Thread threadPoolThread)
--- End of stack trace from previous location ---
   at Microsoft.EntityFrameworkCore.Storage.RelationalCommand.ExecuteReaderAsync(RelationalCommandParameterObject parameterObject, CancellationToken cancellationToken)
   at Microsoft.EntityFrameworkCore.Storage.RelationalCommand.ExecuteReaderAsync(RelationalCommandParameterObject parameterObject, CancellationToken cancellationToken)
   at Microsoft.EntityFrameworkCore.Update.ReaderModificationCommandBatch.ExecuteAsync(IRelationalConnection connection, CancellationToken cancellationToken)
ClientConnectionId:09f67de6-1eac-42b1-b254-e2ade254f660
Error Number:544,State:1,Class:16
   --- End of inner exception stack trace ---
   at Microsoft.EntityFrameworkCore.Update.ReaderModificationCommandBatch.ExecuteAsync(IRelationalConnection connection, CancellationToken cancellationToken)
   at Microsoft.EntityFrameworkCore.SqlServer.Update.Internal.SqlServerModificationCommandBatch.ExecuteAsync(IRelationalConnection connection, CancellationToken cancellationToken)
   at Microsoft.EntityFrameworkCore.Update.Internal.BatchExecutor.ExecuteAsync(IEnumerable`1 commandBatches, IRelationalConnection connection, CancellationToken cancellationToken)
   at Microsoft.EntityFrameworkCore.Update.Internal.BatchExecutor.ExecuteAsync(IEnumerable`1 commandBatches, IRelationalConnection connection, CancellationToken cancellationToken)
   at Microsoft.EntityFrameworkCore.Update.Internal.BatchExecutor.ExecuteAsync(IEnumerable`1 commandBatches, IRelationalConnection connection, CancellationToken cancellationToken)
   at Microsoft.EntityFrameworkCore.Storage.RelationalDatabase.SaveChangesAsync(IList`1 entries, CancellationToken cancellationToken)
   at Microsoft.EntityFrameworkCore.ChangeTracking.Internal.StateManager.SaveChangesAsync(IList`1 entriesToSave, CancellationToken cancellationToken)
   at Microsoft.EntityFrameworkCore.ChangeTracking.Internal.StateManager.SaveChangesAsync(StateManager stateManager, Boolean acceptAllChangesOnSuccess, CancellationToken cancellationToken)
   at Microsoft.EntityFrameworkCore.SqlServer.Storage.Internal.SqlServerExecutionStrategy.ExecuteAsync[TState,TResult](TState state, Func`4 operation, Func`4 verifySucceeded, CancellationToken cancellationToken)
   at Microsoft.EntityFrameworkCore.DbContext.SaveChangesAsync(Boolean acceptAllChangesOnSuccess, CancellationToken cancellationToken)
Microsoft.EntityFrameworkCore.DbUpdateException: An error occurred while saving the entity changes. See the inner exception for details.
 ---> Microsoft.Data.SqlClient.SqlException (0x80131904): Cannot insert explicit value for identity column in table 'Components' when IDENTITY_INSERT is set to OFF.
   at Microsoft.Data.SqlClient.SqlCommand.<>c.<ExecuteDbDataReaderAsync>b__195_0(Task`1 result)
   at System.Threading.Tasks.ContinuationResultTaskFromResultTask`2.InnerInvoke()
   at System.Threading.ExecutionContext.RunInternal(ExecutionContext executionContext, ContextCallback callback, Object state)
--- End of stack trace from previous location ---
   at System.Threading.ExecutionContext.RunInternal(ExecutionContext executionContext, ContextCallback callback, Object state)
   at System.Threading.Tasks.Task.ExecuteWithThreadLocal(Task& currentTaskSlot, Thread threadPoolThread)
--- End of stack trace from previous location ---
   at Microsoft.EntityFrameworkCore.Storage.RelationalCommand.ExecuteReaderAsync(RelationalCommandParameterObject parameterObject, CancellationToken cancellationToken)
   at Microsoft.EntityFrameworkCore.Storage.RelationalCommand.ExecuteReaderAsync(RelationalCommandParameterObject parameterObject, CancellationToken cancellationToken)
   at Microsoft.EntityFrameworkCore.Update.ReaderModificationCommandBatch.ExecuteAsync(IRelationalConnection connection, CancellationToken cancellationToken)
ClientConnectionId:09f67de6-1eac-42b1-b254-e2ade254f660
Error Number:544,State:1,Class:16
   --- End of inner exception stack trace ---
   at Microsoft.EntityFrameworkCore.Update.ReaderModificationCommandBatch.ExecuteAsync(IRelationalConnection connection, CancellationToken cancellationToken)
   at Microsoft.EntityFrameworkCore.SqlServer.Update.Internal.SqlServerModificationCommandBatch.ExecuteAsync(IRelationalConnection connection, CancellationToken cancellationToken)
   at Microsoft.EntityFrameworkCore.Update.Internal.BatchExecutor.ExecuteAsync(IEnumerable`1 commandBatches, IRelationalConnection connection, CancellationToken cancellationToken)
   at Microsoft.EntityFrameworkCore.Update.Internal.BatchExecutor.ExecuteAsync(IEnumerable`1 commandBatches, IRelationalConnection connection, CancellationToken cancellationToken)
   at Microsoft.EntityFrameworkCore.Update.Internal.BatchExecutor.ExecuteAsync(IEnumerable`1 commandBatches, IRelationalConnection connection, CancellationToken cancellationToken)
   at Microsoft.EntityFrameworkCore.Storage.RelationalDatabase.SaveChangesAsync(IList`1 entries, CancellationToken cancellationToken)
   at Microsoft.EntityFrameworkCore.ChangeTracking.Internal.StateManager.SaveChangesAsync(IList`1 entriesToSave, CancellationToken cancellationToken)
   at Microsoft.EntityFrameworkCore.ChangeTracking.Internal.StateManager.SaveChangesAsync(StateManager stateManager, Boolean acceptAllChangesOnSuccess, CancellationToken cancellationToken)
   at Microsoft.EntityFrameworkCore.SqlServer.Storage.Internal.SqlServerExecutionStrategy.ExecuteAsync[TState,TResult](TState state, Func`4 operation, Func`4 verifySucceeded, CancellationToken cancellationToken)
   at Microsoft.EntityFrameworkCore.DbContext.SaveChangesAsync(Boolean acceptAllChangesOnSuccess, CancellationToken cancellationToken)
2026-03-31 20:57:05.113 +03:00 [INF] Executed action CatalogService.Controllers.ComponentsController.Create (CatalogService) in 141.1619ms
2026-03-31 20:57:05.115 +03:00 [INF] Executed endpoint 'CatalogService.Controllers.ComponentsController.Create (CatalogService)'
2026-03-31 20:57:05.178 +03:00 [ERR] Unhandled exception
Microsoft.EntityFrameworkCore.DbUpdateException: An error occurred while saving the entity changes. See the inner exception for details.
 ---> Microsoft.Data.SqlClient.SqlException (0x80131904): Cannot insert explicit value for identity column in table 'Components' when IDENTITY_INSERT is set to OFF.
   at Microsoft.Data.SqlClient.SqlCommand.<>c.<ExecuteDbDataReaderAsync>b__195_0(Task`1 result)
   at System.Threading.Tasks.ContinuationResultTaskFromResultTask`2.InnerInvoke()
   at System.Threading.ExecutionContext.RunInternal(ExecutionContext executionContext, ContextCallback callback, Object state)
--- End of stack trace from previous location ---
   at System.Threading.ExecutionContext.RunInternal(ExecutionContext executionContext, ContextCallback callback, Object state)
   at System.Threading.Tasks.Task.ExecuteWithThreadLocal(Task& currentTaskSlot, Thread threadPoolThread)
--- End of stack trace from previous location ---
   at Microsoft.EntityFrameworkCore.Storage.RelationalCommand.ExecuteReaderAsync(RelationalCommandParameterObject parameterObject, CancellationToken cancellationToken)
   at Microsoft.EntityFrameworkCore.Storage.RelationalCommand.ExecuteReaderAsync(RelationalCommandParameterObject parameterObject, CancellationToken cancellationToken)
   at Microsoft.EntityFrameworkCore.Update.ReaderModificationCommandBatch.ExecuteAsync(IRelationalConnection connection, CancellationToken cancellationToken)
ClientConnectionId:09f67de6-1eac-42b1-b254-e2ade254f660
Error Number:544,State:1,Class:16
   --- End of inner exception stack trace ---
   at Microsoft.EntityFrameworkCore.Update.ReaderModificationCommandBatch.ExecuteAsync(IRelationalConnection connection, CancellationToken cancellationToken)
   at Microsoft.EntityFrameworkCore.SqlServer.Update.Internal.SqlServerModificationCommandBatch.ExecuteAsync(IRelationalConnection connection, CancellationToken cancellationToken)
   at Microsoft.EntityFrameworkCore.Update.Internal.BatchExecutor.ExecuteAsync(IEnumerable`1 commandBatches, IRelationalConnection connection, CancellationToken cancellationToken)
   at Microsoft.EntityFrameworkCore.Update.Internal.BatchExecutor.ExecuteAsync(IEnumerable`1 commandBatches, IRelationalConnection connection, CancellationToken cancellationToken)
   at Microsoft.EntityFrameworkCore.Update.Internal.BatchExecutor.ExecuteAsync(IEnumerable`1 commandBatches, IRelationalConnection connection, CancellationToken cancellationToken)
   at Microsoft.EntityFrameworkCore.Storage.RelationalDatabase.SaveChangesAsync(IList`1 entries, CancellationToken cancellationToken)
   at Microsoft.EntityFrameworkCore.ChangeTracking.Internal.StateManager.SaveChangesAsync(IList`1 entriesToSave, CancellationToken cancellationToken)
   at Microsoft.EntityFrameworkCore.ChangeTracking.Internal.StateManager.SaveChangesAsync(StateManager stateManager, Boolean acceptAllChangesOnSuccess, CancellationToken cancellationToken)
   at Microsoft.EntityFrameworkCore.SqlServer.Storage.Internal.SqlServerExecutionStrategy.ExecuteAsync[TState,TResult](TState state, Func`4 operation, Func`4 verifySucceeded, CancellationToken cancellationToken)
   at Microsoft.EntityFrameworkCore.DbContext.SaveChangesAsync(Boolean acceptAllChangesOnSuccess, CancellationToken cancellationToken)
   at Microsoft.EntityFrameworkCore.DbContext.SaveChangesAsync(Boolean acceptAllChangesOnSuccess, CancellationToken cancellationToken)
   at CatalogService.DAL.Repositories.UnitOfWork.SaveChangesAsync() in C:\Users\Dell\source\repos\Anzorrrrrrrrrrr\OptiComponent-Microservices\CatalogService\DAL\Repositories\UnitOfWork.cs:line 24
   at CatalogService.BLL.Services.ComponentService.AddAsync(ComponentDto dto) in C:\Users\Dell\source\repos\Anzorrrrrrrrrrr\OptiComponent-Microservices\CatalogService\BLL\Services\ComponentService.cs:line 52
   at CatalogService.Controllers.ComponentsController.Create(ComponentDto dto) in C:\Users\Dell\source\repos\Anzorrrrrrrrrrr\OptiComponent-Microservices\CatalogService\Controllers\ComponentsController.cs:line 61
   at Microsoft.AspNetCore.Mvc.Infrastructure.ActionMethodExecutor.TaskOfIActionResultExecutor.Execute(ActionContext actionContext, IActionResultTypeMapper mapper, ObjectMethodExecutor executor, Object controller, Object[] arguments)
   at Microsoft.AspNetCore.Mvc.Infrastructure.ControllerActionInvoker.<InvokeActionMethodAsync>g__Awaited|12_0(ControllerActionInvoker invoker, ValueTask`1 actionResultValueTask)
   at Microsoft.AspNetCore.Mvc.Infrastructure.ControllerActionInvoker.<InvokeNextActionFilterAsync>g__Awaited|10_0(ControllerActionInvoker invoker, Task lastTask, State next, Scope scope, Object state, Boolean isCompleted)
   at Microsoft.AspNetCore.Mvc.Infrastructure.ControllerActionInvoker.Rethrow(ActionExecutedContextSealed context)
   at Microsoft.AspNetCore.Mvc.Infrastructure.ControllerActionInvoker.Next(State& next, Scope& scope, Object& state, Boolean& isCompleted)
   at Microsoft.AspNetCore.Mvc.Infrastructure.ControllerActionInvoker.<InvokeInnerFilterAsync>g__Awaited|13_0(ControllerActionInvoker invoker, Task lastTask, State next, Scope scope, Object state, Boolean isCompleted)
   at Microsoft.AspNetCore.Mvc.Infrastructure.ResourceInvoker.<InvokeFilterPipelineAsync>g__Awaited|20_0(ResourceInvoker invoker, Task lastTask, State next, Scope scope, Object state, Boolean isCompleted)
   at Microsoft.AspNetCore.Mvc.Infrastructure.ResourceInvoker.<InvokeAsync>g__Logged|17_1(ResourceInvoker invoker)
   at Microsoft.AspNetCore.Mvc.Infrastructure.ResourceInvoker.<InvokeAsync>g__Logged|17_1(ResourceInvoker invoker)
   at Microsoft.AspNetCore.Routing.EndpointMiddleware.<Invoke>g__AwaitRequestTask|7_0(Endpoint endpoint, Task requestTask, ILogger logger)
   at Microsoft.AspNetCore.Authorization.AuthorizationMiddleware.Invoke(HttpContext context)
   at Microsoft.AspNetCore.Authentication.AuthenticationMiddleware.Invoke(HttpContext context)
   at GlobalExceptionMiddleware.InvokeAsync(HttpContext context) in C:\Users\Dell\source\repos\Anzorrrrrrrrrrr\OptiComponent-Microservices\CatalogService\Middleware\GlobalExceptionMiddleware.cs:line 21
2026-03-31 20:57:05.196 +03:00 [ERR] HTTP POST /api/Components responded 500 in 229.4409 ms
2026-03-31 20:57:05.198 +03:00 [INF] Request finished HTTP/2 POST https://localhost:7284/api/Components - 500 null application/problem+json 239.2644ms
2026-03-31 20:57:52.770 +03:00 [INF] Request starting HTTP/2 POST https://localhost:7284/api/Components - application/json 105
2026-03-31 20:57:52.780 +03:00 [INF] Executing endpoint 'CatalogService.Controllers.ComponentsController.Create (CatalogService)'
2026-03-31 20:57:52.782 +03:00 [INF] Route matched with {action = "Create", controller = "Components"}. Executing controller action with signature System.Threading.Tasks.Task`1[Microsoft.AspNetCore.Mvc.IActionResult] Create(CatalogService.BLL.DTOs.ComponentDto) on controller CatalogService.Controllers.ComponentsController (CatalogService).
2026-03-31 20:57:52.792 +03:00 [INF] Executed DbCommand (3ms) [Parameters=[@p0='?' (Size = 4000), @p1='?' (Size = 4000), @p2='?' (Size = 4000), @p3='?' (Size = 4000)], CommandType='"Text"', CommandTimeout='30']
SET NOCOUNT ON;
INSERT INTO [Categories] ([Description], [Name])
OUTPUT INSERTED.[Id]
VALUES (@p0, @p1);
INSERT INTO [Suppliers] ([Country], [Name])
OUTPUT INSERTED.[Id]
VALUES (@p2, @p3);
2026-03-31 20:57:52.798 +03:00 [ERR] Failed executing DbCommand (3ms) [Parameters=[@p4='?' (DbType = Int32), @p5='?' (DbType = Int32), @p6='?' (Size = 4000), @p7='?' (Precision = 18) (Scale = 2) (DbType = Decimal), @p8='?' (DbType = Int32)], CommandType='"Text"', CommandTimeout='30']
SET IMPLICIT_TRANSACTIONS OFF;
SET NOCOUNT ON;
INSERT INTO [Components] ([Id], [CategoryId], [Name], [Price], [SupplierId])
VALUES (@p4, @p5, @p6, @p7, @p8);
2026-03-31 20:57:52.803 +03:00 [ERR] An exception occurred in the database while saving changes for context type 'CatalogService.DAL.Context.AppDbContext'.
Microsoft.EntityFrameworkCore.DbUpdateException: An error occurred while saving the entity changes. See the inner exception for details.
 ---> Microsoft.Data.SqlClient.SqlException (0x80131904): Cannot insert explicit value for identity column in table 'Components' when IDENTITY_INSERT is set to OFF.
   at Microsoft.Data.SqlClient.SqlCommand.<>c.<ExecuteDbDataReaderAsync>b__195_0(Task`1 result)
   at System.Threading.Tasks.ContinuationResultTaskFromResultTask`2.InnerInvoke()
   at System.Threading.ExecutionContext.RunInternal(ExecutionContext executionContext, ContextCallback callback, Object state)
--- End of stack trace from previous location ---
   at System.Threading.ExecutionContext.RunInternal(ExecutionContext executionContext, ContextCallback callback, Object state)
   at System.Threading.Tasks.Task.ExecuteWithThreadLocal(Task& currentTaskSlot, Thread threadPoolThread)
--- End of stack trace from previous location ---
   at Microsoft.EntityFrameworkCore.Storage.RelationalCommand.ExecuteReaderAsync(RelationalCommandParameterObject parameterObject, CancellationToken cancellationToken)
   at Microsoft.EntityFrameworkCore.Storage.RelationalCommand.ExecuteReaderAsync(RelationalCommandParameterObject parameterObject, CancellationToken cancellationToken)
   at Microsoft.EntityFrameworkCore.Update.ReaderModificationCommandBatch.ExecuteAsync(IRelationalConnection connection, CancellationToken cancellationToken)
ClientConnectionId:09f67de6-1eac-42b1-b254-e2ade254f660
Error Number:544,State:1,Class:16
   --- End of inner exception stack trace ---
   at Microsoft.EntityFrameworkCore.Update.ReaderModificationCommandBatch.ExecuteAsync(IRelationalConnection connection, CancellationToken cancellationToken)
   at Microsoft.EntityFrameworkCore.SqlServer.Update.Internal.SqlServerModificationCommandBatch.ExecuteAsync(IRelationalConnection connection, CancellationToken cancellationToken)
   at Microsoft.EntityFrameworkCore.Update.Internal.BatchExecutor.ExecuteAsync(IEnumerable`1 commandBatches, IRelationalConnection connection, CancellationToken cancellationToken)
   at Microsoft.EntityFrameworkCore.Update.Internal.BatchExecutor.ExecuteAsync(IEnumerable`1 commandBatches, IRelationalConnection connection, CancellationToken cancellationToken)
   at Microsoft.EntityFrameworkCore.Update.Internal.BatchExecutor.ExecuteAsync(IEnumerable`1 commandBatches, IRelationalConnection connection, CancellationToken cancellationToken)
   at Microsoft.EntityFrameworkCore.Storage.RelationalDatabase.SaveChangesAsync(IList`1 entries, CancellationToken cancellationToken)
   at Microsoft.EntityFrameworkCore.ChangeTracking.Internal.StateManager.SaveChangesAsync(IList`1 entriesToSave, CancellationToken cancellationToken)
   at Microsoft.EntityFrameworkCore.ChangeTracking.Internal.StateManager.SaveChangesAsync(StateManager stateManager, Boolean acceptAllChangesOnSuccess, CancellationToken cancellationToken)
   at Microsoft.EntityFrameworkCore.SqlServer.Storage.Internal.SqlServerExecutionStrategy.ExecuteAsync[TState,TResult](TState state, Func`4 operation, Func`4 verifySucceeded, CancellationToken cancellationToken)
   at Microsoft.EntityFrameworkCore.DbContext.SaveChangesAsync(Boolean acceptAllChangesOnSuccess, CancellationToken cancellationToken)
Microsoft.EntityFrameworkCore.DbUpdateException: An error occurred while saving the entity changes. See the inner exception for details.
 ---> Microsoft.Data.SqlClient.SqlException (0x80131904): Cannot insert explicit value for identity column in table 'Components' when IDENTITY_INSERT is set to OFF.
   at Microsoft.Data.SqlClient.SqlCommand.<>c.<ExecuteDbDataReaderAsync>b__195_0(Task`1 result)
   at System.Threading.Tasks.ContinuationResultTaskFromResultTask`2.InnerInvoke()
   at System.Threading.ExecutionContext.RunInternal(ExecutionContext executionContext, ContextCallback callback, Object state)
--- End of stack trace from previous location ---
   at System.Threading.ExecutionContext.RunInternal(ExecutionContext executionContext, ContextCallback callback, Object state)
   at System.Threading.Tasks.Task.ExecuteWithThreadLocal(Task& currentTaskSlot, Thread threadPoolThread)
--- End of stack trace from previous location ---
   at Microsoft.EntityFrameworkCore.Storage.RelationalCommand.ExecuteReaderAsync(RelationalCommandParameterObject parameterObject, CancellationToken cancellationToken)
   at Microsoft.EntityFrameworkCore.Storage.RelationalCommand.ExecuteReaderAsync(RelationalCommandParameterObject parameterObject, CancellationToken cancellationToken)
   at Microsoft.EntityFrameworkCore.Update.ReaderModificationCommandBatch.ExecuteAsync(IRelationalConnection connection, CancellationToken cancellationToken)
ClientConnectionId:09f67de6-1eac-42b1-b254-e2ade254f660
Error Number:544,State:1,Class:16
   --- End of inner exception stack trace ---
   at Microsoft.EntityFrameworkCore.Update.ReaderModificationCommandBatch.ExecuteAsync(IRelationalConnection connection, CancellationToken cancellationToken)
   at Microsoft.EntityFrameworkCore.SqlServer.Update.Internal.SqlServerModificationCommandBatch.ExecuteAsync(IRelationalConnection connection, CancellationToken cancellationToken)
   at Microsoft.EntityFrameworkCore.Update.Internal.BatchExecutor.ExecuteAsync(IEnumerable`1 commandBatches, IRelationalConnection connection, CancellationToken cancellationToken)
   at Microsoft.EntityFrameworkCore.Update.Internal.BatchExecutor.ExecuteAsync(IEnumerable`1 commandBatches, IRelationalConnection connection, CancellationToken cancellationToken)
   at Microsoft.EntityFrameworkCore.Update.Internal.BatchExecutor.ExecuteAsync(IEnumerable`1 commandBatches, IRelationalConnection connection, CancellationToken cancellationToken)
   at Microsoft.EntityFrameworkCore.Storage.RelationalDatabase.SaveChangesAsync(IList`1 entries, CancellationToken cancellationToken)
   at Microsoft.EntityFrameworkCore.ChangeTracking.Internal.StateManager.SaveChangesAsync(IList`1 entriesToSave, CancellationToken cancellationToken)
   at Microsoft.EntityFrameworkCore.ChangeTracking.Internal.StateManager.SaveChangesAsync(StateManager stateManager, Boolean acceptAllChangesOnSuccess, CancellationToken cancellationToken)
   at Microsoft.EntityFrameworkCore.SqlServer.Storage.Internal.SqlServerExecutionStrategy.ExecuteAsync[TState,TResult](TState state, Func`4 operation, Func`4 verifySucceeded, CancellationToken cancellationToken)
   at Microsoft.EntityFrameworkCore.DbContext.SaveChangesAsync(Boolean acceptAllChangesOnSuccess, CancellationToken cancellationToken)
2026-03-31 20:57:52.934 +03:00 [INF] Executed action CatalogService.Controllers.ComponentsController.Create (CatalogService) in 149.3936ms
2026-03-31 20:57:52.937 +03:00 [INF] Executed endpoint 'CatalogService.Controllers.ComponentsController.Create (CatalogService)'
2026-03-31 20:57:53.003 +03:00 [ERR] Unhandled exception
Microsoft.EntityFrameworkCore.DbUpdateException: An error occurred while saving the entity changes. See the inner exception for details.
 ---> Microsoft.Data.SqlClient.SqlException (0x80131904): Cannot insert explicit value for identity column in table 'Components' when IDENTITY_INSERT is set to OFF.
   at Microsoft.Data.SqlClient.SqlCommand.<>c.<ExecuteDbDataReaderAsync>b__195_0(Task`1 result)
   at System.Threading.Tasks.ContinuationResultTaskFromResultTask`2.InnerInvoke()
   at System.Threading.ExecutionContext.RunInternal(ExecutionContext executionContext, ContextCallback callback, Object state)
--- End of stack trace from previous location ---
   at System.Threading.ExecutionContext.RunInternal(ExecutionContext executionContext, ContextCallback callback, Object state)
   at System.Threading.Tasks.Task.ExecuteWithThreadLocal(Task& currentTaskSlot, Thread threadPoolThread)
--- End of stack trace from previous location ---
   at Microsoft.EntityFrameworkCore.Storage.RelationalCommand.ExecuteReaderAsync(RelationalCommandParameterObject parameterObject, CancellationToken cancellationToken)
   at Microsoft.EntityFrameworkCore.Storage.RelationalCommand.ExecuteReaderAsync(RelationalCommandParameterObject parameterObject, CancellationToken cancellationToken)
   at Microsoft.EntityFrameworkCore.Update.ReaderModificationCommandBatch.ExecuteAsync(IRelationalConnection connection, CancellationToken cancellationToken)
ClientConnectionId:09f67de6-1eac-42b1-b254-e2ade254f660
Error Number:544,State:1,Class:16
   --- End of inner exception stack trace ---
   at Microsoft.EntityFrameworkCore.Update.ReaderModificationCommandBatch.ExecuteAsync(IRelationalConnection connection, CancellationToken cancellationToken)
   at Microsoft.EntityFrameworkCore.SqlServer.Update.Internal.SqlServerModificationCommandBatch.ExecuteAsync(IRelationalConnection connection, CancellationToken cancellationToken)
   at Microsoft.EntityFrameworkCore.Update.Internal.BatchExecutor.ExecuteAsync(IEnumerable`1 commandBatches, IRelationalConnection connection, CancellationToken cancellationToken)
   at Microsoft.EntityFrameworkCore.Update.Internal.BatchExecutor.ExecuteAsync(IEnumerable`1 commandBatches, IRelationalConnection connection, CancellationToken cancellationToken)
   at Microsoft.EntityFrameworkCore.Update.Internal.BatchExecutor.ExecuteAsync(IEnumerable`1 commandBatches, IRelationalConnection connection, CancellationToken cancellationToken)
   at Microsoft.EntityFrameworkCore.Storage.RelationalDatabase.SaveChangesAsync(IList`1 entries, CancellationToken cancellationToken)
   at Microsoft.EntityFrameworkCore.ChangeTracking.Internal.StateManager.SaveChangesAsync(IList`1 entriesToSave, CancellationToken cancellationToken)
   at Microsoft.EntityFrameworkCore.ChangeTracking.Internal.StateManager.SaveChangesAsync(StateManager stateManager, Boolean acceptAllChangesOnSuccess, CancellationToken cancellationToken)
   at Microsoft.EntityFrameworkCore.SqlServer.Storage.Internal.SqlServerExecutionStrategy.ExecuteAsync[TState,TResult](TState state, Func`4 operation, Func`4 verifySucceeded, CancellationToken cancellationToken)
   at Microsoft.EntityFrameworkCore.DbContext.SaveChangesAsync(Boolean acceptAllChangesOnSuccess, CancellationToken cancellationToken)
   at Microsoft.EntityFrameworkCore.DbContext.SaveChangesAsync(Boolean acceptAllChangesOnSuccess, CancellationToken cancellationToken)
   at CatalogService.DAL.Repositories.UnitOfWork.SaveChangesAsync() in C:\Users\Dell\source\repos\Anzorrrrrrrrrrr\OptiComponent-Microservices\CatalogService\DAL\Repositories\UnitOfWork.cs:line 24
   at CatalogService.BLL.Services.ComponentService.AddAsync(ComponentDto dto) in C:\Users\Dell\source\repos\Anzorrrrrrrrrrr\OptiComponent-Microservices\CatalogService\BLL\Services\ComponentService.cs:line 52
   at CatalogService.Controllers.ComponentsController.Create(ComponentDto dto) in C:\Users\Dell\source\repos\Anzorrrrrrrrrrr\OptiComponent-Microservices\CatalogService\Controllers\ComponentsController.cs:line 61
   at Microsoft.AspNetCore.Mvc.Infrastructure.ActionMethodExecutor.TaskOfIActionResultExecutor.Execute(ActionContext actionContext, IActionResultTypeMapper mapper, ObjectMethodExecutor executor, Object controller, Object[] arguments)
   at Microsoft.AspNetCore.Mvc.Infrastructure.ControllerActionInvoker.<InvokeActionMethodAsync>g__Awaited|12_0(ControllerActionInvoker invoker, ValueTask`1 actionResultValueTask)
   at Microsoft.AspNetCore.Mvc.Infrastructure.ControllerActionInvoker.<InvokeNextActionFilterAsync>g__Awaited|10_0(ControllerActionInvoker invoker, Task lastTask, State next, Scope scope, Object state, Boolean isCompleted)
   at Microsoft.AspNetCore.Mvc.Infrastructure.ControllerActionInvoker.Rethrow(ActionExecutedContextSealed context)
   at Microsoft.AspNetCore.Mvc.Infrastructure.ControllerActionInvoker.Next(State& next, Scope& scope, Object& state, Boolean& isCompleted)
   at Microsoft.AspNetCore.Mvc.Infrastructure.ControllerActionInvoker.<InvokeInnerFilterAsync>g__Awaited|13_0(ControllerActionInvoker invoker, Task lastTask, State next, Scope scope, Object state, Boolean isCompleted)
   at Microsoft.AspNetCore.Mvc.Infrastructure.ResourceInvoker.<InvokeFilterPipelineAsync>g__Awaited|20_0(ResourceInvoker invoker, Task lastTask, State next, Scope scope, Object state, Boolean isCompleted)
   at Microsoft.AspNetCore.Mvc.Infrastructure.ResourceInvoker.<InvokeAsync>g__Logged|17_1(ResourceInvoker invoker)
   at Microsoft.AspNetCore.Mvc.Infrastructure.ResourceInvoker.<InvokeAsync>g__Logged|17_1(ResourceInvoker invoker)
   at Microsoft.AspNetCore.Routing.EndpointMiddleware.<Invoke>g__AwaitRequestTask|7_0(Endpoint endpoint, Task requestTask, ILogger logger)
   at Microsoft.AspNetCore.Authorization.AuthorizationMiddleware.Invoke(HttpContext context)
   at Microsoft.AspNetCore.Authentication.AuthenticationMiddleware.Invoke(HttpContext context)
   at GlobalExceptionMiddleware.InvokeAsync(HttpContext context) in C:\Users\Dell\source\repos\Anzorrrrrrrrrrr\OptiComponent-Microservices\CatalogService\Middleware\GlobalExceptionMiddleware.cs:line 21
2026-03-31 20:57:53.023 +03:00 [ERR] HTTP POST /api/Components responded 500 in 242.9198 ms
2026-03-31 20:57:53.030 +03:00 [INF] Request finished HTTP/2 POST https://localhost:7284/api/Components - 500 null application/problem+json 260.1138ms
2026-03-31 21:00:40.263 +03:00 [INF] Request starting HTTP/2 POST https://localhost:7284/api/Components - application/json 105
2026-03-31 21:00:40.274 +03:00 [INF] Executing endpoint 'CatalogService.Controllers.ComponentsController.Create (CatalogService)'
2026-03-31 21:00:40.276 +03:00 [INF] Route matched with {action = "Create", controller = "Components"}. Executing controller action with signature System.Threading.Tasks.Task`1[Microsoft.AspNetCore.Mvc.IActionResult] Create(CatalogService.BLL.DTOs.ComponentDto) on controller CatalogService.Controllers.ComponentsController (CatalogService).
2026-03-31 21:00:40.287 +03:00 [INF] Executed DbCommand (4ms) [Parameters=[@p0='?' (Size = 4000), @p1='?' (Size = 4000), @p2='?' (Size = 4000), @p3='?' (Size = 4000)], CommandType='"Text"', CommandTimeout='30']
SET NOCOUNT ON;
INSERT INTO [Categories] ([Description], [Name])
OUTPUT INSERTED.[Id]
VALUES (@p0, @p1);
INSERT INTO [Suppliers] ([Country], [Name])
OUTPUT INSERTED.[Id]
VALUES (@p2, @p3);
2026-03-31 21:00:40.294 +03:00 [INF] Executed DbCommand (2ms) [Parameters=[@p4='?' (DbType = Int32), @p5='?' (Size = 4000), @p6='?' (Precision = 18) (Scale = 2) (DbType = Decimal), @p7='?' (DbType = Int32)], CommandType='"Text"', CommandTimeout='30']
SET IMPLICIT_TRANSACTIONS OFF;
SET NOCOUNT ON;
INSERT INTO [Components] ([CategoryId], [Name], [Price], [SupplierId])
OUTPUT INSERTED.[Id]
VALUES (@p4, @p5, @p6, @p7);
2026-03-31 21:00:40.310 +03:00 [INF] Component created {"Id":2,"Name":"diod","Price":400,"CategoryId":5,"SupplierId":5,"Category":{"Id":5,"Name":"Electronics","Description":null,"Components":[{"Id":2,"Name":"diod","Price":400,"CategoryId":5,"SupplierId":5,"Category":{"Id":5,"Name":"Electronics","Description":null,"Components":[{"Id":2,"Name":"diod","Price":400,"CategoryId":5,"SupplierId":5,"Category":{"Id":5,"Name":"Electronics","Description":null,"Components":[{"Id":null,"Name":null,"Price":null,"CategoryId":null,"SupplierId":null,"Category":null,"Supplier":null,"Datasheet":null,"$type":"Component"}],"$type":"Category"},"Supplier":{"Id":5,"Name":"ses","Country":"","Components":[{"Id":null,"Name":null,"Price":null,"CategoryId":null,"SupplierId":null,"Category":null,"Supplier":null,"Datasheet":null,"$type":"Component"}],"$type":"Supplier"},"Datasheet":null,"$type":"Component"}],"$type":"Category"},"Supplier":{"Id":5,"Name":"ses","Country":"","Components":[{"Id":2,"Name":"diod","Price":400,"CategoryId":5,"SupplierId":5,"Category":{"Id":5,"Name":"Electronics","Description":null,"Components":[{"Id":null,"Name":null,"Price":null,"CategoryId":null,"SupplierId":null,"Category":null,"Supplier":null,"Datasheet":null,"$type":"Component"}],"$type":"Category"},"Supplier":{"Id":5,"Name":"ses","Country":"","Components":[{"Id":null,"Name":null,"Price":null,"CategoryId":null,"SupplierId":null,"Category":null,"Supplier":null,"Datasheet":null,"$type":"Component"}],"$type":"Supplier"},"Datasheet":null,"$type":"Component"}],"$type":"Supplier"},"Datasheet":null,"$type":"Component"}],"$type":"Category"},"Supplier":{"Id":5,"Name":"ses","Country":"","Components":[{"Id":2,"Name":"diod","Price":400,"CategoryId":5,"SupplierId":5,"Category":{"Id":5,"Name":"Electronics","Description":null,"Components":[{"Id":2,"Name":"diod","Price":400,"CategoryId":5,"SupplierId":5,"Category":{"Id":5,"Name":"Electronics","Description":null,"Components":[{"Id":null,"Name":null,"Price":null,"CategoryId":null,"SupplierId":null,"Category":null,"Supplier":null,"Datasheet":null,"$type":"Component"}],"$type":"Category"},"Supplier":{"Id":5,"Name":"ses","Country":"","Components":[{"Id":null,"Name":null,"Price":null,"CategoryId":null,"SupplierId":null,"Category":null,"Supplier":null,"Datasheet":null,"$type":"Component"}],"$type":"Supplier"},"Datasheet":null,"$type":"Component"}],"$type":"Category"},"Supplier":{"Id":5,"Name":"ses","Country":"","Components":[{"Id":2,"Name":"diod","Price":400,"CategoryId":5,"SupplierId":5,"Category":{"Id":5,"Name":"Electronics","Description":null,"Components":[{"Id":null,"Name":null,"Price":null,"CategoryId":null,"SupplierId":null,"Category":null,"Supplier":null,"Datasheet":null,"$type":"Component"}],"$type":"Category"},"Supplier":{"Id":5,"Name":"ses","Country":"","Components":[{"Id":null,"Name":null,"Price":null,"CategoryId":null,"SupplierId":null,"Category":null,"Supplier":null,"Datasheet":null,"$type":"Component"}],"$type":"Supplier"},"Datasheet":null,"$type":"Component"}],"$type":"Supplier"},"Datasheet":null,"$type":"Component"}],"$type":"Supplier"},"Datasheet":null,"$type":"Component"}
2026-03-31 21:00:40.433 +03:00 [INF] Executing StatusCodeResult, setting HTTP status code 200
2026-03-31 21:00:40.434 +03:00 [INF] Executed action CatalogService.Controllers.ComponentsController.Create (CatalogService) in 153.7769ms
2026-03-31 21:00:40.436 +03:00 [INF] Executed endpoint 'CatalogService.Controllers.ComponentsController.Create (CatalogService)'
2026-03-31 21:00:40.437 +03:00 [INF] HTTP POST /api/Components responded 200 in 163.5123 ms
2026-03-31 21:00:40.440 +03:00 [INF] Request finished HTTP/2 POST https://localhost:7284/api/Components - 200 0 null 177.4417ms
2026-03-31 21:00:45.544 +03:00 [INF] Request starting HTTP/2 GET https://localhost:7284/api/Components - null null
2026-03-31 21:00:45.547 +03:00 [INF] Executing endpoint 'CatalogService.Controllers.ComponentsController.GetAll (CatalogService)'
2026-03-31 21:00:45.548 +03:00 [INF] Route matched with {action = "GetAll", controller = "Components"}. Executing controller action with signature System.Threading.Tasks.Task`1[Microsoft.AspNetCore.Mvc.IActionResult] GetAll() on controller CatalogService.Controllers.ComponentsController (CatalogService).
2026-03-31 21:00:45.554 +03:00 [INF] Executed DbCommand (2ms) [Parameters=[], CommandType='"Text"', CommandTimeout='30']
SELECT [c].[Id], [c].[CategoryId], [c].[Name], [c].[Price], [c].[SupplierId]
FROM [Components] AS [c]
2026-03-31 21:00:45.561 +03:00 [INF] Returned 2 components from CatalogDb
2026-03-31 21:00:45.563 +03:00 [INF] Executing OkObjectResult, writing value of type 'System.Collections.Generic.List`1[[CatalogService.BLL.DTOs.ComponentDto, CatalogService, Version=1.0.0.0, Culture=neutral, PublicKeyToken=null]]'.
2026-03-31 21:00:45.565 +03:00 [INF] Executed action CatalogService.Controllers.ComponentsController.GetAll (CatalogService) in 13.8382ms
2026-03-31 21:00:45.567 +03:00 [INF] Executed endpoint 'CatalogService.Controllers.ComponentsController.GetAll (CatalogService)'
2026-03-31 21:00:45.568 +03:00 [INF] HTTP GET /api/Components responded 200 in 21.9696 ms
2026-03-31 21:00:45.570 +03:00 [INF] Request finished HTTP/2 GET https://localhost:7284/api/Components - 200 null application/json; charset=utf-8 26.4207ms
2026-03-31 21:01:01.383 +03:00 [INF] Request starting HTTP/2 POST https://localhost:7284/components.ComponentsGrpc/GetComponentByName - application/grpc null
2026-03-31 21:01:01.389 +03:00 [INF] Executing endpoint 'gRPC - /components.ComponentsGrpc/GetComponentByName'
2026-03-31 21:01:01.395 +03:00 [INF] Executed DbCommand (4ms) [Parameters=[@__request_Name_0='?' (Size = 4000)], CommandType='"Text"', CommandTimeout='30']
SELECT TOP(1) [c].[Id], [c].[CategoryId], [c].[Name], [c].[Price], [c].[SupplierId], [c0].[Id], [c0].[Description], [c0].[Name], [s].[Id], [s].[Country], [s].[Name]
FROM [Components] AS [c]
INNER JOIN [Categories] AS [c0] ON [c].[CategoryId] = [c0].[Id]
INNER JOIN [Suppliers] AS [s] ON [c].[SupplierId] = [s].[Id]
WHERE [c].[Name] = @__request_Name_0
2026-03-31 21:01:01.399 +03:00 [INF] Executed endpoint 'gRPC - /components.ComponentsGrpc/GetComponentByName'
2026-03-31 21:01:01.400 +03:00 [INF] HTTP POST /components.ComponentsGrpc/GetComponentByName responded 200 in 11.7908 ms
2026-03-31 21:01:01.403 +03:00 [INF] Request finished HTTP/2 POST https://localhost:7284/components.ComponentsGrpc/GetComponentByName - 200 null application/grpc 20.3018ms
2026-03-31 21:30:40.288 +03:00 [INF] User profile is available. Using 'C:\Users\Dell\AppData\Local\ASP.NET\DataProtection-Keys' as key repository and Windows DPAPI to encrypt keys at rest.
2026-03-31 21:30:40.556 +03:00 [INF] Now listening on: https://localhost:7284
2026-03-31 21:30:40.558 +03:00 [INF] Now listening on: http://localhost:5155
2026-03-31 21:30:40.827 +03:00 [INF] Application started. Press Ctrl+C to shut down.
2026-03-31 21:30:40.828 +03:00 [INF] Hosting environment: Development
2026-03-31 21:30:40.830 +03:00 [INF] Content root path: C:\Users\Dell\source\repos\Anzorrrrrrrrrrr\OptiComponent-Microservices\CatalogService
2026-03-31 21:30:41.338 +03:00 [INF] Request starting HTTP/2 GET https://localhost:7284/swagger/index.html - null null
2026-03-31 21:30:41.641 +03:00 [INF] Request finished HTTP/2 GET https://localhost:7284/swagger/index.html - 200 null text/html;charset=utf-8 305.9939ms
2026-03-31 21:30:41.752 +03:00 [INF] Request starting HTTP/2 GET https://localhost:7284/_framework/aspnetcore-browser-refresh.js - null null
2026-03-31 21:30:41.755 +03:00 [INF] Request starting HTTP/2 GET https://localhost:7284/_vs/browserLink - null null
2026-03-31 21:30:41.791 +03:00 [INF] Request finished HTTP/2 GET https://localhost:7284/_framework/aspnetcore-browser-refresh.js - 200 14933 application/javascript; charset=utf-8 38.6144ms
2026-03-31 21:30:41.866 +03:00 [INF] Request finished HTTP/2 GET https://localhost:7284/_vs/browserLink - 200 null text/javascript; charset=UTF-8 112.5569ms
2026-03-31 21:30:41.934 +03:00 [INF] Request starting HTTP/2 GET https://localhost:7284/swagger/v1/swagger.json - null null
2026-03-31 21:30:41.996 +03:00 [INF] Request finished HTTP/2 GET https://localhost:7284/swagger/v1/swagger.json - 200 null application/json;charset=utf-8 62.5114ms
2026-03-31 21:31:37.898 +03:00 [INF] Request starting HTTP/2 GET https://localhost:7284/api/Components - null null
2026-03-31 21:31:38.011 +03:00 [INF] Executing endpoint 'CatalogService.Controllers.ComponentsController.GetAll (CatalogService)'
2026-03-31 21:31:38.032 +03:00 [INF] Route matched with {action = "GetAll", controller = "Components"}. Executing controller action with signature System.Threading.Tasks.Task`1[Microsoft.AspNetCore.Mvc.IActionResult] GetAll() on controller CatalogService.Controllers.ComponentsController (CatalogService).
2026-03-31 21:31:38.533 +03:00 [WRN] No store type was specified for the decimal property 'Price' on entity type 'Component'. This will cause values to be silently truncated if they do not fit in the default precision and scale. Explicitly specify the SQL server column type that can accommodate all the values in 'OnModelCreating' using 'HasColumnType', specify precision and scale using 'HasPrecision', or configure a value converter using 'HasConversion'.
2026-03-31 21:31:39.155 +03:00 [INF] Executed DbCommand (35ms) [Parameters=[], CommandType='"Text"', CommandTimeout='30']
SELECT [c].[Id], [c].[CategoryId], [c].[Name], [c].[Price], [c].[SupplierId]
FROM [Components] AS [c]
2026-03-31 21:31:39.218 +03:00 [INF] Returned 2 components from CatalogDb
2026-03-31 21:31:39.240 +03:00 [INF] Executing OkObjectResult, writing value of type 'System.Collections.Generic.List`1[[CatalogService.BLL.DTOs.ComponentDto, CatalogService, Version=1.0.0.0, Culture=neutral, PublicKeyToken=null]]'.
2026-03-31 21:31:39.253 +03:00 [INF] Executed action CatalogService.Controllers.ComponentsController.GetAll (CatalogService) in 1214.6781ms
2026-03-31 21:31:39.255 +03:00 [INF] Executed endpoint 'CatalogService.Controllers.ComponentsController.GetAll (CatalogService)'
2026-03-31 21:31:39.258 +03:00 [INF] HTTP GET /api/Components responded 200 in 1347.9653 ms
2026-03-31 21:31:39.265 +03:00 [INF] Request finished HTTP/2 GET https://localhost:7284/api/Components - 200 null application/json; charset=utf-8 1366.9887ms
2026-03-31 21:32:18.965 +03:00 [INF] Request starting HTTP/2 PUT https://localhost:7284/api/Components/2 - application/json 102
2026-03-31 21:32:18.971 +03:00 [INF] Executing endpoint 'CatalogService.Controllers.ComponentsController.Update (CatalogService)'
2026-03-31 21:32:18.980 +03:00 [INF] Route matched with {action = "Update", controller = "Components"}. Executing controller action with signature System.Threading.Tasks.Task`1[Microsoft.AspNetCore.Mvc.IActionResult] Update(Int32, CatalogService.BLL.DTOs.ComponentDto) on controller CatalogService.Controllers.ComponentsController (CatalogService).
2026-03-31 21:32:19.195 +03:00 [INF] Executed DbCommand (21ms) [Parameters=[@__p_0='?' (DbType = Int32)], CommandType='"Text"', CommandTimeout='30']
SELECT TOP(1) [c].[Id], [c].[CategoryId], [c].[Name], [c].[Price], [c].[SupplierId]
FROM [Components] AS [c]
WHERE [c].[Id] = @__p_0
2026-03-31 21:32:19.277 +03:00 [INF] Executed DbCommand (7ms) [Parameters=[@p4='?' (DbType = Int32), @p0='?' (DbType = Int32), @p1='?' (Size = 4000), @p2='?' (Precision = 18) (Scale = 2) (DbType = Decimal), @p3='?' (DbType = Int32)], CommandType='"Text"', CommandTimeout='30']
SET IMPLICIT_TRANSACTIONS OFF;
SET NOCOUNT ON;
UPDATE [Components] SET [CategoryId] = @p0, [Name] = @p1, [Price] = @p2, [SupplierId] = @p3
OUTPUT 1
WHERE [Id] = @p4;
2026-03-31 21:32:19.289 +03:00 [INF] Component updated {"Id":2,"Name":"dio","Price":300,"CategoryId":5,"SupplierId":5,"Category":null,"Supplier":null,"Datasheet":null,"$type":"Component"}
2026-03-31 21:32:19.296 +03:00 [INF] Executing OkObjectResult, writing value of type '<>f__AnonymousType0`1[[System.String, System.Private.CoreLib, Version=8.0.0.0, Culture=neutral, PublicKeyToken=7cec85d7bea7798e]]'.
2026-03-31 21:32:19.300 +03:00 [INF] Executed action CatalogService.Controllers.ComponentsController.Update (CatalogService) in 318.4329ms
2026-03-31 21:32:19.302 +03:00 [INF] Executed endpoint 'CatalogService.Controllers.ComponentsController.Update (CatalogService)'
2026-03-31 21:32:19.304 +03:00 [INF] HTTP PUT /api/Components/2 responded 200 in 334.6368 ms
2026-03-31 21:32:19.305 +03:00 [INF] Request finished HTTP/2 PUT https://localhost:7284/api/Components/2 - 200 null application/json; charset=utf-8 339.962ms
2026-03-31 21:32:24.437 +03:00 [INF] Request starting HTTP/2 GET https://localhost:7284/api/Components - null null
2026-03-31 21:32:24.444 +03:00 [INF] Executing endpoint 'CatalogService.Controllers.ComponentsController.GetAll (CatalogService)'
2026-03-31 21:32:24.445 +03:00 [INF] Route matched with {action = "GetAll", controller = "Components"}. Executing controller action with signature System.Threading.Tasks.Task`1[Microsoft.AspNetCore.Mvc.IActionResult] GetAll() on controller CatalogService.Controllers.ComponentsController (CatalogService).
2026-03-31 21:32:24.460 +03:00 [INF] Executed DbCommand (1ms) [Parameters=[], CommandType='"Text"', CommandTimeout='30']
SELECT [c].[Id], [c].[CategoryId], [c].[Name], [c].[Price], [c].[SupplierId]
FROM [Components] AS [c]
2026-03-31 21:32:24.463 +03:00 [INF] Returned 2 components from CatalogDb
2026-03-31 21:32:24.464 +03:00 [INF] Executing OkObjectResult, writing value of type 'System.Collections.Generic.List`1[[CatalogService.BLL.DTOs.ComponentDto, CatalogService, Version=1.0.0.0, Culture=neutral, PublicKeyToken=null]]'.
2026-03-31 21:32:24.466 +03:00 [INF] Executed action CatalogService.Controllers.ComponentsController.GetAll (CatalogService) in 19.2143ms
2026-03-31 21:32:24.468 +03:00 [INF] Executed endpoint 'CatalogService.Controllers.ComponentsController.GetAll (CatalogService)'
2026-03-31 21:32:24.469 +03:00 [INF] HTTP GET /api/Components responded 200 in 27.3975 ms
2026-03-31 21:32:24.470 +03:00 [INF] Request finished HTTP/2 GET https://localhost:7284/api/Components - 200 null application/json; charset=utf-8 32.9816ms
2026-03-31 21:40:16.785 +03:00 [INF] User profile is available. Using 'C:\Users\Dell\AppData\Local\ASP.NET\DataProtection-Keys' as key repository and Windows DPAPI to encrypt keys at rest.
2026-03-31 21:40:17.121 +03:00 [INF] Now listening on: https://localhost:7284
2026-03-31 21:40:17.124 +03:00 [INF] Now listening on: http://localhost:5155
2026-03-31 21:40:17.544 +03:00 [INF] Application started. Press Ctrl+C to shut down.
2026-03-31 21:40:17.546 +03:00 [INF] Hosting environment: Development
2026-03-31 21:40:17.548 +03:00 [INF] Content root path: C:\Users\Dell\source\repos\Anzorrrrrrrrrrr\OptiComponent-Microservices\CatalogService
2026-03-31 21:40:18.170 +03:00 [INF] Request starting HTTP/2 GET https://localhost:7284/swagger/index.html - null null
2026-03-31 21:40:18.567 +03:00 [INF] Request finished HTTP/2 GET https://localhost:7284/swagger/index.html - 200 null text/html;charset=utf-8 401.2056ms
2026-03-31 21:40:18.668 +03:00 [INF] Request starting HTTP/2 GET https://localhost:7284/_vs/browserLink - null null
2026-03-31 21:40:18.668 +03:00 [INF] Request starting HTTP/2 GET https://localhost:7284/_framework/aspnetcore-browser-refresh.js - null null
2026-03-31 21:40:18.695 +03:00 [INF] Request finished HTTP/2 GET https://localhost:7284/_framework/aspnetcore-browser-refresh.js - 200 14933 application/javascript; charset=utf-8 26.7302ms
2026-03-31 21:40:18.733 +03:00 [INF] Request finished HTTP/2 GET https://localhost:7284/_vs/browserLink - 200 null text/javascript; charset=UTF-8 64.8053ms
2026-03-31 21:40:18.822 +03:00 [INF] Request starting HTTP/2 GET https://localhost:7284/swagger/v1/swagger.json - null null
2026-03-31 21:40:18.839 +03:00 [INF] Request finished HTTP/2 GET https://localhost:7284/swagger/v1/swagger.json - 200 null application/json;charset=utf-8 17.655ms
2026-03-31 21:42:42.792 +03:00 [INF] User profile is available. Using 'C:\Users\Dell\AppData\Local\ASP.NET\DataProtection-Keys' as key repository and Windows DPAPI to encrypt keys at rest.
2026-03-31 21:42:43.084 +03:00 [INF] Now listening on: https://localhost:7284
2026-03-31 21:42:43.088 +03:00 [INF] Now listening on: http://localhost:5155
2026-03-31 21:42:43.277 +03:00 [INF] Application started. Press Ctrl+C to shut down.
2026-03-31 21:42:43.279 +03:00 [INF] Hosting environment: Development
2026-03-31 21:42:43.280 +03:00 [INF] Content root path: C:\Users\Dell\source\repos\Anzorrrrrrrrrrr\OptiComponent-Microservices\CatalogService
2026-03-31 21:42:43.725 +03:00 [INF] Request starting HTTP/2 GET https://localhost:7284/swagger/index.html - null null
2026-03-31 21:42:44.055 +03:00 [INF] Request finished HTTP/2 GET https://localhost:7284/swagger/index.html - 200 null text/html;charset=utf-8 330.1197ms
2026-03-31 21:42:44.191 +03:00 [INF] Request starting HTTP/2 GET https://localhost:7284/_framework/aspnetcore-browser-refresh.js - null null
2026-03-31 21:42:44.191 +03:00 [INF] Request starting HTTP/2 GET https://localhost:7284/_vs/browserLink - null null
2026-03-31 21:42:44.212 +03:00 [INF] Request finished HTTP/2 GET https://localhost:7284/_framework/aspnetcore-browser-refresh.js - 200 14933 application/javascript; charset=utf-8 20.3498ms
2026-03-31 21:42:44.287 +03:00 [INF] Request finished HTTP/2 GET https://localhost:7284/_vs/browserLink - 200 null text/javascript; charset=UTF-8 96.268ms
2026-03-31 21:42:44.400 +03:00 [INF] Request starting HTTP/2 GET https://localhost:7284/swagger/v1/swagger.json - null null
2026-03-31 21:42:44.425 +03:00 [INF] Request finished HTTP/2 GET https://localhost:7284/swagger/v1/swagger.json - 200 null application/json;charset=utf-8 24.9052ms
2026-03-31 21:47:38.937 +03:00 [INF] User profile is available. Using 'C:\Users\Dell\AppData\Local\ASP.NET\DataProtection-Keys' as key repository and Windows DPAPI to encrypt keys at rest.
2026-03-31 21:47:39.268 +03:00 [INF] Now listening on: https://localhost:7284
2026-03-31 21:47:39.271 +03:00 [INF] Now listening on: http://localhost:5155
2026-03-31 21:47:39.444 +03:00 [INF] Application started. Press Ctrl+C to shut down.
2026-03-31 21:47:39.447 +03:00 [INF] Hosting environment: Development
2026-03-31 21:47:39.451 +03:00 [INF] Content root path: C:\Users\Dell\source\repos\Anzorrrrrrrrrrr\OptiComponent-Microservices\CatalogService
2026-03-31 21:47:39.950 +03:00 [INF] Request starting HTTP/2 GET https://localhost:7284/swagger/index.html - null null
2026-03-31 21:47:40.269 +03:00 [INF] Request finished HTTP/2 GET https://localhost:7284/swagger/index.html - 200 null text/html;charset=utf-8 320.6507ms
2026-03-31 21:47:40.335 +03:00 [INF] Request starting HTTP/2 GET https://localhost:7284/_framework/aspnetcore-browser-refresh.js - null null
2026-03-31 21:47:40.336 +03:00 [INF] Request starting HTTP/2 GET https://localhost:7284/_vs/browserLink - null null
2026-03-31 21:47:40.348 +03:00 [INF] Request finished HTTP/2 GET https://localhost:7284/_framework/aspnetcore-browser-refresh.js - 200 14933 application/javascript; charset=utf-8 12.4607ms
2026-03-31 21:47:40.408 +03:00 [INF] Request finished HTTP/2 GET https://localhost:7284/_vs/browserLink - 200 null text/javascript; charset=UTF-8 72.1097ms
2026-03-31 21:47:40.481 +03:00 [INF] Request starting HTTP/2 GET https://localhost:7284/swagger/v1/swagger.json - null null
2026-03-31 21:47:40.504 +03:00 [INF] Request finished HTTP/2 GET https://localhost:7284/swagger/v1/swagger.json - 200 null application/json;charset=utf-8 23.0587ms
2026-03-31 21:48:23.138 +03:00 [INF] User profile is available. Using 'C:\Users\Dell\AppData\Local\ASP.NET\DataProtection-Keys' as key repository and Windows DPAPI to encrypt keys at rest.
2026-03-31 21:48:23.468 +03:00 [INF] Now listening on: https://localhost:7284
2026-03-31 21:48:23.470 +03:00 [INF] Now listening on: http://localhost:5155
2026-03-31 21:48:23.584 +03:00 [INF] Application started. Press Ctrl+C to shut down.
2026-03-31 21:48:23.585 +03:00 [INF] Hosting environment: Development
2026-03-31 21:48:23.585 +03:00 [INF] Content root path: C:\Users\Dell\source\repos\Anzorrrrrrrrrrr\OptiComponent-Microservices\CatalogService
2026-03-31 21:48:24.847 +03:00 [INF] Request starting HTTP/2 GET https://localhost:7284/swagger/index.html - null null
2026-03-31 21:48:25.096 +03:00 [INF] Request finished HTTP/2 GET https://localhost:7284/swagger/index.html - 200 null text/html;charset=utf-8 249.7077ms
2026-03-31 21:48:25.201 +03:00 [INF] Request starting HTTP/2 GET https://localhost:7284/_vs/browserLink - null null
2026-03-31 21:48:25.201 +03:00 [INF] Request starting HTTP/2 GET https://localhost:7284/_framework/aspnetcore-browser-refresh.js - null null
2026-03-31 21:48:25.220 +03:00 [INF] Request finished HTTP/2 GET https://localhost:7284/_framework/aspnetcore-browser-refresh.js - 200 14933 application/javascript; charset=utf-8 19.5911ms
2026-03-31 21:48:25.276 +03:00 [INF] Request finished HTTP/2 GET https://localhost:7284/_vs/browserLink - 200 null text/javascript; charset=UTF-8 75.1799ms
2026-03-31 21:48:25.351 +03:00 [INF] Request starting HTTP/2 GET https://localhost:7284/swagger/v1/swagger.json - null null
2026-03-31 21:48:25.410 +03:00 [INF] Request finished HTTP/2 GET https://localhost:7284/swagger/v1/swagger.json - 200 null application/json;charset=utf-8 59.1546ms
2026-03-31 21:57:22.727 +03:00 [INF] User profile is available. Using 'C:\Users\Dell\AppData\Local\ASP.NET\DataProtection-Keys' as key repository and Windows DPAPI to encrypt keys at rest.
2026-03-31 21:57:23.103 +03:00 [INF] Now listening on: https://localhost:7284
2026-03-31 21:57:23.105 +03:00 [INF] Now listening on: http://localhost:5155
2026-03-31 21:57:23.282 +03:00 [INF] Application started. Press Ctrl+C to shut down.
2026-03-31 21:57:23.284 +03:00 [INF] Hosting environment: Development
2026-03-31 21:57:23.285 +03:00 [INF] Content root path: C:\Users\Dell\source\repos\Anzorrrrrrrrrrr\OptiComponent-Microservices\CatalogService
2026-03-31 21:57:23.433 +03:00 [INF] Request starting HTTP/2 GET https://localhost:7284/swagger - null null
2026-03-31 21:57:23.672 +03:00 [INF] Request finished HTTP/2 GET https://localhost:7284/swagger - 301 null null 240.9068ms
2026-03-31 21:57:23.678 +03:00 [INF] Request starting HTTP/2 GET https://localhost:7284/swagger/index.html - null null
2026-03-31 21:57:23.773 +03:00 [INF] Request starting HTTP/2 GET https://localhost:7284/swagger/swagger-ui.css - null null
2026-03-31 21:57:23.774 +03:00 [INF] Request starting HTTP/2 GET https://localhost:7284/swagger/swagger-ui-bundle.js - null null
2026-03-31 21:57:23.774 +03:00 [INF] Request starting HTTP/2 GET https://localhost:7284/swagger/swagger-ui-standalone-preset.js - null null
2026-03-31 21:57:23.774 +03:00 [INF] Request finished HTTP/2 GET https://localhost:7284/swagger/index.html - 200 null text/html;charset=utf-8 96.1359ms
2026-03-31 21:57:23.843 +03:00 [INF] Sending file. Request path: '/swagger-ui.css'. Physical path: 'N/A'
2026-03-31 21:57:23.844 +03:00 [INF] Sending file. Request path: '/swagger-ui-standalone-preset.js'. Physical path: 'N/A'
2026-03-31 21:57:23.849 +03:00 [INF] Request finished HTTP/2 GET https://localhost:7284/swagger/swagger-ui.css - 200 143943 text/css 75.6751ms
2026-03-31 21:57:23.855 +03:00 [INF] Request starting HTTP/2 GET https://localhost:7284/_framework/aspnetcore-browser-refresh.js - null null
2026-03-31 21:57:23.858 +03:00 [INF] Request starting HTTP/2 GET https://localhost:7284/_vs/browserLink - null null
2026-03-31 21:57:23.867 +03:00 [INF] Sending file. Request path: '/swagger-ui-bundle.js'. Physical path: 'N/A'
2026-03-31 21:57:23.849 +03:00 [INF] Request finished HTTP/2 GET https://localhost:7284/swagger/swagger-ui-standalone-preset.js - 200 339486 text/javascript 75.9097ms
2026-03-31 21:57:23.869 +03:00 [INF] Request finished HTTP/2 GET https://localhost:7284/swagger/swagger-ui-bundle.js - 200 1096145 text/javascript 96.0168ms
2026-03-31 21:57:23.872 +03:00 [INF] Request finished HTTP/2 GET https://localhost:7284/_framework/aspnetcore-browser-refresh.js - 200 14933 application/javascript; charset=utf-8 17.3578ms
2026-03-31 21:57:23.920 +03:00 [INF] Request finished HTTP/2 GET https://localhost:7284/_vs/browserLink - 200 null text/javascript; charset=UTF-8 62.0658ms
2026-03-31 21:57:24.117 +03:00 [INF] Request starting HTTP/2 GET https://localhost:7284/swagger/v1/swagger.json - null null
2026-03-31 21:57:24.128 +03:00 [INF] Request finished HTTP/2 GET https://localhost:7284/swagger/v1/swagger.json - 200 null application/json;charset=utf-8 10.7111ms
2026-03-31 21:57:24.204 +03:00 [INF] Request starting HTTP/2 GET https://localhost:7284/swagger/favicon-32x32.png - null null
2026-03-31 21:57:24.210 +03:00 [INF] Sending file. Request path: '/favicon-32x32.png'. Physical path: 'N/A'
2026-03-31 21:57:24.212 +03:00 [INF] Request finished HTTP/2 GET https://localhost:7284/swagger/favicon-32x32.png - 200 628 image/png 8.5829ms
