2025-12-04 14:26:12.453 +02:00 [INF] User profile is available. Using 'C:\Users\user\AppData\Local\ASP.NET\DataProtection-Keys' as key repository and Windows DPAPI to encrypt keys at rest.
2025-12-04 14:26:12.711 +02:00 [INF] Now listening on: https://localhost:7284
2025-12-04 14:26:12.713 +02:00 [INF] Now listening on: http://localhost:5155
2025-12-04 14:26:12.852 +02:00 [INF] Application started. Press Ctrl+C to shut down.
2025-12-04 14:26:12.854 +02:00 [INF] Hosting environment: Development
2025-12-04 14:26:12.857 +02:00 [INF] Content root path: C:\Users\user\Desktop\OptiComponent\CatalogService
2025-12-04 14:26:13.299 +02:00 [INF] Request starting HTTP/2 GET https://localhost:7284/swagger/index.html - null null
2025-12-04 14:26:13.464 +02:00 [INF] Request finished HTTP/2 GET https://localhost:7284/swagger/index.html - 200 null text/html;charset=utf-8 166.3253ms
2025-12-04 14:26:13.556 +02:00 [INF] Request starting HTTP/2 GET https://localhost:7284/_vs/browserLink - null null
2025-12-04 14:26:13.556 +02:00 [INF] Request starting HTTP/2 GET https://localhost:7284/_framework/aspnetcore-browser-refresh.js - null null
2025-12-04 14:26:13.567 +02:00 [INF] Request finished HTTP/2 GET https://localhost:7284/_framework/aspnetcore-browser-refresh.js - 200 13764 application/javascript; charset=utf-8 11.5393ms
2025-12-04 14:26:13.591 +02:00 [INF] Request finished HTTP/2 GET https://localhost:7284/_vs/browserLink - 200 null text/javascript; charset=UTF-8 35.7799ms
2025-12-04 14:26:13.692 +02:00 [INF] Request starting HTTP/2 GET https://localhost:7284/swagger/v1/swagger.json - null null
2025-12-04 14:26:13.839 +02:00 [INF] Request finished HTTP/2 GET https://localhost:7284/swagger/v1/swagger.json - 200 null application/json;charset=utf-8 147.9385ms
2025-12-04 14:26:43.147 +02:00 [INF] User profile is available. Using 'C:\Users\user\AppData\Local\ASP.NET\DataProtection-Keys' as key repository and Windows DPAPI to encrypt keys at rest.
2025-12-04 14:26:43.331 +02:00 [INF] Now listening on: https://localhost:7284
2025-12-04 14:26:43.332 +02:00 [INF] Now listening on: http://localhost:5155
2025-12-04 14:26:43.399 +02:00 [INF] Application started. Press Ctrl+C to shut down.
2025-12-04 14:26:43.400 +02:00 [INF] Hosting environment: Development
2025-12-04 14:26:43.401 +02:00 [INF] Content root path: C:\Users\user\Desktop\OptiComponent\CatalogService
2025-12-04 14:26:43.745 +02:00 [INF] Request starting HTTP/2 GET https://localhost:7284/swagger/index.html - null null
2025-12-04 14:26:43.876 +02:00 [INF] Request finished HTTP/2 GET https://localhost:7284/swagger/index.html - 200 null text/html;charset=utf-8 136.1268ms
2025-12-04 14:26:43.959 +02:00 [INF] Request starting HTTP/2 GET https://localhost:7284/_vs/browserLink - null null
2025-12-04 14:26:43.959 +02:00 [INF] Request starting HTTP/2 GET https://localhost:7284/_framework/aspnetcore-browser-refresh.js - null null
2025-12-04 14:26:43.968 +02:00 [INF] Request finished HTTP/2 GET https://localhost:7284/_framework/aspnetcore-browser-refresh.js - 200 13764 application/javascript; charset=utf-8 9.5076ms
2025-12-04 14:26:43.987 +02:00 [INF] Request finished HTTP/2 GET https://localhost:7284/_vs/browserLink - 200 null text/javascript; charset=UTF-8 28.4137ms
2025-12-04 14:26:44.027 +02:00 [INF] Request starting HTTP/2 GET https://localhost:7284/swagger/v1/swagger.json - null null
2025-12-04 14:26:44.099 +02:00 [INF] Request finished HTTP/2 GET https://localhost:7284/swagger/v1/swagger.json - 200 null application/json;charset=utf-8 73.0096ms
2025-12-04 14:27:10.533 +02:00 [INF] User profile is available. Using 'C:\Users\user\AppData\Local\ASP.NET\DataProtection-Keys' as key repository and Windows DPAPI to encrypt keys at rest.
2025-12-04 14:27:10.718 +02:00 [INF] Now listening on: https://localhost:7284
2025-12-04 14:27:10.720 +02:00 [INF] Now listening on: http://localhost:5155
2025-12-04 14:27:10.788 +02:00 [INF] Application started. Press Ctrl+C to shut down.
2025-12-04 14:27:10.789 +02:00 [INF] Hosting environment: Development
2025-12-04 14:27:10.790 +02:00 [INF] Content root path: C:\Users\user\Desktop\OptiComponent\CatalogService
2025-12-04 14:27:11.162 +02:00 [INF] Request starting HTTP/2 GET https://localhost:7284/swagger/index.html - null null
2025-12-04 14:27:11.297 +02:00 [INF] Request finished HTTP/2 GET https://localhost:7284/swagger/index.html - 200 null text/html;charset=utf-8 141.2015ms
2025-12-04 14:27:11.381 +02:00 [INF] Request starting HTTP/2 GET https://localhost:7284/_framework/aspnetcore-browser-refresh.js - null null
2025-12-04 14:27:11.381 +02:00 [INF] Request starting HTTP/2 GET https://localhost:7284/_vs/browserLink - null null
2025-12-04 14:27:11.388 +02:00 [INF] Request finished HTTP/2 GET https://localhost:7284/_framework/aspnetcore-browser-refresh.js - 200 13764 application/javascript; charset=utf-8 7.585ms
2025-12-04 14:27:11.412 +02:00 [INF] Request finished HTTP/2 GET https://localhost:7284/_vs/browserLink - 200 null text/javascript; charset=UTF-8 30.9748ms
2025-12-04 14:27:11.454 +02:00 [INF] Request starting HTTP/2 GET https://localhost:7284/swagger/v1/swagger.json - null null
2025-12-04 14:27:11.531 +02:00 [INF] Request finished HTTP/2 GET https://localhost:7284/swagger/v1/swagger.json - 200 null application/json;charset=utf-8 76.5684ms
2025-12-04 14:27:14.838 +02:00 [INF] Request starting HTTP/2 GET https://localhost:7284/api/Components - null null
2025-12-04 14:27:14.895 +02:00 [INF] Authorization failed. These requirements were not met:
DenyAnonymousAuthorizationRequirement: Requires an authenticated user.
2025-12-04 14:27:14.898 +02:00 [INF] AuthenticationScheme: Bearer was challenged.
2025-12-04 14:27:14.899 +02:00 [INF] HTTP GET /api/Components responded 401 in 56.7872 ms
2025-12-04 14:27:14.901 +02:00 [INF] Request finished HTTP/2 GET https://localhost:7284/api/Components - 401 0 null 63.3256ms
2025-12-04 14:27:19.168 +02:00 [INF] Request starting HTTP/2 GET https://localhost:7284/api/Components - null null
2025-12-04 14:27:19.172 +02:00 [INF] Authorization failed. These requirements were not met:
DenyAnonymousAuthorizationRequirement: Requires an authenticated user.
2025-12-04 14:27:19.173 +02:00 [INF] AuthenticationScheme: Bearer was challenged.
2025-12-04 14:27:19.174 +02:00 [INF] HTTP GET /api/Components responded 401 in 3.8099 ms
2025-12-04 14:27:19.175 +02:00 [INF] Request finished HTTP/2 GET https://localhost:7284/api/Components - 401 0 null 7.2261ms
2025-12-04 14:31:30.111 +02:00 [INF] User profile is available. Using 'C:\Users\user\AppData\Local\ASP.NET\DataProtection-Keys' as key repository and Windows DPAPI to encrypt keys at rest.
2025-12-04 14:31:30.340 +02:00 [INF] Now listening on: https://localhost:7284
2025-12-04 14:31:30.342 +02:00 [INF] Now listening on: http://localhost:5155
2025-12-04 14:31:30.452 +02:00 [INF] Application started. Press Ctrl+C to shut down.
2025-12-04 14:31:30.454 +02:00 [INF] Hosting environment: Development
2025-12-04 14:31:30.455 +02:00 [INF] Content root path: C:\Users\user\Desktop\OptiComponent\CatalogService
2025-12-04 14:31:30.895 +02:00 [INF] Request starting HTTP/2 GET https://localhost:7284/swagger/index.html - null null
2025-12-04 14:31:31.070 +02:00 [INF] Request finished HTTP/2 GET https://localhost:7284/swagger/index.html - 200 null text/html;charset=utf-8 175.3104ms
2025-12-04 14:31:31.257 +02:00 [INF] Request starting HTTP/2 GET https://localhost:7284/_framework/aspnetcore-browser-refresh.js - null null
2025-12-04 14:31:31.258 +02:00 [INF] Request starting HTTP/2 GET https://localhost:7284/_vs/browserLink - null null
2025-12-04 14:31:31.267 +02:00 [INF] Request finished HTTP/2 GET https://localhost:7284/_framework/aspnetcore-browser-refresh.js - 200 13764 application/javascript; charset=utf-8 9.9948ms
2025-12-04 14:31:31.302 +02:00 [INF] Request finished HTTP/2 GET https://localhost:7284/_vs/browserLink - 200 null text/javascript; charset=UTF-8 43.2658ms
2025-12-04 14:31:31.370 +02:00 [INF] Request starting HTTP/2 GET https://localhost:7284/swagger/v1/swagger.json - null null
2025-12-04 14:31:31.502 +02:00 [INF] Request finished HTTP/2 GET https://localhost:7284/swagger/v1/swagger.json - 200 null application/json;charset=utf-8 131.1941ms
2025-12-04 14:32:26.739 +02:00 [INF] Request starting HTTP/2 GET https://localhost:7284/api/Components - null null
2025-12-04 14:32:26.830 +02:00 [INF] Executing endpoint 'CatalogService.Controllers.ComponentsController.GetAll (CatalogService)'
2025-12-04 14:32:26.845 +02:00 [INF] Route matched with {action = "GetAll", controller = "Components"}. Executing controller action with signature System.Threading.Tasks.Task`1[Microsoft.AspNetCore.Mvc.IActionResult] GetAll() on controller CatalogService.Controllers.ComponentsController (CatalogService).
2025-12-04 14:32:27.319 +02:00 [WRN] No store type was specified for the decimal property 'Price' on entity type 'Component'. This will cause values to be silently truncated if they do not fit in the default precision and scale. Explicitly specify the SQL server column type that can accommodate all the values in 'OnModelCreating' using 'HasColumnType', specify precision and scale using 'HasPrecision', or configure a value converter using 'HasConversion'.
2025-12-04 14:32:27.868 +02:00 [INF] Executed DbCommand (29ms) [Parameters=[], CommandType='"Text"', CommandTimeout='30']
SELECT [c].[Id], [c].[CategoryId], [c].[Name], [c].[Price], [c].[SupplierId]
FROM [Components] AS [c]
2025-12-04 14:32:27.922 +02:00 [INF] Returned 6 components from CatalogDb
2025-12-04 14:32:27.937 +02:00 [INF] Executing OkObjectResult, writing value of type 'System.Collections.Generic.List`1[[CatalogService.BLL.DTOs.ComponentDto, CatalogService, Version=1.0.0.0, Culture=neutral, PublicKeyToken=null]]'.
2025-12-04 14:32:27.948 +02:00 [INF] Executed action CatalogService.Controllers.ComponentsController.GetAll (CatalogService) in 1098.3292ms
2025-12-04 14:32:27.950 +02:00 [INF] Executed endpoint 'CatalogService.Controllers.ComponentsController.GetAll (CatalogService)'
2025-12-04 14:32:27.953 +02:00 [INF] HTTP GET /api/Components responded 200 in 1203.8384 ms
2025-12-04 14:32:27.958 +02:00 [INF] Request finished HTTP/2 GET https://localhost:7284/api/Components - 200 null application/json; charset=utf-8 1219.1188ms
