2025-11-30 12:40:57.076 +02:00 [INF] Now listening on: https://localhost:7284
2025-11-30 12:40:57.106 +02:00 [INF] Now listening on: http://localhost:5155
2025-11-30 12:40:57.182 +02:00 [INF] Application started. Press Ctrl+C to shut down.
2025-11-30 12:40:57.183 +02:00 [INF] Hosting environment: Development
2025-11-30 12:40:57.184 +02:00 [INF] Content root path: C:\Users\user\Desktop\CatalogService
2025-11-30 12:40:58.302 +02:00 [INF] Request starting HTTP/2 GET https://localhost:7284/swagger/index.html - null null
2025-11-30 12:40:58.485 +02:00 [INF] Request finished HTTP/2 GET https://localhost:7284/swagger/index.html - 200 null text/html;charset=utf-8 189.6058ms
2025-11-30 12:40:58.589 +02:00 [INF] Request starting HTTP/2 GET https://localhost:7284/_framework/aspnetcore-browser-refresh.js - null null
2025-11-30 12:40:58.589 +02:00 [INF] Request starting HTTP/2 GET https://localhost:7284/_vs/browserLink - null null
2025-11-30 12:40:58.596 +02:00 [INF] Request finished HTTP/2 GET https://localhost:7284/_framework/aspnetcore-browser-refresh.js - 200 13764 application/javascript; charset=utf-8 6.5406ms
2025-11-30 12:40:58.622 +02:00 [INF] Request finished HTTP/2 GET https://localhost:7284/_vs/browserLink - 200 null text/javascript; charset=UTF-8 32.7947ms
2025-11-30 12:40:58.680 +02:00 [INF] Request starting HTTP/2 GET https://localhost:7284/swagger/v1/swagger.json - null null
2025-11-30 12:40:58.763 +02:00 [INF] Request finished HTTP/2 GET https://localhost:7284/swagger/v1/swagger.json - 200 null application/json;charset=utf-8 82.9169ms
2025-11-30 12:50:06.515 +02:00 [INF] Request starting HTTP/2 GET https://localhost:7284/api/Components - null null
2025-11-30 12:50:06.525 +02:00 [INF] Executing endpoint 'CatalogService.Controllers.ComponentsController.GetAll (CatalogService)'
2025-11-30 12:50:06.544 +02:00 [INF] Route matched with {action = "GetAll", controller = "Components"}. Executing controller action with signature System.Threading.Tasks.Task`1[Microsoft.AspNetCore.Mvc.IActionResult] GetAll() on controller CatalogService.Controllers.ComponentsController (CatalogService).
2025-11-30 12:50:07.023 +02:00 [WRN] No store type was specified for the decimal property 'Price' on entity type 'Component'. This will cause values to be silently truncated if they do not fit in the default precision and scale. Explicitly specify the SQL server column type that can accommodate all the values in 'OnModelCreating' using 'HasColumnType', specify precision and scale using 'HasPrecision', or configure a value converter using 'HasConversion'.
2025-11-30 12:50:07.615 +02:00 [INF] Executed DbCommand (29ms) [Parameters=[], CommandType='"Text"', CommandTimeout='30']
SELECT [c].[Id], [c].[CategoryId], [c].[Name], [c].[Price], [c].[SupplierId]
FROM [Components] AS [c]
2025-11-30 12:50:07.674 +02:00 [INF] Returned 6 components from CatalogDb
2025-11-30 12:50:07.691 +02:00 [INF] Executing OkObjectResult, writing value of type 'System.Collections.Generic.List`1[[CatalogService.BLL.DTOs.ComponentDto, CatalogService, Version=1.0.0.0, Culture=neutral, PublicKeyToken=null]]'.
2025-11-30 12:50:07.701 +02:00 [INF] Executed action CatalogService.Controllers.ComponentsController.GetAll (CatalogService) in 1153.3642ms
2025-11-30 12:50:07.703 +02:00 [INF] Executed endpoint 'CatalogService.Controllers.ComponentsController.GetAll (CatalogService)'
2025-11-30 12:50:07.705 +02:00 [INF] HTTP GET /api/Components responded 200 in 1181.3119 ms
2025-11-30 12:50:07.710 +02:00 [INF] Request finished HTTP/2 GET https://localhost:7284/api/Components - 200 null application/json; charset=utf-8 1195.2938ms
2025-11-30 12:50:37.169 +02:00 [INF] Request starting HTTP/2 POST https://localhost:7284/components.ComponentsGrpc/GetComponentByName - application/grpc null
2025-11-30 12:50:37.171 +02:00 [INF] Executing endpoint 'gRPC - /components.ComponentsGrpc/GetComponentByName'
2025-11-30 12:50:37.348 +02:00 [INF] Executed DbCommand (21ms) [Parameters=[@__request_Name_0='?' (Size = 4000)], CommandType='"Text"', CommandTimeout='30']
SELECT TOP(1) [c].[Id], [c].[CategoryId], [c].[Name], [c].[Price], [c].[SupplierId], [c0].[Id], [c0].[Description], [c0].[Name], [s].[Id], [s].[Country], [s].[Name]
FROM [Components] AS [c]
INNER JOIN [Categories] AS [c0] ON [c].[CategoryId] = [c0].[Id]
INNER JOIN [Suppliers] AS [s] ON [c].[SupplierId] = [s].[Id]
WHERE [c].[Name] = @__request_Name_0
2025-11-30 12:50:37.382 +02:00 [INF] Executed endpoint 'gRPC - /components.ComponentsGrpc/GetComponentByName'
2025-11-30 12:50:37.383 +02:00 [INF] HTTP POST /components.ComponentsGrpc/GetComponentByName responded 200 in 211.8101 ms
2025-11-30 12:50:37.387 +02:00 [INF] Request finished HTTP/2 POST https://localhost:7284/components.ComponentsGrpc/GetComponentByName - 200 null application/grpc 219.1647ms
2025-11-30 12:50:43.669 +02:00 [INF] Request starting HTTP/2 POST https://localhost:7284/components.ComponentsGrpc/GetComponentByName - application/grpc null
2025-11-30 12:50:43.671 +02:00 [INF] Executing endpoint 'gRPC - /components.ComponentsGrpc/GetComponentByName'
2025-11-30 12:50:43.686 +02:00 [INF] Executed DbCommand (3ms) [Parameters=[@__request_Name_0='?' (Size = 4000)], CommandType='"Text"', CommandTimeout='30']
SELECT TOP(1) [c].[Id], [c].[CategoryId], [c].[Name], [c].[Price], [c].[SupplierId], [c0].[Id], [c0].[Description], [c0].[Name], [s].[Id], [s].[Country], [s].[Name]
FROM [Components] AS [c]
INNER JOIN [Categories] AS [c0] ON [c].[CategoryId] = [c0].[Id]
INNER JOIN [Suppliers] AS [s] ON [c].[SupplierId] = [s].[Id]
WHERE [c].[Name] = @__request_Name_0
2025-11-30 12:50:43.688 +02:00 [INF] Executed endpoint 'gRPC - /components.ComponentsGrpc/GetComponentByName'
2025-11-30 12:50:43.689 +02:00 [INF] HTTP POST /components.ComponentsGrpc/GetComponentByName responded 200 in 17.6296 ms
2025-11-30 12:50:43.690 +02:00 [INF] Request finished HTTP/2 POST https://localhost:7284/components.ComponentsGrpc/GetComponentByName - 200 null application/grpc 21.2421ms
2025-11-30 17:44:21.066 +02:00 [INF] User profile is available. Using 'C:\Users\user\AppData\Local\ASP.NET\DataProtection-Keys' as key repository and Windows DPAPI to encrypt keys at rest.
2025-11-30 17:44:21.272 +02:00 [INF] Now listening on: https://localhost:7284
2025-11-30 17:44:21.274 +02:00 [INF] Now listening on: http://localhost:5155
2025-11-30 17:44:21.356 +02:00 [INF] Application started. Press Ctrl+C to shut down.
2025-11-30 17:44:21.357 +02:00 [INF] Hosting environment: Development
2025-11-30 17:44:21.358 +02:00 [INF] Content root path: C:\Users\user\Desktop\CatalogService
2025-11-30 17:44:22.206 +02:00 [INF] Request starting HTTP/2 GET https://localhost:7284/swagger/index.html - null null
2025-11-30 17:44:22.390 +02:00 [INF] Request finished HTTP/2 GET https://localhost:7284/swagger/index.html - 200 null text/html;charset=utf-8 184.6101ms
2025-11-30 17:44:22.562 +02:00 [INF] Request starting HTTP/2 GET https://localhost:7284/_vs/browserLink - null null
2025-11-30 17:44:22.564 +02:00 [INF] Request starting HTTP/2 GET https://localhost:7284/_framework/aspnetcore-browser-refresh.js - null null
2025-11-30 17:44:22.584 +02:00 [INF] Request finished HTTP/2 GET https://localhost:7284/_framework/aspnetcore-browser-refresh.js - 200 13764 application/javascript; charset=utf-8 19.2212ms
2025-11-30 17:44:22.605 +02:00 [INF] Request finished HTTP/2 GET https://localhost:7284/_vs/browserLink - 200 null text/javascript; charset=UTF-8 42.9309ms
2025-11-30 17:44:22.654 +02:00 [INF] Request starting HTTP/2 GET https://localhost:7284/swagger/v1/swagger.json - null null
2025-11-30 17:44:22.728 +02:00 [INF] Request finished HTTP/2 GET https://localhost:7284/swagger/v1/swagger.json - 200 null application/json;charset=utf-8 73.9024ms
2025-11-30 17:44:49.906 +02:00 [INF] User profile is available. Using 'C:\Users\user\AppData\Local\ASP.NET\DataProtection-Keys' as key repository and Windows DPAPI to encrypt keys at rest.
2025-11-30 17:44:50.138 +02:00 [INF] Now listening on: https://localhost:7284
2025-11-30 17:44:50.141 +02:00 [INF] Now listening on: http://localhost:5155
2025-11-30 17:44:50.244 +02:00 [INF] Application started. Press Ctrl+C to shut down.
2025-11-30 17:44:50.246 +02:00 [INF] Hosting environment: Development
2025-11-30 17:44:50.247 +02:00 [INF] Content root path: C:\Users\user\Desktop\CatalogService
2025-11-30 17:44:50.928 +02:00 [INF] Request starting HTTP/2 GET https://localhost:7284/swagger/index.html - null null
2025-11-30 17:44:51.072 +02:00 [INF] Request finished HTTP/2 GET https://localhost:7284/swagger/index.html - 200 null text/html;charset=utf-8 143.9137ms
2025-11-30 17:44:51.108 +02:00 [INF] Request starting HTTP/2 GET https://localhost:7284/_framework/aspnetcore-browser-refresh.js - null null
2025-11-30 17:44:51.115 +02:00 [INF] Request finished HTTP/2 GET https://localhost:7284/_framework/aspnetcore-browser-refresh.js - 200 13764 application/javascript; charset=utf-8 7.05ms
2025-11-30 17:44:51.144 +02:00 [INF] Request starting HTTP/2 GET https://localhost:7284/_vs/browserLink - null null
2025-11-30 17:44:51.173 +02:00 [INF] Request finished HTTP/2 GET https://localhost:7284/_vs/browserLink - 200 null text/javascript; charset=UTF-8 28.8401ms
2025-11-30 17:44:51.222 +02:00 [INF] Request starting HTTP/2 GET https://localhost:7284/swagger/v1/swagger.json - null null
2025-11-30 17:44:51.303 +02:00 [INF] Request finished HTTP/2 GET https://localhost:7284/swagger/v1/swagger.json - 200 null application/json;charset=utf-8 81.0539ms
2025-11-30 17:45:46.922 +02:00 [INF] User profile is available. Using 'C:\Users\user\AppData\Local\ASP.NET\DataProtection-Keys' as key repository and Windows DPAPI to encrypt keys at rest.
2025-11-30 17:45:47.128 +02:00 [INF] Now listening on: https://localhost:7284
2025-11-30 17:45:47.130 +02:00 [INF] Now listening on: http://localhost:5155
2025-11-30 17:45:47.221 +02:00 [INF] Application started. Press Ctrl+C to shut down.
2025-11-30 17:45:47.222 +02:00 [INF] Hosting environment: Development
2025-11-30 17:45:47.223 +02:00 [INF] Content root path: C:\Users\user\Desktop\CatalogService
2025-11-30 17:45:48.449 +02:00 [INF] Request starting HTTP/2 GET https://localhost:7284/swagger/index.html - null null
2025-11-30 17:45:48.625 +02:00 [INF] Request finished HTTP/2 GET https://localhost:7284/swagger/index.html - 200 null text/html;charset=utf-8 176.3649ms
2025-11-30 17:45:48.724 +02:00 [INF] Request starting HTTP/2 GET https://localhost:7284/_framework/aspnetcore-browser-refresh.js - null null
2025-11-30 17:45:48.735 +02:00 [INF] Request starting HTTP/2 GET https://localhost:7284/_vs/browserLink - null null
2025-11-30 17:45:48.753 +02:00 [INF] Request finished HTTP/2 GET https://localhost:7284/_framework/aspnetcore-browser-refresh.js - 200 13764 application/javascript; charset=utf-8 28.3863ms
2025-11-30 17:45:48.797 +02:00 [INF] Request finished HTTP/2 GET https://localhost:7284/_vs/browserLink - 200 null text/javascript; charset=UTF-8 61.8275ms
2025-11-30 17:45:48.879 +02:00 [INF] Request starting HTTP/2 GET https://localhost:7284/swagger/v1/swagger.json - null null
2025-11-30 17:45:48.983 +02:00 [INF] Request finished HTTP/2 GET https://localhost:7284/swagger/v1/swagger.json - 200 null application/json;charset=utf-8 103.9409ms
2025-11-30 17:46:09.873 +02:00 [INF] User profile is available. Using 'C:\Users\user\AppData\Local\ASP.NET\DataProtection-Keys' as key repository and Windows DPAPI to encrypt keys at rest.
2025-11-30 17:46:10.136 +02:00 [INF] Now listening on: https://localhost:7284
2025-11-30 17:46:10.138 +02:00 [INF] Now listening on: http://localhost:5155
2025-11-30 17:46:10.222 +02:00 [INF] Application started. Press Ctrl+C to shut down.
2025-11-30 17:46:10.224 +02:00 [INF] Hosting environment: Development
2025-11-30 17:46:10.224 +02:00 [INF] Content root path: C:\Users\user\Desktop\CatalogService
2025-11-30 17:46:10.988 +02:00 [INF] Request starting HTTP/2 GET https://localhost:7284/swagger/index.html - null null
2025-11-30 17:46:11.139 +02:00 [INF] Request finished HTTP/2 GET https://localhost:7284/swagger/index.html - 200 null text/html;charset=utf-8 152.0369ms
2025-11-30 17:46:11.213 +02:00 [INF] Request starting HTTP/2 GET https://localhost:7284/_framework/aspnetcore-browser-refresh.js - null null
2025-11-30 17:46:11.222 +02:00 [INF] Request starting HTTP/2 GET https://localhost:7284/_vs/browserLink - null null
2025-11-30 17:46:11.239 +02:00 [INF] Request finished HTTP/2 GET https://localhost:7284/_framework/aspnetcore-browser-refresh.js - 200 13764 application/javascript; charset=utf-8 25.763ms
2025-11-30 17:46:11.275 +02:00 [INF] Request finished HTTP/2 GET https://localhost:7284/_vs/browserLink - 200 null text/javascript; charset=UTF-8 53.458ms
2025-11-30 17:46:11.341 +02:00 [INF] Request starting HTTP/2 GET https://localhost:7284/swagger/v1/swagger.json - null null
2025-11-30 17:46:11.423 +02:00 [INF] Request finished HTTP/2 GET https://localhost:7284/swagger/v1/swagger.json - 200 null application/json;charset=utf-8 82.681ms
2025-11-30 17:50:33.339 +02:00 [INF] User profile is available. Using 'C:\Users\user\AppData\Local\ASP.NET\DataProtection-Keys' as key repository and Windows DPAPI to encrypt keys at rest.
2025-11-30 17:50:33.610 +02:00 [INF] Now listening on: https://localhost:7284
2025-11-30 17:50:33.613 +02:00 [INF] Now listening on: http://localhost:5155
2025-11-30 17:50:33.725 +02:00 [INF] Application started. Press Ctrl+C to shut down.
2025-11-30 17:50:33.727 +02:00 [INF] Hosting environment: Development
2025-11-30 17:50:33.727 +02:00 [INF] Content root path: C:\Users\user\Desktop\CatalogService
2025-11-30 17:56:02.675 +02:00 [INF] User profile is available. Using 'C:\Users\user\AppData\Local\ASP.NET\DataProtection-Keys' as key repository and Windows DPAPI to encrypt keys at rest.
2025-11-30 17:56:02.871 +02:00 [INF] Now listening on: https://localhost:7284
2025-11-30 17:56:02.873 +02:00 [INF] Now listening on: http://localhost:5155
2025-11-30 17:56:02.938 +02:00 [INF] Application started. Press Ctrl+C to shut down.
2025-11-30 17:56:02.939 +02:00 [INF] Hosting environment: Development
2025-11-30 17:56:02.940 +02:00 [INF] Content root path: C:\Users\user\Desktop\CatalogService
2025-11-30 17:56:03.735 +02:00 [INF] Request starting HTTP/2 GET https://localhost:7284/swagger/index.html - null null
2025-11-30 17:56:03.863 +02:00 [INF] Request finished HTTP/2 GET https://localhost:7284/swagger/index.html - 200 null text/html;charset=utf-8 133.3457ms
2025-11-30 17:56:03.880 +02:00 [INF] Request starting HTTP/2 GET https://localhost:7284/_framework/aspnetcore-browser-refresh.js - null null
2025-11-30 17:56:03.889 +02:00 [INF] Request finished HTTP/2 GET https://localhost:7284/_framework/aspnetcore-browser-refresh.js - 200 13764 application/javascript; charset=utf-8 9.0191ms
2025-11-30 17:56:03.931 +02:00 [INF] Request starting HTTP/2 GET https://localhost:7284/_vs/browserLink - null null
2025-11-30 17:56:03.960 +02:00 [INF] Request finished HTTP/2 GET https://localhost:7284/_vs/browserLink - 200 null text/javascript; charset=UTF-8 28.8004ms
2025-11-30 17:56:04.011 +02:00 [INF] Request starting HTTP/2 GET https://localhost:7284/swagger/v1/swagger.json - null null
2025-11-30 17:56:04.074 +02:00 [INF] Request finished HTTP/2 GET https://localhost:7284/swagger/v1/swagger.json - 200 null application/json;charset=utf-8 63.0221ms
2025-11-30 17:57:11.601 +02:00 [INF] User profile is available. Using 'C:\Users\user\AppData\Local\ASP.NET\DataProtection-Keys' as key repository and Windows DPAPI to encrypt keys at rest.
2025-11-30 17:57:11.837 +02:00 [INF] Now listening on: https://localhost:7284
2025-11-30 17:57:11.838 +02:00 [INF] Now listening on: http://localhost:5155
2025-11-30 17:57:11.910 +02:00 [INF] Application started. Press Ctrl+C to shut down.
2025-11-30 17:57:11.911 +02:00 [INF] Hosting environment: Development
2025-11-30 17:57:11.912 +02:00 [INF] Content root path: C:\Users\user\Desktop\CatalogService
2025-11-30 17:57:12.848 +02:00 [INF] Request starting HTTP/2 GET https://localhost:7284/swagger/index.html - null null
2025-11-30 17:57:12.977 +02:00 [INF] Request finished HTTP/2 GET https://localhost:7284/swagger/index.html - 200 null text/html;charset=utf-8 134.571ms
2025-11-30 17:57:13.067 +02:00 [INF] Request starting HTTP/2 GET https://localhost:7284/_framework/aspnetcore-browser-refresh.js - null null
2025-11-30 17:57:13.067 +02:00 [INF] Request starting HTTP/2 GET https://localhost:7284/_vs/browserLink - null null
2025-11-30 17:57:13.076 +02:00 [INF] Request finished HTTP/2 GET https://localhost:7284/_framework/aspnetcore-browser-refresh.js - 200 13764 application/javascript; charset=utf-8 9.1046ms
2025-11-30 17:57:13.104 +02:00 [INF] Request finished HTTP/2 GET https://localhost:7284/_vs/browserLink - 200 null text/javascript; charset=UTF-8 37.8087ms
2025-11-30 17:57:13.142 +02:00 [INF] Request starting HTTP/2 GET https://localhost:7284/swagger/v1/swagger.json - null null
2025-11-30 17:57:13.213 +02:00 [INF] Request finished HTTP/2 GET https://localhost:7284/swagger/v1/swagger.json - 200 null application/json;charset=utf-8 71.0597ms
2025-11-30 17:57:16.686 +02:00 [INF] Request starting HTTP/2 GET https://localhost:7284/api/Components - null null
2025-11-30 17:57:16.750 +02:00 [INF] Authorization failed. These requirements were not met:
DenyAnonymousAuthorizationRequirement: Requires an authenticated user.
2025-11-30 17:57:16.753 +02:00 [INF] AuthenticationScheme: Bearer was challenged.
2025-11-30 17:57:16.755 +02:00 [INF] HTTP GET /api/Components responded 401 in 63.5371 ms
2025-11-30 17:57:16.757 +02:00 [INF] Request finished HTTP/2 GET https://localhost:7284/api/Components - 401 0 null 71.5056ms
2025-11-30 17:57:20.586 +02:00 [INF] Request starting HTTP/2 GET https://localhost:7284/api/Components - null null
2025-11-30 17:57:20.593 +02:00 [INF] Authorization failed. These requirements were not met:
DenyAnonymousAuthorizationRequirement: Requires an authenticated user.
2025-11-30 17:57:20.594 +02:00 [INF] AuthenticationScheme: Bearer was challenged.
2025-11-30 17:57:20.594 +02:00 [INF] HTTP GET /api/Components responded 401 in 5.4297 ms
2025-11-30 17:57:20.596 +02:00 [INF] Request finished HTTP/2 GET https://localhost:7284/api/Components - 401 0 null 9.7938ms
2025-11-30 17:58:43.444 +02:00 [INF] User profile is available. Using 'C:\Users\user\AppData\Local\ASP.NET\DataProtection-Keys' as key repository and Windows DPAPI to encrypt keys at rest.
2025-11-30 17:58:43.680 +02:00 [INF] Now listening on: https://localhost:7284
2025-11-30 17:58:43.682 +02:00 [INF] Now listening on: http://localhost:5155
2025-11-30 17:58:43.774 +02:00 [INF] Application started. Press Ctrl+C to shut down.
2025-11-30 17:58:43.775 +02:00 [INF] Hosting environment: Development
2025-11-30 17:58:43.775 +02:00 [INF] Content root path: C:\Users\user\Desktop\CatalogService
2025-11-30 17:58:44.307 +02:00 [INF] Request starting HTTP/2 GET https://localhost:7284/swagger/index.html - null null
2025-11-30 17:58:44.458 +02:00 [INF] Request finished HTTP/2 GET https://localhost:7284/swagger/index.html - 200 null text/html;charset=utf-8 151.0954ms
2025-11-30 17:58:44.515 +02:00 [INF] Request starting HTTP/2 GET https://localhost:7284/_framework/aspnetcore-browser-refresh.js - null null
2025-11-30 17:58:44.523 +02:00 [INF] Request finished HTTP/2 GET https://localhost:7284/_framework/aspnetcore-browser-refresh.js - 200 13764 application/javascript; charset=utf-8 7.3488ms
2025-11-30 17:58:44.605 +02:00 [INF] Request starting HTTP/2 GET https://localhost:7284/_vs/browserLink - null null
2025-11-30 17:58:44.646 +02:00 [INF] Request finished HTTP/2 GET https://localhost:7284/_vs/browserLink - 200 null text/javascript; charset=UTF-8 41.1419ms
2025-11-30 17:58:44.698 +02:00 [INF] Request starting HTTP/2 GET https://localhost:7284/swagger/v1/swagger.json - null null
2025-11-30 17:58:44.778 +02:00 [INF] Request finished HTTP/2 GET https://localhost:7284/swagger/v1/swagger.json - 200 null application/json;charset=utf-8 80.3914ms
2025-11-30 17:59:42.381 +02:00 [INF] Request starting HTTP/2 GET https://localhost:7284/api/Components - null null
2025-11-30 17:59:42.439 +02:00 [INF] Authorization failed. These requirements were not met:
DenyAnonymousAuthorizationRequirement: Requires an authenticated user.
2025-11-30 17:59:42.442 +02:00 [INF] AuthenticationScheme: Bearer was challenged.
2025-11-30 17:59:42.444 +02:00 [INF] HTTP GET /api/Components responded 401 in 54.9230 ms
2025-11-30 17:59:42.446 +02:00 [INF] Request finished HTTP/2 GET https://localhost:7284/api/Components - 401 0 null 65.4069ms
2025-11-30 18:06:57.468 +02:00 [INF] User profile is available. Using 'C:\Users\user\AppData\Local\ASP.NET\DataProtection-Keys' as key repository and Windows DPAPI to encrypt keys at rest.
2025-11-30 18:06:57.677 +02:00 [INF] Now listening on: https://localhost:7284
2025-11-30 18:06:57.680 +02:00 [INF] Now listening on: http://localhost:5155
2025-11-30 18:06:57.796 +02:00 [INF] Application started. Press Ctrl+C to shut down.
2025-11-30 18:06:57.797 +02:00 [INF] Hosting environment: Development
2025-11-30 18:06:57.798 +02:00 [INF] Content root path: C:\Users\user\Desktop\CatalogService
2025-11-30 18:06:58.662 +02:00 [INF] Request starting HTTP/2 GET https://localhost:7284/swagger/index.html - null null
2025-11-30 18:06:58.812 +02:00 [INF] Request finished HTTP/2 GET https://localhost:7284/swagger/index.html - 200 null text/html;charset=utf-8 150.3187ms
2025-11-30 18:06:58.853 +02:00 [INF] Request starting HTTP/2 GET https://localhost:7284/_framework/aspnetcore-browser-refresh.js - null null
2025-11-30 18:06:58.860 +02:00 [INF] Request finished HTTP/2 GET https://localhost:7284/_framework/aspnetcore-browser-refresh.js - 200 13764 application/javascript; charset=utf-8 6.9175ms
2025-11-30 18:06:58.880 +02:00 [INF] Request starting HTTP/2 GET https://localhost:7284/_vs/browserLink - null null
2025-11-30 18:06:58.911 +02:00 [INF] Request finished HTTP/2 GET https://localhost:7284/_vs/browserLink - 200 null text/javascript; charset=UTF-8 31.2038ms
2025-11-30 18:06:58.955 +02:00 [INF] Request starting HTTP/2 GET https://localhost:7284/swagger/v1/swagger.json - null null
2025-11-30 18:06:59.040 +02:00 [INF] Request finished HTTP/2 GET https://localhost:7284/swagger/v1/swagger.json - 200 null application/json;charset=utf-8 85.1376ms
2025-11-30 18:07:08.461 +02:00 [INF] Request starting HTTP/2 GET https://localhost:7284/api/Components - null null
2025-11-30 18:07:08.511 +02:00 [INF] Authorization failed. These requirements were not met:
DenyAnonymousAuthorizationRequirement: Requires an authenticated user.
2025-11-30 18:07:08.514 +02:00 [INF] AuthenticationScheme: Bearer was challenged.
2025-11-30 18:07:08.516 +02:00 [INF] HTTP GET /api/Components responded 401 in 48.5689 ms
2025-11-30 18:07:08.518 +02:00 [INF] Request finished HTTP/2 GET https://localhost:7284/api/Components - 401 0 null 56.3908ms
2025-11-30 18:08:59.056 +02:00 [INF] Request starting HTTP/2 GET https://localhost:7284/api/Components - null null
2025-11-30 18:08:59.063 +02:00 [INF] Authorization failed. These requirements were not met:
DenyAnonymousAuthorizationRequirement: Requires an authenticated user.
2025-11-30 18:08:59.063 +02:00 [INF] AuthenticationScheme: Bearer was challenged.
2025-11-30 18:08:59.064 +02:00 [INF] HTTP GET /api/Components responded 401 in 3.5311 ms
2025-11-30 18:08:59.065 +02:00 [INF] Request finished HTTP/2 GET https://localhost:7284/api/Components - 401 0 null 10.3499ms
2025-11-30 18:09:00.645 +02:00 [INF] Request starting HTTP/2 GET https://localhost:7284/api/Components - null null
2025-11-30 18:09:00.647 +02:00 [INF] Authorization failed. These requirements were not met:
DenyAnonymousAuthorizationRequirement: Requires an authenticated user.
2025-11-30 18:09:00.648 +02:00 [INF] AuthenticationScheme: Bearer was challenged.
2025-11-30 18:09:00.649 +02:00 [INF] HTTP GET /api/Components responded 401 in 2.7305 ms
2025-11-30 18:09:00.650 +02:00 [INF] Request finished HTTP/2 GET https://localhost:7284/api/Components - 401 0 null 5.7913ms
2025-11-30 18:09:36.044 +02:00 [INF] Request starting HTTP/2 POST https://localhost:7284/api/Components - application/json 98
2025-11-30 18:09:36.049 +02:00 [INF] Authorization failed. These requirements were not met:
DenyAnonymousAuthorizationRequirement: Requires an authenticated user.
2025-11-30 18:09:36.050 +02:00 [INF] AuthenticationScheme: Bearer was challenged.
2025-11-30 18:09:36.051 +02:00 [INF] HTTP POST /api/Components responded 401 in 1.7220 ms
2025-11-30 18:09:36.052 +02:00 [INF] Request finished HTTP/2 POST https://localhost:7284/api/Components - 401 0 null 7.8023ms
2025-11-30 18:09:45.105 +02:00 [INF] Request starting HTTP/2 GET https://localhost:7284/api/Components - null null
2025-11-30 18:09:45.108 +02:00 [INF] Authorization failed. These requirements were not met:
DenyAnonymousAuthorizationRequirement: Requires an authenticated user.
2025-11-30 18:09:45.109 +02:00 [INF] AuthenticationScheme: Bearer was challenged.
2025-11-30 18:09:45.110 +02:00 [INF] HTTP GET /api/Components responded 401 in 2.4781 ms
2025-11-30 18:09:45.112 +02:00 [INF] Request finished HTTP/2 GET https://localhost:7284/api/Components - 401 0 null 7.0212ms
2025-11-30 18:10:29.786 +02:00 [INF] Request starting HTTP/2 GET https://localhost:7284/api/Components - null null
2025-11-30 18:10:29.790 +02:00 [INF] Authorization failed. These requirements were not met:
DenyAnonymousAuthorizationRequirement: Requires an authenticated user.
2025-11-30 18:10:29.791 +02:00 [INF] AuthenticationScheme: Bearer was challenged.
2025-11-30 18:10:29.792 +02:00 [INF] HTTP GET /api/Components responded 401 in 1.6267 ms
2025-11-30 18:10:29.793 +02:00 [INF] Request finished HTTP/2 GET https://localhost:7284/api/Components - 401 0 null 7.6607ms
2025-11-30 18:10:30.626 +02:00 [INF] Request starting HTTP/2 GET https://localhost:7284/api/Components - null null
2025-11-30 18:10:30.628 +02:00 [INF] Authorization failed. These requirements were not met:
DenyAnonymousAuthorizationRequirement: Requires an authenticated user.
2025-11-30 18:10:30.630 +02:00 [INF] AuthenticationScheme: Bearer was challenged.
2025-11-30 18:10:30.630 +02:00 [INF] HTTP GET /api/Components responded 401 in 2.1632 ms
2025-11-30 18:10:30.632 +02:00 [INF] Request finished HTTP/2 GET https://localhost:7284/api/Components - 401 0 null 5.4935ms
2025-11-30 18:10:30.922 +02:00 [INF] Request starting HTTP/2 GET https://localhost:7284/api/Components - null null
2025-11-30 18:10:30.924 +02:00 [INF] Authorization failed. These requirements were not met:
DenyAnonymousAuthorizationRequirement: Requires an authenticated user.
2025-11-30 18:10:30.925 +02:00 [INF] AuthenticationScheme: Bearer was challenged.
2025-11-30 18:10:30.926 +02:00 [INF] HTTP GET /api/Components responded 401 in 2.0068 ms
2025-11-30 18:10:30.927 +02:00 [INF] Request finished HTTP/2 GET https://localhost:7284/api/Components - 401 0 null 5.5665ms
2025-11-30 18:10:31.117 +02:00 [INF] Request starting HTTP/2 GET https://localhost:7284/api/Components - null null
2025-11-30 18:10:31.121 +02:00 [INF] Authorization failed. These requirements were not met:
DenyAnonymousAuthorizationRequirement: Requires an authenticated user.
2025-11-30 18:10:31.122 +02:00 [INF] AuthenticationScheme: Bearer was challenged.
2025-11-30 18:10:31.123 +02:00 [INF] HTTP GET /api/Components responded 401 in 2.5411 ms
2025-11-30 18:10:31.124 +02:00 [INF] Request finished HTTP/2 GET https://localhost:7284/api/Components - 401 0 null 7.5598ms
2025-11-30 18:17:42.224 +02:00 [INF] User profile is available. Using 'C:\Users\user\AppData\Local\ASP.NET\DataProtection-Keys' as key repository and Windows DPAPI to encrypt keys at rest.
2025-11-30 18:17:42.443 +02:00 [INF] Now listening on: https://localhost:7284
2025-11-30 18:17:42.444 +02:00 [INF] Now listening on: http://localhost:5155
2025-11-30 18:17:42.515 +02:00 [INF] Application started. Press Ctrl+C to shut down.
2025-11-30 18:17:42.516 +02:00 [INF] Hosting environment: Development
2025-11-30 18:17:42.517 +02:00 [INF] Content root path: C:\Users\user\Desktop\CatalogService
2025-11-30 18:17:43.377 +02:00 [INF] Request starting HTTP/2 GET https://localhost:7284/swagger/index.html - null null
2025-11-30 18:17:43.578 +02:00 [INF] Request finished HTTP/2 GET https://localhost:7284/swagger/index.html - 200 null text/html;charset=utf-8 201.3228ms
2025-11-30 18:17:43.700 +02:00 [INF] Request starting HTTP/2 GET https://localhost:7284/_vs/browserLink - null null
2025-11-30 18:17:43.700 +02:00 [INF] Request starting HTTP/2 GET https://localhost:7284/_framework/aspnetcore-browser-refresh.js - null null
2025-11-30 18:17:43.714 +02:00 [INF] Request finished HTTP/2 GET https://localhost:7284/_framework/aspnetcore-browser-refresh.js - 200 13764 application/javascript; charset=utf-8 13.9629ms
2025-11-30 18:17:43.738 +02:00 [INF] Request finished HTTP/2 GET https://localhost:7284/_vs/browserLink - 200 null text/javascript; charset=UTF-8 37.7396ms
2025-11-30 18:17:43.790 +02:00 [INF] Request starting HTTP/2 GET https://localhost:7284/swagger/v1/swagger.json - null null
2025-11-30 18:17:43.879 +02:00 [INF] Request finished HTTP/2 GET https://localhost:7284/swagger/v1/swagger.json - 200 null application/json;charset=utf-8 89.3529ms
2025-11-30 18:18:09.643 +02:00 [INF] Request starting HTTP/2 GET https://localhost:7284/api/Components - null null
2025-11-30 18:18:09.694 +02:00 [INF] Authorization failed. These requirements were not met:
DenyAnonymousAuthorizationRequirement: Requires an authenticated user.
2025-11-30 18:18:09.697 +02:00 [INF] AuthenticationScheme: Bearer was challenged.
2025-11-30 18:18:09.699 +02:00 [INF] HTTP GET /api/Components responded 401 in 51.2242 ms
2025-11-30 18:18:09.701 +02:00 [INF] Request finished HTTP/2 GET https://localhost:7284/api/Components - 401 0 null 57.8403ms
2025-11-30 18:18:19.097 +02:00 [INF] Request starting HTTP/2 POST https://localhost:7284/api/Components - application/json 103
2025-11-30 18:18:19.102 +02:00 [INF] Authorization failed. These requirements were not met:
DenyAnonymousAuthorizationRequirement: Requires an authenticated user.
2025-11-30 18:18:19.103 +02:00 [INF] AuthenticationScheme: Bearer was challenged.
2025-11-30 18:18:19.104 +02:00 [INF] HTTP POST /api/Components responded 401 in 4.0365 ms
2025-11-30 18:18:19.105 +02:00 [INF] Request finished HTTP/2 POST https://localhost:7284/api/Components - 401 0 null 8.1357ms
2025-11-30 18:19:16.505 +02:00 [INF] Request starting HTTP/2 GET https://localhost:7284/api/Components - null null
2025-11-30 18:19:16.510 +02:00 [INF] Authorization failed. These requirements were not met:
DenyAnonymousAuthorizationRequirement: Requires an authenticated user.
2025-11-30 18:19:16.511 +02:00 [INF] AuthenticationScheme: Bearer was challenged.
2025-11-30 18:19:16.512 +02:00 [INF] HTTP GET /api/Components responded 401 in 3.5776 ms
2025-11-30 18:19:16.514 +02:00 [INF] Request finished HTTP/2 GET https://localhost:7284/api/Components - 401 0 null 8.2649ms
2025-11-30 18:19:21.366 +02:00 [INF] Request starting HTTP/2 POST https://localhost:7284/api/Components - application/json 103
2025-11-30 18:19:21.368 +02:00 [INF] Authorization failed. These requirements were not met:
DenyAnonymousAuthorizationRequirement: Requires an authenticated user.
2025-11-30 18:19:21.369 +02:00 [INF] AuthenticationScheme: Bearer was challenged.
2025-11-30 18:19:21.370 +02:00 [INF] HTTP POST /api/Components responded 401 in 1.8109 ms
2025-11-30 18:19:21.371 +02:00 [INF] Request finished HTTP/2 POST https://localhost:7284/api/Components - 401 0 null 5.3878ms
2025-11-30 18:21:18.808 +02:00 [INF] Request starting HTTP/2 GET https://localhost:7284/api/Components - null null
2025-11-30 18:21:18.816 +02:00 [INF] Authorization failed. These requirements were not met:
DenyAnonymousAuthorizationRequirement: Requires an authenticated user.
2025-11-30 18:21:18.817 +02:00 [INF] AuthenticationScheme: Bearer was challenged.
2025-11-30 18:21:18.818 +02:00 [INF] HTTP GET /api/Components responded 401 in 1.7262 ms
2025-11-30 18:21:18.819 +02:00 [INF] Request finished HTTP/2 GET https://localhost:7284/api/Components - 401 0 null 11.243ms
2025-11-30 18:23:13.837 +02:00 [INF] User profile is available. Using 'C:\Users\user\AppData\Local\ASP.NET\DataProtection-Keys' as key repository and Windows DPAPI to encrypt keys at rest.
2025-11-30 18:23:14.044 +02:00 [INF] Now listening on: https://localhost:7284
2025-11-30 18:23:14.046 +02:00 [INF] Now listening on: http://localhost:5155
2025-11-30 18:23:14.127 +02:00 [INF] Application started. Press Ctrl+C to shut down.
2025-11-30 18:23:14.128 +02:00 [INF] Hosting environment: Development
2025-11-30 18:23:14.129 +02:00 [INF] Content root path: C:\Users\user\Desktop\CatalogService
2025-11-30 18:23:15.035 +02:00 [INF] Request starting HTTP/2 GET https://localhost:7284/swagger/index.html - null null
2025-11-30 18:23:15.206 +02:00 [INF] Request finished HTTP/2 GET https://localhost:7284/swagger/index.html - 200 null text/html;charset=utf-8 172.3692ms
2025-11-30 18:23:15.331 +02:00 [INF] Request starting HTTP/2 GET https://localhost:7284/_framework/aspnetcore-browser-refresh.js - null null
2025-11-30 18:23:15.331 +02:00 [INF] Request starting HTTP/2 GET https://localhost:7284/_vs/browserLink - null null
2025-11-30 18:23:15.338 +02:00 [INF] Request finished HTTP/2 GET https://localhost:7284/_framework/aspnetcore-browser-refresh.js - 200 13764 application/javascript; charset=utf-8 7.3455ms
2025-11-30 18:23:15.367 +02:00 [INF] Request finished HTTP/2 GET https://localhost:7284/_vs/browserLink - 200 null text/javascript; charset=UTF-8 36.0585ms
2025-11-30 18:23:15.428 +02:00 [INF] Request starting HTTP/2 GET https://localhost:7284/swagger/v1/swagger.json - null null
2025-11-30 18:23:15.512 +02:00 [INF] Request finished HTTP/2 GET https://localhost:7284/swagger/v1/swagger.json - 200 null application/json;charset=utf-8 85.0826ms
2025-11-30 18:24:16.113 +02:00 [INF] Request starting HTTP/2 GET https://localhost:7284/api/Components - null null
2025-11-30 18:24:16.207 +02:00 [INF] Executing endpoint 'CatalogService.Controllers.ComponentsController.GetAll (CatalogService)'
2025-11-30 18:24:16.223 +02:00 [INF] Route matched with {action = "GetAll", controller = "Components"}. Executing controller action with signature System.Threading.Tasks.Task`1[Microsoft.AspNetCore.Mvc.IActionResult] GetAll() on controller CatalogService.Controllers.ComponentsController (CatalogService).
2025-11-30 18:24:16.681 +02:00 [WRN] No store type was specified for the decimal property 'Price' on entity type 'Component'. This will cause values to be silently truncated if they do not fit in the default precision and scale. Explicitly specify the SQL server column type that can accommodate all the values in 'OnModelCreating' using 'HasColumnType', specify precision and scale using 'HasPrecision', or configure a value converter using 'HasConversion'.
2025-11-30 18:24:17.232 +02:00 [INF] Executed DbCommand (28ms) [Parameters=[], CommandType='"Text"', CommandTimeout='30']
SELECT [c].[Id], [c].[CategoryId], [c].[Name], [c].[Price], [c].[SupplierId]
FROM [Components] AS [c]
2025-11-30 18:24:17.285 +02:00 [INF] Returned 6 components from CatalogDb
2025-11-30 18:24:17.300 +02:00 [INF] Executing OkObjectResult, writing value of type 'System.Collections.Generic.List`1[[CatalogService.BLL.DTOs.ComponentDto, CatalogService, Version=1.0.0.0, Culture=neutral, PublicKeyToken=null]]'.
2025-11-30 18:24:17.310 +02:00 [INF] Executed action CatalogService.Controllers.ComponentsController.GetAll (CatalogService) in 1082.2981ms
2025-11-30 18:24:17.311 +02:00 [INF] Executed endpoint 'CatalogService.Controllers.ComponentsController.GetAll (CatalogService)'
2025-11-30 18:24:17.314 +02:00 [INF] HTTP GET /api/Components responded 200 in 1193.3237 ms
2025-11-30 18:24:17.321 +02:00 [INF] Request finished HTTP/2 GET https://localhost:7284/api/Components - 200 null application/json; charset=utf-8 1208.1823ms
2025-11-30 18:24:30.314 +02:00 [INF] Request starting HTTP/2 GET https://localhost:7284/api/Components - null null
2025-11-30 18:24:30.318 +02:00 [INF] Authorization failed. These requirements were not met:
DenyAnonymousAuthorizationRequirement: Requires an authenticated user.
2025-11-30 18:24:30.322 +02:00 [INF] AuthenticationScheme: Bearer was challenged.
2025-11-30 18:24:30.323 +02:00 [INF] HTTP GET /api/Components responded 401 in 6.8940 ms
2025-11-30 18:24:30.324 +02:00 [INF] Request finished HTTP/2 GET https://localhost:7284/api/Components - 401 0 null 10.6043ms
2025-11-30 18:24:37.047 +02:00 [INF] Request starting HTTP/2 GET https://localhost:7284/api/Components - null null
2025-11-30 18:24:37.052 +02:00 [INF] Executing endpoint 'CatalogService.Controllers.ComponentsController.GetAll (CatalogService)'
2025-11-30 18:24:37.053 +02:00 [INF] Route matched with {action = "GetAll", controller = "Components"}. Executing controller action with signature System.Threading.Tasks.Task`1[Microsoft.AspNetCore.Mvc.IActionResult] GetAll() on controller CatalogService.Controllers.ComponentsController (CatalogService).
2025-11-30 18:24:37.094 +02:00 [INF] Executed DbCommand (3ms) [Parameters=[], CommandType='"Text"', CommandTimeout='30']
SELECT [c].[Id], [c].[CategoryId], [c].[Name], [c].[Price], [c].[SupplierId]
FROM [Components] AS [c]
2025-11-30 18:24:37.096 +02:00 [INF] Returned 6 components from CatalogDb
2025-11-30 18:24:37.097 +02:00 [INF] Executing OkObjectResult, writing value of type 'System.Collections.Generic.List`1[[CatalogService.BLL.DTOs.ComponentDto, CatalogService, Version=1.0.0.0, Culture=neutral, PublicKeyToken=null]]'.
2025-11-30 18:24:37.098 +02:00 [INF] Executed action CatalogService.Controllers.ComponentsController.GetAll (CatalogService) in 43.3361ms
2025-11-30 18:24:37.099 +02:00 [INF] Executed endpoint 'CatalogService.Controllers.ComponentsController.GetAll (CatalogService)'
2025-11-30 18:24:37.100 +02:00 [INF] HTTP GET /api/Components responded 200 in 50.4254 ms
2025-11-30 18:24:37.101 +02:00 [INF] Request finished HTTP/2 GET https://localhost:7284/api/Components - 200 null application/json; charset=utf-8 54.5316ms
2025-11-30 18:28:39.538 +02:00 [INF] User profile is available. Using 'C:\Users\user\AppData\Local\ASP.NET\DataProtection-Keys' as key repository and Windows DPAPI to encrypt keys at rest.
2025-11-30 18:28:39.776 +02:00 [INF] Now listening on: https://localhost:7284
2025-11-30 18:28:39.778 +02:00 [INF] Now listening on: http://localhost:5155
2025-11-30 18:28:39.871 +02:00 [INF] Application started. Press Ctrl+C to shut down.
2025-11-30 18:28:39.872 +02:00 [INF] Hosting environment: Development
2025-11-30 18:28:39.873 +02:00 [INF] Content root path: C:\Users\user\Desktop\CatalogService
2025-11-30 18:28:41.029 +02:00 [INF] Request starting HTTP/2 GET https://localhost:7284/swagger/index.html - null null
2025-11-30 18:28:41.175 +02:00 [INF] Request finished HTTP/2 GET https://localhost:7284/swagger/index.html - 200 null text/html;charset=utf-8 147.1428ms
2025-11-30 18:28:41.194 +02:00 [INF] Request starting HTTP/2 GET https://localhost:7284/_framework/aspnetcore-browser-refresh.js - null null
2025-11-30 18:28:41.200 +02:00 [INF] Request finished HTTP/2 GET https://localhost:7284/_framework/aspnetcore-browser-refresh.js - 200 13764 application/javascript; charset=utf-8 6.148ms
2025-11-30 18:28:41.232 +02:00 [INF] Request starting HTTP/2 GET https://localhost:7284/_vs/browserLink - null null
2025-11-30 18:28:41.262 +02:00 [INF] Request finished HTTP/2 GET https://localhost:7284/_vs/browserLink - 200 null text/javascript; charset=UTF-8 29.3522ms
2025-11-30 18:28:41.303 +02:00 [INF] Request starting HTTP/2 GET https://localhost:7284/swagger/v1/swagger.json - null null
2025-11-30 18:28:41.381 +02:00 [INF] Request finished HTTP/2 GET https://localhost:7284/swagger/v1/swagger.json - 200 null application/json;charset=utf-8 77.7227ms
2025-11-30 18:29:35.166 +02:00 [INF] Request starting HTTP/2 GET https://localhost:7284/api/Components - null null
2025-11-30 18:29:35.217 +02:00 [INF] Authorization failed. These requirements were not met:
DenyAnonymousAuthorizationRequirement: Requires an authenticated user.
2025-11-30 18:29:35.220 +02:00 [INF] AuthenticationScheme: Bearer was challenged.
2025-11-30 18:29:35.221 +02:00 [INF] HTTP GET /api/Components responded 401 in 50.1552 ms
2025-11-30 18:29:35.223 +02:00 [INF] Request finished HTTP/2 GET https://localhost:7284/api/Components - 401 0 null 57.3247ms
2025-11-30 18:29:39.789 +02:00 [INF] Request starting HTTP/2 GET https://localhost:7284/api/Components - null null
2025-11-30 18:29:39.837 +02:00 [INF] Executing endpoint 'CatalogService.Controllers.ComponentsController.GetAll (CatalogService)'
2025-11-30 18:29:39.853 +02:00 [INF] Route matched with {action = "GetAll", controller = "Components"}. Executing controller action with signature System.Threading.Tasks.Task`1[Microsoft.AspNetCore.Mvc.IActionResult] GetAll() on controller CatalogService.Controllers.ComponentsController (CatalogService).
2025-11-30 18:29:40.273 +02:00 [WRN] No store type was specified for the decimal property 'Price' on entity type 'Component'. This will cause values to be silently truncated if they do not fit in the default precision and scale. Explicitly specify the SQL server column type that can accommodate all the values in 'OnModelCreating' using 'HasColumnType', specify precision and scale using 'HasPrecision', or configure a value converter using 'HasConversion'.
2025-11-30 18:29:40.791 +02:00 [INF] Executed DbCommand (28ms) [Parameters=[], CommandType='"Text"', CommandTimeout='30']
SELECT [c].[Id], [c].[CategoryId], [c].[Name], [c].[Price], [c].[SupplierId]
FROM [Components] AS [c]
2025-11-30 18:29:40.846 +02:00 [INF] Returned 6 components from CatalogDb
2025-11-30 18:29:40.860 +02:00 [INF] Executing OkObjectResult, writing value of type 'System.Collections.Generic.List`1[[CatalogService.BLL.DTOs.ComponentDto, CatalogService, Version=1.0.0.0, Culture=neutral, PublicKeyToken=null]]'.
2025-11-30 18:29:40.870 +02:00 [INF] Executed action CatalogService.Controllers.ComponentsController.GetAll (CatalogService) in 1013.0143ms
2025-11-30 18:29:40.872 +02:00 [INF] Executed endpoint 'CatalogService.Controllers.ComponentsController.GetAll (CatalogService)'
2025-11-30 18:29:40.873 +02:00 [INF] HTTP GET /api/Components responded 200 in 1081.9770 ms
2025-11-30 18:29:40.878 +02:00 [INF] Request finished HTTP/2 GET https://localhost:7284/api/Components - 200 null application/json; charset=utf-8 1089.5796ms
2025-11-30 18:30:46.562 +02:00 [INF] User profile is available. Using 'C:\Users\user\AppData\Local\ASP.NET\DataProtection-Keys' as key repository and Windows DPAPI to encrypt keys at rest.
2025-11-30 18:30:46.821 +02:00 [INF] Now listening on: https://localhost:7284
2025-11-30 18:30:46.823 +02:00 [INF] Now listening on: http://localhost:5155
2025-11-30 18:30:46.920 +02:00 [INF] Application started. Press Ctrl+C to shut down.
2025-11-30 18:30:46.922 +02:00 [INF] Hosting environment: Development
2025-11-30 18:30:46.922 +02:00 [INF] Content root path: C:\Users\user\Desktop\CatalogService
2025-11-30 18:30:47.701 +02:00 [INF] Request starting HTTP/2 GET https://localhost:7284/swagger/index.html - null null
2025-11-30 18:30:47.849 +02:00 [INF] Request finished HTTP/2 GET https://localhost:7284/swagger/index.html - 200 null text/html;charset=utf-8 149.6456ms
2025-11-30 18:30:47.927 +02:00 [INF] Request starting HTTP/2 GET https://localhost:7284/_framework/aspnetcore-browser-refresh.js - null null
2025-11-30 18:30:47.934 +02:00 [INF] Request finished HTTP/2 GET https://localhost:7284/_framework/aspnetcore-browser-refresh.js - 200 13764 application/javascript; charset=utf-8 6.7575ms
2025-11-30 18:30:47.951 +02:00 [INF] Request starting HTTP/2 GET https://localhost:7284/_vs/browserLink - null null
2025-11-30 18:30:47.979 +02:00 [INF] Request finished HTTP/2 GET https://localhost:7284/_vs/browserLink - 200 null text/javascript; charset=UTF-8 27.1378ms
2025-11-30 18:30:48.027 +02:00 [INF] Request starting HTTP/2 GET https://localhost:7284/swagger/v1/swagger.json - null null
2025-11-30 18:30:48.112 +02:00 [INF] Request finished HTTP/2 GET https://localhost:7284/swagger/v1/swagger.json - 200 null application/json;charset=utf-8 84.4192ms
2025-11-30 18:31:46.889 +02:00 [INF] Request starting HTTP/2 GET https://localhost:7284/api/Components - null null
2025-11-30 18:31:46.971 +02:00 [INF] Failed to validate the token.
Microsoft.IdentityModel.Tokens.SecurityTokenSignatureKeyNotFoundException: IDX10517: Signature validation failed. The token's kid is missing. Keys tried: 'Microsoft.IdentityModel.Tokens.SymmetricSecurityKey, KeyId: '', InternalId: 'xKF5MQ67fRFECSxdk6NOJ1ddeGEC4vkR9EFQ410YXrY'. , KeyId: 
'. Number of keys in TokenValidationParameters: '1'. 
Number of keys in Configuration: '0'. 
Exceptions caught:
 '[PII of type 'System.String' is hidden. For more details, see https://aka.ms/IdentityModel/PII.]'.
token: '[PII of type 'Microsoft.IdentityModel.JsonWebTokens.JsonWebToken' is hidden. For more details, see https://aka.ms/IdentityModel/PII.]'. See https://aka.ms/IDX10503 for details.
   at Microsoft.IdentityModel.JsonWebTokens.JsonWebTokenHandler.ValidateSignature(JsonWebToken jwtToken, TokenValidationParameters validationParameters, BaseConfiguration configuration)
   at Microsoft.IdentityModel.JsonWebTokens.JsonWebTokenHandler.ValidateSignatureAndIssuerSecurityKey(JsonWebToken jsonWebToken, TokenValidationParameters validationParameters, BaseConfiguration configuration)
   at Microsoft.IdentityModel.JsonWebTokens.JsonWebTokenHandler.ValidateJWSAsync(JsonWebToken jsonWebToken, TokenValidationParameters validationParameters, BaseConfiguration configuration)
2025-11-30 18:31:46.985 +02:00 [INF] Bearer was not authenticated. Failure message: IDX10517: Signature validation failed. The token's kid is missing. Keys tried: 'Microsoft.IdentityModel.Tokens.SymmetricSecurityKey, KeyId: '', InternalId: 'xKF5MQ67fRFECSxdk6NOJ1ddeGEC4vkR9EFQ410YXrY'. , KeyId: 
'. Number of keys in TokenValidationParameters: '1'. 
Number of keys in Configuration: '0'. 
Exceptions caught:
 '[PII of type 'System.String' is hidden. For more details, see https://aka.ms/IdentityModel/PII.]'.
token: '[PII of type 'Microsoft.IdentityModel.JsonWebTokens.JsonWebToken' is hidden. For more details, see https://aka.ms/IdentityModel/PII.]'. See https://aka.ms/IDX10503 for details.
2025-11-30 18:31:46.990 +02:00 [INF] Authorization failed. These requirements were not met:
DenyAnonymousAuthorizationRequirement: Requires an authenticated user.
2025-11-30 18:31:46.994 +02:00 [INF] AuthenticationScheme: Bearer was challenged.
2025-11-30 18:31:46.996 +02:00 [INF] HTTP GET /api/Components responded 401 in 100.0887 ms
2025-11-30 18:31:46.998 +02:00 [INF] Request finished HTTP/2 GET https://localhost:7284/api/Components - 401 0 null 109.2544ms
2025-11-30 18:31:58.547 +02:00 [INF] Request starting HTTP/2 GET https://localhost:7284/api/Components - null null
2025-11-30 18:31:58.561 +02:00 [INF] Executing endpoint 'CatalogService.Controllers.ComponentsController.GetAll (CatalogService)'
2025-11-30 18:31:58.578 +02:00 [INF] Route matched with {action = "GetAll", controller = "Components"}. Executing controller action with signature System.Threading.Tasks.Task`1[Microsoft.AspNetCore.Mvc.IActionResult] GetAll() on controller CatalogService.Controllers.ComponentsController (CatalogService).
2025-11-30 18:31:58.996 +02:00 [WRN] No store type was specified for the decimal property 'Price' on entity type 'Component'. This will cause values to be silently truncated if they do not fit in the default precision and scale. Explicitly specify the SQL server column type that can accommodate all the values in 'OnModelCreating' using 'HasColumnType', specify precision and scale using 'HasPrecision', or configure a value converter using 'HasConversion'.
2025-11-30 18:31:59.495 +02:00 [INF] Executed DbCommand (28ms) [Parameters=[], CommandType='"Text"', CommandTimeout='30']
SELECT [c].[Id], [c].[CategoryId], [c].[Name], [c].[Price], [c].[SupplierId]
FROM [Components] AS [c]
2025-11-30 18:31:59.549 +02:00 [INF] Returned 6 components from CatalogDb
2025-11-30 18:31:59.564 +02:00 [INF] Executing OkObjectResult, writing value of type 'System.Collections.Generic.List`1[[CatalogService.BLL.DTOs.ComponentDto, CatalogService, Version=1.0.0.0, Culture=neutral, PublicKeyToken=null]]'.
2025-11-30 18:31:59.578 +02:00 [INF] Executed action CatalogService.Controllers.ComponentsController.GetAll (CatalogService) in 995.1888ms
2025-11-30 18:31:59.579 +02:00 [INF] Executed endpoint 'CatalogService.Controllers.ComponentsController.GetAll (CatalogService)'
2025-11-30 18:31:59.581 +02:00 [INF] HTTP GET /api/Components responded 200 in 1031.2920 ms
2025-11-30 18:31:59.587 +02:00 [INF] Request finished HTTP/2 GET https://localhost:7284/api/Components - 200 null application/json; charset=utf-8 1039.5173ms
2025-11-30 19:42:01.789 +02:00 [INF] User profile is available. Using 'C:\Users\user\AppData\Local\ASP.NET\DataProtection-Keys' as key repository and Windows DPAPI to encrypt keys at rest.
2025-11-30 19:42:02.032 +02:00 [INF] Now listening on: https://localhost:7284
2025-11-30 19:42:02.034 +02:00 [INF] Now listening on: http://localhost:5155
2025-11-30 19:42:02.121 +02:00 [INF] Application started. Press Ctrl+C to shut down.
2025-11-30 19:42:02.122 +02:00 [INF] Hosting environment: Development
2025-11-30 19:42:02.123 +02:00 [INF] Content root path: C:\Users\user\Desktop\CatalogService
2025-11-30 19:42:02.798 +02:00 [INF] Request starting HTTP/2 GET https://localhost:7284/swagger/index.html - null null
2025-11-30 19:42:02.972 +02:00 [INF] Request finished HTTP/2 GET https://localhost:7284/swagger/index.html - 200 null text/html;charset=utf-8 175.3305ms
2025-11-30 19:42:03.101 +02:00 [INF] Request starting HTTP/2 GET https://localhost:7284/_vs/browserLink - null null
2025-11-30 19:42:03.105 +02:00 [INF] Request starting HTTP/2 GET https://localhost:7284/_framework/aspnetcore-browser-refresh.js - null null
2025-11-30 19:42:03.116 +02:00 [INF] Request finished HTTP/2 GET https://localhost:7284/_framework/aspnetcore-browser-refresh.js - 200 13764 application/javascript; charset=utf-8 11.3408ms
2025-11-30 19:42:03.138 +02:00 [INF] Request finished HTTP/2 GET https://localhost:7284/_vs/browserLink - 200 null text/javascript; charset=UTF-8 37.2741ms
2025-11-30 19:42:03.188 +02:00 [INF] Request starting HTTP/2 GET https://localhost:7284/swagger/v1/swagger.json - null null
2025-11-30 19:42:03.305 +02:00 [INF] Request finished HTTP/2 GET https://localhost:7284/swagger/v1/swagger.json - 200 null application/json;charset=utf-8 117.5373ms
2025-11-30 19:44:10.009 +02:00 [INF] Request starting HTTP/2 GET https://localhost:7284/api/Components - null null
2025-11-30 19:44:10.101 +02:00 [INF] Executing endpoint 'CatalogService.Controllers.ComponentsController.GetAll (CatalogService)'
2025-11-30 19:44:10.118 +02:00 [INF] Route matched with {action = "GetAll", controller = "Components"}. Executing controller action with signature System.Threading.Tasks.Task`1[Microsoft.AspNetCore.Mvc.IActionResult] GetAll() on controller CatalogService.Controllers.ComponentsController (CatalogService).
2025-11-30 19:44:10.550 +02:00 [WRN] No store type was specified for the decimal property 'Price' on entity type 'Component'. This will cause values to be silently truncated if they do not fit in the default precision and scale. Explicitly specify the SQL server column type that can accommodate all the values in 'OnModelCreating' using 'HasColumnType', specify precision and scale using 'HasPrecision', or configure a value converter using 'HasConversion'.
2025-11-30 19:44:11.078 +02:00 [INF] Executed DbCommand (29ms) [Parameters=[], CommandType='"Text"', CommandTimeout='30']
SELECT [c].[Id], [c].[CategoryId], [c].[Name], [c].[Price], [c].[SupplierId]
FROM [Components] AS [c]
2025-11-30 19:44:11.136 +02:00 [INF] Returned 6 components from CatalogDb
2025-11-30 19:44:11.152 +02:00 [INF] Executing OkObjectResult, writing value of type 'System.Collections.Generic.List`1[[CatalogService.BLL.DTOs.ComponentDto, CatalogService, Version=1.0.0.0, Culture=neutral, PublicKeyToken=null]]'.
2025-11-30 19:44:11.162 +02:00 [INF] Executed action CatalogService.Controllers.ComponentsController.GetAll (CatalogService) in 1040.2771ms
2025-11-30 19:44:11.163 +02:00 [INF] Executed endpoint 'CatalogService.Controllers.ComponentsController.GetAll (CatalogService)'
2025-11-30 19:44:11.166 +02:00 [INF] HTTP GET /api/Components responded 200 in 1149.6655 ms
2025-11-30 19:44:11.172 +02:00 [INF] Request finished HTTP/2 GET https://localhost:7284/api/Components - 200 null application/json; charset=utf-8 1163.2271ms
2025-11-30 19:44:37.609 +02:00 [INF] Request starting HTTP/2 GET https://localhost:7284/api/Components/filter?name=ESP&minPrice=3&maxPrice=120&sortBy=Name&order=asc&pageNumber=1&pageSize=10 - null null
2025-11-30 19:44:37.616 +02:00 [INF] Executing endpoint 'CatalogService.Controllers.ComponentsController.Filter (CatalogService)'
2025-11-30 19:44:37.624 +02:00 [INF] Route matched with {action = "Filter", controller = "Components"}. Executing controller action with signature System.Threading.Tasks.Task`1[Microsoft.AspNetCore.Mvc.IActionResult] Filter(System.String, System.Nullable`1[System.Decimal], System.Nullable`1[System.Decimal], System.String, System.String, Int32, Int32) on controller CatalogService.Controllers.ComponentsController (CatalogService).
2025-11-30 19:44:37.685 +02:00 [INF] Executed DbCommand (3ms) [Parameters=[], CommandType='"Text"', CommandTimeout='30']
SELECT [c].[Id], [c].[CategoryId], [c].[Name], [c].[Price], [c].[SupplierId]
FROM [Components] AS [c]
2025-11-30 19:44:37.687 +02:00 [INF] Returned 6 components from CatalogDb
2025-11-30 19:44:37.693 +02:00 [INF] Filtered components: Name=ESP, MinPrice=3, MaxPrice=120, SortBy=name, Order=asc, Page=1, Size=10, ResultCount=1
2025-11-30 19:44:37.695 +02:00 [INF] Executing OkObjectResult, writing value of type 'System.Collections.Generic.List`1[[CatalogService.BLL.DTOs.ComponentDto, CatalogService, Version=1.0.0.0, Culture=neutral, PublicKeyToken=null]]'.
2025-11-30 19:44:37.696 +02:00 [INF] Executed action CatalogService.Controllers.ComponentsController.Filter (CatalogService) in 70.0123ms
2025-11-30 19:44:37.697 +02:00 [INF] Executed endpoint 'CatalogService.Controllers.ComponentsController.Filter (CatalogService)'
2025-11-30 19:44:37.698 +02:00 [INF] HTTP GET /api/Components/filter responded 200 in 83.6596 ms
2025-11-30 19:44:37.699 +02:00 [INF] Request finished HTTP/2 GET https://localhost:7284/api/Components/filter?name=ESP&minPrice=3&maxPrice=120&sortBy=Name&order=asc&pageNumber=1&pageSize=10 - 200 null application/json; charset=utf-8 90.4955ms
2025-11-30 19:44:48.457 +02:00 [INF] Request starting HTTP/2 GET https://localhost:7284/api/Components/filter?minPrice=3&maxPrice=120&sortBy=Name&order=asc&pageNumber=1&pageSize=10 - null null
2025-11-30 19:44:48.462 +02:00 [INF] Executing endpoint 'CatalogService.Controllers.ComponentsController.Filter (CatalogService)'
2025-11-30 19:44:48.463 +02:00 [INF] Route matched with {action = "Filter", controller = "Components"}. Executing controller action with signature System.Threading.Tasks.Task`1[Microsoft.AspNetCore.Mvc.IActionResult] Filter(System.String, System.Nullable`1[System.Decimal], System.Nullable`1[System.Decimal], System.String, System.String, Int32, Int32) on controller CatalogService.Controllers.ComponentsController (CatalogService).
2025-11-30 19:44:48.476 +02:00 [INF] Executed DbCommand (1ms) [Parameters=[], CommandType='"Text"', CommandTimeout='30']
SELECT [c].[Id], [c].[CategoryId], [c].[Name], [c].[Price], [c].[SupplierId]
FROM [Components] AS [c]
2025-11-30 19:44:48.479 +02:00 [INF] Returned 6 components from CatalogDb
2025-11-30 19:44:48.481 +02:00 [INF] Filtered components: Name=null, MinPrice=3, MaxPrice=120, SortBy=name, Order=asc, Page=1, Size=10, ResultCount=3
2025-11-30 19:44:48.483 +02:00 [INF] Executing OkObjectResult, writing value of type 'System.Collections.Generic.List`1[[CatalogService.BLL.DTOs.ComponentDto, CatalogService, Version=1.0.0.0, Culture=neutral, PublicKeyToken=null]]'.
2025-11-30 19:44:48.484 +02:00 [INF] Executed action CatalogService.Controllers.ComponentsController.Filter (CatalogService) in 19.4148ms
2025-11-30 19:44:48.485 +02:00 [INF] Executed endpoint 'CatalogService.Controllers.ComponentsController.Filter (CatalogService)'
2025-11-30 19:44:48.486 +02:00 [INF] HTTP GET /api/Components/filter responded 200 in 26.0289 ms
2025-11-30 19:44:48.487 +02:00 [INF] Request finished HTTP/2 GET https://localhost:7284/api/Components/filter?minPrice=3&maxPrice=120&sortBy=Name&order=asc&pageNumber=1&pageSize=10 - 200 null application/json; charset=utf-8 30.164ms
2025-11-30 19:54:12.754 +02:00 [INF] User profile is available. Using 'C:\Users\user\AppData\Local\ASP.NET\DataProtection-Keys' as key repository and Windows DPAPI to encrypt keys at rest.
2025-11-30 19:54:12.980 +02:00 [INF] Now listening on: https://localhost:7284
2025-11-30 19:54:12.981 +02:00 [INF] Now listening on: http://localhost:5155
2025-11-30 19:54:13.055 +02:00 [INF] Application started. Press Ctrl+C to shut down.
2025-11-30 19:54:13.056 +02:00 [INF] Hosting environment: Development
2025-11-30 19:54:13.057 +02:00 [INF] Content root path: C:\Users\user\Desktop\CatalogService
2025-11-30 19:54:13.601 +02:00 [INF] Request starting HTTP/2 GET https://localhost:7284/swagger/index.html - null null
2025-11-30 19:54:13.761 +02:00 [INF] Request finished HTTP/2 GET https://localhost:7284/swagger/index.html - 200 null text/html;charset=utf-8 160.9194ms
2025-11-30 19:54:13.913 +02:00 [INF] Request starting HTTP/2 GET https://localhost:7284/_vs/browserLink - null null
2025-11-30 19:54:13.918 +02:00 [INF] Request starting HTTP/2 GET https://localhost:7284/_framework/aspnetcore-browser-refresh.js - null null
2025-11-30 19:54:13.926 +02:00 [INF] Request finished HTTP/2 GET https://localhost:7284/_framework/aspnetcore-browser-refresh.js - 200 13764 application/javascript; charset=utf-8 7.736ms
2025-11-30 19:54:13.948 +02:00 [INF] Request finished HTTP/2 GET https://localhost:7284/_vs/browserLink - 200 null text/javascript; charset=UTF-8 34.6984ms
2025-11-30 19:54:13.995 +02:00 [INF] Request starting HTTP/2 GET https://localhost:7284/swagger/v1/swagger.json - null null
2025-11-30 19:54:14.098 +02:00 [INF] Request finished HTTP/2 GET https://localhost:7284/swagger/v1/swagger.json - 200 null application/json;charset=utf-8 103.7055ms
2025-11-30 19:55:13.940 +02:00 [INF] Request starting HTTP/2 POST https://localhost:7284/api/Components - application/json 86
2025-11-30 19:55:14.035 +02:00 [INF] Executing endpoint 'CatalogService.Controllers.ComponentsController.Create (CatalogService)'
2025-11-30 19:55:14.053 +02:00 [INF] Route matched with {action = "Create", controller = "Components"}. Executing controller action with signature System.Threading.Tasks.Task`1[Microsoft.AspNetCore.Mvc.IActionResult] Create(CatalogService.BLL.DTOs.ComponentDto) on controller CatalogService.Controllers.ComponentsController (CatalogService).
2025-11-30 19:55:14.490 +02:00 [WRN] No store type was specified for the decimal property 'Price' on entity type 'Component'. This will cause values to be silently truncated if they do not fit in the default precision and scale. Explicitly specify the SQL server column type that can accommodate all the values in 'OnModelCreating' using 'HasColumnType', specify precision and scale using 'HasPrecision', or configure a value converter using 'HasConversion'.
2025-11-30 19:55:14.663 +02:00 [INF] Executing BadRequestObjectResult, writing value of type 'Microsoft.AspNetCore.Mvc.ValidationProblemDetails'.
2025-11-30 19:55:14.676 +02:00 [INF] Executed action CatalogService.Controllers.ComponentsController.Create (CatalogService) in 618.5618ms
2025-11-30 19:55:14.677 +02:00 [INF] Executed endpoint 'CatalogService.Controllers.ComponentsController.Create (CatalogService)'
2025-11-30 19:55:14.679 +02:00 [INF] HTTP POST /api/Components responded 400 in 731.0977 ms
2025-11-30 19:55:14.685 +02:00 [INF] Request finished HTTP/2 POST https://localhost:7284/api/Components - 400 null application/problem+json; charset=utf-8 745.1966ms
2025-11-30 19:59:58.530 +02:00 [INF] User profile is available. Using 'C:\Users\user\AppData\Local\ASP.NET\DataProtection-Keys' as key repository and Windows DPAPI to encrypt keys at rest.
2025-11-30 19:59:58.768 +02:00 [INF] Now listening on: https://localhost:7284
2025-11-30 19:59:58.770 +02:00 [INF] Now listening on: http://localhost:5155
2025-11-30 19:59:58.864 +02:00 [INF] Application started. Press Ctrl+C to shut down.
2025-11-30 19:59:58.865 +02:00 [INF] Hosting environment: Development
2025-11-30 19:59:58.865 +02:00 [INF] Content root path: C:\Users\user\Desktop\CatalogService
2025-11-30 19:59:59.408 +02:00 [INF] Request starting HTTP/2 GET https://localhost:7284/swagger/index.html - null null
2025-11-30 19:59:59.577 +02:00 [INF] Request finished HTTP/2 GET https://localhost:7284/swagger/index.html - 200 null text/html;charset=utf-8 171.3161ms
2025-11-30 19:59:59.642 +02:00 [INF] Request starting HTTP/2 GET https://localhost:7284/_framework/aspnetcore-browser-refresh.js - null null
2025-11-30 19:59:59.651 +02:00 [INF] Request finished HTTP/2 GET https://localhost:7284/_framework/aspnetcore-browser-refresh.js - 200 13764 application/javascript; charset=utf-8 8.859ms
2025-11-30 19:59:59.699 +02:00 [INF] Request starting HTTP/2 GET https://localhost:7284/_vs/browserLink - null null
2025-11-30 19:59:59.739 +02:00 [INF] Request finished HTTP/2 GET https://localhost:7284/_vs/browserLink - 200 null text/javascript; charset=UTF-8 40.6501ms
2025-11-30 19:59:59.799 +02:00 [INF] Request starting HTTP/2 GET https://localhost:7284/swagger/v1/swagger.json - null null
2025-11-30 19:59:59.920 +02:00 [INF] Request finished HTTP/2 GET https://localhost:7284/swagger/v1/swagger.json - 200 null application/json;charset=utf-8 120.9538ms
2025-11-30 20:01:06.309 +02:00 [INF] Request starting HTTP/2 GET https://localhost:7284/api/Components/test-error - null null
2025-11-30 20:01:06.407 +02:00 [INF] Executing endpoint 'CatalogService.Controllers.ComponentsController.TestError (CatalogService)'
2025-11-30 20:01:06.421 +02:00 [INF] Route matched with {action = "TestError", controller = "Components"}. Executing controller action with signature Microsoft.AspNetCore.Mvc.IActionResult TestError() on controller CatalogService.Controllers.ComponentsController (CatalogService).
2025-11-30 20:01:06.854 +02:00 [WRN] No store type was specified for the decimal property 'Price' on entity type 'Component'. This will cause values to be silently truncated if they do not fit in the default precision and scale. Explicitly specify the SQL server column type that can accommodate all the values in 'OnModelCreating' using 'HasColumnType', specify precision and scale using 'HasPrecision', or configure a value converter using 'HasConversion'.
2025-11-30 20:02:12.556 +02:00 [INF] Executed action CatalogService.Controllers.ComponentsController.TestError (CatalogService) in 66130.847ms
2025-11-30 20:02:12.557 +02:00 [INF] Executed endpoint 'CatalogService.Controllers.ComponentsController.TestError (CatalogService)'
2025-11-30 20:02:12.575 +02:00 [ERR] Unhandled exception
System.Exception: Test error
   at CatalogService.Controllers.ComponentsController.TestError() in C:\Users\user\Desktop\CatalogService\Controllers\ComponentsController.cs:line 23
   at lambda_method2(Closure, Object, Object[])
   at Microsoft.AspNetCore.Mvc.Infrastructure.ActionMethodExecutor.SyncActionResultExecutor.Execute(ActionContext actionContext, IActionResultTypeMapper mapper, ObjectMethodExecutor executor, Object controller, Object[] arguments)
   at Microsoft.AspNetCore.Mvc.Infrastructure.ControllerActionInvoker.InvokeActionMethodAsync()
   at Microsoft.AspNetCore.Mvc.Infrastructure.ControllerActionInvoker.Next(State& next, Scope& scope, Object& state, Boolean& isCompleted)
   at Microsoft.AspNetCore.Mvc.Infrastructure.ControllerActionInvoker.InvokeNextActionFilterAsync()
--- End of stack trace from previous location ---
   at Microsoft.AspNetCore.Mvc.Infrastructure.ControllerActionInvoker.Rethrow(ActionExecutedContextSealed context)
   at Microsoft.AspNetCore.Mvc.Infrastructure.ControllerActionInvoker.Next(State& next, Scope& scope, Object& state, Boolean& isCompleted)
   at Microsoft.AspNetCore.Mvc.Infrastructure.ControllerActionInvoker.InvokeInnerFilterAsync()
--- End of stack trace from previous location ---
   at Microsoft.AspNetCore.Mvc.Infrastructure.ResourceInvoker.<InvokeFilterPipelineAsync>g__Awaited|20_0(ResourceInvoker invoker, Task lastTask, State next, Scope scope, Object state, Boolean isCompleted)
   at Microsoft.AspNetCore.Mvc.Infrastructure.ResourceInvoker.<InvokeAsync>g__Logged|17_1(ResourceInvoker invoker)
   at Microsoft.AspNetCore.Mvc.Infrastructure.ResourceInvoker.<InvokeAsync>g__Logged|17_1(ResourceInvoker invoker)
   at Microsoft.AspNetCore.Routing.EndpointMiddleware.<Invoke>g__AwaitRequestTask|7_0(Endpoint endpoint, Task requestTask, ILogger logger)
   at Microsoft.AspNetCore.Authorization.AuthorizationMiddleware.Invoke(HttpContext context)
   at Microsoft.AspNetCore.Authentication.AuthenticationMiddleware.Invoke(HttpContext context)
   at GlobalExceptionMiddleware.InvokeAsync(HttpContext context) in C:\Users\user\Desktop\CatalogService\Middleware\GlobalExceptionMiddleware.cs:line 21
2025-11-30 20:02:12.604 +02:00 [ERR] HTTP GET /api/Components/test-error responded 500 in 66287.0746 ms
2025-11-30 20:02:12.608 +02:00 [INF] Request finished HTTP/2 GET https://localhost:7284/api/Components/test-error - 500 null application/problem+json 66299.9278ms
2025-11-30 20:05:35.317 +02:00 [INF] User profile is available. Using 'C:\Users\user\AppData\Local\ASP.NET\DataProtection-Keys' as key repository and Windows DPAPI to encrypt keys at rest.
2025-11-30 20:05:35.531 +02:00 [INF] Now listening on: https://localhost:7284
2025-11-30 20:05:35.532 +02:00 [INF] Now listening on: http://localhost:5155
2025-11-30 20:05:35.615 +02:00 [INF] Application started. Press Ctrl+C to shut down.
2025-11-30 20:05:35.616 +02:00 [INF] Hosting environment: Development
2025-11-30 20:05:35.617 +02:00 [INF] Content root path: C:\Users\user\Desktop\CatalogService
2025-11-30 20:05:36.270 +02:00 [INF] Request starting HTTP/2 GET https://localhost:7284/swagger/index.html - null null
2025-11-30 20:05:36.443 +02:00 [INF] Request finished HTTP/2 GET https://localhost:7284/swagger/index.html - 200 null text/html;charset=utf-8 173.4835ms
2025-11-30 20:05:36.493 +02:00 [INF] Request starting HTTP/2 GET https://localhost:7284/_framework/aspnetcore-browser-refresh.js - null null
2025-11-30 20:05:36.502 +02:00 [INF] Request finished HTTP/2 GET https://localhost:7284/_framework/aspnetcore-browser-refresh.js - 200 13764 application/javascript; charset=utf-8 8.043ms
2025-11-30 20:05:36.525 +02:00 [INF] Request starting HTTP/2 GET https://localhost:7284/_vs/browserLink - null null
2025-11-30 20:05:36.570 +02:00 [INF] Request finished HTTP/2 GET https://localhost:7284/_vs/browserLink - 200 null text/javascript; charset=UTF-8 45.2764ms
2025-11-30 20:05:36.640 +02:00 [INF] Request starting HTTP/2 GET https://localhost:7284/swagger/v1/swagger.json - null null
2025-11-30 20:05:36.746 +02:00 [INF] Request finished HTTP/2 GET https://localhost:7284/swagger/v1/swagger.json - 200 null application/json;charset=utf-8 105.3021ms
2025-11-30 20:07:54.952 +02:00 [INF] User profile is available. Using 'C:\Users\user\AppData\Local\ASP.NET\DataProtection-Keys' as key repository and Windows DPAPI to encrypt keys at rest.
2025-11-30 20:07:55.185 +02:00 [INF] Now listening on: https://localhost:7284
2025-11-30 20:07:55.187 +02:00 [INF] Now listening on: http://localhost:5155
2025-11-30 20:07:55.265 +02:00 [INF] Application started. Press Ctrl+C to shut down.
2025-11-30 20:07:55.267 +02:00 [INF] Hosting environment: Development
2025-11-30 20:07:55.267 +02:00 [INF] Content root path: C:\Users\user\Desktop\CatalogService
2025-11-30 20:07:56.094 +02:00 [INF] Request starting HTTP/2 GET https://localhost:7284/swagger/index.html - null null
2025-11-30 20:07:56.290 +02:00 [INF] Request finished HTTP/2 GET https://localhost:7284/swagger/index.html - 200 null text/html;charset=utf-8 196.3884ms
2025-11-30 20:07:56.388 +02:00 [INF] Request starting HTTP/2 GET https://localhost:7284/_framework/aspnetcore-browser-refresh.js - null null
2025-11-30 20:07:56.388 +02:00 [INF] Request starting HTTP/2 GET https://localhost:7284/_vs/browserLink - null null
2025-11-30 20:07:56.396 +02:00 [INF] Request finished HTTP/2 GET https://localhost:7284/_framework/aspnetcore-browser-refresh.js - 200 13764 application/javascript; charset=utf-8 7.1122ms
2025-11-30 20:07:56.425 +02:00 [INF] Request finished HTTP/2 GET https://localhost:7284/_vs/browserLink - 200 null text/javascript; charset=UTF-8 36.7211ms
2025-11-30 20:07:56.470 +02:00 [INF] Request starting HTTP/2 GET https://localhost:7284/swagger/v1/swagger.json - null null
2025-11-30 20:07:56.566 +02:00 [INF] Request finished HTTP/2 GET https://localhost:7284/swagger/v1/swagger.json - 200 null application/json;charset=utf-8 95.6834ms
2025-11-30 20:17:33.776 +02:00 [INF] User profile is available. Using 'C:\Users\user\AppData\Local\ASP.NET\DataProtection-Keys' as key repository and Windows DPAPI to encrypt keys at rest.
2025-11-30 20:17:34.026 +02:00 [INF] Now listening on: https://localhost:7284
2025-11-30 20:17:34.028 +02:00 [INF] Now listening on: http://localhost:5155
2025-11-30 20:17:34.164 +02:00 [INF] Application started. Press Ctrl+C to shut down.
2025-11-30 20:17:34.166 +02:00 [INF] Hosting environment: Development
2025-11-30 20:17:34.167 +02:00 [INF] Content root path: C:\Users\user\Desktop\CatalogService
2025-11-30 20:17:34.855 +02:00 [INF] Request starting HTTP/2 GET https://localhost:7284/swagger/index.html - null null
2025-11-30 20:17:35.029 +02:00 [INF] Request finished HTTP/2 GET https://localhost:7284/swagger/index.html - 200 null text/html;charset=utf-8 174.9917ms
2025-11-30 20:17:35.032 +02:00 [INF] Request starting HTTP/2 GET https://localhost:7284/_framework/aspnetcore-browser-refresh.js - null null
2025-11-30 20:17:35.042 +02:00 [INF] Request finished HTTP/2 GET https://localhost:7284/_framework/aspnetcore-browser-refresh.js - 200 13764 application/javascript; charset=utf-8 9.2347ms
2025-11-30 20:17:35.092 +02:00 [INF] Request starting HTTP/2 GET https://localhost:7284/_vs/browserLink - null null
2025-11-30 20:17:35.122 +02:00 [INF] Request finished HTTP/2 GET https://localhost:7284/_vs/browserLink - 200 null text/javascript; charset=UTF-8 29.5618ms
2025-11-30 20:17:35.176 +02:00 [INF] Request starting HTTP/2 GET https://localhost:7284/swagger/v1/swagger.json - null null
2025-11-30 20:17:35.281 +02:00 [INF] Request finished HTTP/2 GET https://localhost:7284/swagger/v1/swagger.json - 200 null application/json;charset=utf-8 105.0044ms
