2026-04-15 20:28:53.445 +03:00 [INF] User profile is available. Using 'C:\Users\Dell\AppData\Local\ASP.NET\DataProtection-Keys' as key repository and Windows DPAPI to encrypt keys at rest.
2026-04-15 20:28:53.950 +03:00 [INF] Now listening on: https://localhost:7164
2026-04-15 20:28:53.953 +03:00 [INF] Now listening on: http://localhost:5199
2026-04-15 20:28:54.213 +03:00 [INF] Application started. Press Ctrl+C to shut down.
2026-04-15 20:28:54.216 +03:00 [INF] Hosting environment: Development
2026-04-15 20:28:54.218 +03:00 [INF] Content root path: C:\Users\Dell\source\repos\Anzorrrrrrrrrrr\OptiComponent-Microservices\OrderingService
2026-04-15 20:28:55.972 +03:00 [INF] Request starting HTTP/2 GET https://localhost:7164/swagger/index.html - null null
2026-04-15 20:28:56.374 +03:00 [INF] Request finished HTTP/2 GET https://localhost:7164/swagger/index.html - 200 null text/html;charset=utf-8 404.5298ms
2026-04-15 20:28:56.391 +03:00 [INF] Request starting HTTP/2 GET https://localhost:7164/_framework/aspnetcore-browser-refresh.js - null null
2026-04-15 20:28:56.408 +03:00 [INF] Request finished HTTP/2 GET https://localhost:7164/_framework/aspnetcore-browser-refresh.js - 200 14935 application/javascript; charset=utf-8 16.5853ms
2026-04-15 20:28:56.449 +03:00 [INF] Request starting HTTP/2 GET https://localhost:7164/_vs/browserLink - null null
2026-04-15 20:28:56.544 +03:00 [INF] Request finished HTTP/2 GET https://localhost:7164/_vs/browserLink - 200 null text/javascript; charset=UTF-8 94.78ms
2026-04-15 20:28:56.790 +03:00 [INF] Request starting HTTP/2 GET https://localhost:7164/swagger/v1/swagger.json - null null
2026-04-15 20:28:56.845 +03:00 [INF] Request finished HTTP/2 GET https://localhost:7164/swagger/v1/swagger.json - 200 null application/json;charset=utf-8 55.0213ms
2026-04-15 20:49:55.355 +03:00 [INF] User profile is available. Using 'C:\Users\Dell\AppData\Local\ASP.NET\DataProtection-Keys' as key repository and Windows DPAPI to encrypt keys at rest.
2026-04-15 20:49:55.629 +03:00 [INF] Now listening on: https://localhost:7164
2026-04-15 20:49:55.631 +03:00 [INF] Now listening on: http://localhost:5199
2026-04-15 20:49:55.731 +03:00 [INF] Application started. Press Ctrl+C to shut down.
2026-04-15 20:49:55.733 +03:00 [INF] Hosting environment: Development
2026-04-15 20:49:55.734 +03:00 [INF] Content root path: C:\Users\Dell\source\repos\Anzorrrrrrrrrrr\OptiComponent-Microservices\OrderingService
2026-04-15 20:49:56.438 +03:00 [INF] Request starting HTTP/2 GET https://localhost:7164/swagger/index.html - null null
2026-04-15 20:49:56.733 +03:00 [INF] Request finished HTTP/2 GET https://localhost:7164/swagger/index.html - 200 null text/html;charset=utf-8 296.404ms
2026-04-15 20:49:56.814 +03:00 [INF] Request starting HTTP/2 GET https://localhost:7164/_framework/aspnetcore-browser-refresh.js - null null
2026-04-15 20:49:56.828 +03:00 [INF] Request starting HTTP/2 GET https://localhost:7164/_vs/browserLink - null null
2026-04-15 20:49:56.836 +03:00 [INF] Request finished HTTP/2 GET https://localhost:7164/_framework/aspnetcore-browser-refresh.js - 200 14935 application/javascript; charset=utf-8 21.3114ms
2026-04-15 20:49:56.914 +03:00 [INF] Request finished HTTP/2 GET https://localhost:7164/_vs/browserLink - 200 null text/javascript; charset=UTF-8 86.7234ms
2026-04-15 20:49:57.052 +03:00 [INF] Request starting HTTP/2 GET https://localhost:7164/swagger/v1/swagger.json - null null
2026-04-15 20:49:57.066 +03:00 [INF] Request finished HTTP/2 GET https://localhost:7164/swagger/v1/swagger.json - 200 null application/json;charset=utf-8 14.3406ms
2026-04-15 21:28:29.817 +03:00 [INF] User profile is available. Using 'C:\Users\Dell\AppData\Local\ASP.NET\DataProtection-Keys' as key repository and Windows DPAPI to encrypt keys at rest.
2026-04-15 21:28:30.077 +03:00 [INF] Now listening on: https://localhost:7164
2026-04-15 21:28:30.079 +03:00 [INF] Now listening on: http://localhost:5199
2026-04-15 21:28:30.192 +03:00 [INF] Application started. Press Ctrl+C to shut down.
2026-04-15 21:28:30.194 +03:00 [INF] Hosting environment: Development
2026-04-15 21:28:30.195 +03:00 [INF] Content root path: C:\Users\Dell\source\repos\Anzorrrrrrrrrrr\OptiComponent-Microservices\OrderingService
2026-04-15 21:28:30.503 +03:00 [INF] Request starting HTTP/2 GET https://localhost:7164/swagger/index.html - null null
2026-04-15 21:28:30.801 +03:00 [INF] Request finished HTTP/2 GET https://localhost:7164/swagger/index.html - 200 null text/html;charset=utf-8 298.2383ms
2026-04-15 21:28:30.956 +03:00 [INF] Request starting HTTP/2 GET https://localhost:7164/_vs/browserLink - null null
2026-04-15 21:28:30.962 +03:00 [INF] Request starting HTTP/2 GET https://localhost:7164/_framework/aspnetcore-browser-refresh.js - null null
2026-04-15 21:28:31.001 +03:00 [INF] Request finished HTTP/2 GET https://localhost:7164/_framework/aspnetcore-browser-refresh.js - 200 14935 application/javascript; charset=utf-8 38.5471ms
2026-04-15 21:28:31.066 +03:00 [INF] Request finished HTTP/2 GET https://localhost:7164/_vs/browserLink - 200 null text/javascript; charset=UTF-8 110.4239ms
2026-04-15 21:28:31.130 +03:00 [INF] Request starting HTTP/2 GET https://localhost:7164/swagger/v1/swagger.json - null null
2026-04-15 21:28:31.144 +03:00 [INF] Request finished HTTP/2 GET https://localhost:7164/swagger/v1/swagger.json - 200 null application/json;charset=utf-8 13.4612ms
2026-04-15 21:42:24.759 +03:00 [INF] User profile is available. Using 'C:\Users\Dell\AppData\Local\ASP.NET\DataProtection-Keys' as key repository and Windows DPAPI to encrypt keys at rest.
2026-04-15 21:42:25.082 +03:00 [INF] Now listening on: https://localhost:7164
2026-04-15 21:42:25.085 +03:00 [INF] Now listening on: http://localhost:5199
2026-04-15 21:42:25.358 +03:00 [INF] Application started. Press Ctrl+C to shut down.
2026-04-15 21:42:25.360 +03:00 [INF] Hosting environment: Development
2026-04-15 21:42:25.362 +03:00 [INF] Content root path: C:\Users\Dell\source\repos\Anzorrrrrrrrrrr\OptiComponent-Microservices\OrderingService
2026-04-15 21:42:25.953 +03:00 [INF] Request starting HTTP/2 GET https://localhost:7164/swagger/index.html - null null
2026-04-15 21:42:26.287 +03:00 [INF] Request finished HTTP/2 GET https://localhost:7164/swagger/index.html - 200 null text/html;charset=utf-8 336.4616ms
2026-04-15 21:42:26.378 +03:00 [INF] Request starting HTTP/2 GET https://localhost:7164/_vs/browserLink - null null
2026-04-15 21:42:26.378 +03:00 [INF] Request starting HTTP/2 GET https://localhost:7164/_framework/aspnetcore-browser-refresh.js - null null
2026-04-15 21:42:26.409 +03:00 [INF] Request finished HTTP/2 GET https://localhost:7164/_framework/aspnetcore-browser-refresh.js - 200 14935 application/javascript; charset=utf-8 30.8084ms
2026-04-15 21:42:26.444 +03:00 [INF] Request finished HTTP/2 GET https://localhost:7164/_vs/browserLink - 200 null text/javascript; charset=UTF-8 66.0853ms
2026-04-15 21:42:26.511 +03:00 [INF] Request starting HTTP/2 GET https://localhost:7164/swagger/v1/swagger.json - null null
2026-04-15 21:42:26.526 +03:00 [INF] Request finished HTTP/2 GET https://localhost:7164/swagger/v1/swagger.json - 200 null application/json;charset=utf-8 14.343ms
2026-04-15 22:00:10.649 +03:00 [INF] User profile is available. Using 'C:\Users\Dell\AppData\Local\ASP.NET\DataProtection-Keys' as key repository and Windows DPAPI to encrypt keys at rest.
2026-04-15 22:00:10.811 +03:00 [INF] Now listening on: https://localhost:7164
2026-04-15 22:00:10.815 +03:00 [INF] Now listening on: http://localhost:5199
2026-04-15 22:00:10.929 +03:00 [INF] Application started. Press Ctrl+C to shut down.
2026-04-15 22:00:10.930 +03:00 [INF] Hosting environment: Development
2026-04-15 22:00:10.932 +03:00 [INF] Content root path: C:\Users\Dell\source\repos\Anzorrrrrrrrrrr\OptiComponent-Microservices\OrderingService
2026-04-15 22:00:11.434 +03:00 [INF] Request starting HTTP/2 GET https://localhost:7164/swagger/index.html - null null
2026-04-15 22:00:11.582 +03:00 [INF] Request finished HTTP/2 GET https://localhost:7164/swagger/index.html - 200 null text/html;charset=utf-8 149.2292ms
2026-04-15 22:00:11.639 +03:00 [INF] Request starting HTTP/2 GET https://localhost:7164/_framework/aspnetcore-browser-refresh.js - null null
2026-04-15 22:00:11.639 +03:00 [INF] Request starting HTTP/2 GET https://localhost:7164/_vs/browserLink - null null
2026-04-15 22:00:11.649 +03:00 [INF] Request finished HTTP/2 GET https://localhost:7164/_framework/aspnetcore-browser-refresh.js - 200 14935 application/javascript; charset=utf-8 10.4662ms
2026-04-15 22:00:11.690 +03:00 [INF] Request finished HTTP/2 GET https://localhost:7164/_vs/browserLink - 200 null text/javascript; charset=UTF-8 50.9803ms
2026-04-15 22:00:11.760 +03:00 [INF] Request starting HTTP/2 GET https://localhost:7164/swagger/v1/swagger.json - null null
2026-04-15 22:00:11.770 +03:00 [INF] Request finished HTTP/2 GET https://localhost:7164/swagger/v1/swagger.json - 200 null application/json;charset=utf-8 9.7134ms
2026-04-15 22:00:39.878 +03:00 [INF] User profile is available. Using 'C:\Users\Dell\AppData\Local\ASP.NET\DataProtection-Keys' as key repository and Windows DPAPI to encrypt keys at rest.
2026-04-15 22:00:40.176 +03:00 [INF] Now listening on: https://localhost:7164
2026-04-15 22:00:40.180 +03:00 [INF] Now listening on: http://localhost:5199
2026-04-15 22:00:40.342 +03:00 [INF] Application started. Press Ctrl+C to shut down.
2026-04-15 22:00:40.343 +03:00 [INF] Hosting environment: Development
2026-04-15 22:00:40.345 +03:00 [INF] Content root path: C:\Users\Dell\source\repos\Anzorrrrrrrrrrr\OptiComponent-Microservices\OrderingService
2026-04-15 22:00:41.229 +03:00 [INF] Request starting HTTP/2 GET https://localhost:7164/swagger/index.html - null null
2026-04-15 22:00:41.539 +03:00 [INF] Request finished HTTP/2 GET https://localhost:7164/swagger/index.html - 200 null text/html;charset=utf-8 313.5205ms
2026-04-15 22:00:41.623 +03:00 [INF] Request starting HTTP/2 GET https://localhost:7164/_vs/browserLink - null null
2026-04-15 22:00:41.626 +03:00 [INF] Request starting HTTP/2 GET https://localhost:7164/_framework/aspnetcore-browser-refresh.js - null null
2026-04-15 22:00:41.665 +03:00 [INF] Request finished HTTP/2 GET https://localhost:7164/_framework/aspnetcore-browser-refresh.js - 200 14935 application/javascript; charset=utf-8 38.5112ms
2026-04-15 22:00:41.707 +03:00 [INF] Request finished HTTP/2 GET https://localhost:7164/_vs/browserLink - 200 null text/javascript; charset=UTF-8 84.0777ms
2026-04-15 22:00:41.792 +03:00 [INF] Request starting HTTP/2 GET https://localhost:7164/swagger/v1/swagger.json - null null
2026-04-15 22:00:41.813 +03:00 [INF] Request finished HTTP/2 GET https://localhost:7164/swagger/v1/swagger.json - 200 null application/json;charset=utf-8 21.189ms
