2026-04-17 19:34:47.247 +03:00 [INF] User profile is available. Using 'C:\Users\Dell\AppData\Local\ASP.NET\DataProtection-Keys' as key repository and Windows DPAPI to encrypt keys at rest.
2026-04-17 19:34:47.670 +03:00 [INF] Now listening on: https://localhost:7164
2026-04-17 19:34:47.674 +03:00 [INF] Now listening on: http://localhost:5199
2026-04-17 19:34:47.823 +03:00 [INF] Application started. Press Ctrl+C to shut down.
2026-04-17 19:34:47.825 +03:00 [INF] Hosting environment: Development
2026-04-17 19:34:47.827 +03:00 [INF] Content root path: C:\Users\Dell\source\repos\Anzorrrrrrrrrrr\OptiComponent-Microservices\OrderingService
2026-04-17 19:34:48.768 +03:00 [INF] Request starting HTTP/2 GET https://localhost:7164/swagger/index.html - null null
2026-04-17 19:34:49.177 +03:00 [INF] Request finished HTTP/2 GET https://localhost:7164/swagger/index.html - 200 null text/html;charset=utf-8 410.8744ms
2026-04-17 19:34:49.239 +03:00 [INF] Request starting HTTP/2 GET https://localhost:7164/_framework/aspnetcore-browser-refresh.js - null null
2026-04-17 19:34:49.239 +03:00 [INF] Request starting HTTP/2 GET https://localhost:7164/_vs/browserLink - null null
2026-04-17 19:34:49.251 +03:00 [INF] Request finished HTTP/2 GET https://localhost:7164/_framework/aspnetcore-browser-refresh.js - 200 14935 application/javascript; charset=utf-8 11.6692ms
2026-04-17 19:34:49.371 +03:00 [INF] Request finished HTTP/2 GET https://localhost:7164/_vs/browserLink - 200 null text/javascript; charset=UTF-8 132.4194ms
2026-04-17 19:34:49.493 +03:00 [INF] Request starting HTTP/2 GET https://localhost:7164/swagger/v1/swagger.json - null null
2026-04-17 19:34:49.509 +03:00 [INF] Request finished HTTP/2 GET https://localhost:7164/swagger/v1/swagger.json - 200 null application/json;charset=utf-8 16.0207ms
2026-04-17 19:35:13.576 +03:00 [INF] User profile is available. Using 'C:\Users\Dell\AppData\Local\ASP.NET\DataProtection-Keys' as key repository and Windows DPAPI to encrypt keys at rest.
2026-04-17 19:35:13.942 +03:00 [INF] Now listening on: https://localhost:7164
2026-04-17 19:35:13.946 +03:00 [INF] Now listening on: http://localhost:5199
2026-04-17 19:35:14.342 +03:00 [INF] Application started. Press Ctrl+C to shut down.
2026-04-17 19:35:14.351 +03:00 [INF] Hosting environment: Development
2026-04-17 19:35:14.358 +03:00 [INF] Content root path: C:\Users\Dell\source\repos\Anzorrrrrrrrrrr\OptiComponent-Microservices\OrderingService
2026-04-17 19:35:14.934 +03:00 [INF] Request starting HTTP/2 GET https://localhost:7164/swagger/index.html - null null
2026-04-17 19:35:15.374 +03:00 [INF] Request finished HTTP/2 GET https://localhost:7164/swagger/index.html - 200 null text/html;charset=utf-8 440.1743ms
2026-04-17 19:35:15.437 +03:00 [INF] Request starting HTTP/2 GET https://localhost:7164/_vs/browserLink - null null
2026-04-17 19:35:15.437 +03:00 [INF] Request starting HTTP/2 GET https://localhost:7164/_framework/aspnetcore-browser-refresh.js - null null
2026-04-17 19:35:15.525 +03:00 [INF] Request finished HTTP/2 GET https://localhost:7164/_framework/aspnetcore-browser-refresh.js - 200 14935 application/javascript; charset=utf-8 87.3487ms
2026-04-17 19:35:15.601 +03:00 [INF] Request finished HTTP/2 GET https://localhost:7164/_vs/browserLink - 200 null text/javascript; charset=UTF-8 163.2353ms
2026-04-17 19:35:15.743 +03:00 [INF] Request starting HTTP/2 GET https://localhost:7164/swagger/v1/swagger.json - null null
2026-04-17 19:35:15.769 +03:00 [INF] Request finished HTTP/2 GET https://localhost:7164/swagger/v1/swagger.json - 200 null application/json;charset=utf-8 26.0106ms
2026-04-17 19:53:04.342 +03:00 [INF] Request starting HTTP/2 GET https://localhost:7164/api/Orders - null null
2026-04-17 19:53:04.494 +03:00 [INF] Executing endpoint 'OrderingService.Controllers.OrdersController.GetAll (OrderingService)'
2026-04-17 19:53:04.519 +03:00 [INF] Route matched with {action = "GetAll", controller = "Orders"}. Executing controller action with signature System.Threading.Tasks.Task`1[Microsoft.AspNetCore.Mvc.IActionResult] GetAll() on controller OrderingService.Controllers.OrdersController (OrderingService).
2026-04-17 19:53:05.125 +03:00 [INF] Returned 2 orders
2026-04-17 19:53:05.136 +03:00 [INF] Executing OkObjectResult, writing value of type 'System.Collections.Generic.List`1[[OrderingService.Models.Order, OrderingService, Version=1.0.0.0, Culture=neutral, PublicKeyToken=null]]'.
2026-04-17 19:53:05.152 +03:00 [INF] Executed action OrderingService.Controllers.OrdersController.GetAll (OrderingService) in 626.7885ms
2026-04-17 19:53:05.155 +03:00 [INF] Executed endpoint 'OrderingService.Controllers.OrdersController.GetAll (OrderingService)'
2026-04-17 19:53:05.158 +03:00 [INF] HTTP GET /api/Orders responded 200 in 800.2319 ms
2026-04-17 19:53:05.160 +03:00 [INF] Request finished HTTP/2 GET https://localhost:7164/api/Orders - 200 null application/json; charset=utf-8 818.6005ms
2026-04-17 20:22:10.835 +03:00 [INF] User profile is available. Using 'C:\Users\Dell\AppData\Local\ASP.NET\DataProtection-Keys' as key repository and Windows DPAPI to encrypt keys at rest.
2026-04-17 20:22:11.196 +03:00 [INF] Now listening on: https://localhost:7164
2026-04-17 20:22:11.199 +03:00 [INF] Now listening on: http://localhost:5199
2026-04-17 20:22:11.345 +03:00 [INF] Application started. Press Ctrl+C to shut down.
2026-04-17 20:22:11.347 +03:00 [INF] Hosting environment: Development
2026-04-17 20:22:11.349 +03:00 [INF] Content root path: C:\Users\Dell\source\repos\Anzorrrrrrrrrrr\OptiComponent-Microservices\OrderingService
2026-04-17 20:22:12.158 +03:00 [INF] Request starting HTTP/2 GET https://localhost:7164/swagger/index.html - null null
2026-04-17 20:22:12.545 +03:00 [INF] Request finished HTTP/2 GET https://localhost:7164/swagger/index.html - 200 null text/html;charset=utf-8 391.6631ms
2026-04-17 20:22:12.627 +03:00 [INF] Request starting HTTP/2 GET https://localhost:7164/_vs/browserLink - null null
2026-04-17 20:22:12.627 +03:00 [INF] Request starting HTTP/2 GET https://localhost:7164/_framework/aspnetcore-browser-refresh.js - null null
2026-04-17 20:22:12.653 +03:00 [INF] Request finished HTTP/2 GET https://localhost:7164/_framework/aspnetcore-browser-refresh.js - 200 14935 application/javascript; charset=utf-8 26.0911ms
2026-04-17 20:22:12.721 +03:00 [INF] Request finished HTTP/2 GET https://localhost:7164/_vs/browserLink - 200 null text/javascript; charset=UTF-8 93.9995ms
2026-04-17 20:22:12.792 +03:00 [INF] Request starting HTTP/2 GET https://localhost:7164/swagger/v1/swagger.json - null null
2026-04-17 20:22:12.828 +03:00 [INF] Request finished HTTP/2 GET https://localhost:7164/swagger/v1/swagger.json - 200 null application/json;charset=utf-8 35.6696ms
2026-04-17 20:22:45.104 +03:00 [INF] User profile is available. Using 'C:\Users\Dell\AppData\Local\ASP.NET\DataProtection-Keys' as key repository and Windows DPAPI to encrypt keys at rest.
2026-04-17 20:22:45.501 +03:00 [INF] Now listening on: https://localhost:7164
2026-04-17 20:22:45.504 +03:00 [INF] Now listening on: http://localhost:5199
2026-04-17 20:22:45.701 +03:00 [INF] Application started. Press Ctrl+C to shut down.
2026-04-17 20:22:45.711 +03:00 [INF] Hosting environment: Development
2026-04-17 20:22:45.715 +03:00 [INF] Content root path: C:\Users\Dell\source\repos\Anzorrrrrrrrrrr\OptiComponent-Microservices\OrderingService
2026-04-17 20:22:46.372 +03:00 [INF] Request starting HTTP/2 GET https://localhost:7164/swagger/index.html - null null
2026-04-17 20:22:46.760 +03:00 [INF] Request finished HTTP/2 GET https://localhost:7164/swagger/index.html - 200 null text/html;charset=utf-8 390.0401ms
2026-04-17 20:22:46.919 +03:00 [INF] Request starting HTTP/2 GET https://localhost:7164/_vs/browserLink - null null
2026-04-17 20:22:46.919 +03:00 [INF] Request starting HTTP/2 GET https://localhost:7164/_framework/aspnetcore-browser-refresh.js - null null
2026-04-17 20:22:46.984 +03:00 [INF] Request finished HTTP/2 GET https://localhost:7164/_framework/aspnetcore-browser-refresh.js - 200 14935 application/javascript; charset=utf-8 65.3161ms
2026-04-17 20:22:47.072 +03:00 [INF] Request finished HTTP/2 GET https://localhost:7164/_vs/browserLink - 200 null text/javascript; charset=UTF-8 153.5245ms
2026-04-17 20:22:47.138 +03:00 [INF] Request starting HTTP/2 GET https://localhost:7164/swagger/v1/swagger.json - null null
2026-04-17 20:22:47.170 +03:00 [INF] Request finished HTTP/2 GET https://localhost:7164/swagger/v1/swagger.json - 200 null application/json;charset=utf-8 31.8278ms
2026-04-17 20:30:50.519 +03:00 [INF] User profile is available. Using 'C:\Users\Dell\AppData\Local\ASP.NET\DataProtection-Keys' as key repository and Windows DPAPI to encrypt keys at rest.
2026-04-17 20:30:50.926 +03:00 [INF] Now listening on: https://localhost:7164
2026-04-17 20:30:50.929 +03:00 [INF] Now listening on: http://localhost:5199
2026-04-17 20:30:51.131 +03:00 [INF] Application started. Press Ctrl+C to shut down.
2026-04-17 20:30:51.133 +03:00 [INF] Hosting environment: Development
2026-04-17 20:30:51.134 +03:00 [INF] Content root path: C:\Users\Dell\source\repos\Anzorrrrrrrrrrr\OptiComponent-Microservices\OrderingService
2026-04-17 20:30:51.721 +03:00 [INF] Request starting HTTP/2 GET https://localhost:7164/swagger/index.html - null null
2026-04-17 20:30:52.104 +03:00 [INF] Request finished HTTP/2 GET https://localhost:7164/swagger/index.html - 200 null text/html;charset=utf-8 384.8708ms
2026-04-17 20:30:52.174 +03:00 [INF] Request starting HTTP/2 GET https://localhost:7164/_framework/aspnetcore-browser-refresh.js - null null
2026-04-17 20:30:52.203 +03:00 [INF] Request finished HTTP/2 GET https://localhost:7164/_framework/aspnetcore-browser-refresh.js - 200 14935 application/javascript; charset=utf-8 28.6188ms
2026-04-17 20:30:52.309 +03:00 [INF] Request starting HTTP/2 GET https://localhost:7164/_vs/browserLink - null null
2026-04-17 20:30:52.416 +03:00 [INF] Request finished HTTP/2 GET https://localhost:7164/_vs/browserLink - 200 null text/javascript; charset=UTF-8 106.273ms
2026-04-17 20:30:52.475 +03:00 [INF] Request starting HTTP/2 GET https://localhost:7164/swagger/v1/swagger.json - null null
2026-04-17 20:30:52.519 +03:00 [INF] Request finished HTTP/2 GET https://localhost:7164/swagger/v1/swagger.json - 200 null application/json;charset=utf-8 44.2414ms
2026-04-17 20:40:37.607 +03:00 [INF] User profile is available. Using 'C:\Users\Dell\AppData\Local\ASP.NET\DataProtection-Keys' as key repository and Windows DPAPI to encrypt keys at rest.
2026-04-17 20:40:37.920 +03:00 [INF] Now listening on: https://localhost:7164
2026-04-17 20:40:37.923 +03:00 [INF] Now listening on: http://localhost:5199
2026-04-17 20:40:38.045 +03:00 [INF] Application started. Press Ctrl+C to shut down.
2026-04-17 20:40:38.046 +03:00 [INF] Hosting environment: Development
2026-04-17 20:40:38.047 +03:00 [INF] Content root path: C:\Users\Dell\source\repos\Anzorrrrrrrrrrr\OptiComponent-Microservices\OrderingService
2026-04-17 20:40:39.058 +03:00 [INF] Request starting HTTP/2 GET https://localhost:7164/swagger/index.html - null null
2026-04-17 20:40:39.432 +03:00 [INF] Request finished HTTP/2 GET https://localhost:7164/swagger/index.html - 200 null text/html;charset=utf-8 377.1405ms
2026-04-17 20:40:39.550 +03:00 [INF] Request starting HTTP/2 GET https://localhost:7164/_framework/aspnetcore-browser-refresh.js - null null
2026-04-17 20:40:39.550 +03:00 [INF] Request starting HTTP/2 GET https://localhost:7164/_vs/browserLink - null null
2026-04-17 20:40:39.564 +03:00 [INF] Request finished HTTP/2 GET https://localhost:7164/_framework/aspnetcore-browser-refresh.js - 200 14935 application/javascript; charset=utf-8 14.1748ms
2026-04-17 20:40:39.686 +03:00 [INF] Request finished HTTP/2 GET https://localhost:7164/_vs/browserLink - 200 null text/javascript; charset=UTF-8 136.216ms
2026-04-17 20:40:39.783 +03:00 [INF] Request starting HTTP/2 GET https://localhost:7164/swagger/v1/swagger.json - null null
2026-04-17 20:40:39.811 +03:00 [INF] Request finished HTTP/2 GET https://localhost:7164/swagger/v1/swagger.json - 200 null application/json;charset=utf-8 27.6991ms
2026-04-17 20:42:53.572 +03:00 [INF] User profile is available. Using 'C:\Users\Dell\AppData\Local\ASP.NET\DataProtection-Keys' as key repository and Windows DPAPI to encrypt keys at rest.
2026-04-17 20:42:53.868 +03:00 [INF] Now listening on: https://localhost:7164
2026-04-17 20:42:53.870 +03:00 [INF] Now listening on: http://localhost:5199
2026-04-17 20:42:54.011 +03:00 [INF] Application started. Press Ctrl+C to shut down.
2026-04-17 20:42:54.012 +03:00 [INF] Hosting environment: Development
2026-04-17 20:42:54.014 +03:00 [INF] Content root path: C:\Users\Dell\source\repos\Anzorrrrrrrrrrr\OptiComponent-Microservices\OrderingService
2026-04-17 20:42:54.381 +03:00 [INF] Request starting HTTP/2 GET https://localhost:7164/swagger/index.html - null null
2026-04-17 20:42:54.669 +03:00 [INF] Request finished HTTP/2 GET https://localhost:7164/swagger/index.html - 200 null text/html;charset=utf-8 291.5214ms
2026-04-17 20:42:54.771 +03:00 [INF] Request starting HTTP/2 GET https://localhost:7164/_framework/aspnetcore-browser-refresh.js - null null
2026-04-17 20:42:54.771 +03:00 [INF] Request starting HTTP/2 GET https://localhost:7164/_vs/browserLink - null null
2026-04-17 20:42:54.782 +03:00 [INF] Request finished HTTP/2 GET https://localhost:7164/_framework/aspnetcore-browser-refresh.js - 200 14935 application/javascript; charset=utf-8 10.1884ms
2026-04-17 20:42:54.828 +03:00 [INF] Request finished HTTP/2 GET https://localhost:7164/_vs/browserLink - 200 null text/javascript; charset=UTF-8 56.7049ms
2026-04-17 20:42:54.885 +03:00 [INF] Request starting HTTP/2 GET https://localhost:7164/swagger/v1/swagger.json - null null
2026-04-17 20:42:54.906 +03:00 [INF] Request finished HTTP/2 GET https://localhost:7164/swagger/v1/swagger.json - 200 null application/json;charset=utf-8 20.7929ms
2026-04-17 21:18:33.091 +03:00 [INF] User profile is available. Using 'C:\Users\Dell\AppData\Local\ASP.NET\DataProtection-Keys' as key repository and Windows DPAPI to encrypt keys at rest.
2026-04-17 21:18:33.414 +03:00 [INF] Now listening on: https://localhost:7164
2026-04-17 21:18:33.416 +03:00 [INF] Now listening on: http://localhost:5199
2026-04-17 21:18:33.527 +03:00 [INF] Application started. Press Ctrl+C to shut down.
2026-04-17 21:18:33.528 +03:00 [INF] Hosting environment: Development
2026-04-17 21:18:33.529 +03:00 [INF] Content root path: C:\Users\Dell\source\repos\Anzorrrrrrrrrrr\OptiComponent-Microservices\OrderingService
2026-04-17 21:18:34.269 +03:00 [INF] Request starting HTTP/2 GET https://localhost:7164/swagger/index.html - null null
2026-04-17 21:18:34.512 +03:00 [INF] Request finished HTTP/2 GET https://localhost:7164/swagger/index.html - 200 null text/html;charset=utf-8 247.624ms
2026-04-17 21:18:34.586 +03:00 [INF] Request starting HTTP/2 GET https://localhost:7164/_framework/aspnetcore-browser-refresh.js - null null
2026-04-17 21:18:34.586 +03:00 [INF] Request starting HTTP/2 GET https://localhost:7164/_vs/browserLink - null null
2026-04-17 21:18:34.597 +03:00 [INF] Request finished HTTP/2 GET https://localhost:7164/_framework/aspnetcore-browser-refresh.js - 200 14935 application/javascript; charset=utf-8 11.1889ms
2026-04-17 21:18:34.660 +03:00 [INF] Request finished HTTP/2 GET https://localhost:7164/_vs/browserLink - 200 null text/javascript; charset=UTF-8 74.049ms
2026-04-17 21:18:34.732 +03:00 [INF] Request starting HTTP/2 GET https://localhost:7164/swagger/v1/swagger.json - null null
2026-04-17 21:18:34.758 +03:00 [INF] Request finished HTTP/2 GET https://localhost:7164/swagger/v1/swagger.json - 200 null application/json;charset=utf-8 25.8147ms
