2025-12-04 14:26:12.526 +02:00 [INF] User profile is available. Using 'C:\Users\user\AppData\Local\ASP.NET\DataProtection-Keys' as key repository and Windows DPAPI to encrypt keys at rest.
2025-12-04 14:26:12.834 +02:00 [INF] Now listening on: https://localhost:7164
2025-12-04 14:26:12.844 +02:00 [INF] Now listening on: http://localhost:5199
2025-12-04 14:26:12.945 +02:00 [INF] Application started. Press Ctrl+C to shut down.
2025-12-04 14:26:12.947 +02:00 [INF] Hosting environment: Development
2025-12-04 14:26:12.948 +02:00 [INF] Content root path: C:\Users\user\Desktop\OptiComponent\OrderingService
2025-12-04 14:26:13.780 +02:00 [INF] Request starting HTTP/2 GET https://localhost:7164/swagger/index.html - null null
2025-12-04 14:26:13.953 +02:00 [INF] Request finished HTTP/2 GET https://localhost:7164/swagger/index.html - 200 null text/html;charset=utf-8 177.0664ms
2025-12-04 14:26:14.033 +02:00 [INF] Request starting HTTP/2 GET https://localhost:7164/_vs/browserLink - null null
2025-12-04 14:26:14.035 +02:00 [INF] Request starting HTTP/2 GET https://localhost:7164/_framework/aspnetcore-browser-refresh.js - null null
2025-12-04 14:26:14.051 +02:00 [INF] Request finished HTTP/2 GET https://localhost:7164/_framework/aspnetcore-browser-refresh.js - 200 13766 application/javascript; charset=utf-8 14.9935ms
2025-12-04 14:26:14.073 +02:00 [INF] Request finished HTTP/2 GET https://localhost:7164/_vs/browserLink - 200 null text/javascript; charset=UTF-8 39.8434ms
2025-12-04 14:26:14.140 +02:00 [INF] Request starting HTTP/2 GET https://localhost:7164/swagger/v1/swagger.json - null null
2025-12-04 14:26:14.210 +02:00 [INF] Request finished HTTP/2 GET https://localhost:7164/swagger/v1/swagger.json - 200 null application/json;charset=utf-8 69.7409ms
2025-12-04 14:27:39.756 +02:00 [INF] User profile is available. Using 'C:\Users\user\AppData\Local\ASP.NET\DataProtection-Keys' as key repository and Windows DPAPI to encrypt keys at rest.
2025-12-04 14:27:39.946 +02:00 [INF] Now listening on: https://localhost:7164
2025-12-04 14:27:39.947 +02:00 [INF] Now listening on: http://localhost:5199
2025-12-04 14:27:40.013 +02:00 [INF] Application started. Press Ctrl+C to shut down.
2025-12-04 14:27:40.014 +02:00 [INF] Hosting environment: Development
2025-12-04 14:27:40.015 +02:00 [INF] Content root path: C:\Users\user\Desktop\OptiComponent\OrderingService
2025-12-04 14:27:40.594 +02:00 [INF] Request starting HTTP/2 GET https://localhost:7164/swagger/index.html - null null
2025-12-04 14:27:40.725 +02:00 [INF] Request finished HTTP/2 GET https://localhost:7164/swagger/index.html - 200 null text/html;charset=utf-8 135.6104ms
2025-12-04 14:27:40.807 +02:00 [INF] Request starting HTTP/2 GET https://localhost:7164/_framework/aspnetcore-browser-refresh.js - null null
2025-12-04 14:27:40.807 +02:00 [INF] Request starting HTTP/2 GET https://localhost:7164/_vs/browserLink - null null
2025-12-04 14:27:40.812 +02:00 [INF] Request finished HTTP/2 GET https://localhost:7164/_framework/aspnetcore-browser-refresh.js - 200 13766 application/javascript; charset=utf-8 5.1955ms
2025-12-04 14:27:40.836 +02:00 [INF] Request finished HTTP/2 GET https://localhost:7164/_vs/browserLink - 200 null text/javascript; charset=UTF-8 28.67ms
2025-12-04 14:27:40.872 +02:00 [INF] Request starting HTTP/2 GET https://localhost:7164/swagger/v1/swagger.json - null null
2025-12-04 14:27:40.935 +02:00 [INF] Request finished HTTP/2 GET https://localhost:7164/swagger/v1/swagger.json - 200 null application/json;charset=utf-8 63.2437ms
2025-12-04 14:27:45.683 +02:00 [INF] Request starting HTTP/2 GET https://localhost:7164/api/Orders - null null
2025-12-04 14:27:45.740 +02:00 [INF] Authorization failed. These requirements were not met:
DenyAnonymousAuthorizationRequirement: Requires an authenticated user.
2025-12-04 14:27:45.743 +02:00 [INF] AuthenticationScheme: Bearer was challenged.
2025-12-04 14:27:45.745 +02:00 [INF] HTTP GET /api/Orders responded 401 in 56.5210 ms
2025-12-04 14:27:45.746 +02:00 [INF] Request finished HTTP/2 GET https://localhost:7164/api/Orders - 401 0 null 63.4801ms
2025-12-04 14:27:47.257 +02:00 [INF] Request starting HTTP/2 GET https://localhost:7164/api/Orders - null null
2025-12-04 14:27:47.263 +02:00 [INF] Authorization failed. These requirements were not met:
DenyAnonymousAuthorizationRequirement: Requires an authenticated user.
2025-12-04 14:27:47.264 +02:00 [INF] AuthenticationScheme: Bearer was challenged.
2025-12-04 14:27:47.264 +02:00 [INF] HTTP GET /api/Orders responded 401 in 3.9666 ms
2025-12-04 14:27:47.265 +02:00 [INF] Request finished HTTP/2 GET https://localhost:7164/api/Orders - 401 0 null 9.0581ms
2025-12-04 14:27:47.963 +02:00 [INF] Request starting HTTP/2 GET https://localhost:7164/api/Orders - null null
2025-12-04 14:27:47.966 +02:00 [INF] Authorization failed. These requirements were not met:
DenyAnonymousAuthorizationRequirement: Requires an authenticated user.
2025-12-04 14:27:47.967 +02:00 [INF] AuthenticationScheme: Bearer was challenged.
2025-12-04 14:27:47.967 +02:00 [INF] HTTP GET /api/Orders responded 401 in 2.5362 ms
2025-12-04 14:27:47.969 +02:00 [INF] Request finished HTTP/2 GET https://localhost:7164/api/Orders - 401 0 null 6.0127ms
2025-12-04 14:31:30.289 +02:00 [INF] User profile is available. Using 'C:\Users\user\AppData\Local\ASP.NET\DataProtection-Keys' as key repository and Windows DPAPI to encrypt keys at rest.
2025-12-04 14:31:30.530 +02:00 [INF] Now listening on: https://localhost:7164
2025-12-04 14:31:30.531 +02:00 [INF] Now listening on: http://localhost:5199
2025-12-04 14:31:30.621 +02:00 [INF] Application started. Press Ctrl+C to shut down.
2025-12-04 14:31:30.623 +02:00 [INF] Hosting environment: Development
2025-12-04 14:31:30.625 +02:00 [INF] Content root path: C:\Users\user\Desktop\OptiComponent\OrderingService
2025-12-04 14:31:31.259 +02:00 [INF] Request starting HTTP/2 GET https://localhost:7164/swagger/index.html - null null
2025-12-04 14:31:31.460 +02:00 [INF] Request finished HTTP/2 GET https://localhost:7164/swagger/index.html - 200 null text/html;charset=utf-8 203.0055ms
2025-12-04 14:31:31.571 +02:00 [INF] Request starting HTTP/2 GET https://localhost:7164/_framework/aspnetcore-browser-refresh.js - null null
2025-12-04 14:31:31.571 +02:00 [INF] Request starting HTTP/2 GET https://localhost:7164/_vs/browserLink - null null
2025-12-04 14:31:31.577 +02:00 [INF] Request finished HTTP/2 GET https://localhost:7164/_framework/aspnetcore-browser-refresh.js - 200 13766 application/javascript; charset=utf-8 6.1363ms
2025-12-04 14:31:31.600 +02:00 [INF] Request finished HTTP/2 GET https://localhost:7164/_vs/browserLink - 200 null text/javascript; charset=UTF-8 29.2208ms
2025-12-04 14:31:31.644 +02:00 [INF] Request starting HTTP/2 GET https://localhost:7164/swagger/v1/swagger.json - null null
2025-12-04 14:31:31.735 +02:00 [INF] Request finished HTTP/2 GET https://localhost:7164/swagger/v1/swagger.json - 200 null application/json;charset=utf-8 90.8019ms
2025-12-04 14:32:37.657 +02:00 [INF] Request starting HTTP/2 GET https://localhost:7164/api/Orders - null null
2025-12-04 14:32:37.751 +02:00 [INF] Executing endpoint 'OrderingService.Controllers.OrdersController.GetAll (OrderingService)'
2025-12-04 14:32:37.767 +02:00 [INF] Route matched with {action = "GetAll", controller = "Orders"}. Executing controller action with signature System.Threading.Tasks.Task`1[Microsoft.AspNetCore.Mvc.IActionResult] GetAll() on controller OrderingService.Controllers.OrdersController (OrderingService).
2025-12-04 14:32:38.127 +02:00 [INF] Returned 5 orders
2025-12-04 14:32:38.135 +02:00 [INF] Executing OkObjectResult, writing value of type 'System.Collections.Generic.List`1[[OrderingService.Models.Order, OrderingService, Version=1.0.0.0, Culture=neutral, PublicKeyToken=null]]'.
2025-12-04 14:32:38.146 +02:00 [INF] Executed action OrderingService.Controllers.OrdersController.GetAll (OrderingService) in 374.1464ms
2025-12-04 14:32:38.147 +02:00 [INF] Executed endpoint 'OrderingService.Controllers.OrdersController.GetAll (OrderingService)'
2025-12-04 14:32:38.150 +02:00 [INF] HTTP GET /api/Orders responded 200 in 484.7763 ms
2025-12-04 14:32:38.152 +02:00 [INF] Request finished HTTP/2 GET https://localhost:7164/api/Orders - 200 null application/json; charset=utf-8 494.9534ms
