2025-11-30 12:40:57.103 +02:00 [INF] Now listening on: https://localhost:7164
2025-11-30 12:40:57.134 +02:00 [INF] Now listening on: http://localhost:5199
2025-11-30 12:40:57.208 +02:00 [INF] Application started. Press Ctrl+C to shut down.
2025-11-30 12:40:57.209 +02:00 [INF] Hosting environment: Development
2025-11-30 12:40:57.210 +02:00 [INF] Content root path: C:\Users\user\Desktop\OrderingService
2025-11-30 12:40:58.153 +02:00 [INF] Request starting HTTP/2 GET https://localhost:7164/swagger/index.html - null null
2025-11-30 12:40:58.336 +02:00 [INF] Request finished HTTP/2 GET https://localhost:7164/swagger/index.html - 200 null text/html;charset=utf-8 182.4996ms
2025-11-30 12:40:58.463 +02:00 [INF] Request starting HTTP/2 GET https://localhost:7164/_vs/browserLink - null null
2025-11-30 12:40:58.463 +02:00 [INF] Request starting HTTP/2 GET https://localhost:7164/_framework/aspnetcore-browser-refresh.js - null null
2025-11-30 12:40:58.476 +02:00 [INF] Request finished HTTP/2 GET https://localhost:7164/_framework/aspnetcore-browser-refresh.js - 200 13766 application/javascript; charset=utf-8 12.1763ms
2025-11-30 12:40:58.549 +02:00 [INF] Request finished HTTP/2 GET https://localhost:7164/_vs/browserLink - 200 null text/javascript; charset=UTF-8 85.8627ms
2025-11-30 12:40:58.604 +02:00 [INF] Request starting HTTP/2 GET https://localhost:7164/swagger/v1/swagger.json - null null
2025-11-30 12:40:58.685 +02:00 [INF] Request finished HTTP/2 GET https://localhost:7164/swagger/v1/swagger.json - 200 null application/json;charset=utf-8 80.7168ms
2025-11-30 12:50:37.004 +02:00 [INF] Request starting HTTP/2 POST https://localhost:7164/api/Orders - application/json 252
2025-11-30 12:50:37.013 +02:00 [INF] CORS policy execution successful.
2025-11-30 12:50:37.017 +02:00 [INF] Executing endpoint 'OrderingService.Controllers.OrdersController.Create (OrderingService)'
2025-11-30 12:50:37.036 +02:00 [INF] Route matched with {action = "Create", controller = "Orders"}. Executing controller action with signature System.Threading.Tasks.Task`1[Microsoft.AspNetCore.Mvc.IActionResult] Create(OrderingService.Models.Order) on controller OrderingService.Controllers.OrdersController (OrderingService).
2025-11-30 12:50:37.078 +02:00 [INF] Creating order for project ATmega328
2025-11-30 12:50:37.854 +02:00 [INF] Executed action OrderingService.Controllers.OrdersController.Create (OrderingService) in 814.8724ms
2025-11-30 12:50:37.856 +02:00 [INF] Executed endpoint 'OrderingService.Controllers.OrdersController.Create (OrderingService)'
2025-11-30 12:50:37.858 +02:00 [ERR] HTTP POST /api/Orders responded 500 in 846.0244 ms
Microsoft.Data.SqlClient.SqlException (0x80131904): The INSERT statement conflicted with the FOREIGN KEY constraint "FK__Orders__ProjectT__3A81B327". The conflict occurred in database "OrderingDb", table "dbo.ProjectTeams", column 'Id'.
The statement has been terminated.
   at Microsoft.Data.SqlClient.SqlConnection.OnError(SqlException exception, Boolean breakConnection, Action`1 wrapCloseInAction)
   at Microsoft.Data.SqlClient.SqlInternalConnection.OnError(SqlException exception, Boolean breakConnection, Action`1 wrapCloseInAction)
   at Microsoft.Data.SqlClient.TdsParser.ThrowExceptionAndWarning(TdsParserStateObject stateObj, SqlCommand command, Boolean callerHasConnectionLock, Boolean asyncClose)
   at Microsoft.Data.SqlClient.TdsParser.TryRun(RunBehavior runBehavior, SqlCommand cmdHandler, SqlDataReader dataStream, BulkCopySimpleResultSet bulkCopyHandler, TdsParserStateObject stateObj, Boolean& dataReady)
   at Microsoft.Data.SqlClient.SqlDataReader.TryConsumeMetaData()
   at Microsoft.Data.SqlClient.SqlDataReader.get_MetaData()
   at Microsoft.Data.SqlClient.SqlCommand.FinishExecuteReader(SqlDataReader ds, RunBehavior runBehavior, String resetOptionsString, Boolean isInternal, Boolean forDescribeParameterEncryption, Boolean shouldCacheForAlwaysEncrypted)
   at Microsoft.Data.SqlClient.SqlCommand.CompleteAsyncExecuteReader(Boolean isInternal, Boolean forDescribeParameterEncryption)
   at Microsoft.Data.SqlClient.SqlCommand.InternalEndExecuteReader(IAsyncResult asyncResult, Boolean isInternal, String endMethod)
   at Microsoft.Data.SqlClient.SqlCommand.EndExecuteReaderInternal(IAsyncResult asyncResult)
   at Microsoft.Data.SqlClient.SqlCommand.EndExecuteReaderAsync(IAsyncResult asyncResult)
   at Microsoft.Data.SqlClient.SqlCommand.<>c.<InternalExecuteReaderAsync>b__201_1(IAsyncResult asyncResult)
   at System.Threading.Tasks.TaskFactory`1.FromAsyncCoreLogic(IAsyncResult iar, Func`2 endFunction, Action`1 endAction, Task`1 promise, Boolean requiresSynchronization)
--- End of stack trace from previous location ---
   at Dapper.SqlMapper.ExecuteScalarImplAsync[T](IDbConnection cnn, CommandDefinition command) in /_/Dapper/SqlMapper.Async.cs:line 1241
   at OrderingService.DAL.OrderRepository.CreateAsync(Order order) in C:\Users\user\Desktop\OrderingService\DAL\OrderRepository.cs:line 40
   at OrderingService.BLL.OrderService.CreateAsync(Order order) in C:\Users\user\Desktop\OrderingService\BLL\OrderService.cs:line 69
   at OrderingService.Controllers.OrdersController.Create(Order order) in C:\Users\user\Desktop\OrderingService\Controllers\OrdersController.cs:line 32
   at Microsoft.AspNetCore.Mvc.Infrastructure.ActionMethodExecutor.TaskOfIActionResultExecutor.Execute(ActionContext actionContext, IActionResultTypeMapper mapper, ObjectMethodExecutor executor, Object controller, Object[] arguments)
   at Microsoft.AspNetCore.Mvc.Infrastructure.ControllerActionInvoker.<InvokeActionMethodAsync>g__Awaited|12_0(ControllerActionInvoker invoker, ValueTask`1 actionResultValueTask)
   at Microsoft.AspNetCore.Mvc.Infrastructure.ControllerActionInvoker.<InvokeNextActionFilterAsync>g__Awaited|10_0(ControllerActionInvoker invoker, Task lastTask, State next, Scope scope, Object state, Boolean isCompleted)
   at Microsoft.AspNetCore.Mvc.Infrastructure.ControllerActionInvoker.Rethrow(ActionExecutedContextSealed context)
   at Microsoft.AspNetCore.Mvc.Infrastructure.ControllerActionInvoker.Next(State& next, Scope& scope, Object& state, Boolean& isCompleted)
   at Microsoft.AspNetCore.Mvc.Infrastructure.ControllerActionInvoker.<InvokeInnerFilterAsync>g__Awaited|13_0(ControllerActionInvoker invoker, Task lastTask, State next, Scope scope, Object state, Boolean isCompleted)
   at Microsoft.AspNetCore.Mvc.Infrastructure.ResourceInvoker.<InvokeFilterPipelineAsync>g__Awaited|20_0(ResourceInvoker invoker, Task lastTask, State next, Scope scope, Object state, Boolean isCompleted)
   at Microsoft.AspNetCore.Mvc.Infrastructure.ResourceInvoker.<InvokeAsync>g__Logged|17_1(ResourceInvoker invoker)
   at Microsoft.AspNetCore.Mvc.Infrastructure.ResourceInvoker.<InvokeAsync>g__Logged|17_1(ResourceInvoker invoker)
   at Microsoft.AspNetCore.Routing.EndpointMiddleware.<Invoke>g__AwaitRequestTask|7_0(Endpoint endpoint, Task requestTask, ILogger logger)
   at Microsoft.AspNetCore.Authorization.AuthorizationMiddleware.Invoke(HttpContext context)
   at Serilog.AspNetCore.RequestLoggingMiddleware.Invoke(HttpContext httpContext)
ClientConnectionId:956e2bfe-47b1-48e2-9807-bda6eafbda8d
Error Number:547,State:0,Class:16
2025-11-30 12:50:37.890 +02:00 [ERR] An unhandled exception has occurred while executing the request.
Microsoft.Data.SqlClient.SqlException (0x80131904): The INSERT statement conflicted with the FOREIGN KEY constraint "FK__Orders__ProjectT__3A81B327". The conflict occurred in database "OrderingDb", table "dbo.ProjectTeams", column 'Id'.
The statement has been terminated.
   at Microsoft.Data.SqlClient.SqlConnection.OnError(SqlException exception, Boolean breakConnection, Action`1 wrapCloseInAction)
   at Microsoft.Data.SqlClient.SqlInternalConnection.OnError(SqlException exception, Boolean breakConnection, Action`1 wrapCloseInAction)
   at Microsoft.Data.SqlClient.TdsParser.ThrowExceptionAndWarning(TdsParserStateObject stateObj, SqlCommand command, Boolean callerHasConnectionLock, Boolean asyncClose)
   at Microsoft.Data.SqlClient.TdsParser.TryRun(RunBehavior runBehavior, SqlCommand cmdHandler, SqlDataReader dataStream, BulkCopySimpleResultSet bulkCopyHandler, TdsParserStateObject stateObj, Boolean& dataReady)
   at Microsoft.Data.SqlClient.SqlDataReader.TryConsumeMetaData()
   at Microsoft.Data.SqlClient.SqlDataReader.get_MetaData()
   at Microsoft.Data.SqlClient.SqlCommand.FinishExecuteReader(SqlDataReader ds, RunBehavior runBehavior, String resetOptionsString, Boolean isInternal, Boolean forDescribeParameterEncryption, Boolean shouldCacheForAlwaysEncrypted)
   at Microsoft.Data.SqlClient.SqlCommand.CompleteAsyncExecuteReader(Boolean isInternal, Boolean forDescribeParameterEncryption)
   at Microsoft.Data.SqlClient.SqlCommand.InternalEndExecuteReader(IAsyncResult asyncResult, Boolean isInternal, String endMethod)
   at Microsoft.Data.SqlClient.SqlCommand.EndExecuteReaderInternal(IAsyncResult asyncResult)
   at Microsoft.Data.SqlClient.SqlCommand.EndExecuteReaderAsync(IAsyncResult asyncResult)
   at Microsoft.Data.SqlClient.SqlCommand.<>c.<InternalExecuteReaderAsync>b__201_1(IAsyncResult asyncResult)
   at System.Threading.Tasks.TaskFactory`1.FromAsyncCoreLogic(IAsyncResult iar, Func`2 endFunction, Action`1 endAction, Task`1 promise, Boolean requiresSynchronization)
--- End of stack trace from previous location ---
   at Dapper.SqlMapper.ExecuteScalarImplAsync[T](IDbConnection cnn, CommandDefinition command) in /_/Dapper/SqlMapper.Async.cs:line 1241
   at OrderingService.DAL.OrderRepository.CreateAsync(Order order) in C:\Users\user\Desktop\OrderingService\DAL\OrderRepository.cs:line 40
   at OrderingService.BLL.OrderService.CreateAsync(Order order) in C:\Users\user\Desktop\OrderingService\BLL\OrderService.cs:line 69
   at OrderingService.Controllers.OrdersController.Create(Order order) in C:\Users\user\Desktop\OrderingService\Controllers\OrdersController.cs:line 32
   at Microsoft.AspNetCore.Mvc.Infrastructure.ActionMethodExecutor.TaskOfIActionResultExecutor.Execute(ActionContext actionContext, IActionResultTypeMapper mapper, ObjectMethodExecutor executor, Object controller, Object[] arguments)
   at Microsoft.AspNetCore.Mvc.Infrastructure.ControllerActionInvoker.<InvokeActionMethodAsync>g__Awaited|12_0(ControllerActionInvoker invoker, ValueTask`1 actionResultValueTask)
   at Microsoft.AspNetCore.Mvc.Infrastructure.ControllerActionInvoker.<InvokeNextActionFilterAsync>g__Awaited|10_0(ControllerActionInvoker invoker, Task lastTask, State next, Scope scope, Object state, Boolean isCompleted)
   at Microsoft.AspNetCore.Mvc.Infrastructure.ControllerActionInvoker.Rethrow(ActionExecutedContextSealed context)
   at Microsoft.AspNetCore.Mvc.Infrastructure.ControllerActionInvoker.Next(State& next, Scope& scope, Object& state, Boolean& isCompleted)
   at Microsoft.AspNetCore.Mvc.Infrastructure.ControllerActionInvoker.<InvokeInnerFilterAsync>g__Awaited|13_0(ControllerActionInvoker invoker, Task lastTask, State next, Scope scope, Object state, Boolean isCompleted)
   at Microsoft.AspNetCore.Mvc.Infrastructure.ResourceInvoker.<InvokeFilterPipelineAsync>g__Awaited|20_0(ResourceInvoker invoker, Task lastTask, State next, Scope scope, Object state, Boolean isCompleted)
   at Microsoft.AspNetCore.Mvc.Infrastructure.ResourceInvoker.<InvokeAsync>g__Logged|17_1(ResourceInvoker invoker)
   at Microsoft.AspNetCore.Mvc.Infrastructure.ResourceInvoker.<InvokeAsync>g__Logged|17_1(ResourceInvoker invoker)
   at Microsoft.AspNetCore.Routing.EndpointMiddleware.<Invoke>g__AwaitRequestTask|7_0(Endpoint endpoint, Task requestTask, ILogger logger)
   at Microsoft.AspNetCore.Authorization.AuthorizationMiddleware.Invoke(HttpContext context)
   at Serilog.AspNetCore.RequestLoggingMiddleware.Invoke(HttpContext httpContext)
   at Swashbuckle.AspNetCore.SwaggerUI.SwaggerUIMiddleware.Invoke(HttpContext httpContext)
   at Swashbuckle.AspNetCore.Swagger.SwaggerMiddleware.Invoke(HttpContext httpContext, ISwaggerProvider swaggerProvider)
   at Microsoft.AspNetCore.Authentication.AuthenticationMiddleware.Invoke(HttpContext context)
   at Microsoft.AspNetCore.Diagnostics.DeveloperExceptionPageMiddlewareImpl.Invoke(HttpContext context)
ClientConnectionId:956e2bfe-47b1-48e2-9807-bda6eafbda8d
Error Number:547,State:0,Class:16
2025-11-30 12:50:37.907 +02:00 [INF] Request finished HTTP/2 POST https://localhost:7164/api/Orders - 500 null text/plain; charset=utf-8 903.4143ms
2025-11-30 12:50:43.654 +02:00 [INF] Request starting HTTP/2 POST https://localhost:7164/api/Orders - application/json 252
2025-11-30 12:50:43.657 +02:00 [INF] CORS policy execution successful.
2025-11-30 12:50:43.658 +02:00 [INF] Executing endpoint 'OrderingService.Controllers.OrdersController.Create (OrderingService)'
2025-11-30 12:50:43.659 +02:00 [INF] Route matched with {action = "Create", controller = "Orders"}. Executing controller action with signature System.Threading.Tasks.Task`1[Microsoft.AspNetCore.Mvc.IActionResult] Create(OrderingService.Models.Order) on controller OrderingService.Controllers.OrdersController (OrderingService).
2025-11-30 12:50:43.661 +02:00 [INF] Creating order for project ATmega328
2025-11-30 12:50:43.821 +02:00 [INF] Published OrderCreated event for order 7
2025-11-30 12:50:43.886 +02:00 [INF] Order 7 created successfully {"Id":7,"ProjectName":"ATmega328","CreatedAt":"2025-11-30T10:50:43.6918142Z","Status":"Pending","ProjectTeamId":1,"Items":[{"Id":0,"OrderId":0,"ComponentName":"ATmega328","Quantity":0,"$type":"OrderItem"}],"$type":"Order"}
2025-11-30 12:50:43.899 +02:00 [INF] Executing CreatedAtActionResult, writing value of type 'OrderingService.Models.Order'.
2025-11-30 12:50:43.918 +02:00 [INF] Executed action OrderingService.Controllers.OrdersController.Create (OrderingService) in 257.7058ms
2025-11-30 12:50:43.919 +02:00 [INF] Executed endpoint 'OrderingService.Controllers.OrdersController.Create (OrderingService)'
2025-11-30 12:50:43.920 +02:00 [INF] HTTP POST /api/Orders responded 201 in 263.6866 ms
2025-11-30 12:50:43.921 +02:00 [INF] Request finished HTTP/2 POST https://localhost:7164/api/Orders - 201 null application/json; charset=utf-8 267.3341ms
2025-11-30 17:44:21.468 +02:00 [INF] User profile is available. Using 'C:\Users\user\AppData\Local\ASP.NET\DataProtection-Keys' as key repository and Windows DPAPI to encrypt keys at rest.
2025-11-30 17:44:21.655 +02:00 [INF] Now listening on: https://localhost:7164
2025-11-30 17:44:21.657 +02:00 [INF] Now listening on: http://localhost:5199
2025-11-30 17:44:21.738 +02:00 [INF] Application started. Press Ctrl+C to shut down.
2025-11-30 17:44:21.739 +02:00 [INF] Hosting environment: Development
2025-11-30 17:44:21.740 +02:00 [INF] Content root path: C:\Users\user\Desktop\OrderingService
2025-11-30 17:44:22.286 +02:00 [INF] Request starting HTTP/2 GET https://localhost:7164/swagger/index.html - null null
2025-11-30 17:44:22.470 +02:00 [INF] Request finished HTTP/2 GET https://localhost:7164/swagger/index.html - 200 null text/html;charset=utf-8 184.3438ms
2025-11-30 17:44:22.571 +02:00 [INF] Request starting HTTP/2 GET https://localhost:7164/_framework/aspnetcore-browser-refresh.js - null null
2025-11-30 17:44:22.572 +02:00 [INF] Request starting HTTP/2 GET https://localhost:7164/_vs/browserLink - null null
2025-11-30 17:44:22.579 +02:00 [INF] Request finished HTTP/2 GET https://localhost:7164/_framework/aspnetcore-browser-refresh.js - 200 13766 application/javascript; charset=utf-8 8.8192ms
2025-11-30 17:44:22.611 +02:00 [INF] Request finished HTTP/2 GET https://localhost:7164/_vs/browserLink - 200 null text/javascript; charset=UTF-8 38.8181ms
2025-11-30 17:44:22.689 +02:00 [INF] Request starting HTTP/2 GET https://localhost:7164/swagger/v1/swagger.json - null null
2025-11-30 17:44:22.770 +02:00 [INF] Request finished HTTP/2 GET https://localhost:7164/swagger/v1/swagger.json - 200 null application/json;charset=utf-8 81.1983ms
2025-11-30 17:44:50.424 +02:00 [INF] User profile is available. Using 'C:\Users\user\AppData\Local\ASP.NET\DataProtection-Keys' as key repository and Windows DPAPI to encrypt keys at rest.
2025-11-30 17:44:50.633 +02:00 [INF] Now listening on: https://localhost:7164
2025-11-30 17:44:50.635 +02:00 [INF] Now listening on: http://localhost:5199
2025-11-30 17:44:50.721 +02:00 [INF] Application started. Press Ctrl+C to shut down.
2025-11-30 17:44:50.722 +02:00 [INF] Hosting environment: Development
2025-11-30 17:44:50.723 +02:00 [INF] Content root path: C:\Users\user\Desktop\OrderingService
2025-11-30 17:44:51.490 +02:00 [INF] Request starting HTTP/2 GET https://localhost:7164/swagger/index.html - null null
2025-11-30 17:44:51.629 +02:00 [INF] Request finished HTTP/2 GET https://localhost:7164/swagger/index.html - 200 null text/html;charset=utf-8 140.2622ms
2025-11-30 17:44:51.733 +02:00 [INF] Request starting HTTP/2 GET https://localhost:7164/_vs/browserLink - null null
2025-11-30 17:44:51.733 +02:00 [INF] Request starting HTTP/2 GET https://localhost:7164/_framework/aspnetcore-browser-refresh.js - null null
2025-11-30 17:44:51.742 +02:00 [INF] Request finished HTTP/2 GET https://localhost:7164/_framework/aspnetcore-browser-refresh.js - 200 13766 application/javascript; charset=utf-8 8.5194ms
2025-11-30 17:44:51.760 +02:00 [INF] Request finished HTTP/2 GET https://localhost:7164/_vs/browserLink - 200 null text/javascript; charset=UTF-8 27.3655ms
2025-11-30 17:44:51.801 +02:00 [INF] Request starting HTTP/2 GET https://localhost:7164/swagger/v1/swagger.json - null null
2025-11-30 17:44:51.864 +02:00 [INF] Request finished HTTP/2 GET https://localhost:7164/swagger/v1/swagger.json - 200 null application/json;charset=utf-8 63.4375ms
2025-11-30 17:45:47.366 +02:00 [INF] User profile is available. Using 'C:\Users\user\AppData\Local\ASP.NET\DataProtection-Keys' as key repository and Windows DPAPI to encrypt keys at rest.
2025-11-30 17:45:47.535 +02:00 [INF] Now listening on: https://localhost:7164
2025-11-30 17:45:47.536 +02:00 [INF] Now listening on: http://localhost:5199
2025-11-30 17:45:47.604 +02:00 [INF] Application started. Press Ctrl+C to shut down.
2025-11-30 17:45:47.605 +02:00 [INF] Hosting environment: Development
2025-11-30 17:45:47.606 +02:00 [INF] Content root path: C:\Users\user\Desktop\OrderingService
2025-11-30 17:45:48.458 +02:00 [INF] Request starting HTTP/2 GET https://localhost:7164/swagger/index.html - null null
2025-11-30 17:45:48.624 +02:00 [INF] Request finished HTTP/2 GET https://localhost:7164/swagger/index.html - 200 null text/html;charset=utf-8 167.8417ms
2025-11-30 17:45:48.737 +02:00 [INF] Request starting HTTP/2 GET https://localhost:7164/_vs/browserLink - null null
2025-11-30 17:45:48.737 +02:00 [INF] Request starting HTTP/2 GET https://localhost:7164/_framework/aspnetcore-browser-refresh.js - null null
2025-11-30 17:45:48.753 +02:00 [INF] Request finished HTTP/2 GET https://localhost:7164/_framework/aspnetcore-browser-refresh.js - 200 13766 application/javascript; charset=utf-8 15.868ms
2025-11-30 17:45:48.788 +02:00 [INF] Request finished HTTP/2 GET https://localhost:7164/_vs/browserLink - 200 null text/javascript; charset=UTF-8 51.6916ms
2025-11-30 17:45:48.861 +02:00 [INF] Request starting HTTP/2 GET https://localhost:7164/swagger/v1/swagger.json - null null
2025-11-30 17:45:48.958 +02:00 [INF] Request finished HTTP/2 GET https://localhost:7164/swagger/v1/swagger.json - 200 null application/json;charset=utf-8 97.1701ms
2025-11-30 17:46:10.023 +02:00 [INF] User profile is available. Using 'C:\Users\user\AppData\Local\ASP.NET\DataProtection-Keys' as key repository and Windows DPAPI to encrypt keys at rest.
2025-11-30 17:46:10.236 +02:00 [INF] Now listening on: https://localhost:7164
2025-11-30 17:46:10.237 +02:00 [INF] Now listening on: http://localhost:5199
2025-11-30 17:46:10.319 +02:00 [INF] Application started. Press Ctrl+C to shut down.
2025-11-30 17:46:10.320 +02:00 [INF] Hosting environment: Development
2025-11-30 17:46:10.320 +02:00 [INF] Content root path: C:\Users\user\Desktop\OrderingService
2025-11-30 17:46:10.981 +02:00 [INF] Request starting HTTP/2 GET https://localhost:7164/swagger/index.html - null null
2025-11-30 17:46:11.134 +02:00 [INF] Request finished HTTP/2 GET https://localhost:7164/swagger/index.html - 200 null text/html;charset=utf-8 153.6034ms
2025-11-30 17:46:11.210 +02:00 [INF] Request starting HTTP/2 GET https://localhost:7164/_framework/aspnetcore-browser-refresh.js - null null
2025-11-30 17:46:11.222 +02:00 [INF] Request starting HTTP/2 GET https://localhost:7164/_vs/browserLink - null null
2025-11-30 17:46:11.229 +02:00 [INF] Request finished HTTP/2 GET https://localhost:7164/_framework/aspnetcore-browser-refresh.js - 200 13766 application/javascript; charset=utf-8 18.5878ms
2025-11-30 17:46:11.273 +02:00 [INF] Request finished HTTP/2 GET https://localhost:7164/_vs/browserLink - 200 null text/javascript; charset=UTF-8 50.563ms
2025-11-30 17:46:11.341 +02:00 [INF] Request starting HTTP/2 GET https://localhost:7164/swagger/v1/swagger.json - null null
2025-11-30 17:46:11.422 +02:00 [INF] Request finished HTTP/2 GET https://localhost:7164/swagger/v1/swagger.json - 200 null application/json;charset=utf-8 80.7763ms
2025-11-30 17:50:33.395 +02:00 [INF] User profile is available. Using 'C:\Users\user\AppData\Local\ASP.NET\DataProtection-Keys' as key repository and Windows DPAPI to encrypt keys at rest.
2025-11-30 17:50:33.670 +02:00 [INF] Now listening on: https://localhost:7164
2025-11-30 17:50:33.674 +02:00 [INF] Now listening on: http://localhost:5199
2025-11-30 17:50:33.778 +02:00 [INF] Application started. Press Ctrl+C to shut down.
2025-11-30 17:50:33.779 +02:00 [INF] Hosting environment: Development
2025-11-30 17:50:33.780 +02:00 [INF] Content root path: C:\Users\user\Desktop\OrderingService
2025-11-30 17:56:28.931 +02:00 [INF] User profile is available. Using 'C:\Users\user\AppData\Local\ASP.NET\DataProtection-Keys' as key repository and Windows DPAPI to encrypt keys at rest.
2025-11-30 17:56:29.159 +02:00 [INF] Now listening on: https://localhost:7164
2025-11-30 17:56:29.160 +02:00 [INF] Now listening on: http://localhost:5199
2025-11-30 17:56:29.231 +02:00 [INF] Application started. Press Ctrl+C to shut down.
2025-11-30 17:56:29.232 +02:00 [INF] Hosting environment: Development
2025-11-30 17:56:29.233 +02:00 [INF] Content root path: C:\Users\user\Desktop\OrderingService
2025-11-30 17:56:30.136 +02:00 [INF] Request starting HTTP/2 GET https://localhost:7164/swagger/index.html - null null
2025-11-30 17:56:30.274 +02:00 [INF] Request finished HTTP/2 GET https://localhost:7164/swagger/index.html - 200 null text/html;charset=utf-8 143.155ms
2025-11-30 17:56:30.361 +02:00 [INF] Request starting HTTP/2 GET https://localhost:7164/_vs/browserLink - null null
2025-11-30 17:56:30.361 +02:00 [INF] Request starting HTTP/2 GET https://localhost:7164/_framework/aspnetcore-browser-refresh.js - null null
2025-11-30 17:56:30.368 +02:00 [INF] Request finished HTTP/2 GET https://localhost:7164/_framework/aspnetcore-browser-refresh.js - 200 13766 application/javascript; charset=utf-8 7.4367ms
2025-11-30 17:56:30.386 +02:00 [INF] Request finished HTTP/2 GET https://localhost:7164/_vs/browserLink - 200 null text/javascript; charset=UTF-8 25.7745ms
2025-11-30 17:56:30.428 +02:00 [INF] Request starting HTTP/2 GET https://localhost:7164/swagger/v1/swagger.json - null null
2025-11-30 17:56:30.490 +02:00 [INF] Request finished HTTP/2 GET https://localhost:7164/swagger/v1/swagger.json - 200 null application/json;charset=utf-8 62.215ms
2025-11-30 17:56:37.419 +02:00 [INF] Request starting HTTP/2 GET https://localhost:7164/api/Orders - null null
2025-11-30 17:56:37.495 +02:00 [INF] Authorization failed. These requirements were not met:
DenyAnonymousAuthorizationRequirement: Requires an authenticated user.
2025-11-30 17:56:37.500 +02:00 [INF] AuthenticationScheme: Bearer was challenged.
2025-11-30 17:56:37.503 +02:00 [INF] HTTP GET /api/Orders responded 401 in 78.2665 ms
2025-11-30 17:56:37.505 +02:00 [INF] Request finished HTTP/2 GET https://localhost:7164/api/Orders - 401 0 null 87.1629ms
2025-11-30 17:58:43.874 +02:00 [INF] User profile is available. Using 'C:\Users\user\AppData\Local\ASP.NET\DataProtection-Keys' as key repository and Windows DPAPI to encrypt keys at rest.
2025-11-30 17:58:44.062 +02:00 [INF] Now listening on: https://localhost:7164
2025-11-30 17:58:44.065 +02:00 [INF] Now listening on: http://localhost:5199
2025-11-30 17:58:44.146 +02:00 [INF] Application started. Press Ctrl+C to shut down.
2025-11-30 17:58:44.148 +02:00 [INF] Hosting environment: Development
2025-11-30 17:58:44.150 +02:00 [INF] Content root path: C:\Users\user\Desktop\OrderingService
2025-11-30 17:58:44.688 +02:00 [INF] Request starting HTTP/2 GET https://localhost:7164/swagger/index.html - null null
2025-11-30 17:58:44.848 +02:00 [INF] Request finished HTTP/2 GET https://localhost:7164/swagger/index.html - 200 null text/html;charset=utf-8 161.5765ms
2025-11-30 17:58:44.868 +02:00 [INF] Request starting HTTP/2 GET https://localhost:7164/_framework/aspnetcore-browser-refresh.js - null null
2025-11-30 17:58:44.875 +02:00 [INF] Request finished HTTP/2 GET https://localhost:7164/_framework/aspnetcore-browser-refresh.js - 200 13766 application/javascript; charset=utf-8 7.4175ms
2025-11-30 17:58:44.907 +02:00 [INF] Request starting HTTP/2 GET https://localhost:7164/_vs/browserLink - null null
2025-11-30 17:58:44.940 +02:00 [INF] Request finished HTTP/2 GET https://localhost:7164/_vs/browserLink - 200 null text/javascript; charset=UTF-8 32.3113ms
2025-11-30 17:58:44.998 +02:00 [INF] Request starting HTTP/2 GET https://localhost:7164/swagger/v1/swagger.json - null null
2025-11-30 17:58:45.071 +02:00 [INF] Request finished HTTP/2 GET https://localhost:7164/swagger/v1/swagger.json - 200 null application/json;charset=utf-8 72.7488ms
2025-11-30 18:06:57.256 +02:00 [INF] User profile is available. Using 'C:\Users\user\AppData\Local\ASP.NET\DataProtection-Keys' as key repository and Windows DPAPI to encrypt keys at rest.
2025-11-30 18:06:57.443 +02:00 [INF] Now listening on: https://localhost:7164
2025-11-30 18:06:57.444 +02:00 [INF] Now listening on: http://localhost:5199
2025-11-30 18:06:57.516 +02:00 [INF] Application started. Press Ctrl+C to shut down.
2025-11-30 18:06:57.518 +02:00 [INF] Hosting environment: Development
2025-11-30 18:06:57.518 +02:00 [INF] Content root path: C:\Users\user\Desktop\OrderingService
2025-11-30 18:06:58.656 +02:00 [INF] Request starting HTTP/2 GET https://localhost:7164/swagger/index.html - null null
2025-11-30 18:06:58.803 +02:00 [INF] Request finished HTTP/2 GET https://localhost:7164/swagger/index.html - 200 null text/html;charset=utf-8 148.0513ms
2025-11-30 18:06:58.911 +02:00 [INF] Request starting HTTP/2 GET https://localhost:7164/_vs/browserLink - null null
2025-11-30 18:06:58.911 +02:00 [INF] Request starting HTTP/2 GET https://localhost:7164/_framework/aspnetcore-browser-refresh.js - null null
2025-11-30 18:06:58.924 +02:00 [INF] Request finished HTTP/2 GET https://localhost:7164/_framework/aspnetcore-browser-refresh.js - 200 13766 application/javascript; charset=utf-8 12.4581ms
2025-11-30 18:06:58.947 +02:00 [INF] Request finished HTTP/2 GET https://localhost:7164/_vs/browserLink - 200 null text/javascript; charset=UTF-8 35.8104ms
2025-11-30 18:06:59.002 +02:00 [INF] Request starting HTTP/2 GET https://localhost:7164/swagger/v1/swagger.json - null null
2025-11-30 18:06:59.080 +02:00 [INF] Request finished HTTP/2 GET https://localhost:7164/swagger/v1/swagger.json - 200 null application/json;charset=utf-8 77.7324ms
2025-11-30 18:17:42.665 +02:00 [INF] User profile is available. Using 'C:\Users\user\AppData\Local\ASP.NET\DataProtection-Keys' as key repository and Windows DPAPI to encrypt keys at rest.
2025-11-30 18:17:42.836 +02:00 [INF] Now listening on: https://localhost:7164
2025-11-30 18:17:42.838 +02:00 [INF] Now listening on: http://localhost:5199
2025-11-30 18:17:42.910 +02:00 [INF] Application started. Press Ctrl+C to shut down.
2025-11-30 18:17:42.911 +02:00 [INF] Hosting environment: Development
2025-11-30 18:17:42.912 +02:00 [INF] Content root path: C:\Users\user\Desktop\OrderingService
2025-11-30 18:17:44.264 +02:00 [INF] Request starting HTTP/2 GET https://localhost:7164/swagger/index.html - null null
2025-11-30 18:17:44.392 +02:00 [INF] Request finished HTTP/2 GET https://localhost:7164/swagger/index.html - 200 null text/html;charset=utf-8 129.7517ms
2025-11-30 18:17:44.477 +02:00 [INF] Request starting HTTP/2 GET https://localhost:7164/_framework/aspnetcore-browser-refresh.js - null null
2025-11-30 18:17:44.477 +02:00 [INF] Request starting HTTP/2 GET https://localhost:7164/_vs/browserLink - null null
2025-11-30 18:17:44.486 +02:00 [INF] Request finished HTTP/2 GET https://localhost:7164/_framework/aspnetcore-browser-refresh.js - 200 13766 application/javascript; charset=utf-8 8.7374ms
2025-11-30 18:17:44.511 +02:00 [INF] Request finished HTTP/2 GET https://localhost:7164/_vs/browserLink - 200 null text/javascript; charset=UTF-8 34.3678ms
2025-11-30 18:17:44.543 +02:00 [INF] Request starting HTTP/2 GET https://localhost:7164/swagger/v1/swagger.json - null null
2025-11-30 18:17:44.611 +02:00 [INF] Request finished HTTP/2 GET https://localhost:7164/swagger/v1/swagger.json - 200 null application/json;charset=utf-8 67.7392ms
2025-11-30 18:21:08.960 +02:00 [INF] Request starting HTTP/2 GET https://localhost:7164/api/Orders - null null
2025-11-30 18:21:09.013 +02:00 [INF] Authorization failed. These requirements were not met:
DenyAnonymousAuthorizationRequirement: Requires an authenticated user.
2025-11-30 18:21:09.016 +02:00 [INF] AuthenticationScheme: Bearer was challenged.
2025-11-30 18:21:09.018 +02:00 [INF] HTTP GET /api/Orders responded 401 in 50.3578 ms
2025-11-30 18:21:09.020 +02:00 [INF] Request finished HTTP/2 GET https://localhost:7164/api/Orders - 401 0 null 60.0186ms
2025-11-30 18:21:29.757 +02:00 [INF] Request starting HTTP/2 GET https://localhost:7164/api/Orders - null null
2025-11-30 18:21:29.765 +02:00 [INF] Authorization failed. These requirements were not met:
DenyAnonymousAuthorizationRequirement: Requires an authenticated user.
2025-11-30 18:21:29.766 +02:00 [INF] AuthenticationScheme: Bearer was challenged.
2025-11-30 18:21:29.767 +02:00 [INF] HTTP GET /api/Orders responded 401 in 4.5800 ms
2025-11-30 18:21:29.768 +02:00 [INF] Request finished HTTP/2 GET https://localhost:7164/api/Orders - 401 0 null 11.2915ms
2025-11-30 18:23:14.012 +02:00 [INF] User profile is available. Using 'C:\Users\user\AppData\Local\ASP.NET\DataProtection-Keys' as key repository and Windows DPAPI to encrypt keys at rest.
2025-11-30 18:23:14.203 +02:00 [INF] Now listening on: https://localhost:7164
2025-11-30 18:23:14.205 +02:00 [INF] Now listening on: http://localhost:5199
2025-11-30 18:23:14.311 +02:00 [INF] Application started. Press Ctrl+C to shut down.
2025-11-30 18:23:14.313 +02:00 [INF] Hosting environment: Development
2025-11-30 18:23:14.314 +02:00 [INF] Content root path: C:\Users\user\Desktop\OrderingService
2025-11-30 18:23:15.035 +02:00 [INF] Request starting HTTP/2 GET https://localhost:7164/swagger/index.html - null null
2025-11-30 18:23:15.208 +02:00 [INF] Request finished HTTP/2 GET https://localhost:7164/swagger/index.html - 200 null text/html;charset=utf-8 174.4379ms
2025-11-30 18:23:15.324 +02:00 [INF] Request starting HTTP/2 GET https://localhost:7164/_vs/browserLink - null null
2025-11-30 18:23:15.324 +02:00 [INF] Request starting HTTP/2 GET https://localhost:7164/_framework/aspnetcore-browser-refresh.js - null null
2025-11-30 18:23:15.338 +02:00 [INF] Request finished HTTP/2 GET https://localhost:7164/_framework/aspnetcore-browser-refresh.js - 200 13766 application/javascript; charset=utf-8 14.1495ms
2025-11-30 18:23:15.359 +02:00 [INF] Request finished HTTP/2 GET https://localhost:7164/_vs/browserLink - 200 null text/javascript; charset=UTF-8 35.0427ms
2025-11-30 18:23:15.407 +02:00 [INF] Request starting HTTP/2 GET https://localhost:7164/swagger/v1/swagger.json - null null
2025-11-30 18:23:15.487 +02:00 [INF] Request finished HTTP/2 GET https://localhost:7164/swagger/v1/swagger.json - 200 null application/json;charset=utf-8 79.9199ms
2025-11-30 18:28:40.156 +02:00 [INF] User profile is available. Using 'C:\Users\user\AppData\Local\ASP.NET\DataProtection-Keys' as key repository and Windows DPAPI to encrypt keys at rest.
2025-11-30 18:28:40.367 +02:00 [INF] Now listening on: https://localhost:7164
2025-11-30 18:28:40.369 +02:00 [INF] Now listening on: http://localhost:5199
2025-11-30 18:28:40.455 +02:00 [INF] Application started. Press Ctrl+C to shut down.
2025-11-30 18:28:40.456 +02:00 [INF] Hosting environment: Development
2025-11-30 18:28:40.457 +02:00 [INF] Content root path: C:\Users\user\Desktop\OrderingService
2025-11-30 18:28:41.536 +02:00 [INF] Request starting HTTP/2 GET https://localhost:7164/swagger/index.html - null null
2025-11-30 18:28:41.681 +02:00 [INF] Request finished HTTP/2 GET https://localhost:7164/swagger/index.html - 200 null text/html;charset=utf-8 146.0141ms
2025-11-30 18:28:41.766 +02:00 [INF] Request starting HTTP/2 GET https://localhost:7164/_framework/aspnetcore-browser-refresh.js - null null
2025-11-30 18:28:41.766 +02:00 [INF] Request starting HTTP/2 GET https://localhost:7164/_vs/browserLink - null null
2025-11-30 18:28:41.772 +02:00 [INF] Request finished HTTP/2 GET https://localhost:7164/_framework/aspnetcore-browser-refresh.js - 200 13766 application/javascript; charset=utf-8 5.6437ms
2025-11-30 18:28:41.797 +02:00 [INF] Request finished HTTP/2 GET https://localhost:7164/_vs/browserLink - 200 null text/javascript; charset=UTF-8 30.8736ms
2025-11-30 18:28:41.839 +02:00 [INF] Request starting HTTP/2 GET https://localhost:7164/swagger/v1/swagger.json - null null
2025-11-30 18:28:41.902 +02:00 [INF] Request finished HTTP/2 GET https://localhost:7164/swagger/v1/swagger.json - 200 null application/json;charset=utf-8 62.4179ms
2025-11-30 18:29:45.316 +02:00 [INF] Request starting HTTP/2 GET https://localhost:7164/api/Orders - null null
2025-11-30 18:29:45.368 +02:00 [INF] Authorization failed. These requirements were not met:
DenyAnonymousAuthorizationRequirement: Requires an authenticated user.
2025-11-30 18:29:45.371 +02:00 [INF] AuthenticationScheme: Bearer was challenged.
2025-11-30 18:29:45.373 +02:00 [INF] HTTP GET /api/Orders responded 401 in 49.1790 ms
2025-11-30 18:29:45.376 +02:00 [INF] Request finished HTTP/2 GET https://localhost:7164/api/Orders - 401 0 null 59.2584ms
2025-11-30 18:29:50.034 +02:00 [INF] Request starting HTTP/2 GET https://localhost:7164/api/Orders - null null
2025-11-30 18:29:50.083 +02:00 [INF] Executing endpoint 'OrderingService.Controllers.OrdersController.GetAll (OrderingService)'
2025-11-30 18:29:50.100 +02:00 [INF] Route matched with {action = "GetAll", controller = "Orders"}. Executing controller action with signature System.Threading.Tasks.Task`1[Microsoft.AspNetCore.Mvc.IActionResult] GetAll() on controller OrderingService.Controllers.OrdersController (OrderingService).
2025-11-30 18:29:50.450 +02:00 [INF] Returned 5 orders
2025-11-30 18:29:50.456 +02:00 [INF] Executing OkObjectResult, writing value of type 'System.Collections.Generic.List`1[[OrderingService.Models.Order, OrderingService, Version=1.0.0.0, Culture=neutral, PublicKeyToken=null]]'.
2025-11-30 18:29:50.466 +02:00 [INF] Executed action OrderingService.Controllers.OrdersController.GetAll (OrderingService) in 362.2977ms
2025-11-30 18:29:50.468 +02:00 [INF] Executed endpoint 'OrderingService.Controllers.OrdersController.GetAll (OrderingService)'
2025-11-30 18:29:50.469 +02:00 [INF] HTTP GET /api/Orders responded 200 in 432.0903 ms
2025-11-30 18:29:50.471 +02:00 [INF] Request finished HTTP/2 GET https://localhost:7164/api/Orders - 200 null application/json; charset=utf-8 436.465ms
2025-11-30 18:30:46.688 +02:00 [INF] User profile is available. Using 'C:\Users\user\AppData\Local\ASP.NET\DataProtection-Keys' as key repository and Windows DPAPI to encrypt keys at rest.
2025-11-30 18:30:46.918 +02:00 [INF] Now listening on: https://localhost:7164
2025-11-30 18:30:46.920 +02:00 [INF] Now listening on: http://localhost:5199
2025-11-30 18:30:47.012 +02:00 [INF] Application started. Press Ctrl+C to shut down.
2025-11-30 18:30:47.014 +02:00 [INF] Hosting environment: Development
2025-11-30 18:30:47.015 +02:00 [INF] Content root path: C:\Users\user\Desktop\OrderingService
2025-11-30 18:30:47.960 +02:00 [INF] Request starting HTTP/2 GET https://localhost:7164/swagger/index.html - null null
2025-11-30 18:30:48.127 +02:00 [INF] Request finished HTTP/2 GET https://localhost:7164/swagger/index.html - 200 null text/html;charset=utf-8 168.2002ms
2025-11-30 18:30:48.238 +02:00 [INF] Request starting HTTP/2 GET https://localhost:7164/_vs/browserLink - null null
2025-11-30 18:30:48.238 +02:00 [INF] Request starting HTTP/2 GET https://localhost:7164/_framework/aspnetcore-browser-refresh.js - null null
2025-11-30 18:30:48.247 +02:00 [INF] Request finished HTTP/2 GET https://localhost:7164/_framework/aspnetcore-browser-refresh.js - 200 13766 application/javascript; charset=utf-8 9.3793ms
2025-11-30 18:30:48.266 +02:00 [INF] Request finished HTTP/2 GET https://localhost:7164/_vs/browserLink - 200 null text/javascript; charset=UTF-8 28.3729ms
2025-11-30 18:30:48.315 +02:00 [INF] Request starting HTTP/2 GET https://localhost:7164/swagger/v1/swagger.json - null null
2025-11-30 18:30:48.396 +02:00 [INF] Request finished HTTP/2 GET https://localhost:7164/swagger/v1/swagger.json - 200 null application/json;charset=utf-8 81.0125ms
2025-11-30 19:42:02.286 +02:00 [INF] User profile is available. Using 'C:\Users\user\AppData\Local\ASP.NET\DataProtection-Keys' as key repository and Windows DPAPI to encrypt keys at rest.
2025-11-30 19:42:02.497 +02:00 [INF] Now listening on: https://localhost:7164
2025-11-30 19:42:02.499 +02:00 [INF] Now listening on: http://localhost:5199
2025-11-30 19:42:02.600 +02:00 [INF] Application started. Press Ctrl+C to shut down.
2025-11-30 19:42:02.602 +02:00 [INF] Hosting environment: Development
2025-11-30 19:42:02.602 +02:00 [INF] Content root path: C:\Users\user\Desktop\OrderingService
2025-11-30 19:42:03.178 +02:00 [INF] Request starting HTTP/2 GET https://localhost:7164/swagger/index.html - null null
2025-11-30 19:42:03.350 +02:00 [INF] Request finished HTTP/2 GET https://localhost:7164/swagger/index.html - 200 null text/html;charset=utf-8 173.0345ms
2025-11-30 19:42:03.368 +02:00 [INF] Request starting HTTP/2 GET https://localhost:7164/_framework/aspnetcore-browser-refresh.js - null null
2025-11-30 19:42:03.375 +02:00 [INF] Request finished HTTP/2 GET https://localhost:7164/_framework/aspnetcore-browser-refresh.js - 200 13766 application/javascript; charset=utf-8 6.013ms
2025-11-30 19:42:03.417 +02:00 [INF] Request starting HTTP/2 GET https://localhost:7164/_vs/browserLink - null null
2025-11-30 19:42:03.445 +02:00 [INF] Request finished HTTP/2 GET https://localhost:7164/_vs/browserLink - 200 null text/javascript; charset=UTF-8 28.5481ms
2025-11-30 19:42:03.480 +02:00 [INF] Request starting HTTP/2 GET https://localhost:7164/swagger/v1/swagger.json - null null
2025-11-30 19:42:03.560 +02:00 [INF] Request finished HTTP/2 GET https://localhost:7164/swagger/v1/swagger.json - 200 null application/json;charset=utf-8 80.9355ms
2025-11-30 19:54:12.688 +02:00 [INF] User profile is available. Using 'C:\Users\user\AppData\Local\ASP.NET\DataProtection-Keys' as key repository and Windows DPAPI to encrypt keys at rest.
2025-11-30 19:54:12.907 +02:00 [INF] Now listening on: https://localhost:7164
2025-11-30 19:54:12.908 +02:00 [INF] Now listening on: http://localhost:5199
2025-11-30 19:54:12.996 +02:00 [INF] Application started. Press Ctrl+C to shut down.
2025-11-30 19:54:12.997 +02:00 [INF] Hosting environment: Development
2025-11-30 19:54:12.998 +02:00 [INF] Content root path: C:\Users\user\Desktop\OrderingService
2025-11-30 19:54:13.608 +02:00 [INF] Request starting HTTP/2 GET https://localhost:7164/swagger/index.html - null null
2025-11-30 19:54:13.762 +02:00 [INF] Request finished HTTP/2 GET https://localhost:7164/swagger/index.html - 200 null text/html;charset=utf-8 154.388ms
2025-11-30 19:54:13.825 +02:00 [INF] Request starting HTTP/2 GET https://localhost:7164/_framework/aspnetcore-browser-refresh.js - null null
2025-11-30 19:54:13.834 +02:00 [INF] Request finished HTTP/2 GET https://localhost:7164/_framework/aspnetcore-browser-refresh.js - 200 13766 application/javascript; charset=utf-8 8.5846ms
2025-11-30 19:54:13.843 +02:00 [INF] Request starting HTTP/2 GET https://localhost:7164/_vs/browserLink - null null
2025-11-30 19:54:13.884 +02:00 [INF] Request finished HTTP/2 GET https://localhost:7164/_vs/browserLink - 200 null text/javascript; charset=UTF-8 41.5417ms
2025-11-30 19:54:13.954 +02:00 [INF] Request starting HTTP/2 GET https://localhost:7164/swagger/v1/swagger.json - null null
2025-11-30 19:54:14.051 +02:00 [INF] Request finished HTTP/2 GET https://localhost:7164/swagger/v1/swagger.json - 200 null application/json;charset=utf-8 96.7596ms
2025-11-30 19:59:58.583 +02:00 [INF] User profile is available. Using 'C:\Users\user\AppData\Local\ASP.NET\DataProtection-Keys' as key repository and Windows DPAPI to encrypt keys at rest.
2025-11-30 19:59:58.824 +02:00 [INF] Now listening on: https://localhost:7164
2025-11-30 19:59:58.826 +02:00 [INF] Now listening on: http://localhost:5199
2025-11-30 19:59:58.938 +02:00 [INF] Application started. Press Ctrl+C to shut down.
2025-11-30 19:59:58.939 +02:00 [INF] Hosting environment: Development
2025-11-30 19:59:58.939 +02:00 [INF] Content root path: C:\Users\user\Desktop\OrderingService
2025-11-30 19:59:59.401 +02:00 [INF] Request starting HTTP/2 GET https://localhost:7164/swagger/index.html - null null
2025-11-30 19:59:59.567 +02:00 [INF] Request finished HTTP/2 GET https://localhost:7164/swagger/index.html - 200 null text/html;charset=utf-8 167.1075ms
2025-11-30 19:59:59.665 +02:00 [INF] Request starting HTTP/2 GET https://localhost:7164/_vs/browserLink - null null
2025-11-30 19:59:59.671 +02:00 [INF] Request starting HTTP/2 GET https://localhost:7164/_framework/aspnetcore-browser-refresh.js - null null
2025-11-30 19:59:59.682 +02:00 [INF] Request finished HTTP/2 GET https://localhost:7164/_framework/aspnetcore-browser-refresh.js - 200 13766 application/javascript; charset=utf-8 10.5587ms
2025-11-30 19:59:59.707 +02:00 [INF] Request finished HTTP/2 GET https://localhost:7164/_vs/browserLink - 200 null text/javascript; charset=UTF-8 42.1724ms
2025-11-30 19:59:59.784 +02:00 [INF] Request starting HTTP/2 GET https://localhost:7164/swagger/v1/swagger.json - null null
2025-11-30 19:59:59.891 +02:00 [INF] Request finished HTTP/2 GET https://localhost:7164/swagger/v1/swagger.json - 200 null application/json;charset=utf-8 107.6829ms
2025-11-30 20:05:35.479 +02:00 [INF] User profile is available. Using 'C:\Users\user\AppData\Local\ASP.NET\DataProtection-Keys' as key repository and Windows DPAPI to encrypt keys at rest.
2025-11-30 20:05:35.679 +02:00 [INF] Now listening on: https://localhost:7164
2025-11-30 20:05:35.684 +02:00 [INF] Now listening on: http://localhost:5199
2025-11-30 20:05:35.770 +02:00 [INF] Application started. Press Ctrl+C to shut down.
2025-11-30 20:05:35.771 +02:00 [INF] Hosting environment: Development
2025-11-30 20:05:35.772 +02:00 [INF] Content root path: C:\Users\user\Desktop\OrderingService
2025-11-30 20:05:36.256 +02:00 [INF] Request starting HTTP/2 GET https://localhost:7164/swagger/index.html - null null
2025-11-30 20:05:36.426 +02:00 [INF] Request finished HTTP/2 GET https://localhost:7164/swagger/index.html - 200 null text/html;charset=utf-8 170.9046ms
2025-11-30 20:05:36.476 +02:00 [INF] Request starting HTTP/2 GET https://localhost:7164/_framework/aspnetcore-browser-refresh.js - null null
2025-11-30 20:05:36.483 +02:00 [INF] Request finished HTTP/2 GET https://localhost:7164/_framework/aspnetcore-browser-refresh.js - 200 13766 application/javascript; charset=utf-8 6.991ms
2025-11-30 20:05:36.504 +02:00 [INF] Request starting HTTP/2 GET https://localhost:7164/_vs/browserLink - null null
2025-11-30 20:05:36.544 +02:00 [INF] Request finished HTTP/2 GET https://localhost:7164/_vs/browserLink - 200 null text/javascript; charset=UTF-8 40.8883ms
2025-11-30 20:05:36.597 +02:00 [INF] Request starting HTTP/2 GET https://localhost:7164/swagger/v1/swagger.json - null null
2025-11-30 20:05:36.698 +02:00 [INF] Request finished HTTP/2 GET https://localhost:7164/swagger/v1/swagger.json - 200 null application/json;charset=utf-8 100.8181ms
2025-11-30 20:06:17.822 +02:00 [INF] Request starting HTTP/2 GET https://localhost:7164/api/Orders/test-error - null null
2025-11-30 20:06:17.921 +02:00 [INF] Executing endpoint 'OrderingService.Controllers.OrdersController.TestError (OrderingService)'
2025-11-30 20:06:17.936 +02:00 [INF] Route matched with {action = "TestError", controller = "Orders"}. Executing controller action with signature Microsoft.AspNetCore.Mvc.IActionResult TestError() on controller OrderingService.Controllers.OrdersController (OrderingService).
2025-11-30 20:06:20.586 +02:00 [INF] Executed action OrderingService.Controllers.OrdersController.TestError (OrderingService) in 2646.0759ms
2025-11-30 20:06:20.587 +02:00 [INF] Executed endpoint 'OrderingService.Controllers.OrdersController.TestError (OrderingService)'
2025-11-30 20:06:20.604 +02:00 [ERR] Unhandled exception
System.Exception: Test error
   at OrderingService.Controllers.OrdersController.TestError() in C:\Users\user\Desktop\OrderingService\Controllers\OrdersController.cs:line 23
   at lambda_method3(Closure, Object, Object[])
   at Microsoft.AspNetCore.Mvc.Infrastructure.ActionMethodExecutor.SyncActionResultExecutor.Execute(ActionContext actionContext, IActionResultTypeMapper mapper, ObjectMethodExecutor executor, Object controller, Object[] arguments)
   at Microsoft.AspNetCore.Mvc.Infrastructure.ControllerActionInvoker.InvokeActionMethodAsync()
   at Microsoft.AspNetCore.Mvc.Infrastructure.ControllerActionInvoker.Next(State& next, Scope& scope, Object& state, Boolean& isCompleted)
   at Microsoft.AspNetCore.Mvc.Infrastructure.ControllerActionInvoker.InvokeNextActionFilterAsync()
--- End of stack trace from previous location ---
   at Microsoft.AspNetCore.Mvc.Infrastructure.ControllerActionInvoker.Rethrow(ActionExecutedContextSealed context)
   at Microsoft.AspNetCore.Mvc.Infrastructure.ControllerActionInvoker.Next(State& next, Scope& scope, Object& state, Boolean& isCompleted)
   at Microsoft.AspNetCore.Mvc.Infrastructure.ControllerActionInvoker.InvokeInnerFilterAsync()
--- End of stack trace from previous location ---
   at Microsoft.AspNetCore.Mvc.Infrastructure.ResourceInvoker.<InvokeFilterPipelineAsync>g__Awaited|20_0(ResourceInvoker invoker, Task lastTask, State next, Scope scope, Object state, Boolean isCompleted)
   at Microsoft.AspNetCore.Mvc.Infrastructure.ResourceInvoker.<InvokeAsync>g__Logged|17_1(ResourceInvoker invoker)
   at Microsoft.AspNetCore.Mvc.Infrastructure.ResourceInvoker.<InvokeAsync>g__Logged|17_1(ResourceInvoker invoker)
   at Microsoft.AspNetCore.Routing.EndpointMiddleware.<Invoke>g__AwaitRequestTask|7_0(Endpoint endpoint, Task requestTask, ILogger logger)
   at Microsoft.AspNetCore.Authorization.AuthorizationMiddleware.Invoke(HttpContext context)
   at Microsoft.AspNetCore.Authentication.AuthenticationMiddleware.Invoke(HttpContext context)
   at GlobalExceptionMiddleware.InvokeAsync(HttpContext context) in C:\Users\user\Desktop\OrderingService\Middleware\GlobalExceptionMiddleware.cs:line 21
2025-11-30 20:06:20.631 +02:00 [ERR] HTTP GET /api/Orders/test-error responded 500 in 2799.4937 ms
2025-11-30 20:06:20.633 +02:00 [INF] Request finished HTTP/2 GET https://localhost:7164/api/Orders/test-error - 500 null application/problem+json 2811.7846ms
2025-11-30 20:07:55.645 +02:00 [INF] User profile is available. Using 'C:\Users\user\AppData\Local\ASP.NET\DataProtection-Keys' as key repository and Windows DPAPI to encrypt keys at rest.
2025-11-30 20:07:55.877 +02:00 [INF] Now listening on: https://localhost:7164
2025-11-30 20:07:55.879 +02:00 [INF] Now listening on: http://localhost:5199
2025-11-30 20:07:55.986 +02:00 [INF] Application started. Press Ctrl+C to shut down.
2025-11-30 20:07:55.988 +02:00 [INF] Hosting environment: Development
2025-11-30 20:07:55.990 +02:00 [INF] Content root path: C:\Users\user\Desktop\OrderingService
2025-11-30 20:07:56.255 +02:00 [INF] Request starting HTTP/2 GET https://localhost:7164/swagger/index.html - null null
2025-11-30 20:07:56.427 +02:00 [INF] Request finished HTTP/2 GET https://localhost:7164/swagger/index.html - 200 null text/html;charset=utf-8 172.1423ms
2025-11-30 20:07:56.534 +02:00 [INF] Request starting HTTP/2 GET https://localhost:7164/_framework/aspnetcore-browser-refresh.js - null null
2025-11-30 20:07:56.534 +02:00 [INF] Request starting HTTP/2 GET https://localhost:7164/_vs/browserLink - null null
2025-11-30 20:07:56.540 +02:00 [INF] Request finished HTTP/2 GET https://localhost:7164/_framework/aspnetcore-browser-refresh.js - 200 13766 application/javascript; charset=utf-8 6.1763ms
2025-11-30 20:07:56.602 +02:00 [INF] Request finished HTTP/2 GET https://localhost:7164/_vs/browserLink - 200 null text/javascript; charset=UTF-8 68.5258ms
2025-11-30 20:07:56.644 +02:00 [INF] Request starting HTTP/2 GET https://localhost:7164/swagger/v1/swagger.json - null null
2025-11-30 20:07:56.710 +02:00 [INF] Request finished HTTP/2 GET https://localhost:7164/swagger/v1/swagger.json - 200 null application/json;charset=utf-8 66.071ms
2025-11-30 20:17:34.173 +02:00 [INF] User profile is available. Using 'C:\Users\user\AppData\Local\ASP.NET\DataProtection-Keys' as key repository and Windows DPAPI to encrypt keys at rest.
2025-11-30 20:17:34.419 +02:00 [INF] Now listening on: https://localhost:7164
2025-11-30 20:17:34.421 +02:00 [INF] Now listening on: http://localhost:5199
2025-11-30 20:17:34.495 +02:00 [INF] Application started. Press Ctrl+C to shut down.
2025-11-30 20:17:34.496 +02:00 [INF] Hosting environment: Development
2025-11-30 20:17:34.498 +02:00 [INF] Content root path: C:\Users\user\Desktop\OrderingService
2025-11-30 20:17:35.349 +02:00 [INF] Request starting HTTP/2 GET https://localhost:7164/swagger/index.html - null null
2025-11-30 20:17:35.492 +02:00 [INF] Request finished HTTP/2 GET https://localhost:7164/swagger/index.html - 200 null text/html;charset=utf-8 144.0093ms
2025-11-30 20:17:35.594 +02:00 [INF] Request starting HTTP/2 GET https://localhost:7164/_framework/aspnetcore-browser-refresh.js - null null
2025-11-30 20:17:35.594 +02:00 [INF] Request starting HTTP/2 GET https://localhost:7164/_vs/browserLink - null null
2025-11-30 20:17:35.599 +02:00 [INF] Request finished HTTP/2 GET https://localhost:7164/_framework/aspnetcore-browser-refresh.js - 200 13766 application/javascript; charset=utf-8 5.273ms
2025-11-30 20:17:35.624 +02:00 [INF] Request finished HTTP/2 GET https://localhost:7164/_vs/browserLink - 200 null text/javascript; charset=UTF-8 29.9761ms
2025-11-30 20:17:35.667 +02:00 [INF] Request starting HTTP/2 GET https://localhost:7164/swagger/v1/swagger.json - null null
2025-11-30 20:17:35.749 +02:00 [INF] Request finished HTTP/2 GET https://localhost:7164/swagger/v1/swagger.json - 200 null application/json;charset=utf-8 82.6494ms
