2025-12-04 14:26:12.930 +02:00 [INF] User profile is available. Using 'C:\Users\user\AppData\Local\ASP.NET\DataProtection-Keys' as key repository and Windows DPAPI to encrypt keys at rest.
2025-12-04 14:26:13.188 +02:00 [INF] Now listening on: https://localhost:7206
2025-12-04 14:26:13.191 +02:00 [INF] Now listening on: http://localhost:5174
2025-12-04 14:26:13.310 +02:00 [INF] Application started. Press Ctrl+C to shut down.
2025-12-04 14:26:13.312 +02:00 [INF] Hosting environment: Development
2025-12-04 14:26:13.313 +02:00 [INF] Content root path: C:\Users\user\Desktop\OptiComponent\InventoryService
2025-12-04 14:26:14.101 +02:00 [INF] Request starting HTTP/2 GET https://localhost:7206/swagger/index.html - null null
2025-12-04 14:26:14.234 +02:00 [INF] Request finished HTTP/2 GET https://localhost:7206/swagger/index.html - 200 null text/html;charset=utf-8 134.5488ms
2025-12-04 14:26:14.321 +02:00 [INF] Request starting HTTP/2 GET https://localhost:7206/_framework/aspnetcore-browser-refresh.js - null null
2025-12-04 14:26:14.321 +02:00 [INF] Request starting HTTP/2 GET https://localhost:7206/_vs/browserLink - null null
2025-12-04 14:26:14.326 +02:00 [INF] Request finished HTTP/2 GET https://localhost:7206/_framework/aspnetcore-browser-refresh.js - 200 13768 application/javascript; charset=utf-8 4.9923ms
2025-12-04 14:26:14.353 +02:00 [INF] Request finished HTTP/2 GET https://localhost:7206/_vs/browserLink - 200 null text/javascript; charset=UTF-8 31.7313ms
2025-12-04 14:26:14.385 +02:00 [INF] Request starting HTTP/2 GET https://localhost:7206/swagger/v1/swagger.json - null null
2025-12-04 14:26:14.469 +02:00 [INF] Request finished HTTP/2 GET https://localhost:7206/swagger/v1/swagger.json - 200 null application/json;charset=utf-8 84.035ms
2025-12-04 14:26:17.093 +02:00 [ERR] BackgroundService failed
RabbitMQ.Client.Exceptions.BrokerUnreachableException: None of the specified endpoints were reachable
 ---> System.AggregateException: One or more errors occurred. (Connection failed, host 127.0.0.1:5672)
 ---> RabbitMQ.Client.Exceptions.ConnectFailureException: Connection failed, host 127.0.0.1:5672
 ---> System.Net.Sockets.SocketException (10061): No connection could be made because the target machine actively refused it.
   at System.Net.Sockets.Socket.AwaitableSocketAsyncEventArgs.ThrowException(SocketError error, CancellationToken cancellationToken)
   at System.Net.Sockets.Socket.AwaitableSocketAsyncEventArgs.System.Threading.Tasks.Sources.IValueTaskSource.GetResult(Int16 token)
   at System.Net.Sockets.Socket.<ConnectAsync>g__WaitForConnectWithCancellation|285_0(AwaitableSocketAsyncEventArgs saea, ValueTask connectTask, CancellationToken cancellationToken)
   at RabbitMQ.Client.Impl.SocketFactory.ConnectUsingAddressFamilyAsync(IPEndPoint endpoint, Func`2 socketFactory, AddressFamily family, TimeSpan connectionTimeout, CancellationToken cancellationToken)
   --- End of inner exception stack trace ---
   at RabbitMQ.Client.Impl.SocketFactory.ConnectUsingAddressFamilyAsync(IPEndPoint endpoint, Func`2 socketFactory, AddressFamily family, TimeSpan connectionTimeout, CancellationToken cancellationToken)
   at RabbitMQ.Client.Impl.SocketFactory.OpenAsync(AmqpTcpEndpoint amqpTcpEndpoint, Func`2 socketFactory, TimeSpan connectionTimeout, CancellationToken cancellationToken)
   at RabbitMQ.Client.Impl.SocketFrameHandler.CreateAsync(AmqpTcpEndpoint amqpTcpEndpoint, Func`2 socketFactory, TimeSpan connectionTimeout, CancellationToken cancellationToken)
   at RabbitMQ.Client.ConnectionFactory.CreateFrameHandlerAsync(AmqpTcpEndpoint endpoint, CancellationToken cancellationToken)
   at RabbitMQ.Client.EndpointResolverExtensions.SelectOneAsync[T](IEndpointResolver resolver, Func`3 selector, CancellationToken cancellationToken)
   --- End of inner exception stack trace ---
   at RabbitMQ.Client.EndpointResolverExtensions.SelectOneAsync[T](IEndpointResolver resolver, Func`3 selector, CancellationToken cancellationToken)
   at RabbitMQ.Client.Framing.AutorecoveringConnection.CreateAsync(ConnectionConfig config, IEndpointResolver endpoints, CancellationToken cancellationToken)
   at RabbitMQ.Client.ConnectionFactory.CreateConnectionAsync(IEndpointResolver endpointResolver, String clientProvidedName, CancellationToken cancellationToken)
   --- End of inner exception stack trace ---
   at RabbitMQ.Client.ConnectionFactory.CreateConnectionAsync(IEndpointResolver endpointResolver, String clientProvidedName, CancellationToken cancellationToken)
   at InventoryService.Messaging.RabbitMqOrderCreatedConsumer.ExecuteAsync(CancellationToken stoppingToken) in C:\Users\user\Desktop\OptiComponent\InventoryService\Messaging\RabbitMqOrderCreatedConsumer.cs:line 43
   at Microsoft.Extensions.Hosting.Internal.Host.TryExecuteBackgroundServiceAsync(BackgroundService backgroundService)
2025-12-04 14:26:17.117 +02:00 [FTL] The HostOptions.BackgroundServiceExceptionBehavior is configured to StopHost. A BackgroundService has thrown an unhandled exception, and the IHost instance is stopping. To avoid this behavior, configure this to Ignore; however the BackgroundService will not be restarted.
RabbitMQ.Client.Exceptions.BrokerUnreachableException: None of the specified endpoints were reachable
 ---> System.AggregateException: One or more errors occurred. (Connection failed, host 127.0.0.1:5672)
 ---> RabbitMQ.Client.Exceptions.ConnectFailureException: Connection failed, host 127.0.0.1:5672
 ---> System.Net.Sockets.SocketException (10061): No connection could be made because the target machine actively refused it.
   at System.Net.Sockets.Socket.AwaitableSocketAsyncEventArgs.ThrowException(SocketError error, CancellationToken cancellationToken)
   at System.Net.Sockets.Socket.AwaitableSocketAsyncEventArgs.System.Threading.Tasks.Sources.IValueTaskSource.GetResult(Int16 token)
   at System.Net.Sockets.Socket.<ConnectAsync>g__WaitForConnectWithCancellation|285_0(AwaitableSocketAsyncEventArgs saea, ValueTask connectTask, CancellationToken cancellationToken)
   at RabbitMQ.Client.Impl.SocketFactory.ConnectUsingAddressFamilyAsync(IPEndPoint endpoint, Func`2 socketFactory, AddressFamily family, TimeSpan connectionTimeout, CancellationToken cancellationToken)
   --- End of inner exception stack trace ---
   at RabbitMQ.Client.Impl.SocketFactory.ConnectUsingAddressFamilyAsync(IPEndPoint endpoint, Func`2 socketFactory, AddressFamily family, TimeSpan connectionTimeout, CancellationToken cancellationToken)
   at RabbitMQ.Client.Impl.SocketFactory.OpenAsync(AmqpTcpEndpoint amqpTcpEndpoint, Func`2 socketFactory, TimeSpan connectionTimeout, CancellationToken cancellationToken)
   at RabbitMQ.Client.Impl.SocketFrameHandler.CreateAsync(AmqpTcpEndpoint amqpTcpEndpoint, Func`2 socketFactory, TimeSpan connectionTimeout, CancellationToken cancellationToken)
   at RabbitMQ.Client.ConnectionFactory.CreateFrameHandlerAsync(AmqpTcpEndpoint endpoint, CancellationToken cancellationToken)
   at RabbitMQ.Client.EndpointResolverExtensions.SelectOneAsync[T](IEndpointResolver resolver, Func`3 selector, CancellationToken cancellationToken)
   --- End of inner exception stack trace ---
   at RabbitMQ.Client.EndpointResolverExtensions.SelectOneAsync[T](IEndpointResolver resolver, Func`3 selector, CancellationToken cancellationToken)
   at RabbitMQ.Client.Framing.AutorecoveringConnection.CreateAsync(ConnectionConfig config, IEndpointResolver endpoints, CancellationToken cancellationToken)
   at RabbitMQ.Client.ConnectionFactory.CreateConnectionAsync(IEndpointResolver endpointResolver, String clientProvidedName, CancellationToken cancellationToken)
   --- End of inner exception stack trace ---
   at RabbitMQ.Client.ConnectionFactory.CreateConnectionAsync(IEndpointResolver endpointResolver, String clientProvidedName, CancellationToken cancellationToken)
   at InventoryService.Messaging.RabbitMqOrderCreatedConsumer.ExecuteAsync(CancellationToken stoppingToken) in C:\Users\user\Desktop\OptiComponent\InventoryService\Messaging\RabbitMqOrderCreatedConsumer.cs:line 43
   at Microsoft.Extensions.Hosting.Internal.Host.TryExecuteBackgroundServiceAsync(BackgroundService backgroundService)
2025-12-04 14:26:17.125 +02:00 [INF] Application is shutting down...
2025-12-04 14:26:17.138 +02:00 [INF] Stopping RabbitMQ consumer
2025-12-04 14:26:52.244 +02:00 [INF] User profile is available. Using 'C:\Users\user\AppData\Local\ASP.NET\DataProtection-Keys' as key repository and Windows DPAPI to encrypt keys at rest.
2025-12-04 14:26:52.452 +02:00 [INF] Now listening on: https://localhost:7206
2025-12-04 14:26:52.453 +02:00 [INF] Now listening on: http://localhost:5174
2025-12-04 14:26:52.522 +02:00 [INF] Application started. Press Ctrl+C to shut down.
2025-12-04 14:26:52.523 +02:00 [INF] Hosting environment: Development
2025-12-04 14:26:52.524 +02:00 [INF] Content root path: C:\Users\user\Desktop\OptiComponent\InventoryService
2025-12-04 14:26:52.927 +02:00 [INF] Request starting HTTP/2 GET https://localhost:7206/swagger/index.html - null null
2025-12-04 14:26:53.044 +02:00 [INF] Request finished HTTP/2 GET https://localhost:7206/swagger/index.html - 200 null text/html;charset=utf-8 122.7015ms
2025-12-04 14:26:53.060 +02:00 [INF] Request starting HTTP/2 GET https://localhost:7206/_framework/aspnetcore-browser-refresh.js - null null
2025-12-04 14:26:53.067 +02:00 [INF] Request finished HTTP/2 GET https://localhost:7206/_framework/aspnetcore-browser-refresh.js - 200 13768 application/javascript; charset=utf-8 7.4641ms
2025-12-04 14:26:53.105 +02:00 [INF] Request starting HTTP/2 GET https://localhost:7206/_vs/browserLink - null null
2025-12-04 14:26:53.133 +02:00 [INF] Request finished HTTP/2 GET https://localhost:7206/_vs/browserLink - 200 null text/javascript; charset=UTF-8 27.8841ms
2025-12-04 14:26:53.166 +02:00 [INF] Request starting HTTP/2 GET https://localhost:7206/swagger/v1/swagger.json - null null
2025-12-04 14:26:53.240 +02:00 [INF] Request finished HTTP/2 GET https://localhost:7206/swagger/v1/swagger.json - 200 null application/json;charset=utf-8 74.9236ms
2025-12-04 14:26:56.393 +02:00 [ERR] BackgroundService failed
RabbitMQ.Client.Exceptions.BrokerUnreachableException: None of the specified endpoints were reachable
 ---> System.AggregateException: One or more errors occurred. (Connection failed, host 127.0.0.1:5672)
 ---> RabbitMQ.Client.Exceptions.ConnectFailureException: Connection failed, host 127.0.0.1:5672
 ---> System.Net.Sockets.SocketException (10061): No connection could be made because the target machine actively refused it.
   at System.Net.Sockets.Socket.AwaitableSocketAsyncEventArgs.ThrowException(SocketError error, CancellationToken cancellationToken)
   at System.Net.Sockets.Socket.AwaitableSocketAsyncEventArgs.System.Threading.Tasks.Sources.IValueTaskSource.GetResult(Int16 token)
   at System.Net.Sockets.Socket.<ConnectAsync>g__WaitForConnectWithCancellation|285_0(AwaitableSocketAsyncEventArgs saea, ValueTask connectTask, CancellationToken cancellationToken)
   at RabbitMQ.Client.Impl.SocketFactory.ConnectUsingAddressFamilyAsync(IPEndPoint endpoint, Func`2 socketFactory, AddressFamily family, TimeSpan connectionTimeout, CancellationToken cancellationToken)
   --- End of inner exception stack trace ---
   at RabbitMQ.Client.Impl.SocketFactory.ConnectUsingAddressFamilyAsync(IPEndPoint endpoint, Func`2 socketFactory, AddressFamily family, TimeSpan connectionTimeout, CancellationToken cancellationToken)
   at RabbitMQ.Client.Impl.SocketFactory.OpenAsync(AmqpTcpEndpoint amqpTcpEndpoint, Func`2 socketFactory, TimeSpan connectionTimeout, CancellationToken cancellationToken)
   at RabbitMQ.Client.Impl.SocketFrameHandler.CreateAsync(AmqpTcpEndpoint amqpTcpEndpoint, Func`2 socketFactory, TimeSpan connectionTimeout, CancellationToken cancellationToken)
   at RabbitMQ.Client.ConnectionFactory.CreateFrameHandlerAsync(AmqpTcpEndpoint endpoint, CancellationToken cancellationToken)
   at RabbitMQ.Client.EndpointResolverExtensions.SelectOneAsync[T](IEndpointResolver resolver, Func`3 selector, CancellationToken cancellationToken)
   --- End of inner exception stack trace ---
   at RabbitMQ.Client.EndpointResolverExtensions.SelectOneAsync[T](IEndpointResolver resolver, Func`3 selector, CancellationToken cancellationToken)
   at RabbitMQ.Client.Framing.AutorecoveringConnection.CreateAsync(ConnectionConfig config, IEndpointResolver endpoints, CancellationToken cancellationToken)
   at RabbitMQ.Client.ConnectionFactory.CreateConnectionAsync(IEndpointResolver endpointResolver, String clientProvidedName, CancellationToken cancellationToken)
   --- End of inner exception stack trace ---
   at RabbitMQ.Client.ConnectionFactory.CreateConnectionAsync(IEndpointResolver endpointResolver, String clientProvidedName, CancellationToken cancellationToken)
   at InventoryService.Messaging.RabbitMqOrderCreatedConsumer.ExecuteAsync(CancellationToken stoppingToken) in C:\Users\user\Desktop\OptiComponent\InventoryService\Messaging\RabbitMqOrderCreatedConsumer.cs:line 43
   at Microsoft.Extensions.Hosting.Internal.Host.TryExecuteBackgroundServiceAsync(BackgroundService backgroundService)
2025-12-04 14:26:56.410 +02:00 [FTL] The HostOptions.BackgroundServiceExceptionBehavior is configured to StopHost. A BackgroundService has thrown an unhandled exception, and the IHost instance is stopping. To avoid this behavior, configure this to Ignore; however the BackgroundService will not be restarted.
RabbitMQ.Client.Exceptions.BrokerUnreachableException: None of the specified endpoints were reachable
 ---> System.AggregateException: One or more errors occurred. (Connection failed, host 127.0.0.1:5672)
 ---> RabbitMQ.Client.Exceptions.ConnectFailureException: Connection failed, host 127.0.0.1:5672
 ---> System.Net.Sockets.SocketException (10061): No connection could be made because the target machine actively refused it.
   at System.Net.Sockets.Socket.AwaitableSocketAsyncEventArgs.ThrowException(SocketError error, CancellationToken cancellationToken)
   at System.Net.Sockets.Socket.AwaitableSocketAsyncEventArgs.System.Threading.Tasks.Sources.IValueTaskSource.GetResult(Int16 token)
   at System.Net.Sockets.Socket.<ConnectAsync>g__WaitForConnectWithCancellation|285_0(AwaitableSocketAsyncEventArgs saea, ValueTask connectTask, CancellationToken cancellationToken)
   at RabbitMQ.Client.Impl.SocketFactory.ConnectUsingAddressFamilyAsync(IPEndPoint endpoint, Func`2 socketFactory, AddressFamily family, TimeSpan connectionTimeout, CancellationToken cancellationToken)
   --- End of inner exception stack trace ---
   at RabbitMQ.Client.Impl.SocketFactory.ConnectUsingAddressFamilyAsync(IPEndPoint endpoint, Func`2 socketFactory, AddressFamily family, TimeSpan connectionTimeout, CancellationToken cancellationToken)
   at RabbitMQ.Client.Impl.SocketFactory.OpenAsync(AmqpTcpEndpoint amqpTcpEndpoint, Func`2 socketFactory, TimeSpan connectionTimeout, CancellationToken cancellationToken)
   at RabbitMQ.Client.Impl.SocketFrameHandler.CreateAsync(AmqpTcpEndpoint amqpTcpEndpoint, Func`2 socketFactory, TimeSpan connectionTimeout, CancellationToken cancellationToken)
   at RabbitMQ.Client.ConnectionFactory.CreateFrameHandlerAsync(AmqpTcpEndpoint endpoint, CancellationToken cancellationToken)
   at RabbitMQ.Client.EndpointResolverExtensions.SelectOneAsync[T](IEndpointResolver resolver, Func`3 selector, CancellationToken cancellationToken)
   --- End of inner exception stack trace ---
   at RabbitMQ.Client.EndpointResolverExtensions.SelectOneAsync[T](IEndpointResolver resolver, Func`3 selector, CancellationToken cancellationToken)
   at RabbitMQ.Client.Framing.AutorecoveringConnection.CreateAsync(ConnectionConfig config, IEndpointResolver endpoints, CancellationToken cancellationToken)
   at RabbitMQ.Client.ConnectionFactory.CreateConnectionAsync(IEndpointResolver endpointResolver, String clientProvidedName, CancellationToken cancellationToken)
   --- End of inner exception stack trace ---
   at RabbitMQ.Client.ConnectionFactory.CreateConnectionAsync(IEndpointResolver endpointResolver, String clientProvidedName, CancellationToken cancellationToken)
   at InventoryService.Messaging.RabbitMqOrderCreatedConsumer.ExecuteAsync(CancellationToken stoppingToken) in C:\Users\user\Desktop\OptiComponent\InventoryService\Messaging\RabbitMqOrderCreatedConsumer.cs:line 43
   at Microsoft.Extensions.Hosting.Internal.Host.TryExecuteBackgroundServiceAsync(BackgroundService backgroundService)
2025-12-04 14:26:56.417 +02:00 [INF] Application is shutting down...
2025-12-04 14:26:56.431 +02:00 [INF] Stopping RabbitMQ consumer
2025-12-04 14:27:26.657 +02:00 [INF] User profile is available. Using 'C:\Users\user\AppData\Local\ASP.NET\DataProtection-Keys' as key repository and Windows DPAPI to encrypt keys at rest.
2025-12-04 14:27:26.875 +02:00 [INF] Now listening on: https://localhost:7206
2025-12-04 14:27:26.876 +02:00 [INF] Now listening on: http://localhost:5174
2025-12-04 14:27:26.946 +02:00 [INF] Application started. Press Ctrl+C to shut down.
2025-12-04 14:27:26.948 +02:00 [INF] Hosting environment: Development
2025-12-04 14:27:26.949 +02:00 [INF] Content root path: C:\Users\user\Desktop\OptiComponent\InventoryService
2025-12-04 14:27:27.235 +02:00 [INF] Request starting HTTP/2 GET https://localhost:7206/swagger/index.html - null null
2025-12-04 14:27:27.345 +02:00 [INF] Request finished HTTP/2 GET https://localhost:7206/swagger/index.html - 200 null text/html;charset=utf-8 115.4722ms
2025-12-04 14:27:27.425 +02:00 [INF] Request starting HTTP/2 GET https://localhost:7206/_vs/browserLink - null null
2025-12-04 14:27:27.425 +02:00 [INF] Request starting HTTP/2 GET https://localhost:7206/_framework/aspnetcore-browser-refresh.js - null null
2025-12-04 14:27:27.438 +02:00 [INF] Request finished HTTP/2 GET https://localhost:7206/_framework/aspnetcore-browser-refresh.js - 200 13768 application/javascript; charset=utf-8 12.4439ms
2025-12-04 14:27:27.456 +02:00 [INF] Request finished HTTP/2 GET https://localhost:7206/_vs/browserLink - 200 null text/javascript; charset=UTF-8 31.1713ms
2025-12-04 14:27:27.499 +02:00 [INF] Request starting HTTP/2 GET https://localhost:7206/swagger/v1/swagger.json - null null
2025-12-04 14:27:27.575 +02:00 [INF] Request finished HTTP/2 GET https://localhost:7206/swagger/v1/swagger.json - 200 null application/json;charset=utf-8 76.4533ms
2025-12-04 14:27:30.270 +02:00 [INF] Request starting HTTP/2 GET https://localhost:7206/api/StockItems - null null
2025-12-04 14:27:30.328 +02:00 [INF] Authorization failed. These requirements were not met:
DenyAnonymousAuthorizationRequirement: Requires an authenticated user.
2025-12-04 14:27:30.330 +02:00 [INF] AuthenticationScheme: Bearer was challenged.
2025-12-04 14:27:30.332 +02:00 [INF] HTTP GET /api/StockItems responded 401 in 56.7904 ms
2025-12-04 14:27:30.334 +02:00 [INF] Request finished HTTP/2 GET https://localhost:7206/api/StockItems - 401 0 null 63.8216ms
2025-12-04 14:27:30.824 +02:00 [ERR] BackgroundService failed
RabbitMQ.Client.Exceptions.BrokerUnreachableException: None of the specified endpoints were reachable
 ---> System.AggregateException: One or more errors occurred. (Connection failed, host 127.0.0.1:5672)
 ---> RabbitMQ.Client.Exceptions.ConnectFailureException: Connection failed, host 127.0.0.1:5672
 ---> System.Net.Sockets.SocketException (10061): No connection could be made because the target machine actively refused it.
   at System.Net.Sockets.Socket.AwaitableSocketAsyncEventArgs.ThrowException(SocketError error, CancellationToken cancellationToken)
   at System.Net.Sockets.Socket.AwaitableSocketAsyncEventArgs.System.Threading.Tasks.Sources.IValueTaskSource.GetResult(Int16 token)
   at System.Net.Sockets.Socket.<ConnectAsync>g__WaitForConnectWithCancellation|285_0(AwaitableSocketAsyncEventArgs saea, ValueTask connectTask, CancellationToken cancellationToken)
   at RabbitMQ.Client.Impl.SocketFactory.ConnectUsingAddressFamilyAsync(IPEndPoint endpoint, Func`2 socketFactory, AddressFamily family, TimeSpan connectionTimeout, CancellationToken cancellationToken)
   --- End of inner exception stack trace ---
   at RabbitMQ.Client.Impl.SocketFactory.ConnectUsingAddressFamilyAsync(IPEndPoint endpoint, Func`2 socketFactory, AddressFamily family, TimeSpan connectionTimeout, CancellationToken cancellationToken)
   at RabbitMQ.Client.Impl.SocketFactory.OpenAsync(AmqpTcpEndpoint amqpTcpEndpoint, Func`2 socketFactory, TimeSpan connectionTimeout, CancellationToken cancellationToken)
   at RabbitMQ.Client.Impl.SocketFrameHandler.CreateAsync(AmqpTcpEndpoint amqpTcpEndpoint, Func`2 socketFactory, TimeSpan connectionTimeout, CancellationToken cancellationToken)
   at RabbitMQ.Client.ConnectionFactory.CreateFrameHandlerAsync(AmqpTcpEndpoint endpoint, CancellationToken cancellationToken)
   at RabbitMQ.Client.EndpointResolverExtensions.SelectOneAsync[T](IEndpointResolver resolver, Func`3 selector, CancellationToken cancellationToken)
   --- End of inner exception stack trace ---
   at RabbitMQ.Client.EndpointResolverExtensions.SelectOneAsync[T](IEndpointResolver resolver, Func`3 selector, CancellationToken cancellationToken)
   at RabbitMQ.Client.Framing.AutorecoveringConnection.CreateAsync(ConnectionConfig config, IEndpointResolver endpoints, CancellationToken cancellationToken)
   at RabbitMQ.Client.ConnectionFactory.CreateConnectionAsync(IEndpointResolver endpointResolver, String clientProvidedName, CancellationToken cancellationToken)
   --- End of inner exception stack trace ---
   at RabbitMQ.Client.ConnectionFactory.CreateConnectionAsync(IEndpointResolver endpointResolver, String clientProvidedName, CancellationToken cancellationToken)
   at InventoryService.Messaging.RabbitMqOrderCreatedConsumer.ExecuteAsync(CancellationToken stoppingToken) in C:\Users\user\Desktop\OptiComponent\InventoryService\Messaging\RabbitMqOrderCreatedConsumer.cs:line 43
   at Microsoft.Extensions.Hosting.Internal.Host.TryExecuteBackgroundServiceAsync(BackgroundService backgroundService)
2025-12-04 14:27:30.841 +02:00 [FTL] The HostOptions.BackgroundServiceExceptionBehavior is configured to StopHost. A BackgroundService has thrown an unhandled exception, and the IHost instance is stopping. To avoid this behavior, configure this to Ignore; however the BackgroundService will not be restarted.
RabbitMQ.Client.Exceptions.BrokerUnreachableException: None of the specified endpoints were reachable
 ---> System.AggregateException: One or more errors occurred. (Connection failed, host 127.0.0.1:5672)
 ---> RabbitMQ.Client.Exceptions.ConnectFailureException: Connection failed, host 127.0.0.1:5672
 ---> System.Net.Sockets.SocketException (10061): No connection could be made because the target machine actively refused it.
   at System.Net.Sockets.Socket.AwaitableSocketAsyncEventArgs.ThrowException(SocketError error, CancellationToken cancellationToken)
   at System.Net.Sockets.Socket.AwaitableSocketAsyncEventArgs.System.Threading.Tasks.Sources.IValueTaskSource.GetResult(Int16 token)
   at System.Net.Sockets.Socket.<ConnectAsync>g__WaitForConnectWithCancellation|285_0(AwaitableSocketAsyncEventArgs saea, ValueTask connectTask, CancellationToken cancellationToken)
   at RabbitMQ.Client.Impl.SocketFactory.ConnectUsingAddressFamilyAsync(IPEndPoint endpoint, Func`2 socketFactory, AddressFamily family, TimeSpan connectionTimeout, CancellationToken cancellationToken)
   --- End of inner exception stack trace ---
   at RabbitMQ.Client.Impl.SocketFactory.ConnectUsingAddressFamilyAsync(IPEndPoint endpoint, Func`2 socketFactory, AddressFamily family, TimeSpan connectionTimeout, CancellationToken cancellationToken)
   at RabbitMQ.Client.Impl.SocketFactory.OpenAsync(AmqpTcpEndpoint amqpTcpEndpoint, Func`2 socketFactory, TimeSpan connectionTimeout, CancellationToken cancellationToken)
   at RabbitMQ.Client.Impl.SocketFrameHandler.CreateAsync(AmqpTcpEndpoint amqpTcpEndpoint, Func`2 socketFactory, TimeSpan connectionTimeout, CancellationToken cancellationToken)
   at RabbitMQ.Client.ConnectionFactory.CreateFrameHandlerAsync(AmqpTcpEndpoint endpoint, CancellationToken cancellationToken)
   at RabbitMQ.Client.EndpointResolverExtensions.SelectOneAsync[T](IEndpointResolver resolver, Func`3 selector, CancellationToken cancellationToken)
   --- End of inner exception stack trace ---
   at RabbitMQ.Client.EndpointResolverExtensions.SelectOneAsync[T](IEndpointResolver resolver, Func`3 selector, CancellationToken cancellationToken)
   at RabbitMQ.Client.Framing.AutorecoveringConnection.CreateAsync(ConnectionConfig config, IEndpointResolver endpoints, CancellationToken cancellationToken)
   at RabbitMQ.Client.ConnectionFactory.CreateConnectionAsync(IEndpointResolver endpointResolver, String clientProvidedName, CancellationToken cancellationToken)
   --- End of inner exception stack trace ---
   at RabbitMQ.Client.ConnectionFactory.CreateConnectionAsync(IEndpointResolver endpointResolver, String clientProvidedName, CancellationToken cancellationToken)
   at InventoryService.Messaging.RabbitMqOrderCreatedConsumer.ExecuteAsync(CancellationToken stoppingToken) in C:\Users\user\Desktop\OptiComponent\InventoryService\Messaging\RabbitMqOrderCreatedConsumer.cs:line 43
   at Microsoft.Extensions.Hosting.Internal.Host.TryExecuteBackgroundServiceAsync(BackgroundService backgroundService)
2025-12-04 14:27:30.848 +02:00 [INF] Application is shutting down...
2025-12-04 14:27:30.858 +02:00 [INF] Stopping RabbitMQ consumer
2025-12-04 14:29:17.420 +02:00 [INF] User profile is available. Using 'C:\Users\user\AppData\Local\ASP.NET\DataProtection-Keys' as key repository and Windows DPAPI to encrypt keys at rest.
2025-12-04 14:29:17.645 +02:00 [INF] Now listening on: https://localhost:7206
2025-12-04 14:29:17.646 +02:00 [INF] Now listening on: http://localhost:5174
2025-12-04 14:29:17.732 +02:00 [INF] Application started. Press Ctrl+C to shut down.
2025-12-04 14:29:17.734 +02:00 [INF] Hosting environment: Development
2025-12-04 14:29:17.735 +02:00 [INF] Content root path: C:\Users\user\Desktop\OptiComponent\InventoryService
2025-12-04 14:29:18.174 +02:00 [INF] Request starting HTTP/2 GET https://localhost:7206/swagger/index.html - null null
2025-12-04 14:29:18.287 +02:00 [INF] Request finished HTTP/2 GET https://localhost:7206/swagger/index.html - 200 null text/html;charset=utf-8 118.2199ms
2025-12-04 14:29:18.297 +02:00 [INF] Request starting HTTP/2 GET https://localhost:7206/_framework/aspnetcore-browser-refresh.js - null null
2025-12-04 14:29:18.304 +02:00 [INF] Request finished HTTP/2 GET https://localhost:7206/_framework/aspnetcore-browser-refresh.js - 200 13768 application/javascript; charset=utf-8 6.8147ms
2025-12-04 14:29:18.346 +02:00 [INF] Request starting HTTP/2 GET https://localhost:7206/_vs/browserLink - null null
2025-12-04 14:29:18.374 +02:00 [INF] Request finished HTTP/2 GET https://localhost:7206/_vs/browserLink - 200 null text/javascript; charset=UTF-8 28.3953ms
2025-12-04 14:29:18.411 +02:00 [INF] Request starting HTTP/2 GET https://localhost:7206/swagger/v1/swagger.json - null null
2025-12-04 14:29:18.491 +02:00 [INF] Request finished HTTP/2 GET https://localhost:7206/swagger/v1/swagger.json - 200 null application/json;charset=utf-8 80.4894ms
2025-12-04 14:29:21.322 +02:00 [INF] Request starting HTTP/2 GET https://localhost:7206/api/StockItems - null null
2025-12-04 14:29:21.371 +02:00 [INF] Authorization failed. These requirements were not met:
DenyAnonymousAuthorizationRequirement: Requires an authenticated user.
2025-12-04 14:29:21.374 +02:00 [INF] AuthenticationScheme: Bearer was challenged.
2025-12-04 14:29:21.376 +02:00 [INF] HTTP GET /api/StockItems responded 401 in 48.4984 ms
2025-12-04 14:29:21.378 +02:00 [INF] Request finished HTTP/2 GET https://localhost:7206/api/StockItems - 401 0 null 55.6196ms
2025-12-04 14:29:21.578 +02:00 [ERR] BackgroundService failed
RabbitMQ.Client.Exceptions.BrokerUnreachableException: None of the specified endpoints were reachable
 ---> System.AggregateException: One or more errors occurred. (Connection failed, host 127.0.0.1:5672)
 ---> RabbitMQ.Client.Exceptions.ConnectFailureException: Connection failed, host 127.0.0.1:5672
 ---> System.Net.Sockets.SocketException (10061): No connection could be made because the target machine actively refused it.
   at System.Net.Sockets.Socket.AwaitableSocketAsyncEventArgs.ThrowException(SocketError error, CancellationToken cancellationToken)
   at System.Net.Sockets.Socket.AwaitableSocketAsyncEventArgs.System.Threading.Tasks.Sources.IValueTaskSource.GetResult(Int16 token)
   at System.Net.Sockets.Socket.<ConnectAsync>g__WaitForConnectWithCancellation|285_0(AwaitableSocketAsyncEventArgs saea, ValueTask connectTask, CancellationToken cancellationToken)
   at RabbitMQ.Client.Impl.SocketFactory.ConnectUsingAddressFamilyAsync(IPEndPoint endpoint, Func`2 socketFactory, AddressFamily family, TimeSpan connectionTimeout, CancellationToken cancellationToken)
   --- End of inner exception stack trace ---
   at RabbitMQ.Client.Impl.SocketFactory.ConnectUsingAddressFamilyAsync(IPEndPoint endpoint, Func`2 socketFactory, AddressFamily family, TimeSpan connectionTimeout, CancellationToken cancellationToken)
   at RabbitMQ.Client.Impl.SocketFactory.OpenAsync(AmqpTcpEndpoint amqpTcpEndpoint, Func`2 socketFactory, TimeSpan connectionTimeout, CancellationToken cancellationToken)
   at RabbitMQ.Client.Impl.SocketFrameHandler.CreateAsync(AmqpTcpEndpoint amqpTcpEndpoint, Func`2 socketFactory, TimeSpan connectionTimeout, CancellationToken cancellationToken)
   at RabbitMQ.Client.ConnectionFactory.CreateFrameHandlerAsync(AmqpTcpEndpoint endpoint, CancellationToken cancellationToken)
   at RabbitMQ.Client.EndpointResolverExtensions.SelectOneAsync[T](IEndpointResolver resolver, Func`3 selector, CancellationToken cancellationToken)
   --- End of inner exception stack trace ---
   at RabbitMQ.Client.EndpointResolverExtensions.SelectOneAsync[T](IEndpointResolver resolver, Func`3 selector, CancellationToken cancellationToken)
   at RabbitMQ.Client.Framing.AutorecoveringConnection.CreateAsync(ConnectionConfig config, IEndpointResolver endpoints, CancellationToken cancellationToken)
   at RabbitMQ.Client.ConnectionFactory.CreateConnectionAsync(IEndpointResolver endpointResolver, String clientProvidedName, CancellationToken cancellationToken)
   --- End of inner exception stack trace ---
   at RabbitMQ.Client.ConnectionFactory.CreateConnectionAsync(IEndpointResolver endpointResolver, String clientProvidedName, CancellationToken cancellationToken)
   at InventoryService.Messaging.RabbitMqOrderCreatedConsumer.ExecuteAsync(CancellationToken stoppingToken) in C:\Users\user\Desktop\OptiComponent\InventoryService\Messaging\RabbitMqOrderCreatedConsumer.cs:line 43
   at Microsoft.Extensions.Hosting.Internal.Host.TryExecuteBackgroundServiceAsync(BackgroundService backgroundService)
2025-12-04 14:29:21.604 +02:00 [FTL] The HostOptions.BackgroundServiceExceptionBehavior is configured to StopHost. A BackgroundService has thrown an unhandled exception, and the IHost instance is stopping. To avoid this behavior, configure this to Ignore; however the BackgroundService will not be restarted.
RabbitMQ.Client.Exceptions.BrokerUnreachableException: None of the specified endpoints were reachable
 ---> System.AggregateException: One or more errors occurred. (Connection failed, host 127.0.0.1:5672)
 ---> RabbitMQ.Client.Exceptions.ConnectFailureException: Connection failed, host 127.0.0.1:5672
 ---> System.Net.Sockets.SocketException (10061): No connection could be made because the target machine actively refused it.
   at System.Net.Sockets.Socket.AwaitableSocketAsyncEventArgs.ThrowException(SocketError error, CancellationToken cancellationToken)
   at System.Net.Sockets.Socket.AwaitableSocketAsyncEventArgs.System.Threading.Tasks.Sources.IValueTaskSource.GetResult(Int16 token)
   at System.Net.Sockets.Socket.<ConnectAsync>g__WaitForConnectWithCancellation|285_0(AwaitableSocketAsyncEventArgs saea, ValueTask connectTask, CancellationToken cancellationToken)
   at RabbitMQ.Client.Impl.SocketFactory.ConnectUsingAddressFamilyAsync(IPEndPoint endpoint, Func`2 socketFactory, AddressFamily family, TimeSpan connectionTimeout, CancellationToken cancellationToken)
   --- End of inner exception stack trace ---
   at RabbitMQ.Client.Impl.SocketFactory.ConnectUsingAddressFamilyAsync(IPEndPoint endpoint, Func`2 socketFactory, AddressFamily family, TimeSpan connectionTimeout, CancellationToken cancellationToken)
   at RabbitMQ.Client.Impl.SocketFactory.OpenAsync(AmqpTcpEndpoint amqpTcpEndpoint, Func`2 socketFactory, TimeSpan connectionTimeout, CancellationToken cancellationToken)
   at RabbitMQ.Client.Impl.SocketFrameHandler.CreateAsync(AmqpTcpEndpoint amqpTcpEndpoint, Func`2 socketFactory, TimeSpan connectionTimeout, CancellationToken cancellationToken)
   at RabbitMQ.Client.ConnectionFactory.CreateFrameHandlerAsync(AmqpTcpEndpoint endpoint, CancellationToken cancellationToken)
   at RabbitMQ.Client.EndpointResolverExtensions.SelectOneAsync[T](IEndpointResolver resolver, Func`3 selector, CancellationToken cancellationToken)
   --- End of inner exception stack trace ---
   at RabbitMQ.Client.EndpointResolverExtensions.SelectOneAsync[T](IEndpointResolver resolver, Func`3 selector, CancellationToken cancellationToken)
   at RabbitMQ.Client.Framing.AutorecoveringConnection.CreateAsync(ConnectionConfig config, IEndpointResolver endpoints, CancellationToken cancellationToken)
   at RabbitMQ.Client.ConnectionFactory.CreateConnectionAsync(IEndpointResolver endpointResolver, String clientProvidedName, CancellationToken cancellationToken)
   --- End of inner exception stack trace ---
   at RabbitMQ.Client.ConnectionFactory.CreateConnectionAsync(IEndpointResolver endpointResolver, String clientProvidedName, CancellationToken cancellationToken)
   at InventoryService.Messaging.RabbitMqOrderCreatedConsumer.ExecuteAsync(CancellationToken stoppingToken) in C:\Users\user\Desktop\OptiComponent\InventoryService\Messaging\RabbitMqOrderCreatedConsumer.cs:line 43
   at Microsoft.Extensions.Hosting.Internal.Host.TryExecuteBackgroundServiceAsync(BackgroundService backgroundService)
2025-12-04 14:29:21.611 +02:00 [INF] Application is shutting down...
2025-12-04 14:29:21.625 +02:00 [INF] Stopping RabbitMQ consumer
2025-12-04 14:31:01.449 +02:00 [INF] User profile is available. Using 'C:\Users\user\AppData\Local\ASP.NET\DataProtection-Keys' as key repository and Windows DPAPI to encrypt keys at rest.
2025-12-04 14:31:01.681 +02:00 [INF] Now listening on: https://localhost:7206
2025-12-04 14:31:01.683 +02:00 [INF] Now listening on: http://localhost:5174
2025-12-04 14:31:01.703 +02:00 [INF] RabbitMQ consumer for OrderCreated started
2025-12-04 14:31:01.780 +02:00 [INF] Application started. Press Ctrl+C to shut down.
2025-12-04 14:31:01.781 +02:00 [INF] Hosting environment: Development
2025-12-04 14:31:01.782 +02:00 [INF] Content root path: C:\Users\user\Desktop\OptiComponent\InventoryService
2025-12-04 14:31:02.038 +02:00 [INF] Request starting HTTP/2 GET https://localhost:7206/swagger/index.html - null null
2025-12-04 14:31:02.159 +02:00 [INF] Request finished HTTP/2 GET https://localhost:7206/swagger/index.html - 200 null text/html;charset=utf-8 126.1024ms
2025-12-04 14:31:02.240 +02:00 [INF] Request starting HTTP/2 GET https://localhost:7206/_vs/browserLink - null null
2025-12-04 14:31:02.240 +02:00 [INF] Request starting HTTP/2 GET https://localhost:7206/_framework/aspnetcore-browser-refresh.js - null null
2025-12-04 14:31:02.249 +02:00 [INF] Request finished HTTP/2 GET https://localhost:7206/_framework/aspnetcore-browser-refresh.js - 200 13768 application/javascript; charset=utf-8 8.7391ms
2025-12-04 14:31:02.268 +02:00 [INF] Request finished HTTP/2 GET https://localhost:7206/_vs/browserLink - 200 null text/javascript; charset=UTF-8 28.4865ms
2025-12-04 14:31:02.305 +02:00 [INF] Request starting HTTP/2 GET https://localhost:7206/swagger/v1/swagger.json - null null
2025-12-04 14:31:02.379 +02:00 [INF] Request finished HTTP/2 GET https://localhost:7206/swagger/v1/swagger.json - 200 null application/json;charset=utf-8 74.1621ms
2025-12-04 14:31:06.752 +02:00 [INF] Request starting HTTP/2 GET https://localhost:7206/api/StockItems - null null
2025-12-04 14:31:06.800 +02:00 [INF] Authorization failed. These requirements were not met:
DenyAnonymousAuthorizationRequirement: Requires an authenticated user.
2025-12-04 14:31:06.804 +02:00 [INF] AuthenticationScheme: Bearer was challenged.
2025-12-04 14:31:06.806 +02:00 [INF] HTTP GET /api/StockItems responded 401 in 49.2465 ms
2025-12-04 14:31:06.808 +02:00 [INF] Request finished HTTP/2 GET https://localhost:7206/api/StockItems - 401 0 null 56.7661ms
2025-12-04 14:31:07.831 +02:00 [INF] Request starting HTTP/2 GET https://localhost:7206/api/StockItems - null null
2025-12-04 14:31:07.836 +02:00 [INF] Authorization failed. These requirements were not met:
DenyAnonymousAuthorizationRequirement: Requires an authenticated user.
2025-12-04 14:31:07.838 +02:00 [INF] AuthenticationScheme: Bearer was challenged.
2025-12-04 14:31:07.839 +02:00 [INF] HTTP GET /api/StockItems responded 401 in 5.2306 ms
2025-12-04 14:31:07.840 +02:00 [INF] Request finished HTTP/2 GET https://localhost:7206/api/StockItems - 401 0 null 9.7498ms
2025-12-04 14:31:30.078 +02:00 [INF] User profile is available. Using 'C:\Users\user\AppData\Local\ASP.NET\DataProtection-Keys' as key repository and Windows DPAPI to encrypt keys at rest.
2025-12-04 14:31:30.328 +02:00 [INF] Now listening on: https://localhost:7206
2025-12-04 14:31:30.330 +02:00 [INF] Now listening on: http://localhost:5174
2025-12-04 14:31:30.346 +02:00 [INF] RabbitMQ consumer for OrderCreated started
2025-12-04 14:31:30.428 +02:00 [INF] Application started. Press Ctrl+C to shut down.
2025-12-04 14:31:30.430 +02:00 [INF] Hosting environment: Development
2025-12-04 14:31:30.432 +02:00 [INF] Content root path: C:\Users\user\Desktop\OptiComponent\InventoryService
2025-12-04 14:31:30.899 +02:00 [INF] Request starting HTTP/2 GET https://localhost:7206/swagger/index.html - null null
2025-12-04 14:31:31.052 +02:00 [INF] Request finished HTTP/2 GET https://localhost:7206/swagger/index.html - 200 null text/html;charset=utf-8 153.9591ms
2025-12-04 14:31:31.200 +02:00 [INF] Request starting HTTP/2 GET https://localhost:7206/_framework/aspnetcore-browser-refresh.js - null null
2025-12-04 14:31:31.207 +02:00 [INF] Request finished HTTP/2 GET https://localhost:7206/_framework/aspnetcore-browser-refresh.js - 200 13768 application/javascript; charset=utf-8 6.8257ms
2025-12-04 14:31:31.216 +02:00 [INF] Request starting HTTP/2 GET https://localhost:7206/_vs/browserLink - null null
2025-12-04 14:31:31.261 +02:00 [INF] Request finished HTTP/2 GET https://localhost:7206/_vs/browserLink - 200 null text/javascript; charset=UTF-8 45.1112ms
2025-12-04 14:31:31.353 +02:00 [INF] Request starting HTTP/2 GET https://localhost:7206/swagger/v1/swagger.json - null null
2025-12-04 14:31:31.485 +02:00 [INF] Request finished HTTP/2 GET https://localhost:7206/swagger/v1/swagger.json - 200 null application/json;charset=utf-8 131.2833ms
2025-12-04 14:32:45.598 +02:00 [INF] Request starting HTTP/2 GET https://localhost:7206/api/StockItems - null null
2025-12-04 14:32:45.690 +02:00 [INF] Executing endpoint 'InventoryService.API.Controllers.StockItemsController.GetAll (InventoryService)'
2025-12-04 14:32:45.709 +02:00 [INF] Route matched with {action = "GetAll", controller = "StockItems"}. Executing controller action with signature System.Threading.Tasks.Task`1[Microsoft.AspNetCore.Mvc.IActionResult] GetAll() on controller InventoryService.API.Controllers.StockItemsController (InventoryService).
2025-12-04 14:32:45.713 +02:00 [WRN] You do not have a valid license key for the Lucky Penny software MediatR. This is allowed for development and testing scenarios. If you are running in production you are required to have a licensed version. Please visit https://luckypennysoftware.com to obtain a valid license.
2025-12-04 14:32:46.143 +02:00 [INF] Executing OkObjectResult, writing value of type 'System.Collections.Generic.List`1[[InventoryService.Domain.Entities.StockItem, InventoryService, Version=1.0.0.0, Culture=neutral, PublicKeyToken=null]]'.
2025-12-04 14:32:46.152 +02:00 [INF] Executed action InventoryService.API.Controllers.StockItemsController.GetAll (InventoryService) in 439.0962ms
2025-12-04 14:32:46.153 +02:00 [INF] Executed endpoint 'InventoryService.API.Controllers.StockItemsController.GetAll (InventoryService)'
2025-12-04 14:32:46.156 +02:00 [INF] HTTP GET /api/StockItems responded 200 in 550.2755 ms
2025-12-04 14:32:46.158 +02:00 [INF] Request finished HTTP/2 GET https://localhost:7206/api/StockItems - 200 null application/json; charset=utf-8 560.0511ms
