2026-05-05 21:08:31.253 +03:00 [INF] User profile is available. Using 'C:\Users\Dell\AppData\Local\ASP.NET\DataProtection-Keys' as key repository and Windows DPAPI to encrypt keys at rest.
2026-05-05 21:08:31.610 +03:00 [INF] Now listening on: https://localhost:7206
2026-05-05 21:08:31.614 +03:00 [INF] Now listening on: http://localhost:5174
2026-05-05 21:08:31.680 +03:00 [INF] RabbitMQ consumer for OrderCreated started
2026-05-05 21:08:31.731 +03:00 [INF] Application started. Press Ctrl+C to shut down.
2026-05-05 21:08:31.734 +03:00 [INF] Hosting environment: Development
2026-05-05 21:08:31.737 +03:00 [INF] Content root path: C:\Users\Dell\source\repos\Anzorrrrrrrrrrr\OptiComponent-Microservices\InventoryService
2026-05-05 21:08:36.150 +03:00 [INF] Request starting HTTP/2 GET https://localhost:7206/swagger/index.html - null null
2026-05-05 21:08:36.382 +03:00 [INF] Request finished HTTP/2 GET https://localhost:7206/swagger/index.html - 200 null text/html;charset=utf-8 234.5725ms
2026-05-05 21:08:36.438 +03:00 [INF] Request starting HTTP/2 GET https://localhost:7206/_framework/aspnetcore-browser-refresh.js - null null
2026-05-05 21:08:36.438 +03:00 [INF] Request starting HTTP/2 GET https://localhost:7206/_vs/browserLink - null null
2026-05-05 21:08:36.455 +03:00 [INF] Request finished HTTP/2 GET https://localhost:7206/_framework/aspnetcore-browser-refresh.js - 200 14937 application/javascript; charset=utf-8 16.7941ms
2026-05-05 21:08:36.514 +03:00 [INF] Request finished HTTP/2 GET https://localhost:7206/_vs/browserLink - 200 null text/javascript; charset=UTF-8 75.7248ms
2026-05-05 21:08:36.648 +03:00 [INF] Request starting HTTP/2 GET https://localhost:7206/swagger/v1/swagger.json - null null
2026-05-05 21:08:36.666 +03:00 [INF] Request finished HTTP/2 GET https://localhost:7206/swagger/v1/swagger.json - 200 null application/json;charset=utf-8 18.2752ms
2026-05-05 21:08:36.715 +03:00 [INF] Request starting HTTP/2 GET https://localhost:7206/swagger/favicon-32x32.png - null null
2026-05-05 21:08:36.736 +03:00 [INF] Sending file. Request path: '/favicon-32x32.png'. Physical path: 'N/A'
2026-05-05 21:08:36.739 +03:00 [INF] Request finished HTTP/2 GET https://localhost:7206/swagger/favicon-32x32.png - 200 628 image/png 24.3001ms
2026-05-05 21:34:07.250 +03:00 [INF] User profile is available. Using 'C:\Users\Dell\AppData\Local\ASP.NET\DataProtection-Keys' as key repository and Windows DPAPI to encrypt keys at rest.
2026-05-05 21:34:07.792 +03:00 [INF] RabbitMQ consumer for OrderCreated started
2026-05-05 21:34:07.819 +03:00 [INF] Now listening on: https://localhost:7206
2026-05-05 21:34:07.824 +03:00 [INF] Now listening on: http://localhost:5174
2026-05-05 21:34:07.996 +03:00 [INF] Application started. Press Ctrl+C to shut down.
2026-05-05 21:34:07.998 +03:00 [INF] Hosting environment: Development
2026-05-05 21:34:08.000 +03:00 [INF] Content root path: C:\Users\Dell\source\repos\Anzorrrrrrrrrrr\OptiComponent-Microservices\InventoryService
2026-05-05 21:34:08.684 +03:00 [INF] Request starting HTTP/2 GET https://localhost:7206/swagger/index.html - null null
2026-05-05 21:34:08.978 +03:00 [INF] Request finished HTTP/2 GET https://localhost:7206/swagger/index.html - 200 null text/html;charset=utf-8 296.4785ms
2026-05-05 21:34:09.072 +03:00 [INF] Request starting HTTP/2 GET https://localhost:7206/_framework/aspnetcore-browser-refresh.js - null null
2026-05-05 21:34:09.102 +03:00 [INF] Request finished HTTP/2 GET https://localhost:7206/_framework/aspnetcore-browser-refresh.js - 200 14937 application/javascript; charset=utf-8 30.1636ms
2026-05-05 21:34:09.111 +03:00 [INF] Request starting HTTP/2 GET https://localhost:7206/_vs/browserLink - null null
2026-05-05 21:34:09.208 +03:00 [INF] Request finished HTTP/2 GET https://localhost:7206/_vs/browserLink - 200 null text/javascript; charset=UTF-8 97.2373ms
2026-05-05 21:34:09.423 +03:00 [INF] Request starting HTTP/2 GET https://localhost:7206/swagger/v1/swagger.json - null null
2026-05-05 21:34:09.444 +03:00 [INF] Request finished HTTP/2 GET https://localhost:7206/swagger/v1/swagger.json - 200 null application/json;charset=utf-8 20.582ms
