2026-04-15 20:28:54.613 +03:00 [INF] User profile is available. Using 'C:\Users\Dell\AppData\Local\ASP.NET\DataProtection-Keys' as key repository and Windows DPAPI to encrypt keys at rest.
2026-04-15 20:28:55.359 +03:00 [INF] Now listening on: https://localhost:7206
2026-04-15 20:28:55.371 +03:00 [INF] Now listening on: http://localhost:5174
2026-04-15 20:28:55.433 +03:00 [INF] RabbitMQ consumer for OrderCreated started
2026-04-15 20:28:55.566 +03:00 [INF] Application started. Press Ctrl+C to shut down.
2026-04-15 20:28:55.569 +03:00 [INF] Hosting environment: Development
2026-04-15 20:28:55.574 +03:00 [INF] Content root path: C:\Users\Dell\source\repos\Anzorrrrrrrrrrr\OptiComponent-Microservices\InventoryService
2026-04-15 20:28:56.791 +03:00 [INF] Request starting HTTP/2 GET https://localhost:7206/swagger/index.html - null null
2026-04-15 20:28:57.161 +03:00 [INF] Request finished HTTP/2 GET https://localhost:7206/swagger/index.html - 200 null text/html;charset=utf-8 374.5825ms
2026-04-15 20:28:57.234 +03:00 [INF] Request starting HTTP/2 GET https://localhost:7206/_vs/browserLink - null null
2026-04-15 20:28:57.234 +03:00 [INF] Request starting HTTP/2 GET https://localhost:7206/_framework/aspnetcore-browser-refresh.js - null null
2026-04-15 20:28:57.269 +03:00 [INF] Request finished HTTP/2 GET https://localhost:7206/_framework/aspnetcore-browser-refresh.js - 200 14937 application/javascript; charset=utf-8 34.7577ms
2026-04-15 20:28:57.322 +03:00 [INF] Request finished HTTP/2 GET https://localhost:7206/_vs/browserLink - 200 null text/javascript; charset=UTF-8 87.9176ms
2026-04-15 20:28:57.498 +03:00 [INF] Request starting HTTP/2 GET https://localhost:7206/swagger/v1/swagger.json - null null
2026-04-15 20:28:57.517 +03:00 [INF] Request finished HTTP/2 GET https://localhost:7206/swagger/v1/swagger.json - 200 null application/json;charset=utf-8 18.5251ms
2026-04-15 20:28:57.589 +03:00 [INF] Request starting HTTP/2 GET https://localhost:7206/swagger/favicon-32x32.png - null null
2026-04-15 20:28:57.608 +03:00 [INF] Sending file. Request path: '/favicon-32x32.png'. Physical path: 'N/A'
2026-04-15 20:28:57.610 +03:00 [INF] Request finished HTTP/2 GET https://localhost:7206/swagger/favicon-32x32.png - 200 628 image/png 22.008ms
2026-04-15 20:49:55.954 +03:00 [INF] User profile is available. Using 'C:\Users\Dell\AppData\Local\ASP.NET\DataProtection-Keys' as key repository and Windows DPAPI to encrypt keys at rest.
2026-04-15 20:49:56.395 +03:00 [INF] Now listening on: https://localhost:7206
2026-04-15 20:49:56.405 +03:00 [INF] Now listening on: http://localhost:5174
2026-04-15 20:49:56.413 +03:00 [INF] RabbitMQ consumer for OrderCreated started
2026-04-15 20:49:56.569 +03:00 [INF] Application started. Press Ctrl+C to shut down.
2026-04-15 20:49:56.571 +03:00 [INF] Hosting environment: Development
2026-04-15 20:49:56.572 +03:00 [INF] Content root path: C:\Users\Dell\source\repos\Anzorrrrrrrrrrr\OptiComponent-Microservices\InventoryService
2026-04-15 20:49:56.845 +03:00 [INF] Request starting HTTP/2 GET https://localhost:7206/swagger/index.html - null null
2026-04-15 20:49:57.107 +03:00 [INF] Request finished HTTP/2 GET https://localhost:7206/swagger/index.html - 200 null text/html;charset=utf-8 264.4681ms
2026-04-15 20:49:57.189 +03:00 [INF] Request starting HTTP/2 GET https://localhost:7206/_framework/aspnetcore-browser-refresh.js - null null
2026-04-15 20:49:57.189 +03:00 [INF] Request starting HTTP/2 GET https://localhost:7206/_vs/browserLink - null null
2026-04-15 20:49:57.205 +03:00 [INF] Request finished HTTP/2 GET https://localhost:7206/_framework/aspnetcore-browser-refresh.js - 200 14937 application/javascript; charset=utf-8 15.741ms
2026-04-15 20:49:57.254 +03:00 [INF] Request finished HTTP/2 GET https://localhost:7206/_vs/browserLink - 200 null text/javascript; charset=UTF-8 65.2169ms
2026-04-15 20:49:57.398 +03:00 [INF] Request starting HTTP/2 GET https://localhost:7206/swagger/v1/swagger.json - null null
2026-04-15 20:49:57.420 +03:00 [INF] Request finished HTTP/2 GET https://localhost:7206/swagger/v1/swagger.json - 200 null application/json;charset=utf-8 21.8551ms
2026-04-15 21:28:30.590 +03:00 [INF] User profile is available. Using 'C:\Users\Dell\AppData\Local\ASP.NET\DataProtection-Keys' as key repository and Windows DPAPI to encrypt keys at rest.
2026-04-15 21:28:31.058 +03:00 [INF] Now listening on: https://localhost:7206
2026-04-15 21:28:31.067 +03:00 [INF] Now listening on: http://localhost:5174
2026-04-15 21:28:31.086 +03:00 [INF] RabbitMQ consumer for OrderCreated started
2026-04-15 21:28:31.215 +03:00 [INF] Application started. Press Ctrl+C to shut down.
2026-04-15 21:28:31.218 +03:00 [INF] Hosting environment: Development
2026-04-15 21:28:31.219 +03:00 [INF] Content root path: C:\Users\Dell\source\repos\Anzorrrrrrrrrrr\OptiComponent-Microservices\InventoryService
2026-04-15 21:28:31.514 +03:00 [INF] Request starting HTTP/2 GET https://localhost:7206/swagger/index.html - null null
2026-04-15 21:28:31.828 +03:00 [INF] Request finished HTTP/2 GET https://localhost:7206/swagger/index.html - 200 null text/html;charset=utf-8 315.2759ms
2026-04-15 21:28:32.108 +03:00 [INF] Request starting HTTP/2 GET https://localhost:7206/_vs/browserLink - null null
2026-04-15 21:28:32.108 +03:00 [INF] Request starting HTTP/2 GET https://localhost:7206/_framework/aspnetcore-browser-refresh.js - null null
2026-04-15 21:28:32.126 +03:00 [INF] Request finished HTTP/2 GET https://localhost:7206/_framework/aspnetcore-browser-refresh.js - 200 14937 application/javascript; charset=utf-8 18.1021ms
2026-04-15 21:28:32.159 +03:00 [INF] Request finished HTTP/2 GET https://localhost:7206/_vs/browserLink - 200 null text/javascript; charset=UTF-8 51.809ms
2026-04-15 21:28:32.230 +03:00 [INF] Request starting HTTP/2 GET https://localhost:7206/swagger/v1/swagger.json - null null
2026-04-15 21:28:32.244 +03:00 [INF] Request finished HTTP/2 GET https://localhost:7206/swagger/v1/swagger.json - 200 null application/json;charset=utf-8 14.4729ms
2026-04-15 21:42:24.714 +03:00 [INF] User profile is available. Using 'C:\Users\Dell\AppData\Local\ASP.NET\DataProtection-Keys' as key repository and Windows DPAPI to encrypt keys at rest.
2026-04-15 21:42:25.080 +03:00 [INF] Now listening on: https://localhost:7206
2026-04-15 21:42:25.090 +03:00 [INF] Now listening on: http://localhost:5174
2026-04-15 21:42:25.103 +03:00 [INF] RabbitMQ consumer for OrderCreated started
2026-04-15 21:42:25.235 +03:00 [INF] Application started. Press Ctrl+C to shut down.
2026-04-15 21:42:25.237 +03:00 [INF] Hosting environment: Development
2026-04-15 21:42:25.239 +03:00 [INF] Content root path: C:\Users\Dell\source\repos\Anzorrrrrrrrrrr\OptiComponent-Microservices\InventoryService
2026-04-15 21:42:25.913 +03:00 [INF] Request starting HTTP/2 GET https://localhost:7206/swagger/index.html - null null
2026-04-15 21:42:26.146 +03:00 [INF] Request finished HTTP/2 GET https://localhost:7206/swagger/index.html - 200 null text/html;charset=utf-8 235.6029ms
2026-04-15 21:42:26.208 +03:00 [INF] Request starting HTTP/2 GET https://localhost:7206/_vs/browserLink - null null
2026-04-15 21:42:26.227 +03:00 [INF] Request starting HTTP/2 GET https://localhost:7206/_framework/aspnetcore-browser-refresh.js - null null
2026-04-15 21:42:26.322 +03:00 [INF] Request finished HTTP/2 GET https://localhost:7206/_vs/browserLink - 200 null text/javascript; charset=UTF-8 113.7393ms
2026-04-15 21:42:26.324 +03:00 [INF] Request finished HTTP/2 GET https://localhost:7206/_framework/aspnetcore-browser-refresh.js - 200 14937 application/javascript; charset=utf-8 96.9362ms
2026-04-15 21:42:26.472 +03:00 [INF] Request starting HTTP/2 GET https://localhost:7206/swagger/v1/swagger.json - null null
2026-04-15 21:42:26.490 +03:00 [INF] Request finished HTTP/2 GET https://localhost:7206/swagger/v1/swagger.json - 200 null application/json;charset=utf-8 20.1444ms
2026-04-15 22:00:10.617 +03:00 [INF] User profile is available. Using 'C:\Users\Dell\AppData\Local\ASP.NET\DataProtection-Keys' as key repository and Windows DPAPI to encrypt keys at rest.
2026-04-15 22:00:10.781 +03:00 [INF] Now listening on: https://localhost:7206
2026-04-15 22:00:10.783 +03:00 [INF] Now listening on: http://localhost:5174
2026-04-15 22:00:10.789 +03:00 [INF] RabbitMQ consumer for OrderCreated started
2026-04-15 22:00:10.898 +03:00 [INF] Application started. Press Ctrl+C to shut down.
2026-04-15 22:00:10.899 +03:00 [INF] Hosting environment: Development
2026-04-15 22:00:10.901 +03:00 [INF] Content root path: C:\Users\Dell\source\repos\Anzorrrrrrrrrrr\OptiComponent-Microservices\InventoryService
2026-04-15 22:00:11.443 +03:00 [INF] Request starting HTTP/2 GET https://localhost:7206/swagger/index.html - null null
2026-04-15 22:00:11.578 +03:00 [INF] Request finished HTTP/2 GET https://localhost:7206/swagger/index.html - 200 null text/html;charset=utf-8 136.5403ms
2026-04-15 22:00:11.636 +03:00 [INF] Request starting HTTP/2 GET https://localhost:7206/_framework/aspnetcore-browser-refresh.js - null null
2026-04-15 22:00:11.639 +03:00 [INF] Request starting HTTP/2 GET https://localhost:7206/_vs/browserLink - null null
2026-04-15 22:00:11.652 +03:00 [INF] Request finished HTTP/2 GET https://localhost:7206/_framework/aspnetcore-browser-refresh.js - 200 14937 application/javascript; charset=utf-8 15.0216ms
2026-04-15 22:00:11.683 +03:00 [INF] Request finished HTTP/2 GET https://localhost:7206/_vs/browserLink - 200 null text/javascript; charset=UTF-8 43.5856ms
2026-04-15 22:00:11.760 +03:00 [INF] Request starting HTTP/2 GET https://localhost:7206/swagger/v1/swagger.json - null null
2026-04-15 22:00:11.772 +03:00 [INF] Request finished HTTP/2 GET https://localhost:7206/swagger/v1/swagger.json - 200 null application/json;charset=utf-8 11.9863ms
2026-04-15 22:00:39.841 +03:00 [INF] User profile is available. Using 'C:\Users\Dell\AppData\Local\ASP.NET\DataProtection-Keys' as key repository and Windows DPAPI to encrypt keys at rest.
2026-04-15 22:00:40.171 +03:00 [INF] Now listening on: https://localhost:7206
2026-04-15 22:00:40.172 +03:00 [INF] RabbitMQ consumer for OrderCreated started
2026-04-15 22:00:40.174 +03:00 [INF] Now listening on: http://localhost:5174
2026-04-15 22:00:40.329 +03:00 [INF] Application started. Press Ctrl+C to shut down.
2026-04-15 22:00:40.330 +03:00 [INF] Hosting environment: Development
2026-04-15 22:00:40.332 +03:00 [INF] Content root path: C:\Users\Dell\source\repos\Anzorrrrrrrrrrr\OptiComponent-Microservices\InventoryService
2026-04-15 22:00:41.207 +03:00 [INF] Request starting HTTP/2 GET https://localhost:7206/swagger/index.html - null null
2026-04-15 22:00:41.482 +03:00 [INF] Request finished HTTP/2 GET https://localhost:7206/swagger/index.html - 200 null text/html;charset=utf-8 276.733ms
2026-04-15 22:00:41.604 +03:00 [INF] Request starting HTTP/2 GET https://localhost:7206/_vs/browserLink - null null
2026-04-15 22:00:41.604 +03:00 [INF] Request starting HTTP/2 GET https://localhost:7206/_framework/aspnetcore-browser-refresh.js - null null
2026-04-15 22:00:41.629 +03:00 [INF] Request finished HTTP/2 GET https://localhost:7206/_framework/aspnetcore-browser-refresh.js - 200 14937 application/javascript; charset=utf-8 25.0765ms
2026-04-15 22:00:41.679 +03:00 [INF] Request finished HTTP/2 GET https://localhost:7206/_vs/browserLink - 200 null text/javascript; charset=UTF-8 75.0796ms
2026-04-15 22:00:41.745 +03:00 [INF] Request starting HTTP/2 GET https://localhost:7206/swagger/v1/swagger.json - null null
2026-04-15 22:00:41.779 +03:00 [INF] Request finished HTTP/2 GET https://localhost:7206/swagger/v1/swagger.json - 200 null application/json;charset=utf-8 33.8244ms
