2026-03-31 20:36:32.921 +03:00 [INF] User profile is available. Using 'C:\Users\Dell\AppData\Local\ASP.NET\DataProtection-Keys' as key repository and Windows DPAPI to encrypt keys at rest.
2026-03-31 20:36:33.506 +03:00 [INF] Now listening on: https://localhost:7206
2026-03-31 20:36:33.515 +03:00 [INF] RabbitMQ consumer for OrderCreated started
2026-03-31 20:36:33.518 +03:00 [INF] Now listening on: http://localhost:5174
2026-03-31 20:36:33.652 +03:00 [INF] Application started. Press Ctrl+C to shut down.
2026-03-31 20:36:33.654 +03:00 [INF] Hosting environment: Development
2026-03-31 20:36:33.655 +03:00 [INF] Content root path: C:\Users\Dell\source\repos\Anzorrrrrrrrrrr\OptiComponent-Microservices\InventoryService
2026-03-31 20:36:34.058 +03:00 [INF] Request starting HTTP/2 GET https://localhost:7206/swagger/index.html - null null
2026-03-31 20:36:34.281 +03:00 [INF] Request finished HTTP/2 GET https://localhost:7206/swagger/index.html - 200 null text/html;charset=utf-8 224.9102ms
2026-03-31 20:36:34.370 +03:00 [INF] Request starting HTTP/2 GET https://localhost:7206/_vs/browserLink - null null
2026-03-31 20:36:34.370 +03:00 [INF] Request starting HTTP/2 GET https://localhost:7206/_framework/aspnetcore-browser-refresh.js - null null
2026-03-31 20:36:34.399 +03:00 [INF] Request finished HTTP/2 GET https://localhost:7206/_framework/aspnetcore-browser-refresh.js - 200 14937 application/javascript; charset=utf-8 28.4976ms
2026-03-31 20:36:34.446 +03:00 [INF] Request finished HTTP/2 GET https://localhost:7206/_vs/browserLink - 200 null text/javascript; charset=UTF-8 75.873ms
2026-03-31 20:36:34.626 +03:00 [INF] Request starting HTTP/2 GET https://localhost:7206/swagger/v1/swagger.json - null null
2026-03-31 20:36:34.644 +03:00 [INF] Request finished HTTP/2 GET https://localhost:7206/swagger/v1/swagger.json - 200 null application/json;charset=utf-8 17.4916ms
2026-03-31 20:40:59.575 +03:00 [INF] OrderCreated received for order 1. Inventory updated.
2026-03-31 20:50:07.066 +03:00 [INF] Request starting HTTP/2 GET https://localhost:7206/api/StockItems - null null
2026-03-31 20:50:07.168 +03:00 [INF] Authorization failed. These requirements were not met:
DenyAnonymousAuthorizationRequirement: Requires an authenticated user.
2026-03-31 20:50:07.173 +03:00 [INF] AuthenticationScheme: Bearer was challenged.
2026-03-31 20:50:07.175 +03:00 [INF] HTTP GET /api/StockItems responded 401 in 95.8209 ms
2026-03-31 20:50:07.177 +03:00 [INF] Request finished HTTP/2 GET https://localhost:7206/api/StockItems - 401 0 null 110.876ms
2026-03-31 20:50:19.352 +03:00 [INF] Request starting HTTP/2 GET https://localhost:7206/api/StockItems - null null
2026-03-31 20:50:19.415 +03:00 [INF] Executing endpoint 'InventoryService.API.Controllers.StockItemsController.GetAll (InventoryService)'
2026-03-31 20:50:19.431 +03:00 [INF] Route matched with {action = "GetAll", controller = "StockItems"}. Executing controller action with signature System.Threading.Tasks.Task`1[Microsoft.AspNetCore.Mvc.IActionResult] GetAll() on controller InventoryService.API.Controllers.StockItemsController (InventoryService).
2026-03-31 20:50:19.438 +03:00 [WRN] You do not have a valid license key for the Lucky Penny software MediatR. This is allowed for development and testing scenarios. If you are running in production you are required to have a licensed version. Please visit https://luckypennysoftware.com to obtain a valid license.
2026-03-31 20:50:19.459 +03:00 [INF] Executing OkObjectResult, writing value of type 'System.Collections.Generic.List`1[[InventoryService.Domain.Entities.StockItem, InventoryService, Version=1.0.0.0, Culture=neutral, PublicKeyToken=null]]'.
2026-03-31 20:50:19.470 +03:00 [INF] Executed action InventoryService.API.Controllers.StockItemsController.GetAll (InventoryService) in 31.8241ms
2026-03-31 20:50:19.472 +03:00 [INF] Executed endpoint 'InventoryService.API.Controllers.StockItemsController.GetAll (InventoryService)'
2026-03-31 20:50:19.476 +03:00 [INF] HTTP GET /api/StockItems responded 200 in 120.2279 ms
2026-03-31 20:50:19.477 +03:00 [INF] Request finished HTTP/2 GET https://localhost:7206/api/StockItems - 200 null application/json; charset=utf-8 125.1472ms
2026-03-31 21:01:01.455 +03:00 [INF] OrderCreated received for order 2. Inventory updated.
2026-03-31 21:01:14.264 +03:00 [INF] Request starting HTTP/2 GET https://localhost:7206/api/StockItems - null null
2026-03-31 21:01:14.269 +03:00 [INF] Executing endpoint 'InventoryService.API.Controllers.StockItemsController.GetAll (InventoryService)'
2026-03-31 21:01:14.271 +03:00 [INF] Route matched with {action = "GetAll", controller = "StockItems"}. Executing controller action with signature System.Threading.Tasks.Task`1[Microsoft.AspNetCore.Mvc.IActionResult] GetAll() on controller InventoryService.API.Controllers.StockItemsController (InventoryService).
2026-03-31 21:01:14.278 +03:00 [INF] Executing OkObjectResult, writing value of type 'System.Collections.Generic.List`1[[InventoryService.Domain.Entities.StockItem, InventoryService, Version=1.0.0.0, Culture=neutral, PublicKeyToken=null]]'.
2026-03-31 21:01:14.280 +03:00 [INF] Executed action InventoryService.API.Controllers.StockItemsController.GetAll (InventoryService) in 6.8579ms
2026-03-31 21:01:14.282 +03:00 [INF] Executed endpoint 'InventoryService.API.Controllers.StockItemsController.GetAll (InventoryService)'
2026-03-31 21:01:14.283 +03:00 [INF] HTTP GET /api/StockItems responded 200 in 16.0231 ms
2026-03-31 21:01:14.285 +03:00 [INF] Request finished HTTP/2 GET https://localhost:7206/api/StockItems - 200 null application/json; charset=utf-8 20.6888ms
2026-03-31 21:01:43.857 +03:00 [INF] Request starting HTTP/2 GET https://localhost:7206/api/StockItems - null null
2026-03-31 21:01:43.861 +03:00 [INF] Executing endpoint 'InventoryService.API.Controllers.StockItemsController.GetAll (InventoryService)'
2026-03-31 21:01:43.862 +03:00 [INF] Route matched with {action = "GetAll", controller = "StockItems"}. Executing controller action with signature System.Threading.Tasks.Task`1[Microsoft.AspNetCore.Mvc.IActionResult] GetAll() on controller InventoryService.API.Controllers.StockItemsController (InventoryService).
2026-03-31 21:01:43.869 +03:00 [INF] Executing OkObjectResult, writing value of type 'System.Collections.Generic.List`1[[InventoryService.Domain.Entities.StockItem, InventoryService, Version=1.0.0.0, Culture=neutral, PublicKeyToken=null]]'.
2026-03-31 21:01:43.872 +03:00 [INF] Executed action InventoryService.API.Controllers.StockItemsController.GetAll (InventoryService) in 7.4242ms
2026-03-31 21:01:43.875 +03:00 [INF] Executed endpoint 'InventoryService.API.Controllers.StockItemsController.GetAll (InventoryService)'
2026-03-31 21:01:43.877 +03:00 [INF] HTTP GET /api/StockItems responded 200 in 16.5489 ms
2026-03-31 21:01:43.879 +03:00 [INF] Request finished HTTP/2 GET https://localhost:7206/api/StockItems - 200 null application/json; charset=utf-8 22.324ms
2026-03-31 21:30:40.186 +03:00 [INF] User profile is available. Using 'C:\Users\Dell\AppData\Local\ASP.NET\DataProtection-Keys' as key repository and Windows DPAPI to encrypt keys at rest.
2026-03-31 21:30:40.508 +03:00 [INF] Now listening on: https://localhost:7206
2026-03-31 21:30:40.510 +03:00 [INF] Now listening on: http://localhost:5174
2026-03-31 21:30:40.513 +03:00 [INF] RabbitMQ consumer for OrderCreated started
2026-03-31 21:30:40.610 +03:00 [INF] Application started. Press Ctrl+C to shut down.
2026-03-31 21:30:40.612 +03:00 [INF] Hosting environment: Development
2026-03-31 21:30:40.613 +03:00 [INF] Content root path: C:\Users\Dell\source\repos\Anzorrrrrrrrrrr\OptiComponent-Microservices\InventoryService
2026-03-31 21:30:41.312 +03:00 [INF] Request starting HTTP/2 GET https://localhost:7206/swagger/index.html - null null
2026-03-31 21:30:41.588 +03:00 [INF] Request finished HTTP/2 GET https://localhost:7206/swagger/index.html - 200 null text/html;charset=utf-8 278.654ms
2026-03-31 21:30:41.713 +03:00 [INF] Request starting HTTP/2 GET https://localhost:7206/_vs/browserLink - null null
2026-03-31 21:30:41.728 +03:00 [INF] Request starting HTTP/2 GET https://localhost:7206/_framework/aspnetcore-browser-refresh.js - null null
2026-03-31 21:30:41.771 +03:00 [INF] Request finished HTTP/2 GET https://localhost:7206/_framework/aspnetcore-browser-refresh.js - 200 14937 application/javascript; charset=utf-8 41.937ms
2026-03-31 21:30:41.816 +03:00 [INF] Request finished HTTP/2 GET https://localhost:7206/_vs/browserLink - 200 null text/javascript; charset=UTF-8 103.5416ms
2026-03-31 21:30:41.910 +03:00 [INF] Request starting HTTP/2 GET https://localhost:7206/swagger/v1/swagger.json - null null
2026-03-31 21:30:41.933 +03:00 [INF] Request finished HTTP/2 GET https://localhost:7206/swagger/v1/swagger.json - 200 null application/json;charset=utf-8 23.1539ms
2026-03-31 21:40:16.658 +03:00 [INF] User profile is available. Using 'C:\Users\Dell\AppData\Local\ASP.NET\DataProtection-Keys' as key repository and Windows DPAPI to encrypt keys at rest.
2026-03-31 21:40:16.996 +03:00 [INF] RabbitMQ consumer for OrderCreated started
2026-03-31 21:40:17.016 +03:00 [INF] Now listening on: https://localhost:7206
2026-03-31 21:40:17.018 +03:00 [INF] Now listening on: http://localhost:5174
2026-03-31 21:40:17.197 +03:00 [INF] Application started. Press Ctrl+C to shut down.
2026-03-31 21:40:17.199 +03:00 [INF] Hosting environment: Development
2026-03-31 21:40:17.200 +03:00 [INF] Content root path: C:\Users\Dell\source\repos\Anzorrrrrrrrrrr\OptiComponent-Microservices\InventoryService
2026-03-31 21:40:17.596 +03:00 [INF] Request starting HTTP/2 GET https://localhost:7206/swagger/index.html - null null
2026-03-31 21:40:17.902 +03:00 [INF] Request finished HTTP/2 GET https://localhost:7206/swagger/index.html - 200 null text/html;charset=utf-8 308.7869ms
2026-03-31 21:40:18.056 +03:00 [INF] Request starting HTTP/2 GET https://localhost:7206/_framework/aspnetcore-browser-refresh.js - null null
2026-03-31 21:40:18.056 +03:00 [INF] Request starting HTTP/2 GET https://localhost:7206/_vs/browserLink - null null
2026-03-31 21:40:18.079 +03:00 [INF] Request finished HTTP/2 GET https://localhost:7206/_framework/aspnetcore-browser-refresh.js - 200 14937 application/javascript; charset=utf-8 25.8923ms
2026-03-31 21:40:18.177 +03:00 [INF] Request finished HTTP/2 GET https://localhost:7206/_vs/browserLink - 200 null text/javascript; charset=UTF-8 121.3543ms
2026-03-31 21:40:18.287 +03:00 [INF] Request starting HTTP/2 GET https://localhost:7206/swagger/v1/swagger.json - null null
2026-03-31 21:40:18.318 +03:00 [INF] Request finished HTTP/2 GET https://localhost:7206/swagger/v1/swagger.json - 200 null application/json;charset=utf-8 30.9552ms
2026-03-31 21:42:42.628 +03:00 [INF] User profile is available. Using 'C:\Users\Dell\AppData\Local\ASP.NET\DataProtection-Keys' as key repository and Windows DPAPI to encrypt keys at rest.
2026-03-31 21:42:42.964 +03:00 [INF] RabbitMQ consumer for OrderCreated started
2026-03-31 21:42:42.978 +03:00 [INF] Now listening on: https://localhost:7206
2026-03-31 21:42:42.983 +03:00 [INF] Now listening on: http://localhost:5174
2026-03-31 21:42:43.173 +03:00 [INF] Application started. Press Ctrl+C to shut down.
2026-03-31 21:42:43.174 +03:00 [INF] Hosting environment: Development
2026-03-31 21:42:43.175 +03:00 [INF] Content root path: C:\Users\Dell\source\repos\Anzorrrrrrrrrrr\OptiComponent-Microservices\InventoryService
2026-03-31 21:42:43.693 +03:00 [INF] Request starting HTTP/2 GET https://localhost:7206/swagger/index.html - null null
2026-03-31 21:42:43.938 +03:00 [INF] Request finished HTTP/2 GET https://localhost:7206/swagger/index.html - 200 null text/html;charset=utf-8 249.1028ms
2026-03-31 21:42:44.021 +03:00 [INF] Request starting HTTP/2 GET https://localhost:7206/_framework/aspnetcore-browser-refresh.js - null null
2026-03-31 21:42:44.022 +03:00 [INF] Request starting HTTP/2 GET https://localhost:7206/_vs/browserLink - null null
2026-03-31 21:42:44.097 +03:00 [INF] Request finished HTTP/2 GET https://localhost:7206/_framework/aspnetcore-browser-refresh.js - 200 14937 application/javascript; charset=utf-8 75.4854ms
2026-03-31 21:42:44.193 +03:00 [INF] Request finished HTTP/2 GET https://localhost:7206/_vs/browserLink - 200 null text/javascript; charset=UTF-8 170.5486ms
2026-03-31 21:42:44.331 +03:00 [INF] Request starting HTTP/2 GET https://localhost:7206/swagger/v1/swagger.json - null null
2026-03-31 21:42:44.364 +03:00 [INF] Request finished HTTP/2 GET https://localhost:7206/swagger/v1/swagger.json - 200 null application/json;charset=utf-8 36.8163ms
2026-03-31 21:47:38.841 +03:00 [INF] User profile is available. Using 'C:\Users\Dell\AppData\Local\ASP.NET\DataProtection-Keys' as key repository and Windows DPAPI to encrypt keys at rest.
2026-03-31 21:47:39.155 +03:00 [INF] RabbitMQ consumer for OrderCreated started
2026-03-31 21:47:39.170 +03:00 [INF] Now listening on: https://localhost:7206
2026-03-31 21:47:39.172 +03:00 [INF] Now listening on: http://localhost:5174
2026-03-31 21:47:39.302 +03:00 [INF] Application started. Press Ctrl+C to shut down.
2026-03-31 21:47:39.310 +03:00 [INF] Hosting environment: Development
2026-03-31 21:47:39.312 +03:00 [INF] Content root path: C:\Users\Dell\source\repos\Anzorrrrrrrrrrr\OptiComponent-Microservices\InventoryService
2026-03-31 21:47:39.930 +03:00 [INF] Request starting HTTP/2 GET https://localhost:7206/swagger/index.html - null null
2026-03-31 21:47:40.266 +03:00 [INF] Request finished HTTP/2 GET https://localhost:7206/swagger/index.html - 200 null text/html;charset=utf-8 337.8467ms
2026-03-31 21:47:40.339 +03:00 [INF] Request starting HTTP/2 GET https://localhost:7206/_vs/browserLink - null null
2026-03-31 21:47:40.339 +03:00 [INF] Request starting HTTP/2 GET https://localhost:7206/_framework/aspnetcore-browser-refresh.js - null null
2026-03-31 21:47:40.370 +03:00 [INF] Request finished HTTP/2 GET https://localhost:7206/_framework/aspnetcore-browser-refresh.js - 200 14937 application/javascript; charset=utf-8 31.123ms
2026-03-31 21:47:40.426 +03:00 [INF] Request finished HTTP/2 GET https://localhost:7206/_vs/browserLink - 200 null text/javascript; charset=UTF-8 87.3938ms
2026-03-31 21:47:40.536 +03:00 [INF] Request starting HTTP/2 GET https://localhost:7206/swagger/v1/swagger.json - null null
2026-03-31 21:47:40.560 +03:00 [INF] Request finished HTTP/2 GET https://localhost:7206/swagger/v1/swagger.json - 200 null application/json;charset=utf-8 23.0347ms
2026-03-31 21:48:23.041 +03:00 [INF] User profile is available. Using 'C:\Users\Dell\AppData\Local\ASP.NET\DataProtection-Keys' as key repository and Windows DPAPI to encrypt keys at rest.
2026-03-31 21:48:23.376 +03:00 [INF] Now listening on: https://localhost:7206
2026-03-31 21:48:23.392 +03:00 [INF] Now listening on: http://localhost:5174
2026-03-31 21:48:23.393 +03:00 [INF] RabbitMQ consumer for OrderCreated started
2026-03-31 21:48:23.523 +03:00 [INF] Application started. Press Ctrl+C to shut down.
2026-03-31 21:48:23.525 +03:00 [INF] Hosting environment: Development
2026-03-31 21:48:23.526 +03:00 [INF] Content root path: C:\Users\Dell\source\repos\Anzorrrrrrrrrrr\OptiComponent-Microservices\InventoryService
2026-03-31 21:48:24.808 +03:00 [INF] Request starting HTTP/2 GET https://localhost:7206/swagger/index.html - null null
2026-03-31 21:48:25.025 +03:00 [INF] Request finished HTTP/2 GET https://localhost:7206/swagger/index.html - 200 null text/html;charset=utf-8 218.8248ms
2026-03-31 21:48:25.167 +03:00 [INF] Request starting HTTP/2 GET https://localhost:7206/_vs/browserLink - null null
2026-03-31 21:48:25.167 +03:00 [INF] Request starting HTTP/2 GET https://localhost:7206/_framework/aspnetcore-browser-refresh.js - null null
2026-03-31 21:48:25.187 +03:00 [INF] Request finished HTTP/2 GET https://localhost:7206/_framework/aspnetcore-browser-refresh.js - 200 14937 application/javascript; charset=utf-8 18.6898ms
2026-03-31 21:48:25.243 +03:00 [INF] Request finished HTTP/2 GET https://localhost:7206/_vs/browserLink - 200 null text/javascript; charset=UTF-8 76.0217ms
2026-03-31 21:48:25.340 +03:00 [INF] Request starting HTTP/2 GET https://localhost:7206/swagger/v1/swagger.json - null null
2026-03-31 21:48:25.383 +03:00 [INF] Request finished HTTP/2 GET https://localhost:7206/swagger/v1/swagger.json - 200 null application/json;charset=utf-8 42.9807ms
2026-03-31 21:57:22.322 +03:00 [INF] User profile is available. Using 'C:\Users\Dell\AppData\Local\ASP.NET\DataProtection-Keys' as key repository and Windows DPAPI to encrypt keys at rest.
2026-03-31 21:57:22.873 +03:00 [INF] Now listening on: https://localhost:7206
2026-03-31 21:57:22.876 +03:00 [INF] Now listening on: http://localhost:5174
2026-03-31 21:57:22.942 +03:00 [INF] RabbitMQ consumer for OrderCreated started
2026-03-31 21:57:23.028 +03:00 [INF] Application started. Press Ctrl+C to shut down.
2026-03-31 21:57:23.029 +03:00 [INF] Hosting environment: Development
2026-03-31 21:57:23.031 +03:00 [INF] Content root path: C:\Users\Dell\source\repos\Anzorrrrrrrrrrr\OptiComponent-Microservices\InventoryService
2026-03-31 21:57:23.616 +03:00 [INF] Request starting HTTP/2 GET https://localhost:7206/swagger - null null
2026-03-31 21:57:23.757 +03:00 [INF] Request finished HTTP/2 GET https://localhost:7206/swagger - 301 null null 143.8392ms
2026-03-31 21:57:23.775 +03:00 [INF] Request starting HTTP/2 GET https://localhost:7206/swagger/index.html - null null
2026-03-31 21:57:23.898 +03:00 [INF] Request finished HTTP/2 GET https://localhost:7206/swagger/index.html - 200 null text/html;charset=utf-8 122.7949ms
2026-03-31 21:57:23.904 +03:00 [INF] Request starting HTTP/2 GET https://localhost:7206/_vs/browserLink - null null
2026-03-31 21:57:23.902 +03:00 [INF] Request starting HTTP/2 GET https://localhost:7206/swagger/swagger-ui.css - null null
2026-03-31 21:57:23.903 +03:00 [INF] Request starting HTTP/2 GET https://localhost:7206/swagger/swagger-ui-bundle.js - null null
2026-03-31 21:57:23.904 +03:00 [INF] Request starting HTTP/2 GET https://localhost:7206/_framework/aspnetcore-browser-refresh.js - null null
2026-03-31 21:57:23.903 +03:00 [INF] Request starting HTTP/2 GET https://localhost:7206/swagger/swagger-ui-standalone-preset.js - null null
2026-03-31 21:57:23.943 +03:00 [INF] Request finished HTTP/2 GET https://localhost:7206/_framework/aspnetcore-browser-refresh.js - 200 14937 application/javascript; charset=utf-8 39.9599ms
2026-03-31 21:57:23.980 +03:00 [INF] Sending file. Request path: '/swagger-ui.css'. Physical path: 'N/A'
2026-03-31 21:57:23.985 +03:00 [INF] Sending file. Request path: '/swagger-ui-standalone-preset.js'. Physical path: 'N/A'
2026-03-31 21:57:23.988 +03:00 [INF] Request finished HTTP/2 GET https://localhost:7206/swagger/swagger-ui.css - 200 143943 text/css 85.5379ms
2026-03-31 21:57:23.989 +03:00 [INF] Request finished HTTP/2 GET https://localhost:7206/swagger/swagger-ui-standalone-preset.js - 200 339486 text/javascript 86.5141ms
2026-03-31 21:57:24.010 +03:00 [INF] Request finished HTTP/2 GET https://localhost:7206/_vs/browserLink - 200 null text/javascript; charset=UTF-8 106.0289ms
2026-03-31 21:57:24.012 +03:00 [INF] Sending file. Request path: '/swagger-ui-bundle.js'. Physical path: 'N/A'
2026-03-31 21:57:24.018 +03:00 [INF] Request finished HTTP/2 GET https://localhost:7206/swagger/swagger-ui-bundle.js - 200 1096145 text/javascript 115.1659ms
2026-03-31 21:57:24.210 +03:00 [INF] Request starting HTTP/2 GET https://localhost:7206/swagger/v1/swagger.json - null null
2026-03-31 21:57:24.223 +03:00 [INF] Request finished HTTP/2 GET https://localhost:7206/swagger/v1/swagger.json - 200 null application/json;charset=utf-8 13.7991ms
2026-03-31 21:57:24.231 +03:00 [INF] Request starting HTTP/2 GET https://localhost:7206/swagger/favicon-32x32.png - null null
2026-03-31 21:57:24.235 +03:00 [INF] Sending file. Request path: '/favicon-32x32.png'. Physical path: 'N/A'
2026-03-31 21:57:24.238 +03:00 [INF] Request finished HTTP/2 GET https://localhost:7206/swagger/favicon-32x32.png - 200 628 image/png 6.3715ms
