2026-03-30 21:50:38.476 +03:00 [INF] User profile is available. Using 'C:\Users\Dell\AppData\Local\ASP.NET\DataProtection-Keys' as key repository and Windows DPAPI to encrypt keys at rest.
2026-03-30 21:50:39.151 +03:00 [INF] Now listening on: https://localhost:7206
2026-03-30 21:50:39.155 +03:00 [INF] Now listening on: http://localhost:5174
2026-03-30 21:50:39.332 +03:00 [INF] Application started. Press Ctrl+C to shut down.
2026-03-30 21:50:39.335 +03:00 [INF] Hosting environment: Development
2026-03-30 21:50:39.338 +03:00 [INF] Content root path: C:\Users\Dell\source\repos\Anzorrrrrrrrrrr\OptiComponent-Microservices\InventoryService
2026-03-30 21:50:39.461 +03:00 [INF] RabbitMQ consumer for OrderCreated started
2026-03-30 21:50:41.507 +03:00 [INF] Request starting HTTP/2 GET https://localhost:7206/swagger - null null
2026-03-30 21:50:41.834 +03:00 [INF] Request finished HTTP/2 GET https://localhost:7206/swagger - 301 null null 331.6021ms
2026-03-30 21:50:41.843 +03:00 [INF] Request starting HTTP/2 GET https://localhost:7206/swagger/index.html - null null
2026-03-30 21:50:41.984 +03:00 [INF] Request finished HTTP/2 GET https://localhost:7206/swagger/index.html - 200 null text/html;charset=utf-8 140.3001ms
2026-03-30 21:50:42.047 +03:00 [INF] Request starting HTTP/2 GET https://localhost:7206/swagger/swagger-ui.css - null null
2026-03-30 21:50:42.064 +03:00 [INF] Request starting HTTP/2 GET https://localhost:7206/swagger/swagger-ui-bundle.js - null null
2026-03-30 21:50:42.068 +03:00 [INF] Request starting HTTP/2 GET https://localhost:7206/_vs/browserLink - null null
2026-03-30 21:50:42.067 +03:00 [INF] Request starting HTTP/2 GET https://localhost:7206/swagger/swagger-ui-standalone-preset.js - null null
2026-03-30 21:50:42.073 +03:00 [INF] Request starting HTTP/2 GET https://localhost:7206/_framework/aspnetcore-browser-refresh.js - null null
2026-03-30 21:50:42.201 +03:00 [INF] Request finished HTTP/2 GET https://localhost:7206/_framework/aspnetcore-browser-refresh.js - 200 14937 application/javascript; charset=utf-8 127.8529ms
2026-03-30 21:50:42.243 +03:00 [INF] Sending file. Request path: '/swagger-ui.css'. Physical path: 'N/A'
2026-03-30 21:50:42.247 +03:00 [INF] Sending file. Request path: '/swagger-ui-standalone-preset.js'. Physical path: 'N/A'
2026-03-30 21:50:42.365 +03:00 [INF] Request finished HTTP/2 GET https://localhost:7206/swagger/swagger-ui-standalone-preset.js - 200 339486 text/javascript 298.8806ms
2026-03-30 21:50:42.375 +03:00 [INF] Request finished HTTP/2 GET https://localhost:7206/swagger/swagger-ui.css - 200 143943 text/css 327.8194ms
2026-03-30 21:50:42.401 +03:00 [INF] Sending file. Request path: '/swagger-ui-bundle.js'. Physical path: 'N/A'
2026-03-30 21:50:42.416 +03:00 [INF] Request finished HTTP/2 GET https://localhost:7206/swagger/swagger-ui-bundle.js - 200 1096145 text/javascript 351.5861ms
2026-03-30 21:50:42.520 +03:00 [INF] Request finished HTTP/2 GET https://localhost:7206/_vs/browserLink - 200 null text/javascript; charset=UTF-8 453.1473ms
2026-03-30 21:50:42.754 +03:00 [INF] Request starting HTTP/2 GET https://localhost:7206/swagger/v1/swagger.json - null null
2026-03-30 21:50:42.793 +03:00 [INF] Request starting HTTP/2 GET https://localhost:7206/swagger/favicon-32x32.png - null null
2026-03-30 21:50:42.807 +03:00 [INF] Sending file. Request path: '/favicon-32x32.png'. Physical path: 'N/A'
2026-03-30 21:50:42.816 +03:00 [INF] Request finished HTTP/2 GET https://localhost:7206/swagger/v1/swagger.json - 200 null application/json;charset=utf-8 62.2448ms
2026-03-30 21:50:42.836 +03:00 [INF] Request finished HTTP/2 GET https://localhost:7206/swagger/favicon-32x32.png - 200 628 image/png 42.4638ms
2026-03-30 22:29:24.377 +03:00 [INF] User profile is available. Using 'C:\Users\Dell\AppData\Local\ASP.NET\DataProtection-Keys' as key repository and Windows DPAPI to encrypt keys at rest.
2026-03-30 22:29:24.630 +03:00 [INF] Now listening on: https://localhost:7206
2026-03-30 22:29:24.639 +03:00 [INF] Now listening on: http://localhost:5174
2026-03-30 22:29:24.706 +03:00 [INF] RabbitMQ consumer for OrderCreated started
2026-03-30 22:29:24.732 +03:00 [INF] Application started. Press Ctrl+C to shut down.
2026-03-30 22:29:24.734 +03:00 [INF] Hosting environment: Development
2026-03-30 22:29:24.736 +03:00 [INF] Content root path: C:\Users\Dell\source\repos\Anzorrrrrrrrrrr\OptiComponent-Microservices\InventoryService
2026-03-30 22:29:25.608 +03:00 [INF] Request starting HTTP/2 GET https://localhost:7206/swagger - null null
2026-03-30 22:29:25.725 +03:00 [INF] Request finished HTTP/2 GET https://localhost:7206/swagger - 301 null null 119.2594ms
2026-03-30 22:29:25.733 +03:00 [INF] Request starting HTTP/2 GET https://localhost:7206/swagger/index.html - null null
2026-03-30 22:29:25.814 +03:00 [INF] Request finished HTTP/2 GET https://localhost:7206/swagger/index.html - 200 null text/html;charset=utf-8 79.8879ms
2026-03-30 22:29:25.820 +03:00 [INF] Request starting HTTP/2 GET https://localhost:7206/swagger/swagger-ui.css - null null
2026-03-30 22:29:25.820 +03:00 [INF] Request starting HTTP/2 GET https://localhost:7206/swagger/swagger-ui-standalone-preset.js - null null
2026-03-30 22:29:25.820 +03:00 [INF] Request starting HTTP/2 GET https://localhost:7206/swagger/swagger-ui-bundle.js - null null
2026-03-30 22:29:25.820 +03:00 [INF] Request starting HTTP/2 GET https://localhost:7206/_framework/aspnetcore-browser-refresh.js - null null
2026-03-30 22:29:25.855 +03:00 [INF] Request finished HTTP/2 GET https://localhost:7206/_framework/aspnetcore-browser-refresh.js - 200 14937 application/javascript; charset=utf-8 34.835ms
2026-03-30 22:29:25.861 +03:00 [INF] Request starting HTTP/2 GET https://localhost:7206/_vs/browserLink - null null
2026-03-30 22:29:25.869 +03:00 [INF] Sending file. Request path: '/swagger-ui-standalone-preset.js'. Physical path: 'N/A'
2026-03-30 22:29:25.869 +03:00 [INF] Sending file. Request path: '/swagger-ui.css'. Physical path: 'N/A'
2026-03-30 22:29:25.875 +03:00 [INF] Sending file. Request path: '/swagger-ui-bundle.js'. Physical path: 'N/A'
2026-03-30 22:29:25.875 +03:00 [INF] Request finished HTTP/2 GET https://localhost:7206/swagger/swagger-ui-standalone-preset.js - 200 339486 text/javascript 54.8111ms
2026-03-30 22:29:25.877 +03:00 [INF] Request finished HTTP/2 GET https://localhost:7206/swagger/swagger-ui-bundle.js - 200 1096145 text/javascript 57.1516ms
2026-03-30 22:29:25.875 +03:00 [INF] Request finished HTTP/2 GET https://localhost:7206/swagger/swagger-ui.css - 200 143943 text/css 55.4784ms
2026-03-30 22:29:25.920 +03:00 [INF] Request finished HTTP/2 GET https://localhost:7206/_vs/browserLink - 200 null text/javascript; charset=UTF-8 60.23ms
2026-03-30 22:29:26.059 +03:00 [INF] Request starting HTTP/2 GET https://localhost:7206/swagger/v1/swagger.json - null null
2026-03-30 22:29:26.069 +03:00 [INF] Request finished HTTP/2 GET https://localhost:7206/swagger/v1/swagger.json - 200 null application/json;charset=utf-8 14.1148ms
2026-03-30 22:34:52.081 +03:00 [INF] Request starting HTTP/2 GET https://localhost:7206/api/StockItems - null null
2026-03-30 22:34:53.430 +03:00 [INF] Executing endpoint 'InventoryService.API.Controllers.StockItemsController.GetAll (InventoryService)'
2026-03-30 22:34:53.449 +03:00 [INF] Route matched with {action = "GetAll", controller = "StockItems"}. Executing controller action with signature System.Threading.Tasks.Task`1[Microsoft.AspNetCore.Mvc.IActionResult] GetAll() on controller InventoryService.API.Controllers.StockItemsController (InventoryService).
2026-03-30 22:34:53.454 +03:00 [WRN] You do not have a valid license key for the Lucky Penny software MediatR. This is allowed for development and testing scenarios. If you are running in production you are required to have a licensed version. Please visit https://luckypennysoftware.com to obtain a valid license.
2026-03-30 22:34:54.283 +03:00 [INF] Executing OkObjectResult, writing value of type 'System.Collections.Generic.List`1[[InventoryService.Domain.Entities.StockItem, InventoryService, Version=1.0.0.0, Culture=neutral, PublicKeyToken=null]]'.
2026-03-30 22:34:54.293 +03:00 [INF] Executed action InventoryService.API.Controllers.StockItemsController.GetAll (InventoryService) in 838.6618ms
2026-03-30 22:34:54.295 +03:00 [INF] Executed endpoint 'InventoryService.API.Controllers.StockItemsController.GetAll (InventoryService)'
2026-03-30 22:34:54.298 +03:00 [INF] HTTP GET /api/StockItems responded 200 in 2205.5141 ms
2026-03-30 22:34:54.299 +03:00 [INF] Request finished HTTP/2 GET https://localhost:7206/api/StockItems - 200 null application/json; charset=utf-8 2218.082ms
2026-03-30 22:35:33.478 +03:00 [INF] Request starting HTTP/2 POST https://localhost:7206/api/StockItems - application/json 291
2026-03-30 22:35:33.496 +03:00 [INF] Executing endpoint 'InventoryService.API.Controllers.StockItemsController.Add (InventoryService)'
2026-03-30 22:35:33.505 +03:00 [INF] Route matched with {action = "Add", controller = "StockItems"}. Executing controller action with signature System.Threading.Tasks.Task`1[Microsoft.AspNetCore.Mvc.IActionResult] Add(InventoryService.Domain.Entities.StockItem) on controller InventoryService.API.Controllers.StockItemsController (InventoryService).
2026-03-30 22:35:33.698 +03:00 [INF] Executed action InventoryService.API.Controllers.StockItemsController.Add (InventoryService) in 191.0681ms
2026-03-30 22:35:33.701 +03:00 [INF] Executed endpoint 'InventoryService.API.Controllers.StockItemsController.Add (InventoryService)'
2026-03-30 22:35:33.722 +03:00 [ERR] Unhandled exception
FluentValidation.ValidationException: Validation failed: 
 -- Item.ComponentId: 'Item Component Id' має бути більшим за '0'. Severity: Error
   at InventoryService.Application.Behaviors.ValidationBehavior`2.Handle(TRequest request, RequestHandlerDelegate`1 next, CancellationToken cancellationToken) in C:\Users\Dell\source\repos\Anzorrrrrrrrrrr\OptiComponent-Microservices\InventoryService\Application\Behaviors\ValidationBehavior.cs:line 36
   at InventoryService.API.Controllers.StockItemsController.Add(StockItem item) in C:\Users\Dell\source\repos\Anzorrrrrrrrrrr\OptiComponent-Microservices\InventoryService\API\Controllers\StockItemsController.cs:line 51
   at Microsoft.AspNetCore.Mvc.Infrastructure.ActionMethodExecutor.TaskOfIActionResultExecutor.Execute(ActionContext actionContext, IActionResultTypeMapper mapper, ObjectMethodExecutor executor, Object controller, Object[] arguments)
   at Microsoft.AspNetCore.Mvc.Infrastructure.ControllerActionInvoker.<InvokeActionMethodAsync>g__Awaited|12_0(ControllerActionInvoker invoker, ValueTask`1 actionResultValueTask)
   at Microsoft.AspNetCore.Mvc.Infrastructure.ControllerActionInvoker.<InvokeNextActionFilterAsync>g__Awaited|10_0(ControllerActionInvoker invoker, Task lastTask, State next, Scope scope, Object state, Boolean isCompleted)
   at Microsoft.AspNetCore.Mvc.Infrastructure.ControllerActionInvoker.Rethrow(ActionExecutedContextSealed context)
   at Microsoft.AspNetCore.Mvc.Infrastructure.ControllerActionInvoker.Next(State& next, Scope& scope, Object& state, Boolean& isCompleted)
   at Microsoft.AspNetCore.Mvc.Infrastructure.ControllerActionInvoker.InvokeInnerFilterAsync()
--- End of stack trace from previous location ---
   at Microsoft.AspNetCore.Mvc.Infrastructure.ResourceInvoker.<InvokeFilterPipelineAsync>g__Awaited|20_0(ResourceInvoker invoker, Task lastTask, State next, Scope scope, Object state, Boolean isCompleted)
   at Microsoft.AspNetCore.Mvc.Infrastructure.ResourceInvoker.<InvokeAsync>g__Logged|17_1(ResourceInvoker invoker)
   at Microsoft.AspNetCore.Mvc.Infrastructure.ResourceInvoker.<InvokeAsync>g__Logged|17_1(ResourceInvoker invoker)
   at Microsoft.AspNetCore.Routing.EndpointMiddleware.<Invoke>g__AwaitRequestTask|7_0(Endpoint endpoint, Task requestTask, ILogger logger)
   at Microsoft.AspNetCore.Authorization.AuthorizationMiddleware.Invoke(HttpContext context)
   at Microsoft.AspNetCore.Authentication.AuthenticationMiddleware.Invoke(HttpContext context)
   at GlobalExceptionMiddleware.InvokeAsync(HttpContext context) in C:\Users\Dell\source\repos\Anzorrrrrrrrrrr\OptiComponent-Microservices\InventoryService\Middleware\GlobalExceptionMiddleware.cs:line 21
2026-03-30 22:35:33.764 +03:00 [INF] HTTP POST /api/StockItems responded 400 in 275.1661 ms
2026-03-30 22:35:33.767 +03:00 [INF] Request finished HTTP/2 POST https://localhost:7206/api/StockItems - 400 null application/problem+json 289.7105ms
2026-03-30 22:35:52.620 +03:00 [INF] Request starting HTTP/2 POST https://localhost:7206/api/StockItems - application/json 291
2026-03-30 22:35:52.629 +03:00 [INF] Executing endpoint 'InventoryService.API.Controllers.StockItemsController.Add (InventoryService)'
2026-03-30 22:35:52.630 +03:00 [INF] Route matched with {action = "Add", controller = "StockItems"}. Executing controller action with signature System.Threading.Tasks.Task`1[Microsoft.AspNetCore.Mvc.IActionResult] Add(InventoryService.Domain.Entities.StockItem) on controller InventoryService.API.Controllers.StockItemsController (InventoryService).
2026-03-30 22:35:52.692 +03:00 [INF] Executed action InventoryService.API.Controllers.StockItemsController.Add (InventoryService) in 60.1576ms
2026-03-30 22:35:52.695 +03:00 [INF] Executed endpoint 'InventoryService.API.Controllers.StockItemsController.Add (InventoryService)'
2026-03-30 22:35:52.715 +03:00 [ERR] Unhandled exception
FluentValidation.ValidationException: Validation failed: 
 -- Item.ComponentId: 'Item Component Id' має бути більшим за '0'. Severity: Error
   at InventoryService.Application.Behaviors.ValidationBehavior`2.Handle(TRequest request, RequestHandlerDelegate`1 next, CancellationToken cancellationToken) in C:\Users\Dell\source\repos\Anzorrrrrrrrrrr\OptiComponent-Microservices\InventoryService\Application\Behaviors\ValidationBehavior.cs:line 36
   at InventoryService.API.Controllers.StockItemsController.Add(StockItem item) in C:\Users\Dell\source\repos\Anzorrrrrrrrrrr\OptiComponent-Microservices\InventoryService\API\Controllers\StockItemsController.cs:line 51
   at Microsoft.AspNetCore.Mvc.Infrastructure.ActionMethodExecutor.TaskOfIActionResultExecutor.Execute(ActionContext actionContext, IActionResultTypeMapper mapper, ObjectMethodExecutor executor, Object controller, Object[] arguments)
   at Microsoft.AspNetCore.Mvc.Infrastructure.ControllerActionInvoker.<InvokeActionMethodAsync>g__Awaited|12_0(ControllerActionInvoker invoker, ValueTask`1 actionResultValueTask)
   at Microsoft.AspNetCore.Mvc.Infrastructure.ControllerActionInvoker.<InvokeNextActionFilterAsync>g__Awaited|10_0(ControllerActionInvoker invoker, Task lastTask, State next, Scope scope, Object state, Boolean isCompleted)
   at Microsoft.AspNetCore.Mvc.Infrastructure.ControllerActionInvoker.Rethrow(ActionExecutedContextSealed context)
   at Microsoft.AspNetCore.Mvc.Infrastructure.ControllerActionInvoker.Next(State& next, Scope& scope, Object& state, Boolean& isCompleted)
   at Microsoft.AspNetCore.Mvc.Infrastructure.ControllerActionInvoker.InvokeInnerFilterAsync()
--- End of stack trace from previous location ---
   at Microsoft.AspNetCore.Mvc.Infrastructure.ResourceInvoker.<InvokeFilterPipelineAsync>g__Awaited|20_0(ResourceInvoker invoker, Task lastTask, State next, Scope scope, Object state, Boolean isCompleted)
   at Microsoft.AspNetCore.Mvc.Infrastructure.ResourceInvoker.<InvokeAsync>g__Logged|17_1(ResourceInvoker invoker)
   at Microsoft.AspNetCore.Mvc.Infrastructure.ResourceInvoker.<InvokeAsync>g__Logged|17_1(ResourceInvoker invoker)
   at Microsoft.AspNetCore.Routing.EndpointMiddleware.<Invoke>g__AwaitRequestTask|7_0(Endpoint endpoint, Task requestTask, ILogger logger)
   at Microsoft.AspNetCore.Authorization.AuthorizationMiddleware.Invoke(HttpContext context)
   at Microsoft.AspNetCore.Authentication.AuthenticationMiddleware.Invoke(HttpContext context)
   at GlobalExceptionMiddleware.InvokeAsync(HttpContext context) in C:\Users\Dell\source\repos\Anzorrrrrrrrrrr\OptiComponent-Microservices\InventoryService\Middleware\GlobalExceptionMiddleware.cs:line 21
2026-03-30 22:35:52.724 +03:00 [INF] HTTP POST /api/StockItems responded 400 in 98.1391 ms
2026-03-30 22:35:52.727 +03:00 [INF] Request finished HTTP/2 POST https://localhost:7206/api/StockItems - 400 null application/problem+json 107.2107ms
2026-03-30 22:36:06.954 +03:00 [INF] Request starting HTTP/2 POST https://localhost:7206/api/StockItems - application/json 291
2026-03-30 22:36:06.958 +03:00 [INF] Executing endpoint 'InventoryService.API.Controllers.StockItemsController.Add (InventoryService)'
2026-03-30 22:36:06.959 +03:00 [INF] Route matched with {action = "Add", controller = "StockItems"}. Executing controller action with signature System.Threading.Tasks.Task`1[Microsoft.AspNetCore.Mvc.IActionResult] Add(InventoryService.Domain.Entities.StockItem) on controller InventoryService.API.Controllers.StockItemsController (InventoryService).
2026-03-30 22:36:07.045 +03:00 [INF] New stock item created {"Id":"1","ComponentId":1,"ComponentName":"resistor","TotalQuantity":5,"Locations":[{"Bin":"string","Quantity":50,"$type":"Location"}],"StockHistory":[{"Date":"2026-03-30T19:34:59.8650000Z","Action":"string","Quantity":0,"$type":"StockHistory"}],"$type":"StockItem"}
2026-03-30 22:36:07.063 +03:00 [INF] Executing StatusCodeResult, setting HTTP status code 200
2026-03-30 22:36:07.064 +03:00 [INF] Executed action InventoryService.API.Controllers.StockItemsController.Add (InventoryService) in 100.4931ms
2026-03-30 22:36:07.065 +03:00 [INF] Executed endpoint 'InventoryService.API.Controllers.StockItemsController.Add (InventoryService)'
2026-03-30 22:36:07.066 +03:00 [INF] HTTP POST /api/StockItems responded 200 in 109.2008 ms
2026-03-30 22:36:07.068 +03:00 [INF] Request finished HTTP/2 POST https://localhost:7206/api/StockItems - 200 0 null 114.2152ms
2026-03-30 22:36:14.964 +03:00 [INF] Request starting HTTP/2 GET https://localhost:7206/api/StockItems - null null
2026-03-30 22:36:14.968 +03:00 [INF] Executing endpoint 'InventoryService.API.Controllers.StockItemsController.GetAll (InventoryService)'
2026-03-30 22:36:14.969 +03:00 [INF] Route matched with {action = "GetAll", controller = "StockItems"}. Executing controller action with signature System.Threading.Tasks.Task`1[Microsoft.AspNetCore.Mvc.IActionResult] GetAll() on controller InventoryService.API.Controllers.StockItemsController (InventoryService).
2026-03-30 22:36:14.988 +03:00 [INF] Executing OkObjectResult, writing value of type 'System.Collections.Generic.List`1[[InventoryService.Domain.Entities.StockItem, InventoryService, Version=1.0.0.0, Culture=neutral, PublicKeyToken=null]]'.
2026-03-30 22:36:14.993 +03:00 [INF] Executed action InventoryService.API.Controllers.StockItemsController.GetAll (InventoryService) in 21.8682ms
2026-03-30 22:36:14.996 +03:00 [INF] Executed endpoint 'InventoryService.API.Controllers.StockItemsController.GetAll (InventoryService)'
2026-03-30 22:36:14.997 +03:00 [INF] HTTP GET /api/StockItems responded 200 in 29.0672 ms
2026-03-30 22:36:14.998 +03:00 [INF] Request finished HTTP/2 GET https://localhost:7206/api/StockItems - 200 null application/json; charset=utf-8 34.0901ms
