2025-11-30 12:40:57.269 +02:00 [INF] Now listening on: https://localhost:7206
2025-11-30 12:40:57.299 +02:00 [INF] Now listening on: http://localhost:5174
2025-11-30 12:40:57.302 +02:00 [INF] RabbitMQ consumer for OrderCreated started
2025-11-30 12:40:57.369 +02:00 [INF] Application started. Press Ctrl+C to shut down.
2025-11-30 12:40:57.370 +02:00 [INF] Hosting environment: Development
2025-11-30 12:40:57.371 +02:00 [INF] Content root path: C:\Users\user\Desktop\InventoryService
2025-11-30 12:40:58.988 +02:00 [INF] Request starting HTTP/2 GET https://localhost:7206/swagger/index.html - null null
2025-11-30 12:40:59.105 +02:00 [INF] Request finished HTTP/2 GET https://localhost:7206/swagger/index.html - 200 null text/html;charset=utf-8 117.3221ms
2025-11-30 12:40:59.117 +02:00 [INF] Request starting HTTP/2 GET https://localhost:7206/_framework/aspnetcore-browser-refresh.js - null null
2025-11-30 12:40:59.124 +02:00 [INF] Request finished HTTP/2 GET https://localhost:7206/_framework/aspnetcore-browser-refresh.js - 200 13768 application/javascript; charset=utf-8 6.1175ms
2025-11-30 12:40:59.161 +02:00 [INF] Request starting HTTP/2 GET https://localhost:7206/_vs/browserLink - null null
2025-11-30 12:40:59.192 +02:00 [INF] Request finished HTTP/2 GET https://localhost:7206/_vs/browserLink - 200 null text/javascript; charset=UTF-8 30.9312ms
2025-11-30 12:40:59.228 +02:00 [INF] Request starting HTTP/2 GET https://localhost:7206/swagger/v1/swagger.json - null null
2025-11-30 12:40:59.327 +02:00 [INF] Request finished HTTP/2 GET https://localhost:7206/swagger/v1/swagger.json - 200 null application/json;charset=utf-8 99.2319ms
2025-11-30 12:49:00.579 +02:00 [INF] Request starting HTTP/2 GET https://localhost:7206/api/StockItems - null null
2025-11-30 12:49:00.588 +02:00 [INF] Executing endpoint 'InventoryService.API.Controllers.StockItemsController.GetAll (InventoryService)'
2025-11-30 12:49:00.604 +02:00 [INF] Route matched with {action = "GetAll", controller = "StockItems"}. Executing controller action with signature System.Threading.Tasks.Task`1[Microsoft.AspNetCore.Mvc.IActionResult] GetAll() on controller InventoryService.API.Controllers.StockItemsController (InventoryService).
2025-11-30 12:49:00.608 +02:00 [WRN] You do not have a valid license key for the Lucky Penny software MediatR. This is allowed for development and testing scenarios. If you are running in production you are required to have a licensed version. Please visit https://luckypennysoftware.com to obtain a valid license.
2025-11-30 12:49:01.002 +02:00 [INF] Executing OkObjectResult, writing value of type 'System.Collections.Generic.List`1[[InventoryService.Domain.Entities.StockItem, InventoryService, Version=1.0.0.0, Culture=neutral, PublicKeyToken=null]]'.
2025-11-30 12:49:01.010 +02:00 [INF] Executed action InventoryService.API.Controllers.StockItemsController.GetAll (InventoryService) in 402.5651ms
2025-11-30 12:49:01.012 +02:00 [INF] Executed endpoint 'InventoryService.API.Controllers.StockItemsController.GetAll (InventoryService)'
2025-11-30 12:49:01.014 +02:00 [INF] HTTP GET /api/StockItems responded 200 in 427.8291 ms
2025-11-30 12:49:01.016 +02:00 [INF] Request finished HTTP/2 GET https://localhost:7206/api/StockItems - 200 null application/json; charset=utf-8 437.7526ms
2025-11-30 12:50:43.911 +02:00 [INF] OrderCreated received for order 7. Inventory updated.
2025-11-30 12:50:56.256 +02:00 [INF] Request starting HTTP/2 GET https://localhost:7206/api/StockItems - null null
2025-11-30 12:50:56.259 +02:00 [INF] Executing endpoint 'InventoryService.API.Controllers.StockItemsController.GetAll (InventoryService)'
2025-11-30 12:50:56.261 +02:00 [INF] Route matched with {action = "GetAll", controller = "StockItems"}. Executing controller action with signature System.Threading.Tasks.Task`1[Microsoft.AspNetCore.Mvc.IActionResult] GetAll() on controller InventoryService.API.Controllers.StockItemsController (InventoryService).
2025-11-30 12:50:56.273 +02:00 [INF] Executing OkObjectResult, writing value of type 'System.Collections.Generic.List`1[[InventoryService.Domain.Entities.StockItem, InventoryService, Version=1.0.0.0, Culture=neutral, PublicKeyToken=null]]'.
2025-11-30 12:50:56.276 +02:00 [INF] Executed action InventoryService.API.Controllers.StockItemsController.GetAll (InventoryService) in 12.6565ms
2025-11-30 12:50:56.277 +02:00 [INF] Executed endpoint 'InventoryService.API.Controllers.StockItemsController.GetAll (InventoryService)'
2025-11-30 12:50:56.278 +02:00 [INF] HTTP GET /api/StockItems responded 200 in 18.8226 ms
2025-11-30 12:50:56.279 +02:00 [INF] Request finished HTTP/2 GET https://localhost:7206/api/StockItems - 200 null application/json; charset=utf-8 23.2289ms
2025-11-30 17:44:21.612 +02:00 [INF] User profile is available. Using 'C:\Users\user\AppData\Local\ASP.NET\DataProtection-Keys' as key repository and Windows DPAPI to encrypt keys at rest.
2025-11-30 17:44:21.809 +02:00 [INF] Now listening on: https://localhost:7206
2025-11-30 17:44:21.810 +02:00 [INF] Now listening on: http://localhost:5174
2025-11-30 17:44:21.887 +02:00 [INF] Application started. Press Ctrl+C to shut down.
2025-11-30 17:44:21.888 +02:00 [INF] Hosting environment: Development
2025-11-30 17:44:21.889 +02:00 [INF] Content root path: C:\Users\user\Desktop\InventoryService
2025-11-30 17:44:22.640 +02:00 [INF] Request starting HTTP/2 GET https://localhost:7206/swagger/index.html - null null
2025-11-30 17:44:22.782 +02:00 [INF] Request finished HTTP/2 GET https://localhost:7206/swagger/index.html - 200 null text/html;charset=utf-8 142.8743ms
2025-11-30 17:44:22.868 +02:00 [INF] Request starting HTTP/2 GET https://localhost:7206/_vs/browserLink - null null
2025-11-30 17:44:22.868 +02:00 [INF] Request starting HTTP/2 GET https://localhost:7206/_framework/aspnetcore-browser-refresh.js - null null
2025-11-30 17:44:22.879 +02:00 [INF] Request finished HTTP/2 GET https://localhost:7206/_framework/aspnetcore-browser-refresh.js - 200 13768 application/javascript; charset=utf-8 10.8398ms
2025-11-30 17:44:22.898 +02:00 [INF] Request finished HTTP/2 GET https://localhost:7206/_vs/browserLink - 200 null text/javascript; charset=UTF-8 30.1051ms
2025-11-30 17:44:22.941 +02:00 [INF] Request starting HTTP/2 GET https://localhost:7206/swagger/v1/swagger.json - null null
2025-11-30 17:44:23.033 +02:00 [INF] Request finished HTTP/2 GET https://localhost:7206/swagger/v1/swagger.json - 200 null application/json;charset=utf-8 92.4947ms
2025-11-30 17:44:25.757 +02:00 [ERR] BackgroundService failed
RabbitMQ.Client.Exceptions.BrokerUnreachableException: None of the specified endpoints were reachable
 ---> System.AggregateException: One or more errors occurred. (Connection failed, host 127.0.0.1:5672)
 ---> RabbitMQ.Client.Exceptions.ConnectFailureException: Connection failed, host 127.0.0.1:5672
 ---> System.Net.Sockets.SocketException (10061): No connection could be made because the target machine actively refused it.
   at System.Net.Sockets.Socket.AwaitableSocketAsyncEventArgs.ThrowException(SocketError error, CancellationToken cancellationToken)
   at System.Net.Sockets.Socket.AwaitableSocketAsyncEventArgs.System.Threading.Tasks.Sources.IValueTaskSource.GetResult(Int16 token)
   at System.Net.Sockets.Socket.<ConnectAsync>g__WaitForConnectWithCancellation|285_0(AwaitableSocketAsyncEventArgs saea, ValueTask connectTask, CancellationToken cancellationToken)
   at RabbitMQ.Client.Impl.SocketFactory.ConnectUsingAddressFamilyAsync(IPEndPoint endpoint, Func`2 socketFactory, AddressFamily family, TimeSpan connectionTimeout, CancellationToken cancellationToken)
   --- End of inner exception stack trace ---
   at RabbitMQ.Client.Impl.SocketFactory.ConnectUsingAddressFamilyAsync(IPEndPoint endpoint, Func`2 socketFactory, AddressFamily family, TimeSpan connectionTimeout, CancellationToken cancellationToken)
   at RabbitMQ.Client.Impl.SocketFactory.OpenAsync(AmqpTcpEndpoint amqpTcpEndpoint, Func`2 socketFactory, TimeSpan connectionTimeout, CancellationToken cancellationToken)
   at RabbitMQ.Client.Impl.SocketFrameHandler.CreateAsync(AmqpTcpEndpoint amqpTcpEndpoint, Func`2 socketFactory, TimeSpan connectionTimeout, CancellationToken cancellationToken)
   at RabbitMQ.Client.ConnectionFactory.CreateFrameHandlerAsync(AmqpTcpEndpoint endpoint, CancellationToken cancellationToken)
   at RabbitMQ.Client.EndpointResolverExtensions.SelectOneAsync[T](IEndpointResolver resolver, Func`3 selector, CancellationToken cancellationToken)
   --- End of inner exception stack trace ---
   at RabbitMQ.Client.EndpointResolverExtensions.SelectOneAsync[T](IEndpointResolver resolver, Func`3 selector, CancellationToken cancellationToken)
   at RabbitMQ.Client.Framing.AutorecoveringConnection.CreateAsync(ConnectionConfig config, IEndpointResolver endpoints, CancellationToken cancellationToken)
   at RabbitMQ.Client.ConnectionFactory.CreateConnectionAsync(IEndpointResolver endpointResolver, String clientProvidedName, CancellationToken cancellationToken)
   --- End of inner exception stack trace ---
   at RabbitMQ.Client.ConnectionFactory.CreateConnectionAsync(IEndpointResolver endpointResolver, String clientProvidedName, CancellationToken cancellationToken)
   at InventoryService.Messaging.RabbitMqOrderCreatedConsumer.ExecuteAsync(CancellationToken stoppingToken) in C:\Users\user\Desktop\InventoryService\Messaging\RabbitMqOrderCreatedConsumer.cs:line 43
   at Microsoft.Extensions.Hosting.Internal.Host.TryExecuteBackgroundServiceAsync(BackgroundService backgroundService)
2025-11-30 17:44:25.782 +02:00 [FTL] The HostOptions.BackgroundServiceExceptionBehavior is configured to StopHost. A BackgroundService has thrown an unhandled exception, and the IHost instance is stopping. To avoid this behavior, configure this to Ignore; however the BackgroundService will not be restarted.
RabbitMQ.Client.Exceptions.BrokerUnreachableException: None of the specified endpoints were reachable
 ---> System.AggregateException: One or more errors occurred. (Connection failed, host 127.0.0.1:5672)
 ---> RabbitMQ.Client.Exceptions.ConnectFailureException: Connection failed, host 127.0.0.1:5672
 ---> System.Net.Sockets.SocketException (10061): No connection could be made because the target machine actively refused it.
   at System.Net.Sockets.Socket.AwaitableSocketAsyncEventArgs.ThrowException(SocketError error, CancellationToken cancellationToken)
   at System.Net.Sockets.Socket.AwaitableSocketAsyncEventArgs.System.Threading.Tasks.Sources.IValueTaskSource.GetResult(Int16 token)
   at System.Net.Sockets.Socket.<ConnectAsync>g__WaitForConnectWithCancellation|285_0(AwaitableSocketAsyncEventArgs saea, ValueTask connectTask, CancellationToken cancellationToken)
   at RabbitMQ.Client.Impl.SocketFactory.ConnectUsingAddressFamilyAsync(IPEndPoint endpoint, Func`2 socketFactory, AddressFamily family, TimeSpan connectionTimeout, CancellationToken cancellationToken)
   --- End of inner exception stack trace ---
   at RabbitMQ.Client.Impl.SocketFactory.ConnectUsingAddressFamilyAsync(IPEndPoint endpoint, Func`2 socketFactory, AddressFamily family, TimeSpan connectionTimeout, CancellationToken cancellationToken)
   at RabbitMQ.Client.Impl.SocketFactory.OpenAsync(AmqpTcpEndpoint amqpTcpEndpoint, Func`2 socketFactory, TimeSpan connectionTimeout, CancellationToken cancellationToken)
   at RabbitMQ.Client.Impl.SocketFrameHandler.CreateAsync(AmqpTcpEndpoint amqpTcpEndpoint, Func`2 socketFactory, TimeSpan connectionTimeout, CancellationToken cancellationToken)
   at RabbitMQ.Client.ConnectionFactory.CreateFrameHandlerAsync(AmqpTcpEndpoint endpoint, CancellationToken cancellationToken)
   at RabbitMQ.Client.EndpointResolverExtensions.SelectOneAsync[T](IEndpointResolver resolver, Func`3 selector, CancellationToken cancellationToken)
   --- End of inner exception stack trace ---
   at RabbitMQ.Client.EndpointResolverExtensions.SelectOneAsync[T](IEndpointResolver resolver, Func`3 selector, CancellationToken cancellationToken)
   at RabbitMQ.Client.Framing.AutorecoveringConnection.CreateAsync(ConnectionConfig config, IEndpointResolver endpoints, CancellationToken cancellationToken)
   at RabbitMQ.Client.ConnectionFactory.CreateConnectionAsync(IEndpointResolver endpointResolver, String clientProvidedName, CancellationToken cancellationToken)
   --- End of inner exception stack trace ---
   at RabbitMQ.Client.ConnectionFactory.CreateConnectionAsync(IEndpointResolver endpointResolver, String clientProvidedName, CancellationToken cancellationToken)
   at InventoryService.Messaging.RabbitMqOrderCreatedConsumer.ExecuteAsync(CancellationToken stoppingToken) in C:\Users\user\Desktop\InventoryService\Messaging\RabbitMqOrderCreatedConsumer.cs:line 43
   at Microsoft.Extensions.Hosting.Internal.Host.TryExecuteBackgroundServiceAsync(BackgroundService backgroundService)
2025-11-30 17:44:25.790 +02:00 [INF] Application is shutting down...
2025-11-30 17:44:25.801 +02:00 [INF] Stopping RabbitMQ consumer
2025-11-30 17:44:49.903 +02:00 [INF] User profile is available. Using 'C:\Users\user\AppData\Local\ASP.NET\DataProtection-Keys' as key repository and Windows DPAPI to encrypt keys at rest.
2025-11-30 17:44:50.129 +02:00 [INF] Now listening on: https://localhost:7206
2025-11-30 17:44:50.133 +02:00 [INF] Now listening on: http://localhost:5174
2025-11-30 17:44:50.234 +02:00 [INF] Application started. Press Ctrl+C to shut down.
2025-11-30 17:44:50.235 +02:00 [INF] Hosting environment: Development
2025-11-30 17:44:50.236 +02:00 [INF] Content root path: C:\Users\user\Desktop\InventoryService
2025-11-30 17:44:50.928 +02:00 [INF] Request starting HTTP/2 GET https://localhost:7206/swagger/index.html - null null
2025-11-30 17:44:51.055 +02:00 [INF] Request finished HTTP/2 GET https://localhost:7206/swagger/index.html - 200 null text/html;charset=utf-8 128.027ms
2025-11-30 17:44:51.145 +02:00 [INF] Request starting HTTP/2 GET https://localhost:7206/_framework/aspnetcore-browser-refresh.js - null null
2025-11-30 17:44:51.145 +02:00 [INF] Request starting HTTP/2 GET https://localhost:7206/_vs/browserLink - null null
2025-11-30 17:44:51.150 +02:00 [INF] Request finished HTTP/2 GET https://localhost:7206/_framework/aspnetcore-browser-refresh.js - 200 13768 application/javascript; charset=utf-8 5.3464ms
2025-11-30 17:44:51.174 +02:00 [INF] Request finished HTTP/2 GET https://localhost:7206/_vs/browserLink - 200 null text/javascript; charset=UTF-8 28.684ms
2025-11-30 17:44:51.222 +02:00 [INF] Request starting HTTP/2 GET https://localhost:7206/swagger/v1/swagger.json - null null
2025-11-30 17:44:51.320 +02:00 [INF] Request finished HTTP/2 GET https://localhost:7206/swagger/v1/swagger.json - 200 null application/json;charset=utf-8 97.9152ms
2025-11-30 17:44:54.061 +02:00 [ERR] BackgroundService failed
RabbitMQ.Client.Exceptions.BrokerUnreachableException: None of the specified endpoints were reachable
 ---> System.AggregateException: One or more errors occurred. (Connection failed, host 127.0.0.1:5672)
 ---> RabbitMQ.Client.Exceptions.ConnectFailureException: Connection failed, host 127.0.0.1:5672
 ---> System.Net.Sockets.SocketException (10061): No connection could be made because the target machine actively refused it.
   at System.Net.Sockets.Socket.AwaitableSocketAsyncEventArgs.ThrowException(SocketError error, CancellationToken cancellationToken)
   at System.Net.Sockets.Socket.AwaitableSocketAsyncEventArgs.System.Threading.Tasks.Sources.IValueTaskSource.GetResult(Int16 token)
   at System.Net.Sockets.Socket.<ConnectAsync>g__WaitForConnectWithCancellation|285_0(AwaitableSocketAsyncEventArgs saea, ValueTask connectTask, CancellationToken cancellationToken)
   at RabbitMQ.Client.Impl.SocketFactory.ConnectUsingAddressFamilyAsync(IPEndPoint endpoint, Func`2 socketFactory, AddressFamily family, TimeSpan connectionTimeout, CancellationToken cancellationToken)
   --- End of inner exception stack trace ---
   at RabbitMQ.Client.Impl.SocketFactory.ConnectUsingAddressFamilyAsync(IPEndPoint endpoint, Func`2 socketFactory, AddressFamily family, TimeSpan connectionTimeout, CancellationToken cancellationToken)
   at RabbitMQ.Client.Impl.SocketFactory.OpenAsync(AmqpTcpEndpoint amqpTcpEndpoint, Func`2 socketFactory, TimeSpan connectionTimeout, CancellationToken cancellationToken)
   at RabbitMQ.Client.Impl.SocketFrameHandler.CreateAsync(AmqpTcpEndpoint amqpTcpEndpoint, Func`2 socketFactory, TimeSpan connectionTimeout, CancellationToken cancellationToken)
   at RabbitMQ.Client.ConnectionFactory.CreateFrameHandlerAsync(AmqpTcpEndpoint endpoint, CancellationToken cancellationToken)
   at RabbitMQ.Client.EndpointResolverExtensions.SelectOneAsync[T](IEndpointResolver resolver, Func`3 selector, CancellationToken cancellationToken)
   --- End of inner exception stack trace ---
   at RabbitMQ.Client.EndpointResolverExtensions.SelectOneAsync[T](IEndpointResolver resolver, Func`3 selector, CancellationToken cancellationToken)
   at RabbitMQ.Client.Framing.AutorecoveringConnection.CreateAsync(ConnectionConfig config, IEndpointResolver endpoints, CancellationToken cancellationToken)
   at RabbitMQ.Client.ConnectionFactory.CreateConnectionAsync(IEndpointResolver endpointResolver, String clientProvidedName, CancellationToken cancellationToken)
   --- End of inner exception stack trace ---
   at RabbitMQ.Client.ConnectionFactory.CreateConnectionAsync(IEndpointResolver endpointResolver, String clientProvidedName, CancellationToken cancellationToken)
   at InventoryService.Messaging.RabbitMqOrderCreatedConsumer.ExecuteAsync(CancellationToken stoppingToken) in C:\Users\user\Desktop\InventoryService\Messaging\RabbitMqOrderCreatedConsumer.cs:line 43
   at Microsoft.Extensions.Hosting.Internal.Host.TryExecuteBackgroundServiceAsync(BackgroundService backgroundService)
2025-11-30 17:44:54.086 +02:00 [FTL] The HostOptions.BackgroundServiceExceptionBehavior is configured to StopHost. A BackgroundService has thrown an unhandled exception, and the IHost instance is stopping. To avoid this behavior, configure this to Ignore; however the BackgroundService will not be restarted.
RabbitMQ.Client.Exceptions.BrokerUnreachableException: None of the specified endpoints were reachable
 ---> System.AggregateException: One or more errors occurred. (Connection failed, host 127.0.0.1:5672)
 ---> RabbitMQ.Client.Exceptions.ConnectFailureException: Connection failed, host 127.0.0.1:5672
 ---> System.Net.Sockets.SocketException (10061): No connection could be made because the target machine actively refused it.
   at System.Net.Sockets.Socket.AwaitableSocketAsyncEventArgs.ThrowException(SocketError error, CancellationToken cancellationToken)
   at System.Net.Sockets.Socket.AwaitableSocketAsyncEventArgs.System.Threading.Tasks.Sources.IValueTaskSource.GetResult(Int16 token)
   at System.Net.Sockets.Socket.<ConnectAsync>g__WaitForConnectWithCancellation|285_0(AwaitableSocketAsyncEventArgs saea, ValueTask connectTask, CancellationToken cancellationToken)
   at RabbitMQ.Client.Impl.SocketFactory.ConnectUsingAddressFamilyAsync(IPEndPoint endpoint, Func`2 socketFactory, AddressFamily family, TimeSpan connectionTimeout, CancellationToken cancellationToken)
   --- End of inner exception stack trace ---
   at RabbitMQ.Client.Impl.SocketFactory.ConnectUsingAddressFamilyAsync(IPEndPoint endpoint, Func`2 socketFactory, AddressFamily family, TimeSpan connectionTimeout, CancellationToken cancellationToken)
   at RabbitMQ.Client.Impl.SocketFactory.OpenAsync(AmqpTcpEndpoint amqpTcpEndpoint, Func`2 socketFactory, TimeSpan connectionTimeout, CancellationToken cancellationToken)
   at RabbitMQ.Client.Impl.SocketFrameHandler.CreateAsync(AmqpTcpEndpoint amqpTcpEndpoint, Func`2 socketFactory, TimeSpan connectionTimeout, CancellationToken cancellationToken)
   at RabbitMQ.Client.ConnectionFactory.CreateFrameHandlerAsync(AmqpTcpEndpoint endpoint, CancellationToken cancellationToken)
   at RabbitMQ.Client.EndpointResolverExtensions.SelectOneAsync[T](IEndpointResolver resolver, Func`3 selector, CancellationToken cancellationToken)
   --- End of inner exception stack trace ---
   at RabbitMQ.Client.EndpointResolverExtensions.SelectOneAsync[T](IEndpointResolver resolver, Func`3 selector, CancellationToken cancellationToken)
   at RabbitMQ.Client.Framing.AutorecoveringConnection.CreateAsync(ConnectionConfig config, IEndpointResolver endpoints, CancellationToken cancellationToken)
   at RabbitMQ.Client.ConnectionFactory.CreateConnectionAsync(IEndpointResolver endpointResolver, String clientProvidedName, CancellationToken cancellationToken)
   --- End of inner exception stack trace ---
   at RabbitMQ.Client.ConnectionFactory.CreateConnectionAsync(IEndpointResolver endpointResolver, String clientProvidedName, CancellationToken cancellationToken)
   at InventoryService.Messaging.RabbitMqOrderCreatedConsumer.ExecuteAsync(CancellationToken stoppingToken) in C:\Users\user\Desktop\InventoryService\Messaging\RabbitMqOrderCreatedConsumer.cs:line 43
   at Microsoft.Extensions.Hosting.Internal.Host.TryExecuteBackgroundServiceAsync(BackgroundService backgroundService)
2025-11-30 17:44:54.113 +02:00 [INF] Application is shutting down...
2025-11-30 17:44:54.127 +02:00 [INF] Stopping RabbitMQ consumer
2025-11-30 17:45:46.950 +02:00 [INF] User profile is available. Using 'C:\Users\user\AppData\Local\ASP.NET\DataProtection-Keys' as key repository and Windows DPAPI to encrypt keys at rest.
2025-11-30 17:45:47.164 +02:00 [INF] Now listening on: https://localhost:7206
2025-11-30 17:45:47.166 +02:00 [INF] Now listening on: http://localhost:5174
2025-11-30 17:45:47.239 +02:00 [INF] Application started. Press Ctrl+C to shut down.
2025-11-30 17:45:47.241 +02:00 [INF] Hosting environment: Development
2025-11-30 17:45:47.241 +02:00 [INF] Content root path: C:\Users\user\Desktop\InventoryService
2025-11-30 17:45:48.472 +02:00 [INF] Request starting HTTP/2 GET https://localhost:7206/swagger/index.html - null null
2025-11-30 17:45:48.625 +02:00 [INF] Request finished HTTP/2 GET https://localhost:7206/swagger/index.html - 200 null text/html;charset=utf-8 153.4353ms
2025-11-30 17:45:48.725 +02:00 [INF] Request starting HTTP/2 GET https://localhost:7206/_vs/browserLink - null null
2025-11-30 17:45:48.725 +02:00 [INF] Request starting HTTP/2 GET https://localhost:7206/_framework/aspnetcore-browser-refresh.js - null null
2025-11-30 17:45:48.756 +02:00 [INF] Request finished HTTP/2 GET https://localhost:7206/_framework/aspnetcore-browser-refresh.js - 200 13768 application/javascript; charset=utf-8 30.9358ms
2025-11-30 17:45:48.795 +02:00 [INF] Request finished HTTP/2 GET https://localhost:7206/_vs/browserLink - 200 null text/javascript; charset=UTF-8 70.4619ms
2025-11-30 17:45:48.879 +02:00 [INF] Request starting HTTP/2 GET https://localhost:7206/swagger/v1/swagger.json - null null
2025-11-30 17:45:49.013 +02:00 [INF] Request finished HTTP/2 GET https://localhost:7206/swagger/v1/swagger.json - 200 null application/json;charset=utf-8 133.6241ms
2025-11-30 17:45:51.102 +02:00 [ERR] BackgroundService failed
RabbitMQ.Client.Exceptions.BrokerUnreachableException: None of the specified endpoints were reachable
 ---> System.AggregateException: One or more errors occurred. (Connection failed, host 127.0.0.1:5672)
 ---> RabbitMQ.Client.Exceptions.ConnectFailureException: Connection failed, host 127.0.0.1:5672
 ---> System.Net.Sockets.SocketException (10061): No connection could be made because the target machine actively refused it.
   at System.Net.Sockets.Socket.AwaitableSocketAsyncEventArgs.ThrowException(SocketError error, CancellationToken cancellationToken)
   at System.Net.Sockets.Socket.AwaitableSocketAsyncEventArgs.System.Threading.Tasks.Sources.IValueTaskSource.GetResult(Int16 token)
   at System.Net.Sockets.Socket.<ConnectAsync>g__WaitForConnectWithCancellation|285_0(AwaitableSocketAsyncEventArgs saea, ValueTask connectTask, CancellationToken cancellationToken)
   at RabbitMQ.Client.Impl.SocketFactory.ConnectUsingAddressFamilyAsync(IPEndPoint endpoint, Func`2 socketFactory, AddressFamily family, TimeSpan connectionTimeout, CancellationToken cancellationToken)
   --- End of inner exception stack trace ---
   at RabbitMQ.Client.Impl.SocketFactory.ConnectUsingAddressFamilyAsync(IPEndPoint endpoint, Func`2 socketFactory, AddressFamily family, TimeSpan connectionTimeout, CancellationToken cancellationToken)
   at RabbitMQ.Client.Impl.SocketFactory.OpenAsync(AmqpTcpEndpoint amqpTcpEndpoint, Func`2 socketFactory, TimeSpan connectionTimeout, CancellationToken cancellationToken)
   at RabbitMQ.Client.Impl.SocketFrameHandler.CreateAsync(AmqpTcpEndpoint amqpTcpEndpoint, Func`2 socketFactory, TimeSpan connectionTimeout, CancellationToken cancellationToken)
   at RabbitMQ.Client.ConnectionFactory.CreateFrameHandlerAsync(AmqpTcpEndpoint endpoint, CancellationToken cancellationToken)
   at RabbitMQ.Client.EndpointResolverExtensions.SelectOneAsync[T](IEndpointResolver resolver, Func`3 selector, CancellationToken cancellationToken)
   --- End of inner exception stack trace ---
   at RabbitMQ.Client.EndpointResolverExtensions.SelectOneAsync[T](IEndpointResolver resolver, Func`3 selector, CancellationToken cancellationToken)
   at RabbitMQ.Client.Framing.AutorecoveringConnection.CreateAsync(ConnectionConfig config, IEndpointResolver endpoints, CancellationToken cancellationToken)
   at RabbitMQ.Client.ConnectionFactory.CreateConnectionAsync(IEndpointResolver endpointResolver, String clientProvidedName, CancellationToken cancellationToken)
   --- End of inner exception stack trace ---
   at RabbitMQ.Client.ConnectionFactory.CreateConnectionAsync(IEndpointResolver endpointResolver, String clientProvidedName, CancellationToken cancellationToken)
   at InventoryService.Messaging.RabbitMqOrderCreatedConsumer.ExecuteAsync(CancellationToken stoppingToken) in C:\Users\user\Desktop\InventoryService\Messaging\RabbitMqOrderCreatedConsumer.cs:line 43
   at Microsoft.Extensions.Hosting.Internal.Host.TryExecuteBackgroundServiceAsync(BackgroundService backgroundService)
2025-11-30 17:45:51.120 +02:00 [FTL] The HostOptions.BackgroundServiceExceptionBehavior is configured to StopHost. A BackgroundService has thrown an unhandled exception, and the IHost instance is stopping. To avoid this behavior, configure this to Ignore; however the BackgroundService will not be restarted.
RabbitMQ.Client.Exceptions.BrokerUnreachableException: None of the specified endpoints were reachable
 ---> System.AggregateException: One or more errors occurred. (Connection failed, host 127.0.0.1:5672)
 ---> RabbitMQ.Client.Exceptions.ConnectFailureException: Connection failed, host 127.0.0.1:5672
 ---> System.Net.Sockets.SocketException (10061): No connection could be made because the target machine actively refused it.
   at System.Net.Sockets.Socket.AwaitableSocketAsyncEventArgs.ThrowException(SocketError error, CancellationToken cancellationToken)
   at System.Net.Sockets.Socket.AwaitableSocketAsyncEventArgs.System.Threading.Tasks.Sources.IValueTaskSource.GetResult(Int16 token)
   at System.Net.Sockets.Socket.<ConnectAsync>g__WaitForConnectWithCancellation|285_0(AwaitableSocketAsyncEventArgs saea, ValueTask connectTask, CancellationToken cancellationToken)
   at RabbitMQ.Client.Impl.SocketFactory.ConnectUsingAddressFamilyAsync(IPEndPoint endpoint, Func`2 socketFactory, AddressFamily family, TimeSpan connectionTimeout, CancellationToken cancellationToken)
   --- End of inner exception stack trace ---
   at RabbitMQ.Client.Impl.SocketFactory.ConnectUsingAddressFamilyAsync(IPEndPoint endpoint, Func`2 socketFactory, AddressFamily family, TimeSpan connectionTimeout, CancellationToken cancellationToken)
   at RabbitMQ.Client.Impl.SocketFactory.OpenAsync(AmqpTcpEndpoint amqpTcpEndpoint, Func`2 socketFactory, TimeSpan connectionTimeout, CancellationToken cancellationToken)
   at RabbitMQ.Client.Impl.SocketFrameHandler.CreateAsync(AmqpTcpEndpoint amqpTcpEndpoint, Func`2 socketFactory, TimeSpan connectionTimeout, CancellationToken cancellationToken)
   at RabbitMQ.Client.ConnectionFactory.CreateFrameHandlerAsync(AmqpTcpEndpoint endpoint, CancellationToken cancellationToken)
   at RabbitMQ.Client.EndpointResolverExtensions.SelectOneAsync[T](IEndpointResolver resolver, Func`3 selector, CancellationToken cancellationToken)
   --- End of inner exception stack trace ---
   at RabbitMQ.Client.EndpointResolverExtensions.SelectOneAsync[T](IEndpointResolver resolver, Func`3 selector, CancellationToken cancellationToken)
   at RabbitMQ.Client.Framing.AutorecoveringConnection.CreateAsync(ConnectionConfig config, IEndpointResolver endpoints, CancellationToken cancellationToken)
   at RabbitMQ.Client.ConnectionFactory.CreateConnectionAsync(IEndpointResolver endpointResolver, String clientProvidedName, CancellationToken cancellationToken)
   --- End of inner exception stack trace ---
   at RabbitMQ.Client.ConnectionFactory.CreateConnectionAsync(IEndpointResolver endpointResolver, String clientProvidedName, CancellationToken cancellationToken)
   at InventoryService.Messaging.RabbitMqOrderCreatedConsumer.ExecuteAsync(CancellationToken stoppingToken) in C:\Users\user\Desktop\InventoryService\Messaging\RabbitMqOrderCreatedConsumer.cs:line 43
   at Microsoft.Extensions.Hosting.Internal.Host.TryExecuteBackgroundServiceAsync(BackgroundService backgroundService)
2025-11-30 17:45:51.128 +02:00 [INF] Application is shutting down...
2025-11-30 17:45:51.138 +02:00 [INF] Stopping RabbitMQ consumer
2025-11-30 17:46:09.857 +02:00 [INF] User profile is available. Using 'C:\Users\user\AppData\Local\ASP.NET\DataProtection-Keys' as key repository and Windows DPAPI to encrypt keys at rest.
2025-11-30 17:46:10.121 +02:00 [INF] Now listening on: https://localhost:7206
2025-11-30 17:46:10.122 +02:00 [INF] Now listening on: http://localhost:5174
2025-11-30 17:46:10.208 +02:00 [INF] Application started. Press Ctrl+C to shut down.
2025-11-30 17:46:10.210 +02:00 [INF] Hosting environment: Development
2025-11-30 17:46:10.210 +02:00 [INF] Content root path: C:\Users\user\Desktop\InventoryService
2025-11-30 17:46:10.988 +02:00 [INF] Request starting HTTP/2 GET https://localhost:7206/swagger/index.html - null null
2025-11-30 17:46:11.131 +02:00 [INF] Request finished HTTP/2 GET https://localhost:7206/swagger/index.html - 200 null text/html;charset=utf-8 144.1006ms
2025-11-30 17:46:11.223 +02:00 [INF] Request starting HTTP/2 GET https://localhost:7206/_vs/browserLink - null null
2025-11-30 17:46:11.223 +02:00 [INF] Request starting HTTP/2 GET https://localhost:7206/_framework/aspnetcore-browser-refresh.js - null null
2025-11-30 17:46:11.242 +02:00 [INF] Request finished HTTP/2 GET https://localhost:7206/_framework/aspnetcore-browser-refresh.js - 200 13768 application/javascript; charset=utf-8 16.5972ms
2025-11-30 17:46:11.273 +02:00 [INF] Request finished HTTP/2 GET https://localhost:7206/_vs/browserLink - 200 null text/javascript; charset=UTF-8 50.4563ms
2025-11-30 17:46:11.322 +02:00 [INF] Request starting HTTP/2 GET https://localhost:7206/swagger/v1/swagger.json - null null
2025-11-30 17:46:11.423 +02:00 [INF] Request finished HTTP/2 GET https://localhost:7206/swagger/v1/swagger.json - 200 null application/json;charset=utf-8 100.6963ms
2025-11-30 17:46:14.042 +02:00 [ERR] BackgroundService failed
RabbitMQ.Client.Exceptions.BrokerUnreachableException: None of the specified endpoints were reachable
 ---> System.AggregateException: One or more errors occurred. (Connection failed, host 127.0.0.1:5672)
 ---> RabbitMQ.Client.Exceptions.ConnectFailureException: Connection failed, host 127.0.0.1:5672
 ---> System.Net.Sockets.SocketException (10061): No connection could be made because the target machine actively refused it.
   at System.Net.Sockets.Socket.AwaitableSocketAsyncEventArgs.ThrowException(SocketError error, CancellationToken cancellationToken)
   at System.Net.Sockets.Socket.AwaitableSocketAsyncEventArgs.System.Threading.Tasks.Sources.IValueTaskSource.GetResult(Int16 token)
   at System.Net.Sockets.Socket.<ConnectAsync>g__WaitForConnectWithCancellation|285_0(AwaitableSocketAsyncEventArgs saea, ValueTask connectTask, CancellationToken cancellationToken)
   at RabbitMQ.Client.Impl.SocketFactory.ConnectUsingAddressFamilyAsync(IPEndPoint endpoint, Func`2 socketFactory, AddressFamily family, TimeSpan connectionTimeout, CancellationToken cancellationToken)
   --- End of inner exception stack trace ---
   at RabbitMQ.Client.Impl.SocketFactory.ConnectUsingAddressFamilyAsync(IPEndPoint endpoint, Func`2 socketFactory, AddressFamily family, TimeSpan connectionTimeout, CancellationToken cancellationToken)
   at RabbitMQ.Client.Impl.SocketFactory.OpenAsync(AmqpTcpEndpoint amqpTcpEndpoint, Func`2 socketFactory, TimeSpan connectionTimeout, CancellationToken cancellationToken)
   at RabbitMQ.Client.Impl.SocketFrameHandler.CreateAsync(AmqpTcpEndpoint amqpTcpEndpoint, Func`2 socketFactory, TimeSpan connectionTimeout, CancellationToken cancellationToken)
   at RabbitMQ.Client.ConnectionFactory.CreateFrameHandlerAsync(AmqpTcpEndpoint endpoint, CancellationToken cancellationToken)
   at RabbitMQ.Client.EndpointResolverExtensions.SelectOneAsync[T](IEndpointResolver resolver, Func`3 selector, CancellationToken cancellationToken)
   --- End of inner exception stack trace ---
   at RabbitMQ.Client.EndpointResolverExtensions.SelectOneAsync[T](IEndpointResolver resolver, Func`3 selector, CancellationToken cancellationToken)
   at RabbitMQ.Client.Framing.AutorecoveringConnection.CreateAsync(ConnectionConfig config, IEndpointResolver endpoints, CancellationToken cancellationToken)
   at RabbitMQ.Client.ConnectionFactory.CreateConnectionAsync(IEndpointResolver endpointResolver, String clientProvidedName, CancellationToken cancellationToken)
   --- End of inner exception stack trace ---
   at RabbitMQ.Client.ConnectionFactory.CreateConnectionAsync(IEndpointResolver endpointResolver, String clientProvidedName, CancellationToken cancellationToken)
   at InventoryService.Messaging.RabbitMqOrderCreatedConsumer.ExecuteAsync(CancellationToken stoppingToken) in C:\Users\user\Desktop\InventoryService\Messaging\RabbitMqOrderCreatedConsumer.cs:line 43
   at Microsoft.Extensions.Hosting.Internal.Host.TryExecuteBackgroundServiceAsync(BackgroundService backgroundService)
2025-11-30 17:46:14.061 +02:00 [FTL] The HostOptions.BackgroundServiceExceptionBehavior is configured to StopHost. A BackgroundService has thrown an unhandled exception, and the IHost instance is stopping. To avoid this behavior, configure this to Ignore; however the BackgroundService will not be restarted.
RabbitMQ.Client.Exceptions.BrokerUnreachableException: None of the specified endpoints were reachable
 ---> System.AggregateException: One or more errors occurred. (Connection failed, host 127.0.0.1:5672)
 ---> RabbitMQ.Client.Exceptions.ConnectFailureException: Connection failed, host 127.0.0.1:5672
 ---> System.Net.Sockets.SocketException (10061): No connection could be made because the target machine actively refused it.
   at System.Net.Sockets.Socket.AwaitableSocketAsyncEventArgs.ThrowException(SocketError error, CancellationToken cancellationToken)
   at System.Net.Sockets.Socket.AwaitableSocketAsyncEventArgs.System.Threading.Tasks.Sources.IValueTaskSource.GetResult(Int16 token)
   at System.Net.Sockets.Socket.<ConnectAsync>g__WaitForConnectWithCancellation|285_0(AwaitableSocketAsyncEventArgs saea, ValueTask connectTask, CancellationToken cancellationToken)
   at RabbitMQ.Client.Impl.SocketFactory.ConnectUsingAddressFamilyAsync(IPEndPoint endpoint, Func`2 socketFactory, AddressFamily family, TimeSpan connectionTimeout, CancellationToken cancellationToken)
   --- End of inner exception stack trace ---
   at RabbitMQ.Client.Impl.SocketFactory.ConnectUsingAddressFamilyAsync(IPEndPoint endpoint, Func`2 socketFactory, AddressFamily family, TimeSpan connectionTimeout, CancellationToken cancellationToken)
   at RabbitMQ.Client.Impl.SocketFactory.OpenAsync(AmqpTcpEndpoint amqpTcpEndpoint, Func`2 socketFactory, TimeSpan connectionTimeout, CancellationToken cancellationToken)
   at RabbitMQ.Client.Impl.SocketFrameHandler.CreateAsync(AmqpTcpEndpoint amqpTcpEndpoint, Func`2 socketFactory, TimeSpan connectionTimeout, CancellationToken cancellationToken)
   at RabbitMQ.Client.ConnectionFactory.CreateFrameHandlerAsync(AmqpTcpEndpoint endpoint, CancellationToken cancellationToken)
   at RabbitMQ.Client.EndpointResolverExtensions.SelectOneAsync[T](IEndpointResolver resolver, Func`3 selector, CancellationToken cancellationToken)
   --- End of inner exception stack trace ---
   at RabbitMQ.Client.EndpointResolverExtensions.SelectOneAsync[T](IEndpointResolver resolver, Func`3 selector, CancellationToken cancellationToken)
   at RabbitMQ.Client.Framing.AutorecoveringConnection.CreateAsync(ConnectionConfig config, IEndpointResolver endpoints, CancellationToken cancellationToken)
   at RabbitMQ.Client.ConnectionFactory.CreateConnectionAsync(IEndpointResolver endpointResolver, String clientProvidedName, CancellationToken cancellationToken)
   --- End of inner exception stack trace ---
   at RabbitMQ.Client.ConnectionFactory.CreateConnectionAsync(IEndpointResolver endpointResolver, String clientProvidedName, CancellationToken cancellationToken)
   at InventoryService.Messaging.RabbitMqOrderCreatedConsumer.ExecuteAsync(CancellationToken stoppingToken) in C:\Users\user\Desktop\InventoryService\Messaging\RabbitMqOrderCreatedConsumer.cs:line 43
   at Microsoft.Extensions.Hosting.Internal.Host.TryExecuteBackgroundServiceAsync(BackgroundService backgroundService)
2025-11-30 17:46:14.068 +02:00 [INF] Application is shutting down...
2025-11-30 17:46:14.081 +02:00 [INF] Stopping RabbitMQ consumer
2025-11-30 17:50:33.342 +02:00 [INF] User profile is available. Using 'C:\Users\user\AppData\Local\ASP.NET\DataProtection-Keys' as key repository and Windows DPAPI to encrypt keys at rest.
2025-11-30 17:50:33.628 +02:00 [ERR] BackgroundService failed
RabbitMQ.Client.Exceptions.BrokerUnreachableException: None of the specified endpoints were reachable
 ---> System.IO.IOException: connection.start was never received, likely due to a network timeout
 ---> System.IO.IOException: Unable to read data from the transport connection: An established connection was aborted by the software in your host machine..
 ---> System.Net.Sockets.SocketException (10053): An established connection was aborted by the software in your host machine.
   at System.Net.Sockets.Socket.AwaitableSocketAsyncEventArgs.CreateException(SocketError error, Boolean forAsyncThrow)
   at System.Net.Sockets.Socket.AwaitableSocketAsyncEventArgs.ReceiveAsync(Socket socket, CancellationToken cancellationToken)
   at System.Net.Sockets.Socket.ReceiveAsync(Memory`1 buffer, SocketFlags socketFlags, Boolean fromNetworkStream, CancellationToken cancellationToken)
   at System.Net.Sockets.NetworkStream.ReadAsync(Memory`1 buffer, CancellationToken cancellationToken)
   at System.IO.Pipelines.StreamPipeReader.<ReadInternalAsync>g__Core|40_0(StreamPipeReader reader, Nullable`1 minimumSize, CancellationTokenSource tokenSource, CancellationToken cancellationToken)
   at System.Runtime.CompilerServices.AsyncMethodBuilderCore.Start[TStateMachine](TStateMachine& stateMachine)
   at System.IO.Pipelines.StreamPipeReader.<ReadInternalAsync>g__Core|40_0(StreamPipeReader reader, Nullable`1 minimumSize, CancellationTokenSource tokenSource, CancellationToken cancellationToken)
   at System.IO.Pipelines.StreamPipeReader.ReadInternalAsync(Nullable`1 minimumSize, CancellationToken cancellationToken)
   at System.IO.Pipelines.StreamPipeReader.ReadAsync(CancellationToken cancellationToken)
   at RabbitMQ.Client.Impl.InboundFrame.ReadFromPipeAsync(PipeReader reader, UInt32 maxInboundMessageBodySize, InboundFrame frame, CancellationToken mainLoopCancellationToken)
   at System.Runtime.CompilerServices.AsyncMethodBuilderCore.Start[TStateMachine](TStateMachine& stateMachine)
   at RabbitMQ.Client.Impl.InboundFrame.ReadFromPipeAsync(PipeReader reader, UInt32 maxInboundMessageBodySize, InboundFrame frame, CancellationToken mainLoopCancellationToken)
   at RabbitMQ.Client.Impl.SocketFrameHandler.ReadFrameAsync(InboundFrame frame, CancellationToken mainLoopCancellationToken)
   at RabbitMQ.Client.Framing.Connection.ReceiveLoopAsync(CancellationToken mainLoopCancellationToken)
   at System.Runtime.CompilerServices.AsyncMethodBuilderCore.Start[TStateMachine](TStateMachine& stateMachine)
   at RabbitMQ.Client.Framing.Connection.ReceiveLoopAsync(CancellationToken mainLoopCancellationToken)
   at RabbitMQ.Client.Framing.Connection.MainLoop()
   at System.Runtime.CompilerServices.AsyncMethodBuilderCore.Start[TStateMachine](TStateMachine& stateMachine)
   at RabbitMQ.Client.Framing.Connection.MainLoop()
   at System.Threading.Tasks.Task`1.InnerInvoke()
   at System.Threading.ExecutionContext.RunFromThreadPoolDispatchLoop(Thread threadPoolThread, ExecutionContext executionContext, ContextCallback callback, Object state)
   at System.Threading.Tasks.Task.ExecuteWithThreadLocal(Task& currentTaskSlot, Thread threadPoolThread)
   at System.Threading.ThreadPoolWorkQueue.Dispatch()
   at System.Threading.PortableThreadPool.WorkerThread.WorkerThreadStart()
--- End of stack trace from previous location ---

   --- End of inner exception stack trace ---
   at System.IO.Pipelines.StreamPipeReader.<ReadInternalAsync>g__Core|40_0(StreamPipeReader reader, Nullable`1 minimumSize, CancellationTokenSource tokenSource, CancellationToken cancellationToken)
   at System.Runtime.CompilerServices.PoolingAsyncValueTaskMethodBuilder`1.StateMachineBox`1.System.Threading.Tasks.Sources.IValueTaskSource<TResult>.GetResult(Int16 token)
   at RabbitMQ.Client.Impl.InboundFrame.ReadFromPipeAsync(PipeReader reader, UInt32 maxInboundMessageBodySize, InboundFrame frame, CancellationToken mainLoopCancellationToken)
   at RabbitMQ.Client.Framing.Connection.ReceiveLoopAsync(CancellationToken mainLoopCancellationToken)
   at RabbitMQ.Client.Framing.Connection.MainLoop()
   --- End of inner exception stack trace ---
   at RabbitMQ.Client.Framing.Connection.StartAndTuneAsync(CancellationToken cancellationToken)
   at RabbitMQ.Client.Framing.Connection.OpenAsync(CancellationToken cancellationToken)
   at RabbitMQ.Client.Framing.Connection.OpenAsync(CancellationToken cancellationToken)
   at RabbitMQ.Client.Framing.AutorecoveringConnection.CreateAsync(ConnectionConfig config, IEndpointResolver endpoints, CancellationToken cancellationToken)
   at RabbitMQ.Client.Framing.AutorecoveringConnection.CreateAsync(ConnectionConfig config, IEndpointResolver endpoints, CancellationToken cancellationToken)
   at RabbitMQ.Client.ConnectionFactory.CreateConnectionAsync(IEndpointResolver endpointResolver, String clientProvidedName, CancellationToken cancellationToken)
   --- End of inner exception stack trace ---
   at RabbitMQ.Client.ConnectionFactory.CreateConnectionAsync(IEndpointResolver endpointResolver, String clientProvidedName, CancellationToken cancellationToken)
   at InventoryService.Messaging.RabbitMqOrderCreatedConsumer.ExecuteAsync(CancellationToken stoppingToken) in C:\Users\user\Desktop\InventoryService\Messaging\RabbitMqOrderCreatedConsumer.cs:line 43
   at Microsoft.Extensions.Hosting.Internal.Host.TryExecuteBackgroundServiceAsync(BackgroundService backgroundService)
2025-11-30 17:50:33.660 +02:00 [FTL] The HostOptions.BackgroundServiceExceptionBehavior is configured to StopHost. A BackgroundService has thrown an unhandled exception, and the IHost instance is stopping. To avoid this behavior, configure this to Ignore; however the BackgroundService will not be restarted.
RabbitMQ.Client.Exceptions.BrokerUnreachableException: None of the specified endpoints were reachable
 ---> System.IO.IOException: connection.start was never received, likely due to a network timeout
 ---> System.IO.IOException: Unable to read data from the transport connection: An established connection was aborted by the software in your host machine..
 ---> System.Net.Sockets.SocketException (10053): An established connection was aborted by the software in your host machine.
   at System.Net.Sockets.Socket.AwaitableSocketAsyncEventArgs.CreateException(SocketError error, Boolean forAsyncThrow)
   at System.Net.Sockets.Socket.AwaitableSocketAsyncEventArgs.ReceiveAsync(Socket socket, CancellationToken cancellationToken)
   at System.Net.Sockets.Socket.ReceiveAsync(Memory`1 buffer, SocketFlags socketFlags, Boolean fromNetworkStream, CancellationToken cancellationToken)
   at System.Net.Sockets.NetworkStream.ReadAsync(Memory`1 buffer, CancellationToken cancellationToken)
   at System.IO.Pipelines.StreamPipeReader.<ReadInternalAsync>g__Core|40_0(StreamPipeReader reader, Nullable`1 minimumSize, CancellationTokenSource tokenSource, CancellationToken cancellationToken)
   at System.Runtime.CompilerServices.AsyncMethodBuilderCore.Start[TStateMachine](TStateMachine& stateMachine)
   at System.IO.Pipelines.StreamPipeReader.<ReadInternalAsync>g__Core|40_0(StreamPipeReader reader, Nullable`1 minimumSize, CancellationTokenSource tokenSource, CancellationToken cancellationToken)
   at System.IO.Pipelines.StreamPipeReader.ReadInternalAsync(Nullable`1 minimumSize, CancellationToken cancellationToken)
   at System.IO.Pipelines.StreamPipeReader.ReadAsync(CancellationToken cancellationToken)
   at RabbitMQ.Client.Impl.InboundFrame.ReadFromPipeAsync(PipeReader reader, UInt32 maxInboundMessageBodySize, InboundFrame frame, CancellationToken mainLoopCancellationToken)
   at System.Runtime.CompilerServices.AsyncMethodBuilderCore.Start[TStateMachine](TStateMachine& stateMachine)
   at RabbitMQ.Client.Impl.InboundFrame.ReadFromPipeAsync(PipeReader reader, UInt32 maxInboundMessageBodySize, InboundFrame frame, CancellationToken mainLoopCancellationToken)
   at RabbitMQ.Client.Impl.SocketFrameHandler.ReadFrameAsync(InboundFrame frame, CancellationToken mainLoopCancellationToken)
   at RabbitMQ.Client.Framing.Connection.ReceiveLoopAsync(CancellationToken mainLoopCancellationToken)
   at System.Runtime.CompilerServices.AsyncMethodBuilderCore.Start[TStateMachine](TStateMachine& stateMachine)
   at RabbitMQ.Client.Framing.Connection.ReceiveLoopAsync(CancellationToken mainLoopCancellationToken)
   at RabbitMQ.Client.Framing.Connection.MainLoop()
   at System.Runtime.CompilerServices.AsyncMethodBuilderCore.Start[TStateMachine](TStateMachine& stateMachine)
   at RabbitMQ.Client.Framing.Connection.MainLoop()
   at System.Threading.Tasks.Task`1.InnerInvoke()
   at System.Threading.ExecutionContext.RunFromThreadPoolDispatchLoop(Thread threadPoolThread, ExecutionContext executionContext, ContextCallback callback, Object state)
   at System.Threading.Tasks.Task.ExecuteWithThreadLocal(Task& currentTaskSlot, Thread threadPoolThread)
   at System.Threading.ThreadPoolWorkQueue.Dispatch()
   at System.Threading.PortableThreadPool.WorkerThread.WorkerThreadStart()
--- End of stack trace from previous location ---

   --- End of inner exception stack trace ---
   at System.IO.Pipelines.StreamPipeReader.<ReadInternalAsync>g__Core|40_0(StreamPipeReader reader, Nullable`1 minimumSize, CancellationTokenSource tokenSource, CancellationToken cancellationToken)
   at System.Runtime.CompilerServices.PoolingAsyncValueTaskMethodBuilder`1.StateMachineBox`1.System.Threading.Tasks.Sources.IValueTaskSource<TResult>.GetResult(Int16 token)
   at RabbitMQ.Client.Impl.InboundFrame.ReadFromPipeAsync(PipeReader reader, UInt32 maxInboundMessageBodySize, InboundFrame frame, CancellationToken mainLoopCancellationToken)
   at RabbitMQ.Client.Framing.Connection.ReceiveLoopAsync(CancellationToken mainLoopCancellationToken)
   at RabbitMQ.Client.Framing.Connection.MainLoop()
   --- End of inner exception stack trace ---
   at RabbitMQ.Client.Framing.Connection.StartAndTuneAsync(CancellationToken cancellationToken)
   at RabbitMQ.Client.Framing.Connection.OpenAsync(CancellationToken cancellationToken)
   at RabbitMQ.Client.Framing.Connection.OpenAsync(CancellationToken cancellationToken)
   at RabbitMQ.Client.Framing.AutorecoveringConnection.CreateAsync(ConnectionConfig config, IEndpointResolver endpoints, CancellationToken cancellationToken)
   at RabbitMQ.Client.Framing.AutorecoveringConnection.CreateAsync(ConnectionConfig config, IEndpointResolver endpoints, CancellationToken cancellationToken)
   at RabbitMQ.Client.ConnectionFactory.CreateConnectionAsync(IEndpointResolver endpointResolver, String clientProvidedName, CancellationToken cancellationToken)
   --- End of inner exception stack trace ---
   at RabbitMQ.Client.ConnectionFactory.CreateConnectionAsync(IEndpointResolver endpointResolver, String clientProvidedName, CancellationToken cancellationToken)
   at InventoryService.Messaging.RabbitMqOrderCreatedConsumer.ExecuteAsync(CancellationToken stoppingToken) in C:\Users\user\Desktop\InventoryService\Messaging\RabbitMqOrderCreatedConsumer.cs:line 43
   at Microsoft.Extensions.Hosting.Internal.Host.TryExecuteBackgroundServiceAsync(BackgroundService backgroundService)
2025-11-30 17:50:33.675 +02:00 [INF] Now listening on: https://localhost:7206
2025-11-30 17:50:33.694 +02:00 [INF] Application is shutting down...
2025-11-30 17:50:33.694 +02:00 [INF] Now listening on: http://localhost:5174
2025-11-30 17:50:33.740 +02:00 [INF] Application started. Press Ctrl+C to shut down.
2025-11-30 17:50:33.742 +02:00 [INF] Hosting environment: Development
2025-11-30 17:50:33.743 +02:00 [INF] Content root path: C:\Users\user\Desktop\InventoryService
2025-11-30 17:50:33.759 +02:00 [INF] Stopping RabbitMQ consumer
2025-11-30 17:56:15.167 +02:00 [INF] User profile is available. Using 'C:\Users\user\AppData\Local\ASP.NET\DataProtection-Keys' as key repository and Windows DPAPI to encrypt keys at rest.
2025-11-30 17:56:15.410 +02:00 [INF] Now listening on: https://localhost:7206
2025-11-30 17:56:15.412 +02:00 [INF] Now listening on: http://localhost:5174
2025-11-30 17:56:15.428 +02:00 [INF] RabbitMQ consumer for OrderCreated started
2025-11-30 17:56:15.485 +02:00 [INF] Application started. Press Ctrl+C to shut down.
2025-11-30 17:56:15.486 +02:00 [INF] Hosting environment: Development
2025-11-30 17:56:15.487 +02:00 [INF] Content root path: C:\Users\user\Desktop\InventoryService
2025-11-30 17:56:16.051 +02:00 [INF] Request starting HTTP/2 GET https://localhost:7206/swagger/index.html - null null
2025-11-30 17:56:16.166 +02:00 [INF] Request finished HTTP/2 GET https://localhost:7206/swagger/index.html - 200 null text/html;charset=utf-8 120.8306ms
2025-11-30 17:56:16.181 +02:00 [INF] Request starting HTTP/2 GET https://localhost:7206/_framework/aspnetcore-browser-refresh.js - null null
2025-11-30 17:56:16.189 +02:00 [INF] Request finished HTTP/2 GET https://localhost:7206/_framework/aspnetcore-browser-refresh.js - 200 13768 application/javascript; charset=utf-8 7.9495ms
2025-11-30 17:56:16.223 +02:00 [INF] Request starting HTTP/2 GET https://localhost:7206/_vs/browserLink - null null
2025-11-30 17:56:16.250 +02:00 [INF] Request finished HTTP/2 GET https://localhost:7206/_vs/browserLink - 200 null text/javascript; charset=UTF-8 27.3061ms
2025-11-30 17:56:16.282 +02:00 [INF] Request starting HTTP/2 GET https://localhost:7206/swagger/v1/swagger.json - null null
2025-11-30 17:56:16.364 +02:00 [INF] Request finished HTTP/2 GET https://localhost:7206/swagger/v1/swagger.json - 200 null application/json;charset=utf-8 81.8991ms
2025-11-30 17:56:53.456 +02:00 [INF] User profile is available. Using 'C:\Users\user\AppData\Local\ASP.NET\DataProtection-Keys' as key repository and Windows DPAPI to encrypt keys at rest.
2025-11-30 17:56:53.730 +02:00 [INF] Now listening on: https://localhost:7206
2025-11-30 17:56:53.731 +02:00 [INF] Now listening on: http://localhost:5174
2025-11-30 17:56:53.746 +02:00 [INF] RabbitMQ consumer for OrderCreated started
2025-11-30 17:56:53.806 +02:00 [INF] Application started. Press Ctrl+C to shut down.
2025-11-30 17:56:53.808 +02:00 [INF] Hosting environment: Development
2025-11-30 17:56:53.809 +02:00 [INF] Content root path: C:\Users\user\Desktop\InventoryService
2025-11-30 17:56:54.608 +02:00 [INF] Request starting HTTP/2 GET https://localhost:7206/swagger/index.html - null null
2025-11-30 17:56:54.725 +02:00 [INF] Request finished HTTP/2 GET https://localhost:7206/swagger/index.html - 200 null text/html;charset=utf-8 122.7445ms
2025-11-30 17:56:54.808 +02:00 [INF] Request starting HTTP/2 GET https://localhost:7206/_framework/aspnetcore-browser-refresh.js - null null
2025-11-30 17:56:54.808 +02:00 [INF] Request starting HTTP/2 GET https://localhost:7206/_vs/browserLink - null null
2025-11-30 17:56:54.814 +02:00 [INF] Request finished HTTP/2 GET https://localhost:7206/_framework/aspnetcore-browser-refresh.js - 200 13768 application/javascript; charset=utf-8 5.6807ms
2025-11-30 17:56:54.839 +02:00 [INF] Request finished HTTP/2 GET https://localhost:7206/_vs/browserLink - 200 null text/javascript; charset=UTF-8 30.7827ms
2025-11-30 17:56:54.871 +02:00 [INF] Request starting HTTP/2 GET https://localhost:7206/swagger/v1/swagger.json - null null
2025-11-30 17:56:54.955 +02:00 [INF] Request finished HTTP/2 GET https://localhost:7206/swagger/v1/swagger.json - 200 null application/json;charset=utf-8 84.6581ms
2025-11-30 17:56:57.711 +02:00 [INF] Request starting HTTP/2 GET https://localhost:7206/api/StockItems - null null
2025-11-30 17:56:57.782 +02:00 [INF] Authorization failed. These requirements were not met:
DenyAnonymousAuthorizationRequirement: Requires an authenticated user.
2025-11-30 17:56:57.785 +02:00 [INF] AuthenticationScheme: Bearer was challenged.
2025-11-30 17:56:57.787 +02:00 [INF] HTTP GET /api/StockItems responded 401 in 70.2708 ms
2025-11-30 17:56:57.788 +02:00 [INF] Request finished HTTP/2 GET https://localhost:7206/api/StockItems - 401 0 null 77.8266ms
2025-11-30 17:57:00.764 +02:00 [INF] Request starting HTTP/2 GET https://localhost:7206/api/StockItems - null null
2025-11-30 17:57:00.770 +02:00 [INF] Authorization failed. These requirements were not met:
DenyAnonymousAuthorizationRequirement: Requires an authenticated user.
2025-11-30 17:57:00.771 +02:00 [INF] AuthenticationScheme: Bearer was challenged.
2025-11-30 17:57:00.773 +02:00 [INF] HTTP GET /api/StockItems responded 401 in 5.8163 ms
2025-11-30 17:57:00.775 +02:00 [INF] Request finished HTTP/2 GET https://localhost:7206/api/StockItems - 401 0 null 11.3569ms
2025-11-30 17:58:43.448 +02:00 [INF] User profile is available. Using 'C:\Users\user\AppData\Local\ASP.NET\DataProtection-Keys' as key repository and Windows DPAPI to encrypt keys at rest.
2025-11-30 17:58:43.721 +02:00 [INF] Now listening on: https://localhost:7206
2025-11-30 17:58:43.722 +02:00 [INF] Now listening on: http://localhost:5174
2025-11-30 17:58:43.749 +02:00 [INF] RabbitMQ consumer for OrderCreated started
2025-11-30 17:58:43.803 +02:00 [INF] Application started. Press Ctrl+C to shut down.
2025-11-30 17:58:43.804 +02:00 [INF] Hosting environment: Development
2025-11-30 17:58:43.805 +02:00 [INF] Content root path: C:\Users\user\Desktop\InventoryService
2025-11-30 17:58:44.286 +02:00 [INF] Request starting HTTP/2 GET https://localhost:7206/swagger/index.html - null null
2025-11-30 17:58:44.415 +02:00 [INF] Request finished HTTP/2 GET https://localhost:7206/swagger/index.html - 200 null text/html;charset=utf-8 129.6065ms
2025-11-30 17:58:44.607 +02:00 [INF] Request starting HTTP/2 GET https://localhost:7206/_vs/browserLink - null null
2025-11-30 17:58:44.612 +02:00 [INF] Request starting HTTP/2 GET https://localhost:7206/_framework/aspnetcore-browser-refresh.js - null null
2025-11-30 17:58:44.625 +02:00 [INF] Request finished HTTP/2 GET https://localhost:7206/_framework/aspnetcore-browser-refresh.js - 200 13768 application/javascript; charset=utf-8 13.0371ms
2025-11-30 17:58:44.647 +02:00 [INF] Request finished HTTP/2 GET https://localhost:7206/_vs/browserLink - 200 null text/javascript; charset=UTF-8 40.0874ms
2025-11-30 17:58:44.702 +02:00 [INF] Request starting HTTP/2 GET https://localhost:7206/swagger/v1/swagger.json - null null
2025-11-30 17:58:44.804 +02:00 [INF] Request finished HTTP/2 GET https://localhost:7206/swagger/v1/swagger.json - 200 null application/json;charset=utf-8 101.769ms
2025-11-30 18:03:02.647 +02:00 [INF] Request starting HTTP/2 GET https://localhost:7206/api/StockItems - null null
2025-11-30 18:03:02.703 +02:00 [INF] Authorization failed. These requirements were not met:
DenyAnonymousAuthorizationRequirement: Requires an authenticated user.
2025-11-30 18:03:02.707 +02:00 [INF] AuthenticationScheme: Bearer was challenged.
2025-11-30 18:03:02.709 +02:00 [INF] HTTP GET /api/StockItems responded 401 in 52.5628 ms
2025-11-30 18:03:02.711 +02:00 [INF] Request finished HTTP/2 GET https://localhost:7206/api/StockItems - 401 0 null 63.5425ms
2025-11-30 18:06:57.136 +02:00 [INF] User profile is available. Using 'C:\Users\user\AppData\Local\ASP.NET\DataProtection-Keys' as key repository and Windows DPAPI to encrypt keys at rest.
2025-11-30 18:06:57.361 +02:00 [INF] Now listening on: https://localhost:7206
2025-11-30 18:06:57.363 +02:00 [INF] Now listening on: http://localhost:5174
2025-11-30 18:06:57.392 +02:00 [INF] RabbitMQ consumer for OrderCreated started
2025-11-30 18:06:57.440 +02:00 [INF] Application started. Press Ctrl+C to shut down.
2025-11-30 18:06:57.442 +02:00 [INF] Hosting environment: Development
2025-11-30 18:06:57.443 +02:00 [INF] Content root path: C:\Users\user\Desktop\InventoryService
2025-11-30 18:06:58.192 +02:00 [INF] Request starting HTTP/2 GET https://localhost:7206/swagger/index.html - null null
2025-11-30 18:06:58.311 +02:00 [INF] Request finished HTTP/2 GET https://localhost:7206/swagger/index.html - 200 null text/html;charset=utf-8 120.1706ms
2025-11-30 18:06:58.409 +02:00 [INF] Request starting HTTP/2 GET https://localhost:7206/_framework/aspnetcore-browser-refresh.js - null null
2025-11-30 18:06:58.409 +02:00 [INF] Request starting HTTP/2 GET https://localhost:7206/_vs/browserLink - null null
2025-11-30 18:06:58.417 +02:00 [INF] Request finished HTTP/2 GET https://localhost:7206/_framework/aspnetcore-browser-refresh.js - 200 13768 application/javascript; charset=utf-8 7.4986ms
2025-11-30 18:06:58.445 +02:00 [INF] Request finished HTTP/2 GET https://localhost:7206/_vs/browserLink - 200 null text/javascript; charset=UTF-8 35.4785ms
2025-11-30 18:06:58.635 +02:00 [INF] Request starting HTTP/2 GET https://localhost:7206/swagger/v1/swagger.json - null null
2025-11-30 18:06:58.724 +02:00 [INF] Request finished HTTP/2 GET https://localhost:7206/swagger/v1/swagger.json - 200 null application/json;charset=utf-8 89.1253ms
2025-11-30 18:17:42.207 +02:00 [INF] User profile is available. Using 'C:\Users\user\AppData\Local\ASP.NET\DataProtection-Keys' as key repository and Windows DPAPI to encrypt keys at rest.
2025-11-30 18:17:42.442 +02:00 [INF] Now listening on: https://localhost:7206
2025-11-30 18:17:42.448 +02:00 [INF] Now listening on: http://localhost:5174
2025-11-30 18:17:42.473 +02:00 [INF] RabbitMQ consumer for OrderCreated started
2025-11-30 18:17:42.522 +02:00 [INF] Application started. Press Ctrl+C to shut down.
2025-11-30 18:17:42.524 +02:00 [INF] Hosting environment: Development
2025-11-30 18:17:42.525 +02:00 [INF] Content root path: C:\Users\user\Desktop\InventoryService
2025-11-30 18:17:43.367 +02:00 [INF] Request starting HTTP/2 GET https://localhost:7206/swagger/index.html - null null
2025-11-30 18:17:43.545 +02:00 [INF] Request finished HTTP/2 GET https://localhost:7206/swagger/index.html - 200 null text/html;charset=utf-8 178.3787ms
2025-11-30 18:17:43.685 +02:00 [INF] Request starting HTTP/2 GET https://localhost:7206/_vs/browserLink - null null
2025-11-30 18:17:43.685 +02:00 [INF] Request starting HTTP/2 GET https://localhost:7206/_framework/aspnetcore-browser-refresh.js - null null
2025-11-30 18:17:43.698 +02:00 [INF] Request finished HTTP/2 GET https://localhost:7206/_framework/aspnetcore-browser-refresh.js - 200 13768 application/javascript; charset=utf-8 11.8765ms
2025-11-30 18:17:43.723 +02:00 [INF] Request finished HTTP/2 GET https://localhost:7206/_vs/browserLink - 200 null text/javascript; charset=UTF-8 37.7429ms
2025-11-30 18:17:43.780 +02:00 [INF] Request starting HTTP/2 GET https://localhost:7206/swagger/v1/swagger.json - null null
2025-11-30 18:17:43.891 +02:00 [INF] Request finished HTTP/2 GET https://localhost:7206/swagger/v1/swagger.json - 200 null application/json;charset=utf-8 110.7438ms
2025-11-30 18:23:14.257 +02:00 [INF] User profile is available. Using 'C:\Users\user\AppData\Local\ASP.NET\DataProtection-Keys' as key repository and Windows DPAPI to encrypt keys at rest.
2025-11-30 18:23:14.503 +02:00 [INF] Now listening on: https://localhost:7206
2025-11-30 18:23:14.504 +02:00 [INF] Now listening on: http://localhost:5174
2025-11-30 18:23:14.531 +02:00 [INF] RabbitMQ consumer for OrderCreated started
2025-11-30 18:23:14.589 +02:00 [INF] Application started. Press Ctrl+C to shut down.
2025-11-30 18:23:14.594 +02:00 [INF] Hosting environment: Development
2025-11-30 18:23:14.597 +02:00 [INF] Content root path: C:\Users\user\Desktop\InventoryService
2025-11-30 18:23:15.015 +02:00 [INF] Request starting HTTP/2 GET https://localhost:7206/swagger/index.html - null null
2025-11-30 18:23:15.164 +02:00 [INF] Request finished HTTP/2 GET https://localhost:7206/swagger/index.html - 200 null text/html;charset=utf-8 150.7796ms
2025-11-30 18:23:15.287 +02:00 [INF] Request starting HTTP/2 GET https://localhost:7206/_vs/browserLink - null null
2025-11-30 18:23:15.287 +02:00 [INF] Request starting HTTP/2 GET https://localhost:7206/_framework/aspnetcore-browser-refresh.js - null null
2025-11-30 18:23:15.299 +02:00 [INF] Request finished HTTP/2 GET https://localhost:7206/_framework/aspnetcore-browser-refresh.js - 200 13768 application/javascript; charset=utf-8 11.5969ms
2025-11-30 18:23:15.322 +02:00 [INF] Request finished HTTP/2 GET https://localhost:7206/_vs/browserLink - 200 null text/javascript; charset=UTF-8 34.9914ms
2025-11-30 18:23:15.377 +02:00 [INF] Request starting HTTP/2 GET https://localhost:7206/swagger/v1/swagger.json - null null
2025-11-30 18:23:15.478 +02:00 [INF] Request finished HTTP/2 GET https://localhost:7206/swagger/v1/swagger.json - 200 null application/json;charset=utf-8 101.5352ms
2025-11-30 18:28:39.529 +02:00 [INF] User profile is available. Using 'C:\Users\user\AppData\Local\ASP.NET\DataProtection-Keys' as key repository and Windows DPAPI to encrypt keys at rest.
2025-11-30 18:28:39.801 +02:00 [INF] Now listening on: https://localhost:7206
2025-11-30 18:28:39.803 +02:00 [INF] Now listening on: http://localhost:5174
2025-11-30 18:28:39.810 +02:00 [INF] RabbitMQ consumer for OrderCreated started
2025-11-30 18:28:39.903 +02:00 [INF] Application started. Press Ctrl+C to shut down.
2025-11-30 18:28:39.906 +02:00 [INF] Hosting environment: Development
2025-11-30 18:28:39.909 +02:00 [INF] Content root path: C:\Users\user\Desktop\InventoryService
2025-11-30 18:28:41.012 +02:00 [INF] Request starting HTTP/2 GET https://localhost:7206/swagger/index.html - null null
2025-11-30 18:28:41.140 +02:00 [INF] Request finished HTTP/2 GET https://localhost:7206/swagger/index.html - 200 null text/html;charset=utf-8 129.0363ms
2025-11-30 18:28:41.233 +02:00 [INF] Request starting HTTP/2 GET https://localhost:7206/_framework/aspnetcore-browser-refresh.js - null null
2025-11-30 18:28:41.233 +02:00 [INF] Request starting HTTP/2 GET https://localhost:7206/_vs/browserLink - null null
2025-11-30 18:28:41.239 +02:00 [INF] Request finished HTTP/2 GET https://localhost:7206/_framework/aspnetcore-browser-refresh.js - 200 13768 application/javascript; charset=utf-8 5.9232ms
2025-11-30 18:28:41.265 +02:00 [INF] Request finished HTTP/2 GET https://localhost:7206/_vs/browserLink - 200 null text/javascript; charset=UTF-8 32.1282ms
2025-11-30 18:28:41.393 +02:00 [INF] Request starting HTTP/2 GET https://localhost:7206/swagger/v1/swagger.json - null null
2025-11-30 18:28:41.487 +02:00 [INF] Request finished HTTP/2 GET https://localhost:7206/swagger/v1/swagger.json - 200 null application/json;charset=utf-8 93.2394ms
2025-11-30 18:30:46.561 +02:00 [INF] User profile is available. Using 'C:\Users\user\AppData\Local\ASP.NET\DataProtection-Keys' as key repository and Windows DPAPI to encrypt keys at rest.
2025-11-30 18:30:46.851 +02:00 [INF] Now listening on: https://localhost:7206
2025-11-30 18:30:46.853 +02:00 [INF] Now listening on: http://localhost:5174
2025-11-30 18:30:46.866 +02:00 [INF] RabbitMQ consumer for OrderCreated started
2025-11-30 18:30:46.945 +02:00 [INF] Application started. Press Ctrl+C to shut down.
2025-11-30 18:30:46.946 +02:00 [INF] Hosting environment: Development
2025-11-30 18:30:46.948 +02:00 [INF] Content root path: C:\Users\user\Desktop\InventoryService
2025-11-30 18:30:47.383 +02:00 [INF] Request starting HTTP/2 GET https://localhost:7206/swagger/index.html - null null
2025-11-30 18:30:47.525 +02:00 [INF] Request finished HTTP/2 GET https://localhost:7206/swagger/index.html - 200 null text/html;charset=utf-8 142.8618ms
2025-11-30 18:30:47.641 +02:00 [INF] Request starting HTTP/2 GET https://localhost:7206/_vs/browserLink - null null
2025-11-30 18:30:47.644 +02:00 [INF] Request starting HTTP/2 GET https://localhost:7206/_framework/aspnetcore-browser-refresh.js - null null
2025-11-30 18:30:47.657 +02:00 [INF] Request finished HTTP/2 GET https://localhost:7206/_framework/aspnetcore-browser-refresh.js - 200 13768 application/javascript; charset=utf-8 12.8765ms
2025-11-30 18:30:47.678 +02:00 [INF] Request finished HTTP/2 GET https://localhost:7206/_vs/browserLink - 200 null text/javascript; charset=UTF-8 36.6977ms
2025-11-30 18:30:47.716 +02:00 [INF] Request starting HTTP/2 GET https://localhost:7206/swagger/v1/swagger.json - null null
2025-11-30 18:30:47.796 +02:00 [INF] Request finished HTTP/2 GET https://localhost:7206/swagger/v1/swagger.json - 200 null application/json;charset=utf-8 79.5551ms
2025-11-30 18:31:29.739 +02:00 [INF] Request starting HTTP/2 GET https://localhost:7206/api/StockItems - null null
2025-11-30 18:31:29.789 +02:00 [INF] Authorization failed. These requirements were not met:
DenyAnonymousAuthorizationRequirement: Requires an authenticated user.
2025-11-30 18:31:29.792 +02:00 [INF] AuthenticationScheme: Bearer was challenged.
2025-11-30 18:31:29.794 +02:00 [INF] HTTP GET /api/StockItems responded 401 in 49.8961 ms
2025-11-30 18:31:29.795 +02:00 [INF] Request finished HTTP/2 GET https://localhost:7206/api/StockItems - 401 0 null 56.7397ms
2025-11-30 18:31:35.505 +02:00 [INF] Request starting HTTP/2 GET https://localhost:7206/api/StockItems - null null
2025-11-30 18:31:35.559 +02:00 [INF] Executing endpoint 'InventoryService.API.Controllers.StockItemsController.GetAll (InventoryService)'
2025-11-30 18:31:35.576 +02:00 [INF] Route matched with {action = "GetAll", controller = "StockItems"}. Executing controller action with signature System.Threading.Tasks.Task`1[Microsoft.AspNetCore.Mvc.IActionResult] GetAll() on controller InventoryService.API.Controllers.StockItemsController (InventoryService).
2025-11-30 18:31:35.580 +02:00 [WRN] You do not have a valid license key for the Lucky Penny software MediatR. This is allowed for development and testing scenarios. If you are running in production you are required to have a licensed version. Please visit https://luckypennysoftware.com to obtain a valid license.
2025-11-30 18:31:35.988 +02:00 [INF] Executing OkObjectResult, writing value of type 'System.Collections.Generic.List`1[[InventoryService.Domain.Entities.StockItem, InventoryService, Version=1.0.0.0, Culture=neutral, PublicKeyToken=null]]'.
2025-11-30 18:31:35.998 +02:00 [INF] Executed action InventoryService.API.Controllers.StockItemsController.GetAll (InventoryService) in 417.9972ms
2025-11-30 18:31:35.999 +02:00 [INF] Executed endpoint 'InventoryService.API.Controllers.StockItemsController.GetAll (InventoryService)'
2025-11-30 18:31:36.001 +02:00 [INF] HTTP GET /api/StockItems responded 200 in 493.1660 ms
2025-11-30 18:31:36.003 +02:00 [INF] Request finished HTTP/2 GET https://localhost:7206/api/StockItems - 200 null application/json; charset=utf-8 497.8375ms
2025-11-30 19:42:01.795 +02:00 [INF] User profile is available. Using 'C:\Users\user\AppData\Local\ASP.NET\DataProtection-Keys' as key repository and Windows DPAPI to encrypt keys at rest.
2025-11-30 19:42:02.059 +02:00 [INF] Now listening on: https://localhost:7206
2025-11-30 19:42:02.064 +02:00 [INF] Now listening on: http://localhost:5174
2025-11-30 19:42:02.092 +02:00 [INF] RabbitMQ consumer for OrderCreated started
2025-11-30 19:42:02.152 +02:00 [INF] Application started. Press Ctrl+C to shut down.
2025-11-30 19:42:02.154 +02:00 [INF] Hosting environment: Development
2025-11-30 19:42:02.155 +02:00 [INF] Content root path: C:\Users\user\Desktop\InventoryService
2025-11-30 19:42:02.779 +02:00 [INF] Request starting HTTP/2 GET https://localhost:7206/swagger/index.html - null null
2025-11-30 19:42:02.915 +02:00 [INF] Request finished HTTP/2 GET https://localhost:7206/swagger/index.html - 200 null text/html;charset=utf-8 135.9924ms
2025-11-30 19:42:03.020 +02:00 [INF] Request starting HTTP/2 GET https://localhost:7206/_vs/browserLink - null null
2025-11-30 19:42:03.020 +02:00 [INF] Request starting HTTP/2 GET https://localhost:7206/_framework/aspnetcore-browser-refresh.js - null null
2025-11-30 19:42:03.031 +02:00 [INF] Request finished HTTP/2 GET https://localhost:7206/_framework/aspnetcore-browser-refresh.js - 200 13768 application/javascript; charset=utf-8 11.2543ms
2025-11-30 19:42:03.051 +02:00 [INF] Request finished HTTP/2 GET https://localhost:7206/_vs/browserLink - 200 null text/javascript; charset=UTF-8 30.9022ms
2025-11-30 19:42:03.141 +02:00 [INF] Request starting HTTP/2 GET https://localhost:7206/swagger/v1/swagger.json - null null
2025-11-30 19:42:03.262 +02:00 [INF] Request finished HTTP/2 GET https://localhost:7206/swagger/v1/swagger.json - 200 null application/json;charset=utf-8 121.2157ms
2025-11-30 19:54:12.539 +02:00 [INF] User profile is available. Using 'C:\Users\user\AppData\Local\ASP.NET\DataProtection-Keys' as key repository and Windows DPAPI to encrypt keys at rest.
2025-11-30 19:54:12.791 +02:00 [INF] Now listening on: https://localhost:7206
2025-11-30 19:54:12.792 +02:00 [INF] Now listening on: http://localhost:5174
2025-11-30 19:54:12.818 +02:00 [INF] RabbitMQ consumer for OrderCreated started
2025-11-30 19:54:12.881 +02:00 [INF] Application started. Press Ctrl+C to shut down.
2025-11-30 19:54:12.883 +02:00 [INF] Hosting environment: Development
2025-11-30 19:54:12.884 +02:00 [INF] Content root path: C:\Users\user\Desktop\InventoryService
2025-11-30 19:54:13.600 +02:00 [INF] Request starting HTTP/2 GET https://localhost:7206/swagger/index.html - null null
2025-11-30 19:54:13.739 +02:00 [INF] Request finished HTTP/2 GET https://localhost:7206/swagger/index.html - 200 null text/html;charset=utf-8 139.5164ms
2025-11-30 19:54:13.863 +02:00 [INF] Request starting HTTP/2 GET https://localhost:7206/_framework/aspnetcore-browser-refresh.js - null null
2025-11-30 19:54:13.863 +02:00 [INF] Request starting HTTP/2 GET https://localhost:7206/_vs/browserLink - null null
2025-11-30 19:54:13.871 +02:00 [INF] Request finished HTTP/2 GET https://localhost:7206/_framework/aspnetcore-browser-refresh.js - 200 13768 application/javascript; charset=utf-8 8.0935ms
2025-11-30 19:54:13.902 +02:00 [INF] Request finished HTTP/2 GET https://localhost:7206/_vs/browserLink - 200 null text/javascript; charset=UTF-8 38.6393ms
2025-11-30 19:54:13.957 +02:00 [INF] Request starting HTTP/2 GET https://localhost:7206/swagger/v1/swagger.json - null null
2025-11-30 19:54:14.077 +02:00 [INF] Request finished HTTP/2 GET https://localhost:7206/swagger/v1/swagger.json - 200 null application/json;charset=utf-8 120.8643ms
2025-11-30 19:59:58.517 +02:00 [INF] User profile is available. Using 'C:\Users\user\AppData\Local\ASP.NET\DataProtection-Keys' as key repository and Windows DPAPI to encrypt keys at rest.
2025-11-30 19:59:58.785 +02:00 [INF] Now listening on: https://localhost:7206
2025-11-30 19:59:58.788 +02:00 [INF] Now listening on: http://localhost:5174
2025-11-30 19:59:58.811 +02:00 [INF] RabbitMQ consumer for OrderCreated started
2025-11-30 19:59:58.882 +02:00 [INF] Application started. Press Ctrl+C to shut down.
2025-11-30 19:59:58.883 +02:00 [INF] Hosting environment: Development
2025-11-30 19:59:58.884 +02:00 [INF] Content root path: C:\Users\user\Desktop\InventoryService
2025-11-30 19:59:59.401 +02:00 [INF] Request starting HTTP/2 GET https://localhost:7206/swagger/index.html - null null
2025-11-30 19:59:59.555 +02:00 [INF] Request finished HTTP/2 GET https://localhost:7206/swagger/index.html - 200 null text/html;charset=utf-8 154.5202ms
2025-11-30 19:59:59.645 +02:00 [INF] Request starting HTTP/2 GET https://localhost:7206/_vs/browserLink - null null
2025-11-30 19:59:59.645 +02:00 [INF] Request starting HTTP/2 GET https://localhost:7206/_framework/aspnetcore-browser-refresh.js - null null
2025-11-30 19:59:59.664 +02:00 [INF] Request finished HTTP/2 GET https://localhost:7206/_framework/aspnetcore-browser-refresh.js - 200 13768 application/javascript; charset=utf-8 18.9605ms
2025-11-30 19:59:59.690 +02:00 [INF] Request finished HTTP/2 GET https://localhost:7206/_vs/browserLink - 200 null text/javascript; charset=UTF-8 45.1214ms
2025-11-30 19:59:59.776 +02:00 [INF] Request starting HTTP/2 GET https://localhost:7206/swagger/v1/swagger.json - null null
2025-11-30 19:59:59.910 +02:00 [INF] Request finished HTTP/2 GET https://localhost:7206/swagger/v1/swagger.json - 200 null application/json;charset=utf-8 133.8974ms
2025-11-30 20:05:35.231 +02:00 [INF] User profile is available. Using 'C:\Users\user\AppData\Local\ASP.NET\DataProtection-Keys' as key repository and Windows DPAPI to encrypt keys at rest.
2025-11-30 20:05:35.491 +02:00 [INF] Now listening on: https://localhost:7206
2025-11-30 20:05:35.497 +02:00 [INF] Now listening on: http://localhost:5174
2025-11-30 20:05:35.516 +02:00 [INF] RabbitMQ consumer for OrderCreated started
2025-11-30 20:05:35.578 +02:00 [INF] Application started. Press Ctrl+C to shut down.
2025-11-30 20:05:35.579 +02:00 [INF] Hosting environment: Development
2025-11-30 20:05:35.580 +02:00 [INF] Content root path: C:\Users\user\Desktop\InventoryService
2025-11-30 20:05:36.262 +02:00 [INF] Request starting HTTP/2 GET https://localhost:7206/swagger/index.html - null null
2025-11-30 20:05:36.410 +02:00 [INF] Request finished HTTP/2 GET https://localhost:7206/swagger/index.html - 200 null text/html;charset=utf-8 149.1ms
2025-11-30 20:05:36.519 +02:00 [INF] Request starting HTTP/2 GET https://localhost:7206/_vs/browserLink - null null
2025-11-30 20:05:36.523 +02:00 [INF] Request starting HTTP/2 GET https://localhost:7206/_framework/aspnetcore-browser-refresh.js - null null
2025-11-30 20:05:36.532 +02:00 [INF] Request finished HTTP/2 GET https://localhost:7206/_framework/aspnetcore-browser-refresh.js - 200 13768 application/javascript; charset=utf-8 9.0449ms
2025-11-30 20:05:36.556 +02:00 [INF] Request finished HTTP/2 GET https://localhost:7206/_vs/browserLink - 200 null text/javascript; charset=UTF-8 36.9574ms
2025-11-30 20:05:36.610 +02:00 [INF] Request starting HTTP/2 GET https://localhost:7206/swagger/v1/swagger.json - null null
2025-11-30 20:05:36.732 +02:00 [INF] Request finished HTTP/2 GET https://localhost:7206/swagger/v1/swagger.json - 200 null application/json;charset=utf-8 122.4428ms
2025-11-30 20:07:55.123 +02:00 [INF] User profile is available. Using 'C:\Users\user\AppData\Local\ASP.NET\DataProtection-Keys' as key repository and Windows DPAPI to encrypt keys at rest.
2025-11-30 20:07:55.366 +02:00 [INF] Now listening on: https://localhost:7206
2025-11-30 20:07:55.367 +02:00 [INF] Now listening on: http://localhost:5174
2025-11-30 20:07:55.388 +02:00 [INF] RabbitMQ consumer for OrderCreated started
2025-11-30 20:07:55.478 +02:00 [INF] Application started. Press Ctrl+C to shut down.
2025-11-30 20:07:55.479 +02:00 [INF] Hosting environment: Development
2025-11-30 20:07:55.480 +02:00 [INF] Content root path: C:\Users\user\Desktop\InventoryService
2025-11-30 20:07:56.084 +02:00 [INF] Request starting HTTP/2 GET https://localhost:7206/swagger/index.html - null null
2025-11-30 20:07:56.245 +02:00 [INF] Request finished HTTP/2 GET https://localhost:7206/swagger/index.html - 200 null text/html;charset=utf-8 162.2079ms
2025-11-30 20:07:56.354 +02:00 [INF] Request starting HTTP/2 GET https://localhost:7206/_framework/aspnetcore-browser-refresh.js - null null
2025-11-30 20:07:56.354 +02:00 [INF] Request starting HTTP/2 GET https://localhost:7206/_vs/browserLink - null null
2025-11-30 20:07:56.360 +02:00 [INF] Request finished HTTP/2 GET https://localhost:7206/_framework/aspnetcore-browser-refresh.js - 200 13768 application/javascript; charset=utf-8 6.0061ms
2025-11-30 20:07:56.391 +02:00 [INF] Request finished HTTP/2 GET https://localhost:7206/_vs/browserLink - 200 null text/javascript; charset=UTF-8 36.8989ms
2025-11-30 20:07:56.443 +02:00 [INF] Request starting HTTP/2 GET https://localhost:7206/swagger/v1/swagger.json - null null
2025-11-30 20:07:56.556 +02:00 [INF] Request finished HTTP/2 GET https://localhost:7206/swagger/v1/swagger.json - 200 null application/json;charset=utf-8 112.4555ms
2025-11-30 20:08:38.444 +02:00 [INF] Request starting HTTP/2 GET https://localhost:7206/api/StockItems/test-error - null null
2025-11-30 20:08:38.545 +02:00 [INF] Executing endpoint 'InventoryService.API.Controllers.StockItemsController.TestError (InventoryService)'
2025-11-30 20:08:38.558 +02:00 [INF] Route matched with {action = "TestError", controller = "StockItems"}. Executing controller action with signature Microsoft.AspNetCore.Mvc.IActionResult TestError() on controller InventoryService.API.Controllers.StockItemsController (InventoryService).
2025-11-30 20:08:38.563 +02:00 [WRN] You do not have a valid license key for the Lucky Penny software MediatR. This is allowed for development and testing scenarios. If you are running in production you are required to have a licensed version. Please visit https://luckypennysoftware.com to obtain a valid license.
2025-11-30 20:08:41.422 +02:00 [INF] Executed action InventoryService.API.Controllers.StockItemsController.TestError (InventoryService) in 2859.7902ms
2025-11-30 20:08:41.424 +02:00 [INF] Executed endpoint 'InventoryService.API.Controllers.StockItemsController.TestError (InventoryService)'
2025-11-30 20:08:41.442 +02:00 [ERR] Unhandled exception
System.Exception: Test error
   at InventoryService.API.Controllers.StockItemsController.TestError() in C:\Users\user\Desktop\InventoryService\API\Controllers\StockItemsController.cs:line 31
   at lambda_method2(Closure, Object, Object[])
   at Microsoft.AspNetCore.Mvc.Infrastructure.ActionMethodExecutor.SyncActionResultExecutor.Execute(ActionContext actionContext, IActionResultTypeMapper mapper, ObjectMethodExecutor executor, Object controller, Object[] arguments)
   at Microsoft.AspNetCore.Mvc.Infrastructure.ControllerActionInvoker.InvokeActionMethodAsync()
   at Microsoft.AspNetCore.Mvc.Infrastructure.ControllerActionInvoker.Next(State& next, Scope& scope, Object& state, Boolean& isCompleted)
   at Microsoft.AspNetCore.Mvc.Infrastructure.ControllerActionInvoker.InvokeNextActionFilterAsync()
--- End of stack trace from previous location ---
   at Microsoft.AspNetCore.Mvc.Infrastructure.ControllerActionInvoker.Rethrow(ActionExecutedContextSealed context)
   at Microsoft.AspNetCore.Mvc.Infrastructure.ControllerActionInvoker.Next(State& next, Scope& scope, Object& state, Boolean& isCompleted)
   at Microsoft.AspNetCore.Mvc.Infrastructure.ControllerActionInvoker.InvokeInnerFilterAsync()
--- End of stack trace from previous location ---
   at Microsoft.AspNetCore.Mvc.Infrastructure.ResourceInvoker.<InvokeFilterPipelineAsync>g__Awaited|20_0(ResourceInvoker invoker, Task lastTask, State next, Scope scope, Object state, Boolean isCompleted)
   at Microsoft.AspNetCore.Mvc.Infrastructure.ResourceInvoker.<InvokeAsync>g__Logged|17_1(ResourceInvoker invoker)
   at Microsoft.AspNetCore.Mvc.Infrastructure.ResourceInvoker.<InvokeAsync>g__Logged|17_1(ResourceInvoker invoker)
   at Microsoft.AspNetCore.Routing.EndpointMiddleware.<Invoke>g__AwaitRequestTask|7_0(Endpoint endpoint, Task requestTask, ILogger logger)
   at Microsoft.AspNetCore.Authorization.AuthorizationMiddleware.Invoke(HttpContext context)
   at Microsoft.AspNetCore.Authentication.AuthenticationMiddleware.Invoke(HttpContext context)
   at GlobalExceptionMiddleware.InvokeAsync(HttpContext context) in C:\Users\user\Desktop\InventoryService\Middleware\GlobalExceptionMiddleware.cs:line 21
2025-11-30 20:08:41.475 +02:00 [ERR] HTTP GET /api/StockItems/test-error responded 500 in 3022.4691 ms
2025-11-30 20:08:41.477 +02:00 [INF] Request finished HTTP/2 GET https://localhost:7206/api/StockItems/test-error - 500 null application/problem+json 3033.1748ms
2025-11-30 20:17:34.002 +02:00 [INF] User profile is available. Using 'C:\Users\user\AppData\Local\ASP.NET\DataProtection-Keys' as key repository and Windows DPAPI to encrypt keys at rest.
2025-11-30 20:17:34.320 +02:00 [INF] Now listening on: https://localhost:7206
2025-11-30 20:17:34.330 +02:00 [INF] Now listening on: http://localhost:5174
2025-11-30 20:17:34.354 +02:00 [INF] RabbitMQ consumer for OrderCreated started
2025-11-30 20:17:34.420 +02:00 [INF] Application started. Press Ctrl+C to shut down.
2025-11-30 20:17:34.421 +02:00 [INF] Hosting environment: Development
2025-11-30 20:17:34.422 +02:00 [INF] Content root path: C:\Users\user\Desktop\InventoryService
2025-11-30 20:17:34.847 +02:00 [INF] Request starting HTTP/2 GET https://localhost:7206/swagger/index.html - null null
2025-11-30 20:17:34.998 +02:00 [INF] Request finished HTTP/2 GET https://localhost:7206/swagger/index.html - 200 null text/html;charset=utf-8 151.4257ms
2025-11-30 20:17:35.092 +02:00 [INF] Request starting HTTP/2 GET https://localhost:7206/_framework/aspnetcore-browser-refresh.js - null null
2025-11-30 20:17:35.092 +02:00 [INF] Request starting HTTP/2 GET https://localhost:7206/_vs/browserLink - null null
2025-11-30 20:17:35.098 +02:00 [INF] Request finished HTTP/2 GET https://localhost:7206/_framework/aspnetcore-browser-refresh.js - 200 13768 application/javascript; charset=utf-8 6.0002ms
2025-11-30 20:17:35.122 +02:00 [INF] Request finished HTTP/2 GET https://localhost:7206/_vs/browserLink - 200 null text/javascript; charset=UTF-8 29.8443ms
2025-11-30 20:17:35.180 +02:00 [INF] Request starting HTTP/2 GET https://localhost:7206/swagger/v1/swagger.json - null null
2025-11-30 20:17:35.281 +02:00 [INF] Request finished HTTP/2 GET https://localhost:7206/swagger/v1/swagger.json - 200 null application/json;charset=utf-8 101.1357ms
2025-11-30 20:18:41.070 +02:00 [INF] Request starting HTTP/2 POST https://localhost:7206/api/StockItems - application/json 288
2025-11-30 20:18:41.170 +02:00 [INF] Executing endpoint 'InventoryService.API.Controllers.StockItemsController.Add (InventoryService)'
2025-11-30 20:18:41.189 +02:00 [INF] Route matched with {action = "Add", controller = "StockItems"}. Executing controller action with signature System.Threading.Tasks.Task`1[Microsoft.AspNetCore.Mvc.IActionResult] Add(InventoryService.Domain.Entities.StockItem) on controller InventoryService.API.Controllers.StockItemsController (InventoryService).
2025-11-30 20:18:41.192 +02:00 [WRN] You do not have a valid license key for the Lucky Penny software MediatR. This is allowed for development and testing scenarios. If you are running in production you are required to have a licensed version. Please visit https://luckypennysoftware.com to obtain a valid license.
2025-11-30 20:18:41.493 +02:00 [INF] Executed action InventoryService.API.Controllers.StockItemsController.Add (InventoryService) in 300.218ms
2025-11-30 20:18:41.494 +02:00 [INF] Executed endpoint 'InventoryService.API.Controllers.StockItemsController.Add (InventoryService)'
2025-11-30 20:18:41.511 +02:00 [ERR] Unhandled exception
FluentValidation.ValidationException: Validation failed: 
 -- Item.ComponentId: 'Item Component Id' має бути більшим за '0'. Severity: Error
 -- Item.ComponentName: 'Item Component Name' не може бути порожнім. Severity: Error
 -- Item.ComponentName: 'Item Component Name' має бути довжиною від 2 до 50 символів. Ви ввели 0 символів. Severity: Error
 -- Item.TotalQuantity: 'Item Total Quantity' має бути більшим, або дорівнювати '0'. Severity: Error
   at InventoryService.Application.Behaviors.ValidationBehavior`2.Handle(TRequest request, RequestHandlerDelegate`1 next, CancellationToken cancellationToken) in C:\Users\user\Desktop\InventoryService\Application\Behaviors\ValidationBehavior.cs:line 36
   at InventoryService.API.Controllers.StockItemsController.Add(StockItem item) in C:\Users\user\Desktop\InventoryService\API\Controllers\StockItemsController.cs:line 51
   at Microsoft.AspNetCore.Mvc.Infrastructure.ActionMethodExecutor.TaskOfIActionResultExecutor.Execute(ActionContext actionContext, IActionResultTypeMapper mapper, ObjectMethodExecutor executor, Object controller, Object[] arguments)
   at Microsoft.AspNetCore.Mvc.Infrastructure.ControllerActionInvoker.<InvokeActionMethodAsync>g__Awaited|12_0(ControllerActionInvoker invoker, ValueTask`1 actionResultValueTask)
   at Microsoft.AspNetCore.Mvc.Infrastructure.ControllerActionInvoker.<InvokeNextActionFilterAsync>g__Awaited|10_0(ControllerActionInvoker invoker, Task lastTask, State next, Scope scope, Object state, Boolean isCompleted)
   at Microsoft.AspNetCore.Mvc.Infrastructure.ControllerActionInvoker.Rethrow(ActionExecutedContextSealed context)
   at Microsoft.AspNetCore.Mvc.Infrastructure.ControllerActionInvoker.Next(State& next, Scope& scope, Object& state, Boolean& isCompleted)
   at Microsoft.AspNetCore.Mvc.Infrastructure.ControllerActionInvoker.InvokeInnerFilterAsync()
--- End of stack trace from previous location ---
   at Microsoft.AspNetCore.Mvc.Infrastructure.ResourceInvoker.<InvokeFilterPipelineAsync>g__Awaited|20_0(ResourceInvoker invoker, Task lastTask, State next, Scope scope, Object state, Boolean isCompleted)
   at Microsoft.AspNetCore.Mvc.Infrastructure.ResourceInvoker.<InvokeAsync>g__Logged|17_1(ResourceInvoker invoker)
   at Microsoft.AspNetCore.Mvc.Infrastructure.ResourceInvoker.<InvokeAsync>g__Logged|17_1(ResourceInvoker invoker)
   at Microsoft.AspNetCore.Routing.EndpointMiddleware.<Invoke>g__AwaitRequestTask|7_0(Endpoint endpoint, Task requestTask, ILogger logger)
   at Microsoft.AspNetCore.Authorization.AuthorizationMiddleware.Invoke(HttpContext context)
   at Microsoft.AspNetCore.Authentication.AuthenticationMiddleware.Invoke(HttpContext context)
   at GlobalExceptionMiddleware.InvokeAsync(HttpContext context) in C:\Users\user\Desktop\InventoryService\Middleware\GlobalExceptionMiddleware.cs:line 21
2025-11-30 20:18:41.549 +02:00 [INF] HTTP POST /api/StockItems responded 400 in 470.8311 ms
2025-11-30 20:18:41.551 +02:00 [INF] Request finished HTTP/2 POST https://localhost:7206/api/StockItems - 400 null application/problem+json 481.5431ms
